SAVED https://newsroom.tiktok.com/
SAVED https://newsroom.tiktok.com/trending/?lang=en
SAVED https://newsroom.tiktok.com/en-us/news
SAVED https://newsroom.tiktok.com/en-us/tiktok-launches-exclusive-jonas-brothers-in-app-experience
SAVED https://newsroom.tiktok.com/en-us
SAVED https://newsroom.tiktok.com/en-us/product
SAVED https://newsroom.tiktok.com/en-us/community
SAVED https://newsroom.tiktok.com/en-us/safety
SAVED https://newsroom.tiktok.com/en-us/company
SAVED https://newsroom.tiktok.com/en-us/tiktok-partners-with-mrbeast-on-teamwater-campaign-for-wateraid
SAVED https://newsroom.tiktok.com/en-us/tiktok-announces-a-suite-product-features
SAVED https://newsroom.tiktok.com/en-us/supporting-families-with-new-family-pairing-features
SAVED https://newsroom.tiktok.com/en-us/new-ways-to-help-our-community-build-balanced-digital-habits
SAVED https://newsroom.tiktok.com/en-us/new-tools-for-creators
SAVED https://newsroom.tiktok.com/en-us/rolling-out-tiktok-footnotes-in-the-us
SAVED https://newsroom.tiktok.com/en-us/tiktok-expands-out-of-phone-program
SAVED https://newsroom.tiktok.com/en-us/tiktok-welcomes-youtube-music
SAVED https://newsroom.tiktok.com/en-us/tiktok-and-iheartradio-present-next-up-live-music
SAVED https://newsroom.tiktok.com/en-us/player-spotlight-messi-returns-to-tiktok-live
SAVED https://newsroom.tiktok.com/en-us/statement-on-the-passing-of-wwii-veteran-jake-larson
SAVED https://newsroom.tiktok.com/en-us/tiktok-announces-the-beta-launch-of-songwriter-features
SAVED https://newsroom.tiktok.com/en-us/statement-on-reuters-exclusive
SAVED https://newsroom.tiktok.com/en-us/sukeban-and-tiktok-join-forces-for-immersive-fan-experience
SAVED https://newsroom.tiktok.com/en-us/going-behind-the-breakthrough-with-ravyn-lenae
SAVED https://newsroom.tiktok.com/en-us/tiktok-summer-camp
SAVED https://newsroom.tiktok.com/en-us/community-fest-2025
SAVED https://newsroom.tiktok.com/en-us/karol-g-brings-the-tropicoqueta-to-tiktok
SAVED https://newsroom.tiktok.com/en-us/statement-from-tiktok-on-executive-order
