SKIP robots https://geekout.mattnavarra.com/
SKIP robots https://geekout.mattnavarra.com/subscribe
SKIP robots https://geekout.mattnavarra.com/authors
SKIP robots https://geekout.mattnavarra.com/authors/366744c6-df11-4260-af8e-996eab5d5890
SKIP robots https://geekout.mattnavarra.com/p/107-useful-new-things-social-media-managers-approx
SKIP robots https://geekout.mattnavarra.com/p/133-new-updates-tips-tools-social-media-pros
SKIP robots https://geekout.mattnavarra.com/p/144-dumbest-things-social-media-managers-get-asked
SKIP robots https://geekout.mattnavarra.com/p/149-useful-links-social-media-managers
SKIP robots https://geekout.mattnavarra.com/p/79-new-tools-tips-updates-changes-social-media-managers
SKIP robots https://geekout.mattnavarra.com/p/a-clown-car-crashes-into-a-conference
SKIP robots https://geekout.mattnavarra.com/p/i-do-my-little-turn-on-the-catwalk
SKIP robots https://geekout.mattnavarra.com/p/slam-your-body-down-and-tweak-where-needed
SKIP robots https://geekout.mattnavarra.com/p/on-a-vision-quest
SKIP robots https://geekout.mattnavarra.com/p/reallife-social-media-horror-story
SKIP robots https://geekout.mattnavarra.com/p/using-emoji-wrong-tiktok
SKIP robots https://geekout.mattnavarra.com/p/surprising-truth-revealed-instagram
SKIP robots https://geekout.mattnavarra.com/p/this-url-slug-was-written-by-a-human
SKIP robots https://geekout.mattnavarra.com/p/what-is-a-poor-joey-to-do
SKIP robots https://geekout.mattnavarra.com/p/zuck-gets-a-cup-of-joe
SKIP robots https://geekout.mattnavarra.com/p/skeeter-was-a-muppet-baby
SKIP robots https://geekout.mattnavarra.com/p/youre-indestructible
SKIP robots https://geekout.mattnavarra.com/p/has-threads-got-the-blues
SKIP robots https://geekout.mattnavarra.com/p/the-checkmark-of-shame
SKIP robots https://geekout.mattnavarra.com/p/the-brazilian-job
SKIP robots https://geekout.mattnavarra.com/p/thats-a-big-twinkie
SKIP robots https://geekout.mattnavarra.com/p/a-bot-stole-my-job
SKIP robots https://geekout.mattnavarra.com/p/can-beat-score-social-media-test
SKIP robots https://geekout.mattnavarra.com/p/can-zucks-superintelligence-write-geekout
SKIP robots https://geekout.mattnavarra.com/p/computer-says-yes
SKIP robots https://geekout.mattnavarra.com/p/i-really-want-this-tiktok-ban-story-to-end
SKIP robots https://geekout.mattnavarra.com/p/not-for-all-the-money-in-the-world
SKIP robots https://geekout.mattnavarra.com/p/see-epic-twitter-thread
SKIP robots https://geekout.mattnavarra.com/p/might-as-well-face-it-youre-addicted-to-geekout
SKIP robots https://geekout.mattnavarra.com/p/not-use-tiktok-feature
SKIP robots https://geekout.mattnavarra.com/p/its-no-secret-that-you-like-geekout
SKIP robots https://geekout.mattnavarra.com/p/bye-bye-birdie
SKIP robots https://geekout.mattnavarra.com/p/the-dumbest-f-ing-timeline
SKIP robots https://geekout.mattnavarra.com/p/a-tesla-cant-stall-but-x-can
SKIP robots https://geekout.mattnavarra.com/p/x-is-on-fire-like-a-cybertruck
SKIP robots https://geekout.mattnavarra.com/p/punching-himself-in-the-face
SKIP robots https://geekout.mattnavarra.com/p/twitter-checked-out
SKIP robots https://geekout.mattnavarra.com/p/a-verified-mess
SKIP robots https://geekout.mattnavarra.com/p/listen-up-maggots
SKIP robots https://geekout.mattnavarra.com/p/elon-luvs-elon
SKIP robots https://geekout.mattnavarra.com/p/thank-you-for-a-geeky-2023
SKIP robots https://geekout.mattnavarra.com/p/stay-strong-tweeps
SKIP robots https://geekout.mattnavarra.com/p/breaking-the-news
SKIP robots https://geekout.mattnavarra.com/p/zuckrolled
SKIP robots https://geekout.mattnavarra.com/p/we-dont-need-roads
SKIP robots https://geekout.mattnavarra.com/p/everyone-thinks-youre-old-tiktok
SKIP robots https://geekout.mattnavarra.com/p/facebook-is-desperate
SKIP robots https://geekout.mattnavarra.com/p/facebook-going-break-things
SKIP robots https://geekout.mattnavarra.com/p/facebook-probably-wont-copy
SKIP robots https://geekout.mattnavarra.com/p/facebook-shouldnt-done
SKIP robots https://geekout.mattnavarra.com/p/facebook-support-hell-one-image
SKIP robots https://geekout.mattnavarra.com/p/instagram-will-be-back-after-these-messages
SKIP robots https://geekout.mattnavarra.com/p/like-two-of-these-and-see-me-in-the-morning
SKIP robots https://geekout.mattnavarra.com/p/let-that-sink-in-2-white-house-boogaloo
SKIP robots https://geekout.mattnavarra.com/p/geekout-look-found
SKIP robots https://geekout.mattnavarra.com/p/geekout-newsletter-10-warning-may-geeky
SKIP robots https://geekout.mattnavarra.com/p/geekout-newsletter-11-need-watch
SKIP robots https://geekout.mattnavarra.com/p/geekout-newsletter-1-ultimate-social-media-newsletter
SKIP robots https://geekout.mattnavarra.com/p/geekout-newsletter-2-facebook-advertisers-zuck
SKIP robots https://geekout.mattnavarra.com/p/geekout-newsletter-3-tiktok-tiktok-block
SKIP robots https://geekout.mattnavarra.com/p/geekout-newsletter-4-wtf-happened-twitter
SKIP robots https://geekout.mattnavarra.com/p/geekout-newsletter-5-hot-zuckerberg-action
SKIP robots https://geekout.mattnavarra.com/p/geekout-newsletter-6-social-media-antitrust
SKIP robots https://geekout.mattnavarra.com/p/geekout-newsletter-7-trump-vs-tiktok-fight
SKIP robots https://geekout.mattnavarra.com/p/geekout-newsletter-8-lets-get-reel-maybe
SKIP robots https://geekout.mattnavarra.com/p/geekout-newsletter-9-wtf-going-tiktok-now
SKIP robots https://geekout.mattnavarra.com/p/eh-oh-bring-back-icq
SKIP robots https://geekout.mattnavarra.com/p/genz-says-using-emoji-wrong
SKIP robots https://geekout.mattnavarra.com/p/more-like-crock-am-i-right
SKIP robots https://geekout.mattnavarra.com/p/feel-good-quit-of-the-summer
SKIP robots https://geekout.mattnavarra.com/p/halloweenspookyblahblahnewsletter-title-remove-publishing
SKIP robots https://geekout.mattnavarra.com/p/invited
SKIP robots https://geekout.mattnavarra.com/p/welcome-to-the-clone-zone
SKIP robots https://geekout.mattnavarra.com/p/tricked-twitter-unlock-edit-tweets
SKIP robots https://geekout.mattnavarra.com/p/show-me-the-money-please
SKIP robots https://geekout.mattnavarra.com/p/fix-trash-instagram-feed-one-tap
SKIP robots https://geekout.mattnavarra.com/p/get-social-media-attention
SKIP robots https://geekout.mattnavarra.com/p/dont-know-wtf-im
SKIP robots https://geekout.mattnavarra.com/p/found-something
SKIP robots https://geekout.mattnavarra.com/p/found-twitters-verification-easter-egg
SKIP robots https://geekout.mattnavarra.com/p/secret-tell
SKIP robots https://geekout.mattnavarra.com/p/im-not-angry-im-just-disappointed
SKIP robots https://geekout.mattnavarra.com/p/im-worried-twitter
SKIP robots https://geekout.mattnavarra.com/p/sorry-not-sorry
SKIP robots https://geekout.mattnavarra.com/p/insert-captivating-email-title-didnt-get-far
SKIP robots https://geekout.mattnavarra.com/p/instagram-begs-stop-one-thing
SKIP robots https://geekout.mattnavarra.com/p/deduping-the-gram
SKIP robots https://geekout.mattnavarra.com/p/instagram-feature-missing-10-yrs-finally
SKIP robots https://geekout.mattnavarra.com/p/instagram-influencers-fake-af
SKIP robots https://geekout.mattnavarra.com/p/instagram-feeding-tiktok
SKIP robots https://geekout.mattnavarra.com/p/instagram-old-bloated-clueless-genz
SKIP robots https://geekout.mattnavarra.com/p/instagram-reels-trouble
SKIP robots https://geekout.mattnavarra.com/p/telegram-for-mr-zuckerberg
SKIP robots https://geekout.mattnavarra.com/p/instagrams-gift-to-social-media-managers
SKIP robots https://geekout.mattnavarra.com/p/cash-bonanza-baybee
SKIP robots https://geekout.mattnavarra.com/p/temu-zuckerberg-has-a-hot-newsletter
SKIP robots https://geekout.mattnavarra.com/p/a-teenage-dreams-so-hard-to-beat
SKIP robots https://geekout.mattnavarra.com/p/instagram-wants-give-8500-catch
SKIP robots https://geekout.mattnavarra.com/p/flipping-heck
SKIP robots https://geekout.mattnavarra.com/p/owe-apology
SKIP robots https://geekout.mattnavarra.com/p/think-youll-like
SKIP robots https://geekout.mattnavarra.com/p/happening
SKIP robots https://geekout.mattnavarra.com/p/no-elon-just-no
SKIP robots https://geekout.mattnavarra.com/p/ive-got-little-something
SKIP robots https://geekout.mattnavarra.com/p/ive-got-secret-tell
SKIP robots https://geekout.mattnavarra.com/p/ive-got-big-news-share
SKIP robots https://geekout.mattnavarra.com/p/jack-elon-texting
SKIP robots https://geekout.mattnavarra.com/p/keep-change-ya-filthy-animal
SKIP robots https://geekout.mattnavarra.com/p/leaks-aliens-stalkers
SKIP robots https://geekout.mattnavarra.com/p/mark-zuckerberg
SKIP robots https://geekout.mattnavarra.com/p/dark-matt-is-an-impostor
SKIP robots https://geekout.mattnavarra.com/p/meet-worlds-laziest-instagram-scammer
SKIP robots https://geekout.mattnavarra.com/p/the-arms-of-orion-thats-where-zucks-ears-want-to-be
SKIP robots https://geekout.mattnavarra.com/p/call-it-whatsad-now
SKIP robots https://geekout.mattnavarra.com/p/a-meme-is-born
SKIP robots https://geekout.mattnavarra.com/p/rise-of-the-robots
SKIP robots https://geekout.mattnavarra.com/p/and-it-was-all-hell-no
SKIP robots https://geekout.mattnavarra.com/p/meta-no-manners
SKIP robots https://geekout.mattnavarra.com/p/charlie-zucket
SKIP robots https://geekout.mattnavarra.com/p/ken-navarra
SKIP robots https://geekout.mattnavarra.com/p/we-all-scream-for-cream-pie
SKIP robots https://geekout.mattnavarra.com/p/app-along-if-you-feel-like-a-room-without-a-roof
SKIP robots https://geekout.mattnavarra.com/p/soy-un-perdedor
SKIP robots https://geekout.mattnavarra.com/p/mark-zuckerbird
SKIP robots https://geekout.mattnavarra.com/p/court-in-the-act
SKIP robots https://geekout.mattnavarra.com/p/meta-unleashes-ai-clones
SKIP robots https://geekout.mattnavarra.com/p/meta-wants-to-hollywoo-stars-and-celebrities
SKIP robots https://geekout.mattnavarra.com/p/instagram-dms-exploded-now-know
SKIP robots https://geekout.mattnavarra.com/p/trapped-in-instajail
SKIP robots https://geekout.mattnavarra.com/p/unpopular-instagram-opinion
SKIP robots https://geekout.mattnavarra.com/p/verified-account-just-got-bannedwtf
SKIP robots https://geekout.mattnavarra.com/p/please-dont-twitter
SKIP robots https://geekout.mattnavarra.com/p/pray
SKIP robots https://geekout.mattnavarra.com/p/tuckered-out
SKIP robots https://geekout.mattnavarra.com/p/breaking-snoos
SKIP robots https://geekout.mattnavarra.com/p/i-reddit-so-you-dont-have-to
SKIP robots https://geekout.mattnavarra.com/p/blame-grimace
SKIP robots https://geekout.mattnavarra.com/p/re-everything-missed-social-media-land-week
SKIP robots https://geekout.mattnavarra.com/p/re-instagrams-birthday
SKIP robots https://geekout.mattnavarra.com/p/re-secret-santa-gift-idea-social-media-manager
SKIP robots https://geekout.mattnavarra.com/p/the-wince-of-wales
SKIP robots https://geekout.mattnavarra.com/p/clubhouse-2-electric-boogaloo
SKIP robots https://geekout.mattnavarra.com/p/mark-your-vote-with-an-x
SKIP robots https://geekout.mattnavarra.com/p/social-media-managers-new-hero
SKIP robots https://geekout.mattnavarra.com/p/i-need-100-tiktok-videos-stat
SKIP robots https://geekout.mattnavarra.com/p/stuff-read-week-ps-suck-newsletter-titles
SKIP robots https://geekout.mattnavarra.com/p/now-streaming-in-your-inbox
SKIP robots https://geekout.mattnavarra.com/p/musky-smell-at-twitter-hq
SKIP robots https://geekout.mattnavarra.com/p/deal-or-no-deal
SKIP robots https://geekout.mattnavarra.com/p/how-do-you-like-them-apples
SKIP robots https://geekout.mattnavarra.com/p/answer-no
SKIP robots https://geekout.mattnavarra.com/p/best-new-facebook-feature-ever-smms
SKIP robots https://geekout.mattnavarra.com/p/a-clown-car-in-a-gold-mine-on-fire
SKIP robots https://geekout.mattnavarra.com/p/end-of-the-gif
SKIP robots https://geekout.mattnavarra.com/p/evolution-facebook-one-tweet
SKIP robots https://geekout.mattnavarra.com/p/internet-picked-new-name-facebook
SKIP robots https://geekout.mattnavarra.com/p/internets-important-questions
SKIP robots https://geekout.mattnavarra.com/p/51-year-old-man-baby
SKIP robots https://geekout.mattnavarra.com/p/lovewhereyouworked
SKIP robots https://geekout.mattnavarra.com/p/controversial-description-facebook-ever
SKIP robots https://geekout.mattnavarra.com/p/cringe-81-seconds-video
SKIP robots https://geekout.mattnavarra.com/p/desperate-facebook-feature-yet
SKIP robots https://geekout.mattnavarra.com/p/meta-thing-youll-see-week
SKIP robots https://geekout.mattnavarra.com/p/this-space-smells-musky
SKIP robots https://geekout.mattnavarra.com/p/sweet-dreams-my-austin-x
SKIP robots https://geekout.mattnavarra.com/p/new-gif-rule
SKIP robots https://geekout.mattnavarra.com/p/new-ig-feature-every-social-media-manager-hates
SKIP robots https://geekout.mattnavarra.com/p/new-worst-job-social
SKIP robots https://geekout.mattnavarra.com/p/nightmare-christmas
SKIP robots https://geekout.mattnavarra.com/p/one-twitter-updates
SKIP robots https://geekout.mattnavarra.com/p/problem-clubhouse-right-now
SKIP robots https://geekout.mattnavarra.com/p/spinning-nerd-kick
SKIP robots https://geekout.mattnavarra.com/p/theres-rumour-going-around
SKIP robots https://geekout.mattnavarra.com/p/secrets-social-media-manager-revealed
SKIP robots https://geekout.mattnavarra.com/p/biden-their-time-before-they-take-over
SKIP robots https://geekout.mattnavarra.com/p/social-media-manager-2022-debrief
SKIP robots https://geekout.mattnavarra.com/p/soundtrack-work-nightmares
SKIP robots https://geekout.mattnavarra.com/p/truth-career-social-media
SKIP robots https://geekout.mattnavarra.com/p/worst-job-social-media
SKIP robots https://geekout.mattnavarra.com/p/thanks-but-no-thanks
SKIP robots https://geekout.mattnavarra.com/p/elon-eht-nioj
SKIP robots https://geekout.mattnavarra.com/p/two-crude-dudes
SKIP robots https://geekout.mattnavarra.com/p/i-see-you-john
SKIP robots https://geekout.mattnavarra.com/p/clubhouse-clone-worst-yet
SKIP robots https://geekout.mattnavarra.com/p/facebook-policy-got-worried
SKIP robots https://geekout.mattnavarra.com/p/adam-mosseris-fml-face
SKIP robots https://geekout.mattnavarra.com/p/zuckertweets
SKIP robots https://geekout.mattnavarra.com/p/supercreepy-weird
SKIP robots https://geekout.mattnavarra.com/p/beginning-end
SKIP robots https://geekout.mattnavarra.com/p/new-king-tiktok
SKIP robots https://geekout.mattnavarra.com/p/might-offend
SKIP robots https://geekout.mattnavarra.com/p/i-let-zuck-win-at-snakes-and-ladders
SKIP robots https://geekout.mattnavarra.com/p/twitter-feature-save-job
SKIP robots https://geekout.mattnavarra.com/p/will-scare
SKIP robots https://geekout.mattnavarra.com/p/175-million-happy-returns
SKIP robots https://geekout.mattnavarra.com/p/ban-on-the-run
SKIP robots https://geekout.mattnavarra.com/p/getting-the-ban-back-together
SKIP robots https://geekout.mattnavarra.com/p/youre-officially-late-to-the-action-figure-trend
SKIP robots https://geekout.mattnavarra.com/p/are-we-trumpy-enough-yet
SKIP robots https://geekout.mattnavarra.com/p/the-odd-couple
SKIP robots https://geekout.mattnavarra.com/p/will-this-tiktok-story-ever-end-please-let-it-end
SKIP robots https://geekout.mattnavarra.com/p/something-to-chew-on
SKIP robots https://geekout.mattnavarra.com/p/buy-me-that-pig-shirt-for-christmas-please
SKIP robots https://geekout.mattnavarra.com/p/tiktok-needs-stop
SKIP robots https://geekout.mattnavarra.com/p/tiktok-doom
SKIP robots https://geekout.mattnavarra.com/p/this-endgame-isnt-fun-for-tiktok
SKIP robots https://geekout.mattnavarra.com/p/tiktok-goes-a-courting
SKIP robots https://geekout.mattnavarra.com/p/please-not-another-tiktok-extension
SKIP robots https://geekout.mattnavarra.com/p/he-probably-got-it-at-school
SKIP robots https://geekout.mattnavarra.com/p/look-out-amazon
SKIP robots https://geekout.mattnavarra.com/p/im-seeing-double-four-krusties
SKIP robots https://geekout.mattnavarra.com/p/wearing-a-lawsuit-to-the-met-gala
SKIP robots https://geekout.mattnavarra.com/p/top-of-the-shops
SKIP robots https://geekout.mattnavarra.com/p/call-it-threadsdeck
SKIP robots https://geekout.mattnavarra.com/p/tied-up-in-red
SKIP robots https://geekout.mattnavarra.com/p/calm-down-boys-break-it-up
SKIP robots https://geekout.mattnavarra.com/p/taylor-wants-you-to-read-geekout
SKIP robots https://geekout.mattnavarra.com/p/make-twitter-great-again
SKIP robots https://geekout.mattnavarra.com/p/twitter-roasted
SKIP robots https://geekout.mattnavarra.com/p/this-money-smells-musky
SKIP robots https://geekout.mattnavarra.com/p/why-does-nothing-ever-turn-out-like-it-should
SKIP robots https://geekout.mattnavarra.com/p/geekout-is-not-appropriate-for-preschoolers
SKIP robots https://geekout.mattnavarra.com/p/its-been-one-hell-of-a-week
SKIP robots https://geekout.mattnavarra.com/p/available-in-store-while-stocks-last
SKIP robots https://geekout.mattnavarra.com/p/revoke-access-immediately
SKIP robots https://geekout.mattnavarra.com/p/warning-email-contains-throbbing-nonsense
SKIP robots https://geekout.mattnavarra.com/p/do-i-really-look-like-a-guy-with-a-plan
SKIP robots https://geekout.mattnavarra.com/p/watch-video-feel-good
SKIP robots https://geekout.mattnavarra.com/p/you-look-so-young-in-your-profile-pic
SKIP robots https://geekout.mattnavarra.com/p/welcome-twitter-hell
SKIP robots https://geekout.mattnavarra.com/p/tiktoks-algorithm-learnt
SKIP robots https://geekout.mattnavarra.com/p/facebook-support-fing-joke
SKIP robots https://geekout.mattnavarra.com/p/metaverse-going-weird
SKIP robots https://geekout.mattnavarra.com/p/shouldnt-buy-facebooks
SKIP robots https://geekout.mattnavarra.com/p/can-meta-do-better
SKIP robots https://geekout.mattnavarra.com/p/wtf-elon
SKIP robots https://geekout.mattnavarra.com/p/wtf-going
SKIP robots https://geekout.mattnavarra.com/p/public-health-warning-x-melts-brains
SKIP robots https://geekout.mattnavarra.com/p/i-can-still-hear-you-saying-you-would-never-break-the-chain
SKIP robots https://geekout.mattnavarra.com/p/pay-up-or-else
SKIP robots https://geekout.mattnavarra.com/p/dont-need-weird-new-feature
SKIP robots https://geekout.mattnavarra.com/p/need-follow-instagram-account
SKIP robots https://geekout.mattnavarra.com/p/how-snoo-is-now
SKIP robots https://geekout.mattnavarra.com/p/david-zuckerfield
SKIP robots https://geekout.mattnavarra.com/p/what-if-the-chatbots-become-friends-with-each-other-and-overthrow-zuck
SKIP robots https://geekout.mattnavarra.com/p/zuck-loves-mcnuggs
SKIP robots https://geekout.mattnavarra.com/p/looking-for-some-aksheeeyun
SKIP robots https://geekout.mattnavarra.com/p/please-dont-hurt-us-mr-trump
SKIP robots https://geekout.mattnavarra.com/p/hey-nik
SKIP robots https://geekout.mattnavarra.com/p/metas-next-ceo-will-be-ai-zuck
SKIP robots https://geekout.mattnavarra.com/p/geekout-summer
SKIP robots https://geekout.mattnavarra.com/archive?page=1
SKIP robots https://geekout.mattnavarra.com/archive?page=0
SKIP robots https://geekout.mattnavarra.com/archive?page=2
SKIP robots https://geekout.mattnavarra.com/archive?page=3
SKIP robots https://geekout.mattnavarra.com/archive?page=4
SKIP robots https://geekout.mattnavarra.com/archive?page=5
SKIP robots https://geekout.mattnavarra.com/archive?page=6
SKIP robots https://geekout.mattnavarra.com/archive?page=7
SKIP robots https://geekout.mattnavarra.com/archive?page=8
SKIP robots https://geekout.mattnavarra.com/archive?page=21
