SKIP robots https://garyvaynerchuk.com/storytelling-in-2013/
SKIP robots https://garyvaynerchuk.com/the-leverage-of-being-a-good-person-in-i-m-h-o/
SKIP robots https://garyvaynerchuk.com/family-time-at-midnight-in-i-m-h-o/
SKIP robots https://garyvaynerchuk.com/chris-gethard-not-an-anomaly-in-i-m-h-o/
SKIP robots https://garyvaynerchuk.com/pizza-and-tacos-on-social/
SKIP robots https://garyvaynerchuk.com/infographic-what-you-need-to-know-about-jab-jab-jab-right-hook/
SKIP robots https://garyvaynerchuk.com/nothing-is-dead/
SKIP robots https://garyvaynerchuk.com/staying-ahead-of-the-curve-in-the-entrepreneurs-journey/
SKIP robots https://garyvaynerchuk.com/strike-while-the-app-is-hot/
SKIP robots https://garyvaynerchuk.com/making-an-old-brand-cool-again-in-the-entrepreneurs-journey/
SKIP robots https://garyvaynerchuk.com/i-walked-misha-to-school-today/
SKIP robots https://garyvaynerchuk.com/i-bet-phonecalls-piss-you-off/
SKIP robots https://garyvaynerchuk.com/why-am-i-even-writing-this-in-the-entrepreneurs-journey/
SKIP robots https://garyvaynerchuk.com/why-frowning-is-better-than-smiling-in-the-entrepreneurs-journey/
SKIP robots https://garyvaynerchuk.com/here-is-why-youre-not-going-out-of-business/
SKIP robots https://garyvaynerchuk.com/the-mind-of-a-salesman-pt-1-in-the-entrepreneurs-journey/
SKIP robots https://garyvaynerchuk.com/proof-that-i-was-on-point-back-in-2008/
SKIP robots https://garyvaynerchuk.com/why-charities-suck-at-social/
SKIP robots https://garyvaynerchuk.com/the-mind-of-a-salesman-pt-2-the-dark-side/
SKIP robots https://garyvaynerchuk.com/the-roi-isnt-the-point/
SKIP robots https://garyvaynerchuk.com/the-most-important-thing-entrepreneurs-need-to-know-about-social-media/
SKIP robots https://garyvaynerchuk.com/creating-value-when-no-one-else-is/
SKIP robots https://garyvaynerchuk.com/your-phones-homescreen-has-huge-significance/
SKIP robots https://garyvaynerchuk.com/full-interview-with-chris-farrell-4229/
SKIP robots https://garyvaynerchuk.com/how-to-piss-me-off-with-one-simple-question/
SKIP robots https://garyvaynerchuk.com/whats-the-roi-of-your-mom/
SKIP robots https://garyvaynerchuk.com/the-day-i-discovered-the-internet/
SKIP robots https://garyvaynerchuk.com/the-reason-im-never-scared-of-screwing-up/
SKIP robots https://garyvaynerchuk.com/elevate-2013-keynote-stop-marketing-like-its-2004/
SKIP robots https://garyvaynerchuk.com/how-to-sell-absolutely-anything-43m-video/
SKIP robots https://garyvaynerchuk.com/how-to-talk-to-haters-on-the-internet/
SKIP robots https://garyvaynerchuk.com/how-photographers-can-use-snapchat-to-sell-their-art/
SKIP robots https://garyvaynerchuk.com/how-to-disrupt-the-champagne-market/
SKIP robots https://garyvaynerchuk.com/the-one-newspaper-business-thats-thriving/
SKIP robots https://garyvaynerchuk.com/questions-ideas-and-business-plans-at-startup-grind-ny-1hr-qa/
SKIP robots https://garyvaynerchuk.com/the-best-way-to-build-company-culture/
SKIP robots https://garyvaynerchuk.com/how-to-sell-wine-as-a-15-year-old-kid/
SKIP robots https://garyvaynerchuk.com/never-ever-be-afraid-of-making-the-wrong-move/
SKIP robots https://garyvaynerchuk.com/motion-graphic-social-media-marketing-is-like-beyonce/
SKIP robots https://garyvaynerchuk.com/what-to-avoid-when-meeting-gary-vaynerchuk/
SKIP robots https://garyvaynerchuk.com/what-entrepreneurs-need-most-an-interview-with-ingrid-vanderveldt/
SKIP robots https://garyvaynerchuk.com/here-is-why-most-of-us-arent-trained-for-social-media/
SKIP robots https://garyvaynerchuk.com/you-can-monetize-anything/
SKIP robots https://garyvaynerchuk.com/how-to-sell-to-the-average-45-year-old-mom/
SKIP robots https://garyvaynerchuk.com/supercut-a-funny-set-of-clips-from-my-keynotes/
SKIP robots https://garyvaynerchuk.com/startups-need-to-embrace-this-concept-i-drop-bombs-at-156/
SKIP robots https://garyvaynerchuk.com/how-small-businesses-can-leverage-social-media-content-production/
SKIP robots https://garyvaynerchuk.com/moving-the-needle-on-nilla-wafers-using-pinterest/
SKIP robots https://garyvaynerchuk.com/just-because-you-went-to-yale-doesnt-mean-you-get-to-be-an-entrepreneur/
SKIP robots https://garyvaynerchuk.com/how-to-sell-sex-toys-with-social-media/
SKIP robots https://garyvaynerchuk.com/8people-you-should-consider-following/
SKIP robots https://garyvaynerchuk.com/the-value-of-effort-on-twitter/
SKIP robots https://garyvaynerchuk.com/a-note-on-being-grateful/
SKIP robots https://garyvaynerchuk.com/throwback-thursday-facebook-pages-are-a-necessity/
SKIP robots https://garyvaynerchuk.com/how-i-create-and-preserve-company-culture/
SKIP robots https://garyvaynerchuk.com/8-people-you-should-be-following-on-twitter/
SKIP robots https://garyvaynerchuk.com/full-qa-45-minutes-of-solid-gold-social-media-and-business-advice/
SKIP robots https://garyvaynerchuk.com/finding-happiness-in-your-passion/
SKIP robots https://garyvaynerchuk.com/using-data-and-intuition-to-pivot-your-small-business/
SKIP robots https://garyvaynerchuk.com/how-to-become-friends-with-gary-vaynerchuck/
SKIP robots https://garyvaynerchuk.com/stop-complaining-put-in-the-time/
SKIP robots https://garyvaynerchuk.com/happy-fathers-day-a-video-for-all-the-dads-out-there/
SKIP robots https://garyvaynerchuk.com/whats-driving-my-brother-aj-and-me-to-start-businesses/
SKIP robots https://garyvaynerchuk.com/finding-your-perfect-business-relationship/
SKIP robots https://garyvaynerchuk.com/heres-why-my-business-advice-might-not-work-with-your-dna/
SKIP robots https://garyvaynerchuk.com/business-culture-shock-how-smart-devices-are-changing-everything/
SKIP robots https://garyvaynerchuk.com/paying-attention-to-your-business-needs/
SKIP robots https://garyvaynerchuk.com/qa-session-with-contently/
SKIP robots https://garyvaynerchuk.com/blindsided-by-innovation-stop-being-romantic/
SKIP robots https://garyvaynerchuk.com/everything-that-is-wrong-with-modern-education/
SKIP robots https://garyvaynerchuk.com/social-media-isnt-a-one-night-stand-learn-from-beyonce-and-commit/
SKIP robots https://garyvaynerchuk.com/the-number-one-mistake-everyone-makes-on-twitter/
SKIP robots https://garyvaynerchuk.com/incapable-of-looking-backwards/
SKIP robots https://garyvaynerchuk.com/bloomberg-would-you-pay-for-a-restaurant-reservation/
SKIP robots https://garyvaynerchuk.com/dont-be-a-dick-everybody-is-relevant/
SKIP robots https://garyvaynerchuk.com/how-to-bring-people-value/
SKIP robots https://garyvaynerchuk.com/how-i-built-a-following-that-protects-me-on-twitter/
SKIP robots https://garyvaynerchuk.com/using-snapchat-to-market-your-photography-online/
SKIP robots https://garyvaynerchuk.com/tweeting-the-same-thing-more-than-once-isnt-a-crime/
SKIP robots https://garyvaynerchuk.com/the-fastest-way-to-get-better-treatment-from-restaurants/
SKIP robots https://garyvaynerchuk.com/what-are-the-most-attractive-characteristics-to-have-on-social-find-out-here/
SKIP robots https://garyvaynerchuk.com/why-bret-hart-is-a-better-businessman-than-you/
SKIP robots https://garyvaynerchuk.com/it-just-got-really-hard-to-be-a-marketing-professional-heres-why/
SKIP robots https://garyvaynerchuk.com/i-cant-wait-to-ruin-snap-chat/
SKIP robots https://garyvaynerchuk.com/the-fastest-growing-demographic-on-instagram-may-shock-you/
SKIP robots https://garyvaynerchuk.com/want-to-be-as-productive-as-i-am-just-do-this-one-simple-thing/
SKIP robots https://garyvaynerchuk.com/here-are-the-biggest-business-disruptors-of-the-next-10-15-years/
SKIP robots https://garyvaynerchuk.com/here-is-how-amazon-put-borders-out-of-business/
SKIP robots https://garyvaynerchuk.com/turning-likes-into-a-career/
SKIP robots https://garyvaynerchuk.com/recognizing-what-it-takes-to-be-a-founder-and-when-its-time-to-be-a-b-type/
SKIP robots https://garyvaynerchuk.com/how-one-phone-call-got-me-an-advocate-for-life/
SKIP robots https://garyvaynerchuk.com/its-so-easy-for-all-of-us-to-change-the-world/
SKIP robots https://garyvaynerchuk.com/the-reason-you-shouldnt-worry-about-how-to-get-twitter-followers/
SKIP robots https://garyvaynerchuk.com/my-full-keynote-from-the-mima-summit-2010/
SKIP robots https://garyvaynerchuk.com/social-media-state-of-the-union-eo-nerve-2014-full-keynote/
SKIP robots https://garyvaynerchuk.com/dark-posts-selfies-and-lawyers-a-qa-in-philly/
SKIP robots https://garyvaynerchuk.com/i-was-really-super-wrong-about-snapchat-stories-in-the-entrepreneurs-journey/
SKIP robots https://garyvaynerchuk.com/i-dont-give-a-fuck-i-just-care-about-right-now/
SKIP robots https://garyvaynerchuk.com/the-amount-of-content-produced-every-48-hours-will-blow-your-mind/
SKIP robots https://garyvaynerchuk.com/i-made-a-bad-call-on-snapchat-but-heres-why-im-totally-cool-with-it/
SKIP robots https://garyvaynerchuk.com/using-linkedin-for-employee-acquisition/
SKIP robots https://garyvaynerchuk.com/i-wrote-the-perfect-textbook-for-f-students-read-it/
SKIP robots https://garyvaynerchuk.com/the-changes-in-the-wine-world-that-blow-me-away/
SKIP robots https://garyvaynerchuk.com/heres-why-i-love-social-media/
SKIP robots https://garyvaynerchuk.com/the-best-advice-ive-ever-received-came-from-a-creepy-old-guy/
SKIP robots https://garyvaynerchuk.com/see-gary-vaynerchuk-live/
SKIP robots https://garyvaynerchuk.com/how-i-built-a-strong-relationship-and-strong-business-with-my-father/
SKIP robots https://garyvaynerchuk.com/let-me-show-you-how-to-hustle/
SKIP robots https://garyvaynerchuk.com/new-interview-with-gary-vaynerchuk-go-jets/
SKIP robots https://garyvaynerchuk.com/my-new-deck-on-engagement-and-its-business-values-you-have-to-read-this-now/
SKIP robots https://garyvaynerchuk.com/meet-team-crush/
SKIP robots https://garyvaynerchuk.com/we-want-you-to-be-a-gary-vee-i-p-click-to-learn-how/
SKIP robots https://garyvaynerchuk.com/whats-the-roi-of-your-mother-the-t-shirt-live-for-the-next-72-hours/
SKIP robots https://garyvaynerchuk.com/if-you-dont-invest-in-community-management-youre-done-for-heres-why/
SKIP robots https://garyvaynerchuk.com/pcbc-2014-full-keynote-a-must-watch-for-real-estate-developers/
SKIP robots https://garyvaynerchuk.com/qa-session-from-pcbc-2014/
SKIP robots https://garyvaynerchuk.com/askgaryvee-episode-2-tools-sheep-and-rihanna/
SKIP robots https://garyvaynerchuk.com/askgaryvee-episode-4-personal-branding-and-brett-favre/
SKIP robots https://garyvaynerchuk.com/askgaryvee-episode-6-friction-sucks/
SKIP robots https://garyvaynerchuk.com/askgaryvee-episode-7-parents-patience-and-pie/
SKIP robots https://garyvaynerchuk.com/askgaryvee-episode-8-buy-the-damn-cat/
SKIP robots https://garyvaynerchuk.com/askgaryvee-episode-9-ice-bucket-billionaire/
SKIP robots https://garyvaynerchuk.com/askgaryvee-episode-10-ridiculously-hard-and-obnoxiously-smart/
SKIP robots https://garyvaynerchuk.com/askgaryvee-episode-11-diplomas-not-gpas/
SKIP robots https://garyvaynerchuk.com/askgaryvee-episode-3-small-businesses-with-itsy-bitsy-cash/
SKIP robots https://garyvaynerchuk.com/askgaryvee-episode-5-asses-in-seats/
SKIP robots https://garyvaynerchuk.com/storytelling-in-2014/
SKIP robots https://garyvaynerchuk.com/retweet-abuse-birdy-bragging-and-the-importance-of-being-human-on-twitter/
SKIP robots https://garyvaynerchuk.com/every-company-is-a-media-company/
SKIP robots https://garyvaynerchuk.com/askgaryvee-episode-13-i-dont-know/
SKIP robots https://garyvaynerchuk.com/askgaryvee-episode-12-the-hype-artist/
SKIP robots https://garyvaynerchuk.com/askgaryvee-episode-1/
SKIP robots https://garyvaynerchuk.com/askgaryvee-episode-14-refuse-to-lose/
SKIP robots https://garyvaynerchuk.com/how-to-raise-7000-in-7-minutes/
SKIP robots https://garyvaynerchuk.com/the-askgaryvee-show-remix-2-getting-youtubey/
SKIP robots https://garyvaynerchuk.com/askgaryvee-episode-15-paretos-principle/
SKIP robots https://garyvaynerchuk.com/how-playing-tennis-makes-you-a-smarter-entrepreneur/
SKIP robots https://garyvaynerchuk.com/my-journey-from-watching-miss-america-to-judging-it-in-the-entrepreneurs-journey/
SKIP robots https://garyvaynerchuk.com/askgaryvee-episode-16-collecting-people/
SKIP robots https://garyvaynerchuk.com/askgaryvee-episode-17-dropping-f-bombs/
SKIP robots https://garyvaynerchuk.com/the-one-thing-youll-never-get-any-value-from-in-the-entrepreneurs-journey/
SKIP robots https://garyvaynerchuk.com/the-one-thing-youll-never-get-any-value-from/
SKIP robots https://garyvaynerchuk.com/askgaryvee-episode-18-the-ultimate-drug/
SKIP robots https://garyvaynerchuk.com/how-to-successfully-use-social-media-for-donations/
SKIP robots https://garyvaynerchuk.com/askgaryvee-episode-19-prepare-for-war/
SKIP robots https://garyvaynerchuk.com/consider-this-before-building-a-personal-brand/
SKIP robots https://garyvaynerchuk.com/askgaryvee-episode-21-video-views-app-marketing-and-time-management/
SKIP robots https://garyvaynerchuk.com/some-solid-fking-advice/
SKIP robots https://garyvaynerchuk.com/askgaryvee-episode-22-the-big-difference-between-sales-and-branding/
SKIP robots https://garyvaynerchuk.com/the-backbone-behind-my-entrepreneurial-success/
SKIP robots https://garyvaynerchuk.com/ignore-the-best-sales-techniques-tips-and-tactics-and-just-listen-to-your-dad/
SKIP robots https://garyvaynerchuk.com/askgaryvee-episode-23-how-to-market-a-kickstarter-campaign/
SKIP robots https://garyvaynerchuk.com/the-only-way-to-fix-broken-company-culture/
SKIP robots https://garyvaynerchuk.com/askgaryvee-episode-24-are-kids-using-too-much-tech/
SKIP robots https://garyvaynerchuk.com/askgaryvee-episode-25-how-to-stop-your-industry-from-getting-stale/
SKIP robots https://garyvaynerchuk.com/the-1-mistake-everybody-makes-on-twitter/
SKIP robots https://garyvaynerchuk.com/nobody-cares-about-your-billion-dollar-idea/
SKIP robots https://garyvaynerchuk.com/askgaryvee-episode-26-am-i-an-entrepreneur-or-not/
SKIP robots https://garyvaynerchuk.com/askgaryvee-episode-27-whats-the-deal-with-ello/
SKIP robots https://garyvaynerchuk.com/the-toughest-professional-decision-ive-ever-made/
SKIP robots https://garyvaynerchuk.com/askgaryvee-episode-28-how-to-keep-your-startup-competitive/
SKIP robots https://garyvaynerchuk.com/how-small-businesses-can-compete-with-fortune-500s/
SKIP robots https://garyvaynerchuk.com/when-you-make-excuses-this-is-what-i-think/
SKIP robots https://garyvaynerchuk.com/askgaryvee-episode-29-shifting-ad-budgets-to-digital-video/
SKIP robots https://garyvaynerchuk.com/why-ive-always-focused-on-top-line-instead-of-bottom-line-and-you-should-too/
SKIP robots https://garyvaynerchuk.com/askgaryvee-episode-30-how-to-pick-a-name-for-your-business/
SKIP robots https://garyvaynerchuk.com/the-askgaryvee-show-podcast/
SKIP robots https://garyvaynerchuk.com/what-youre-not-getting-about-creating-a-community/
SKIP robots https://garyvaynerchuk.com/askstunwin-how-do-i-help-gary-create-his-content/
SKIP robots https://garyvaynerchuk.com/askgaryvee-episode-32-is-twitter-really-overvalued/
SKIP robots https://garyvaynerchuk.com/are-experts-the-only-people-who-should-put-out-content-in-the-entrepreneurs-journey/
SKIP robots https://garyvaynerchuk.com/apple-pay-on-my-mind-since-2011/
SKIP robots https://garyvaynerchuk.com/askgaryvee-episode-34-how-to-build-a-personal-brand-from-nothing/
SKIP robots https://garyvaynerchuk.com/askgaryvee-episode-35-email-marketing-in-todays-world/
SKIP robots https://garyvaynerchuk.com/askgaryvee-episode-36-how-to-create-real-estate-content/
SKIP robots https://garyvaynerchuk.com/askgaryvee-episode-37-twitter-auto-replies-marketing-gurus-and-happiness/
SKIP robots https://garyvaynerchuk.com/how-to-hustle-a-hustlers-mentality/
SKIP robots https://garyvaynerchuk.com/askgaryvee-episode-38-virtual-reality-content-creation-and-no-excuses/
SKIP robots https://garyvaynerchuk.com/askgaryvee-episode-39-facebook-organic-reach-dating-in-nyc-and-being-a-leader/
SKIP robots https://garyvaynerchuk.com/askgaryevee-episode-40-prioritizing-your-time-hooking-up/
SKIP robots https://garyvaynerchuk.com/askgaryvee-episode-42-mistakes-interviews-and-keynotes/
SKIP robots https://garyvaynerchuk.com/stop-trying-to-incentivize-your-employees-to-be-more-like-you/
SKIP robots https://garyvaynerchuk.com/askgaryvee-episode-43-rich-kids-birthdays-and-anniversaries/
SKIP robots https://garyvaynerchuk.com/fortune-three-must-have-skills-for-your-first-job/
SKIP robots https://garyvaynerchuk.com/askgaryvee-episode-45-retail-super-bowl-ads-telemarketing/
SKIP robots https://garyvaynerchuk.com/askgaryvee-episode-47-how-i-screwed-up-my-uber-investment/
SKIP robots https://garyvaynerchuk.com/askgaryvee-episode-48-ignoring-the-competition-niche-marketing-swagger/
SKIP robots https://garyvaynerchuk.com/askgaryvee-episode-49-high-end-wine-bucket-lists-self-confidence/
SKIP robots https://garyvaynerchuk.com/the-most-valuable-skill-every-recruiter-overlooks/
SKIP robots https://garyvaynerchuk.com/why-being-abig-fish-in-a-small-pond-is-bullst/
SKIP robots https://garyvaynerchuk.com/a-guide-to-creating-the-best-content-possible/
SKIP robots https://garyvaynerchuk.com/one-simple-trick-to-annoy-the-hell-out-of-your-competition/
SKIP robots https://garyvaynerchuk.com/askgaryvee-episode-50-white-lies-klout-scores-musical-chairs/
SKIP robots https://garyvaynerchuk.com/the-most-important-thing-you-dont-have-on-your-bucket-list/
SKIP robots https://garyvaynerchuk.com/askgaryvee-episode-52-first-impressions-patrick-ewing-google-plus/
SKIP robots https://garyvaynerchuk.com/askgaryvee-episode-53-values-selfies-cornhole/
SKIP robots https://garyvaynerchuk.com/askgaryvee-episode-54-marketing-agencies-ashton-kutcher-hot-cocoa/
SKIP robots https://garyvaynerchuk.com/askgaryvee-episode-55-leaders-podcasts-young-entrepreneurs/
SKIP robots https://garyvaynerchuk.com/askgaryvee-episode-56-introverts-guy-kawasaki-the-garyvee-movie/
SKIP robots https://garyvaynerchuk.com/askgaryvee-episode-57-christmas-shopping-how-to-sell-wine-instagram-followers/
SKIP robots https://garyvaynerchuk.com/how-to-market-your-book-on-social/
SKIP robots https://garyvaynerchuk.com/askgaryvee-episode-58-working-with-clients-avoiding-the-middle-scooter-braun-asks-a-question/
SKIP robots https://garyvaynerchuk.com/this-is-the-biggest-obstacle-to-success/
SKIP robots https://garyvaynerchuk.com/this-is-the-one-question-i-always-ask-in-interviews/
SKIP robots https://garyvaynerchuk.com/bloomberg-interview-with-stephanie-ruhle-social-media-mistakes-best-practices/
SKIP robots https://garyvaynerchuk.com/should-you-pay-to-promote-something-with-no-roi-yup/
SKIP robots https://garyvaynerchuk.com/the-selfie-is-the-new-autograph/
SKIP robots https://garyvaynerchuk.com/marketing-planning-substance-matters/
SKIP robots https://garyvaynerchuk.com/our-kids-arent-using-too-much-tech-theyre-not-using-enough/
SKIP robots https://garyvaynerchuk.com/askgaryvee-episode-59-motivating-employees-marketing-automation/
SKIP robots https://garyvaynerchuk.com/video-content-youre-doing-it-wrong/
SKIP robots https://garyvaynerchuk.com/how-to-build-a-real-business-not-a-toy/
SKIP robots https://garyvaynerchuk.com/5-tips-from-a-public-speaking-pro/
SKIP robots https://garyvaynerchuk.com/education-problems-in-america/
SKIP robots https://garyvaynerchuk.com/being-a-morning-person-doesnt-make-you-more-successful/
SKIP robots https://garyvaynerchuk.com/starting-a-social-media-account/
SKIP robots https://garyvaynerchuk.com/this-is-how-you-have-better-meetings/
SKIP robots https://garyvaynerchuk.com/hiring-employees-as-a-web-developer/
SKIP robots https://garyvaynerchuk.com/depth-vs-width/
SKIP robots https://garyvaynerchuk.com/5-easy-hacks-for-platforms-you-need-to-know/
SKIP robots https://garyvaynerchuk.com/askgaryvee-episode-60-dress-codes-meditation-horrible-wine/
SKIP robots https://garyvaynerchuk.com/how-to-find-cheap-quality-talent/
SKIP robots https://garyvaynerchuk.com/what-pr-companies-dont-understand-about-social-media/
SKIP robots https://garyvaynerchuk.com/askgaryvee-episode-61-hiring-friends-funerals-the-reality-distortion-field/
SKIP robots https://garyvaynerchuk.com/askgaryvee-episode-62-franchising-open-courses-cash-or-exposure/
SKIP robots https://garyvaynerchuk.com/the-secret-to-a-perfect-six-second-video/
SKIP robots https://garyvaynerchuk.com/askgaryvee-episode-63-winter-storm-juno-viral-marketing-on-no-budget/
SKIP robots https://garyvaynerchuk.com/twitter-is-the-cocktail-party-of-the-internet/
SKIP robots https://garyvaynerchuk.com/heres-why-youre-not-excited-enough-about-snapchats-discover/
SKIP robots https://garyvaynerchuk.com/askgaryvee-episode-64-yik-yak-dna-dinner-with-winston-churchill/
SKIP robots https://garyvaynerchuk.com/askgaryvee-episode-65-breweries-books-super-bowl-predictions/
SKIP robots https://garyvaynerchuk.com/askgaryvee-episode-66-top-line-revenue-and-niche-advertising-on-instagram/
SKIP robots https://garyvaynerchuk.com/one-is-greater-than-zero/
SKIP robots https://garyvaynerchuk.com/why-twitters-new-video-feature-matters-for-engagement-not-just-content/
SKIP robots https://garyvaynerchuk.com/askgaryvee-episode-67-how-to-fire-an-employee-wine-distribution-business-managing-social-media/
SKIP robots https://garyvaynerchuk.com/askgaryvee-episode-68-hashtags-recycling-content-lauryn-hill/
SKIP robots https://garyvaynerchuk.com/there-is-no-substitute-for-a-shitty-product/
SKIP robots https://garyvaynerchuk.com/madonna-released-a-music-video-on-snapchat-and-thats-a-huge-deal/
SKIP robots https://garyvaynerchuk.com/askgaryvee-episode-69-monetizing-media-sites-sad-super-bowl-ads-solid-data/
SKIP robots https://garyvaynerchuk.com/the-secret-behind-the-most-innovative-tweeters/
SKIP robots https://garyvaynerchuk.com/the-argument-for-having-a-crappy-website/
SKIP robots https://garyvaynerchuk.com/askgaryvee-episode-71-24-business-questions-answered-in-under-24-minutes/
SKIP robots https://garyvaynerchuk.com/making-the-transition-to-leader/
SKIP robots https://garyvaynerchuk.com/askgaryvee-episode-70-being-a-college-student-mom-actor/
SKIP robots https://garyvaynerchuk.com/so-you-wanna-be-an-entrepreneur/
SKIP robots https://garyvaynerchuk.com/is-instagram-bigger-than-twitter/
SKIP robots https://garyvaynerchuk.com/the-snapchat-ghost-is-growing-up-why-you-need-to-pay-attention-to-snapchat/
SKIP robots https://garyvaynerchuk.com/mashable-spoiled-ceos-would-never-do-what-i-do/
SKIP robots https://garyvaynerchuk.com/askgaryvee-episode-72-casey-neistat-on-applying-to-college-how-to-focus-on-goals/
SKIP robots https://garyvaynerchuk.com/heres-what-my-dad-taught-me-about-business/
SKIP robots https://garyvaynerchuk.com/askgaryvee-episode-73-podcasting-building-legacy-the-chamber-of-commerce/
SKIP robots https://garyvaynerchuk.com/at-the-speed-of-twitter-its-ok-to-repeat-yourself/
SKIP robots https://garyvaynerchuk.com/how-to-create-interesting-content-on-a-boring-subject/
SKIP robots https://garyvaynerchuk.com/should-you-self-brand-or-establish-a-company-brand/
SKIP robots https://garyvaynerchuk.com/why-you-shouldnt-charge-for-your-best-work/
SKIP robots https://garyvaynerchuk.com/what-salespeople-need-to-know-about-social-media/
SKIP robots https://garyvaynerchuk.com/askgaryvee-episode-74-podcasts-sick-days-viral-videos/
SKIP robots https://garyvaynerchuk.com/askgaryvee-episode-75-facebook-tv-ads-kosher-food-trucks-robots-taking-over-the-world/
SKIP robots https://garyvaynerchuk.com/the-easy-way-to-find-great-employees/
SKIP robots https://garyvaynerchuk.com/five-awesome-image-quotes-to-step-up-your-instagram-game/
SKIP robots https://garyvaynerchuk.com/are-you-working-hard-enough/
SKIP robots https://garyvaynerchuk.com/to-make-the-sale-you-need-to-go-in-for-the-kill/
SKIP robots https://garyvaynerchuk.com/how-to-market-a-small-business-with-a-limited-budget/
SKIP robots https://garyvaynerchuk.com/promoting-posts-on-facebook-twitter-linkedin/
SKIP robots https://garyvaynerchuk.com/make-less-art-to-sell-more-of-it/
SKIP robots https://garyvaynerchuk.com/how-to-rock-social-media-like-gary-vaynerchuk/
SKIP robots https://garyvaynerchuk.com/im-here-where-are-you/
SKIP robots https://garyvaynerchuk.com/askgaryvee-episode-76-implementing-business-ideas-meerkat-app-yo-for-business/
SKIP robots https://garyvaynerchuk.com/how-you-should-market-your-new-product-to-existing-customers/
SKIP robots https://garyvaynerchuk.com/instagrams-new-ad-product-the-print-industrys-worst-nightmare/
SKIP robots https://garyvaynerchuk.com/marketers-stop-treating-people-like-sheep/
SKIP robots https://garyvaynerchuk.com/entrepreneurship-keynote-at-usc-2015/
SKIP robots https://garyvaynerchuk.com/askgaryvee-episode-77-like-for-like-working-remotely-matthew-berry-asks-a-question/
SKIP robots https://garyvaynerchuk.com/how-to-choose-the-right-platforms-for-your-brand/
SKIP robots https://garyvaynerchuk.com/askgaryvee-episode-78-marketing-for-musicians-urinals-facebook-video/
SKIP robots https://garyvaynerchuk.com/ok-you-decided-to-take-the-leapwhat-now/
SKIP robots https://garyvaynerchuk.com/maybe-you-should-get-into-print-and-tv/
SKIP robots https://garyvaynerchuk.com/starbucks-is-starting-a-media-company-this-is-why-it-matters-to-you/
SKIP robots https://garyvaynerchuk.com/gary-vaynerchuks-guide-to-speaking-in-public-without-shtting-your-pants/
SKIP robots https://garyvaynerchuk.com/twitters-acquisition-of-periscope-and-what-it-means-for-meerkat/
SKIP robots https://garyvaynerchuk.com/data-is-great-but-intuition-is-still-the-killer-app/
SKIP robots https://garyvaynerchuk.com/show-your-instagram-followers-youre-not-afraid-of-mondays/
SKIP robots https://garyvaynerchuk.com/business-advice-for-aspiring-musicians/
SKIP robots https://garyvaynerchuk.com/get-off-your-lazy-but/
SKIP robots https://garyvaynerchuk.com/5-short-videos-to-show-you-how-i-run-my-businesses/
SKIP robots https://garyvaynerchuk.com/anonymous-reviews-suck-heres-how-you-can-outsmart-them/
SKIP robots https://garyvaynerchuk.com/why-did-twinkie-tweet-about-the-apple-watch/
SKIP robots https://garyvaynerchuk.com/specialist-or-jack-of-all-trades-the-answers-obvious-to-me/
SKIP robots https://garyvaynerchuk.com/small-brewery-owner-heres-how-to-market-your-beer/
SKIP robots https://garyvaynerchuk.com/hiring-friends-disastrous-or-smartest-decision-youll-ever-make/
SKIP robots https://garyvaynerchuk.com/stop-pretending-that-fundraising-is-different-from-sales/
SKIP robots https://garyvaynerchuk.com/grow-your-brand-by-leveraging-someone-elses/
SKIP robots https://garyvaynerchuk.com/if-youre-trying-to-convert-your-customer-youre-doing-something-wrong/
SKIP robots https://garyvaynerchuk.com/why-i-dont-enforce-a-dress-code-at-my-company/
SKIP robots https://garyvaynerchuk.com/growing-fast-maintaining-your-intimate-customer-experience-with-one-easy-hack/
SKIP robots https://garyvaynerchuk.com/before-you-fire-that-client-maybe-you-should-read-this/
SKIP robots https://garyvaynerchuk.com/the-best-way-to-evaluate-your-content-and-some-guides-to-improve-it/
SKIP robots https://garyvaynerchuk.com/family-business-what-happens-when-the-two-come-together/
SKIP robots https://garyvaynerchuk.com/how-to-dominate-video-on-every-major-platform/
SKIP robots https://garyvaynerchuk.com/askgaryvee-episode-81-food-poisoning-subscription-services-youtube-vs-facebook-video/
SKIP robots https://garyvaynerchuk.com/askgaryvee-episode-82-buying-followers-dealing-with-rejection-millennials/
SKIP robots https://garyvaynerchuk.com/3-reasons-this-title-wont-work-in-2019/
SKIP robots https://garyvaynerchuk.com/askgaryvee-episode-83-the-role-of-blogging-today-parenting-in-a-social-media-world-sasquatch/
SKIP robots https://garyvaynerchuk.com/askgaryvee-episode-84-germany-death-crowdsourcing-ideas/
SKIP robots https://garyvaynerchuk.com/2015-has-been-huge-so-far/
SKIP robots https://garyvaynerchuk.com/marketers-cant-hypnotize-people/
SKIP robots https://garyvaynerchuk.com/getting-rejected-is-awesome-trust-me/
SKIP robots https://garyvaynerchuk.com/askgaryvee-episode-85-advertising-on-pinterest-body-language-peace-of-mind/
SKIP robots https://garyvaynerchuk.com/fat-thumb-clicks-why-i-hate-acura/
SKIP robots https://garyvaynerchuk.com/askgaryvee-episode-86-passive-income-foreign-languages-how-to-delegate/
SKIP robots https://garyvaynerchuk.com/its-not-the-size-of-the-market-its-how-you-sell-to-it/
SKIP robots https://garyvaynerchuk.com/what-two-decades-of-first-mover-advantage-have-taught-me/
SKIP robots https://garyvaynerchuk.com/the-straightest-road-to-success/
SKIP robots https://garyvaynerchuk.com/askgaryvee-episode-87-embeddable-facebook-videos-has-reddit-sold-out/
SKIP robots https://garyvaynerchuk.com/askgaryvee-episode-88-disneys-magic-band-selling-stuff-on-meerkat-safety-first/
SKIP robots https://garyvaynerchuk.com/delegation-isnt-about-weakness-its-about-ego/
SKIP robots https://garyvaynerchuk.com/askgaryvee-episode-89-jack-suzy-welch-talk-about-efficiency-creativity-failure/
SKIP robots https://garyvaynerchuk.com/smart-tech-will-eat-up-the-world/
SKIP robots https://garyvaynerchuk.com/your-business-card-is-pointless/
SKIP robots https://garyvaynerchuk.com/the-best-way-to-deal-with-fear-of-failure/
SKIP robots https://garyvaynerchuk.com/how-important-is-failure-really/
SKIP robots https://garyvaynerchuk.com/personal-brand-or-company-brand-how-to-make-the-decision/
SKIP robots https://garyvaynerchuk.com/why-we-all-have-haters-and-why-i-respect-mine/
SKIP robots https://garyvaynerchuk.com/being-a-first-mover-is-easy-heres-how/
SKIP robots https://garyvaynerchuk.com/5-core-values-of-business-from-garyvee/
SKIP robots https://garyvaynerchuk.com/5-negative-business-situations-and-how-to-turn-them-around/
SKIP robots https://garyvaynerchuk.com/marketers-are-about-to-ruin-these-3-ultra-effective-tactics/
SKIP robots https://garyvaynerchuk.com/askgaryvee-episode-92-tidal-qr-codes-instagrams-evolution-star-wars-vs-star-trek/
SKIP robots https://garyvaynerchuk.com/may-the-fifth-be-with-you/
SKIP robots https://garyvaynerchuk.com/askgaryvee-episode-93-victories-mothers-day-location-location-location/
SKIP robots https://garyvaynerchuk.com/askgaryvee-episode-94-political-campaigns-impatient-clients-root-beer/
SKIP robots https://garyvaynerchuk.com/three-questions-to-start-off-every-client-relationship-the-right-way/
SKIP robots https://garyvaynerchuk.com/dont-short-change-your-podcasts-ad-inventory/
SKIP robots https://garyvaynerchuk.com/askgaryvee-episode-95-dreams-ethics-the-dmv/
SKIP robots https://garyvaynerchuk.com/askgaryvee-episode-96-youre-out-of-business/
SKIP robots https://garyvaynerchuk.com/why-i-tell-fortune-500-companies-to-stay-away-from-qr-codes/
SKIP robots https://garyvaynerchuk.com/your-shops-location-still-matters-but-relying-on-it-will-kill-business/
SKIP robots https://garyvaynerchuk.com/when-you-dont-celebrate-your-wins-you-hold-your-company-back/
SKIP robots https://garyvaynerchuk.com/askgaryvee-episode-97-idea-people-intellectual-property-something-else-with-i-and-p/
SKIP robots https://garyvaynerchuk.com/3-things-that-will-always-stand-in-the-way-of-your-goals-2/
SKIP robots https://garyvaynerchuk.com/askgaryvee-episode-98-networking-nielsen-ratings-mistakes-young-entrepreneurs-make/
SKIP robots https://garyvaynerchuk.com/dont-talk-to-your-audience-talk-with-them/
SKIP robots https://garyvaynerchuk.com/5-things-you-need-to-do-when-hiring-someone/
SKIP robots https://garyvaynerchuk.com/askgaryvee-episode-99-human-interaction-being-selfish-what-happened-to-blogging/
SKIP robots https://garyvaynerchuk.com/askgaryvee-episode-100-the-live-show-uncensored/
SKIP robots https://garyvaynerchuk.com/sell-more-merch-by-following-these-3-steps/
SKIP robots https://garyvaynerchuk.com/we-need-to-talk-about-the-importance-of-self-awareness/
SKIP robots https://garyvaynerchuk.com/askgaryvee-episode-101-ruining-instagram-yellow-pages-how-to-get-a-job-working-for-me/
SKIP robots https://garyvaynerchuk.com/askgaryvee-episode-102-patience-headlines-dads-joining-instagram/
SKIP robots https://garyvaynerchuk.com/you-are-more-than-the-decisions-you-make/
SKIP robots https://garyvaynerchuk.com/digital-marketing-guru-explains-how-to-cut-through-the-clutter/
SKIP robots https://garyvaynerchuk.com/why-advice-from-gurus-is-mostly-meaningless/
SKIP robots https://garyvaynerchuk.com/3-ways-to-go-out-of-business-fast/
SKIP robots https://garyvaynerchuk.com/askgaryvee-episode-103-crossfit-one-on-one-marketing-liking-your-own-photos/
SKIP robots https://garyvaynerchuk.com/askgaryvee-episode-104-growing-lazy-twitter-video-for-brands-we-have-a-bucket/
SKIP robots https://garyvaynerchuk.com/inc-how-to-reach-your-ideal-customer-on-social-media/
SKIP robots https://garyvaynerchuk.com/how-to-tell-if-someone-is-really-a-fan-of-a-football-team/
SKIP robots https://garyvaynerchuk.com/like-it-or-not-youre-always-being-evaluated/
SKIP robots https://garyvaynerchuk.com/this-is-the-straightest-road-to-success/
SKIP robots https://garyvaynerchuk.com/even-with-todays-tech-in-person-meetings-matter-so-much/
SKIP robots https://garyvaynerchuk.com/the-one-question-that-finally-changed-how-i-approach-my-health/
SKIP robots https://garyvaynerchuk.com/askgaryvee-episode-109-stupid-questions-integrity-gary-gives-relationship-advice/
SKIP robots https://garyvaynerchuk.com/the-surefire-steps-for-dealing-with-a-pissed-off-customer/
SKIP robots https://garyvaynerchuk.com/nervous-about-networking-dont-sweat-it/
SKIP robots https://garyvaynerchuk.com/entrepreneurial-oxygen-the-cash-cycle-and-my-business-dna/
SKIP robots https://garyvaynerchuk.com/askgaryvee-episode-110-ego-my-grandchildren-why-people-are-afraid-of-snapchat/
SKIP robots https://garyvaynerchuk.com/this-is-the-biggest-mistake-a-young-entrepreneur-can-make/
SKIP robots https://garyvaynerchuk.com/askgaryvee-episode-112-time-saving-the-death-of-desktop-mike-stelzner/
SKIP robots https://garyvaynerchuk.com/4-ways-to-find-out-what-your-strengths-are/
SKIP robots https://garyvaynerchuk.com/the-one-thing-gurus-always-get-wrong-about-blogging/
SKIP robots https://garyvaynerchuk.com/when-its-okay-to-sweat-the-small-stuff/
SKIP robots https://garyvaynerchuk.com/4-easy-ways-to-improve-company-culture/
SKIP robots https://garyvaynerchuk.com/askgaryvee-episode-113-do-you-have-to-choose-between-two-passions/
SKIP robots https://garyvaynerchuk.com/askgaryvee-show-episode-114-meeting-deadlines-in-the-workplace/
SKIP robots https://garyvaynerchuk.com/snapchats-new-tap-to-view-is-a-bigger-deal-than-you-think/
SKIP robots https://garyvaynerchuk.com/askgaryvee-episode-115-whats-more-important-being-compassionate-or-being-abrasive/
SKIP robots https://garyvaynerchuk.com/askgaryvee-episode-116-is-all-press-good-press/
SKIP robots https://garyvaynerchuk.com/why-social-media-roi-is-like-playing-the-piano/
SKIP robots https://garyvaynerchuk.com/nervous-about-public-speaking-you-wont-be-after-you-read-this/
SKIP robots https://garyvaynerchuk.com/behind-the-scenes-of-the-askgaryvee-show/
SKIP robots https://garyvaynerchuk.com/great-advertising-wont-save-your-shit-product/
SKIP robots https://garyvaynerchuk.com/number-one-waste-of-time-trying-to-convert-your-customer/
SKIP robots https://garyvaynerchuk.com/askgaryvee-episode-117-when-does-authentic-marketing-become-tmi/
SKIP robots https://garyvaynerchuk.com/the-difference-between-a-company-issue-and-a-human-issue/
SKIP robots https://garyvaynerchuk.com/the-number-one-question-to-ask-during-periods-of-growth/
SKIP robots https://garyvaynerchuk.com/askgaryvee-episode-118-garys-dad-joins-the-show/
SKIP robots https://garyvaynerchuk.com/how-to-tell-your-boss-hes-fking-it-all-up/
SKIP robots https://garyvaynerchuk.com/the-askgaryvee-show-changing-the-mentoring-game-for-young-entrepreneurs/
SKIP robots https://garyvaynerchuk.com/askgaryvee-episode-120-should-you-delete-old-tweets-posts/
SKIP robots https://garyvaynerchuk.com/askgaryvee-episode-121-the-biggest-mistake-my-employees-can-make/
SKIP robots https://garyvaynerchuk.com/there-is-absolutely-such-a-thing-as-a-stupid-question/
SKIP robots https://garyvaynerchuk.com/askgaryvee-episode-122-what-i-would-do-if-i-was-graduating-college-today/
SKIP robots https://garyvaynerchuk.com/landing-pages-arent-easy-heres-how-to-decide-whats-on-yours/
SKIP robots https://garyvaynerchuk.com/askgaryvee-episode-123-how-creatives-can-start-thinking-like-an-entrepreneur/
SKIP robots https://garyvaynerchuk.com/the-best-way-to-raise-money-from-an-angel-investor-or-vc/
SKIP robots https://garyvaynerchuk.com/deciding-how-to-pick-between-your-two-passions/
SKIP robots https://garyvaynerchuk.com/askgaryvee-episode-125-one-year-anniversary/
SKIP robots https://garyvaynerchuk.com/the-single-biggest-mistake-my-employees-can-make/
SKIP robots https://garyvaynerchuk.com/askgaryvee-episode-126-how-i-balance-risk-reward-in-investments/
SKIP robots https://garyvaynerchuk.com/3-ways-you-need-to-be-marketing-your-book-in-2015/
SKIP robots https://garyvaynerchuk.com/this-is-my-biggest-fear/
SKIP robots https://garyvaynerchuk.com/askgaryvee-episode-128-casey-neistat-is-back/
SKIP robots https://garyvaynerchuk.com/before-you-question-my-worklife-balance-read-this/
SKIP robots https://garyvaynerchuk.com/askgaryvee-episode-129-the-share-monster/
SKIP robots https://garyvaynerchuk.com/askgaryvee-episode-130-vaynermedia-interns-ask-me-questions/
SKIP robots https://garyvaynerchuk.com/askgaryvee-episode-131-twitch-mike-tysons-punch-out-zelda/
SKIP robots https://garyvaynerchuk.com/garyvee-stickers-are-only-on-sticker-mule/
SKIP robots https://garyvaynerchuk.com/this-is-how-you-can-prepare-your-business-for-2016/
SKIP robots https://garyvaynerchuk.com/askgaryvee-episode-132-is-snapchat-discover-like-a-billboard/
SKIP robots https://garyvaynerchuk.com/my-jets-game-is-your-netflix/
SKIP robots https://garyvaynerchuk.com/when-will-marketers-talk-about-attention-not-impressions/
SKIP robots https://garyvaynerchuk.com/askgaryvee-episode-133-what-goal-should-teachers-set-for-themselves-this-year/
SKIP robots https://garyvaynerchuk.com/why-you-shouldnt-take-vc-money-3/
SKIP robots https://garyvaynerchuk.com/askgaryvee-episode-134-does-vaynermedia-turn-down-clients-based-on-values/
SKIP robots https://garyvaynerchuk.com/stop-complaining-about-the-establishment/
SKIP robots https://garyvaynerchuk.com/inc-25-social-media-keynote-speakers-you-need-to-know/
SKIP robots https://garyvaynerchuk.com/when-is-it-time-to-stop-running-your-business/
SKIP robots https://garyvaynerchuk.com/askgaryvee-episode-135-when-is-it-time-to-get-a-personal-assistant/
SKIP robots https://garyvaynerchuk.com/the-fastslow-road-to-becoming-an-influencer/
SKIP robots https://garyvaynerchuk.com/askgaryvee-episode-136-the-business-model-behind-askgaryvee/
SKIP robots https://garyvaynerchuk.com/askgaryvee-episode-137-the-new-york-jets-ask-questions-about-social-media/
SKIP robots https://garyvaynerchuk.com/the-business-model-behind-the-askgaryvee-show/
SKIP robots https://garyvaynerchuk.com/askgaryvee-episode-138-the-importance-of-creativity-with-chase-jarvis/
SKIP robots https://garyvaynerchuk.com/fortunes-40-under-40/
SKIP robots https://garyvaynerchuk.com/crains-40-under-40/
SKIP robots https://garyvaynerchuk.com/askgaryvee-episode-139-paying-for-snapchat-replays-and-facebook-dislikes/
SKIP robots https://garyvaynerchuk.com/three-reasons-snapchats-newest-pay-to-replay-update-is-genius/
SKIP robots https://garyvaynerchuk.com/askgaryvee-episode-140-ripping-off-the-askgaryvee-show/
SKIP robots https://garyvaynerchuk.com/askgaryvee-episode-141-how-to-raise-money-for-your-college-club/
SKIP robots https://garyvaynerchuk.com/evaluating-the-cost-of-using-an-influencer-in-3-steps/
SKIP robots https://garyvaynerchuk.com/prweek-conference-a-roadmap-to-integration/
SKIP robots https://garyvaynerchuk.com/askgaryvee-episode-142-how-to-prevent-your-drive-from-affecting-your-relationships/
SKIP robots https://garyvaynerchuk.com/does-having-a-backup-plan-make-you-more-likely-to-fail/
SKIP robots https://garyvaynerchuk.com/askgaryvee-episode-143-unethical-investors-vs-soft-entrepreneurs/
SKIP robots https://garyvaynerchuk.com/askgaryvee-episode-144-how-to-stand-out-as-an-illustrator-on-social-media/
SKIP robots https://garyvaynerchuk.com/askgaryvee-episode-145-how-do-you-market-a-product-you-wouldnt-normally-use/
SKIP robots https://garyvaynerchuk.com/askgaryvee-episode-146-cursing-hr-and-my-emotion-for-the-jets/
SKIP robots https://garyvaynerchuk.com/askgaryvee-episode-147-twitters-140-character-limit/
SKIP robots https://garyvaynerchuk.com/askgaryvee-episode-148-pampering-politicians-ad-blocking/
SKIP robots https://garyvaynerchuk.com/askgaryvee-episode-149-london-calling/
SKIP robots https://garyvaynerchuk.com/the-best-way-to-hold-employees-accountable/
SKIP robots https://garyvaynerchuk.com/askgaryvee-episode-150-vimeo-new-facebook-profile-videos-strategy-around-speeches/
SKIP robots https://garyvaynerchuk.com/why-we-should-be-excited-about-ad-blockers/
SKIP robots https://garyvaynerchuk.com/overnight-success-an-original-film/
SKIP robots https://garyvaynerchuk.com/how-to-be-an-overnight-success/
SKIP robots https://garyvaynerchuk.com/askgaryvee-episode-150-5-mediums-new-logo-mark-cuban-asks-a-question/
SKIP robots https://garyvaynerchuk.com/askgaryvee-episode-151-vayner-employees-ask-questions-in-360/
SKIP robots https://garyvaynerchuk.com/nj-tech-meetup-keynote-2015/
SKIP robots https://garyvaynerchuk.com/how-i-finally-got-serious-about-my-health/
SKIP robots https://garyvaynerchuk.com/askgaryvee-episode-152-competing-with-elon-musk-hulu-subscriptions/
SKIP robots https://garyvaynerchuk.com/askgaryvee-episode-153-garys-father-in-law-peter-klein-answers-questions-on-the-show/
SKIP robots https://garyvaynerchuk.com/askgaryvee-episode-154-chase-jarvis-answers-questions-on-the-show/
SKIP robots https://garyvaynerchuk.com/askgaryvee-episode-155-slack-serendipity-youtube-red/
SKIP robots https://garyvaynerchuk.com/askgaryvee-episode-156-rebranding-overstaffing-prepping-employees-for-leadership/
SKIP robots https://garyvaynerchuk.com/askgaryvee-episode-157-lewis-howes-answers-questions-on-the-show/
SKIP robots https://garyvaynerchuk.com/chattanooga-keynote-2015/
SKIP robots https://garyvaynerchuk.com/you-should-get-exited-about-virtual-reality-heres-why/
SKIP robots https://garyvaynerchuk.com/askgaryvee-episode-159-charisma-hashtags-the-lonely-road-to-the-top/
SKIP robots https://garyvaynerchuk.com/six-minutes-now-for-the-next-sixty-years-of-your-life/
SKIP robots https://garyvaynerchuk.com/askgaryvee-episode-162-my-friend-brian-solis-answers-questions-on-the-show/
SKIP robots https://garyvaynerchuk.com/askgaryvee-episode-163-starting-a-restaurant-self-evaluation-and-mobile-credit-services/
SKIP robots https://garyvaynerchuk.com/askgaryvee-episode-164-streaming-services-beatboxing-telling-the-truth/
SKIP robots https://garyvaynerchuk.com/why-i-love-mediocre-ideas/
SKIP robots https://garyvaynerchuk.com/one-thing-i-am-truly-thankful-for-this-year/
SKIP robots https://garyvaynerchuk.com/askgaryvee-episode-165-billboards-production-capacity-gary-gets-salty/
SKIP robots https://garyvaynerchuk.com/heres-whats-wrong-with-fitness-entrepreneurs/
SKIP robots https://garyvaynerchuk.com/askgaryvee-episode-166-twitter-polls-supply-demand-of-content-competing-with-myself/
SKIP robots https://garyvaynerchuk.com/askgaryvee-episode-168-relocating-closing-a-sale-dealing-with-loneliness/
SKIP robots https://garyvaynerchuk.com/if-youre-trying-to-save-print-youre-missing-the-point/
SKIP robots https://garyvaynerchuk.com/askgaryvee-episode-169-shut-down-by-the-feds/
SKIP robots https://garyvaynerchuk.com/dailyvee-no-coat-no-shoes-no-keynote/
SKIP robots https://garyvaynerchuk.com/askgaryvee-episode-170-snapchat-discover-disrespect-losing-your-hustle/
SKIP robots https://garyvaynerchuk.com/how-to-network-at-an-event/
SKIP robots https://garyvaynerchuk.com/dailyvee-002-get-em-to-the-gala/
SKIP robots https://garyvaynerchuk.com/how-to-be-a-better-salesperson/
SKIP robots https://garyvaynerchuk.com/how-to-market-your-business/
SKIP robots https://garyvaynerchuk.com/increase-sales-slow-season/
SKIP robots https://garyvaynerchuk.com/parenting-for-success-with-kid-entrepreneurs/
SKIP robots https://garyvaynerchuk.com/the-two-strategies-needed-to-maintain-corporate-culture-during-business-growth/
SKIP robots https://garyvaynerchuk.com/gary-talks-about-tech-predictions-for-2016-on-good-day-new-york/
SKIP robots https://garyvaynerchuk.com/askgaryvee-episode-171-pets-cutting-through-the-noise-gary-gets-sentimental/
SKIP robots https://garyvaynerchuk.com/new-years-resolutions-career/
SKIP robots https://garyvaynerchuk.com/forbes-steal-these-strategies-to-motivate-millennials-in-the-workplace/
SKIP robots https://garyvaynerchuk.com/best-of-askgaryvee-2015/
SKIP robots https://garyvaynerchuk.com/askgaryvee-episode-172-the-last-episode-of-2015/
SKIP robots https://garyvaynerchuk.com/dailyvee-003-snapping-my-way-through-vegas/
SKIP robots https://garyvaynerchuk.com/5-ad-agencies-to-follow-on-snapchat/
SKIP robots https://garyvaynerchuk.com/mobile-marketer-snapchats-premium-positioning-at-risk/
SKIP robots https://garyvaynerchuk.com/ibt-how-snapchat-bet-on-a-ces-2016-takeover-from-silicon-valley-giants/
SKIP robots https://garyvaynerchuk.com/askgaryvee-episode-173-book-marketing-snapchat-growth-tipping-points-in-history/
SKIP robots https://garyvaynerchuk.com/nybj-6-entrepreneur-minded-books-to-watch-for-in-2016/
SKIP robots https://garyvaynerchuk.com/5986-2/
SKIP robots https://garyvaynerchuk.com/dailyvee-004-always-adjusting-always/
SKIP robots https://garyvaynerchuk.com/askgaryvee-episode-175-ifttt-app-buying-a-franchise-business-daymond-john-asks-a-question/
SKIP robots https://garyvaynerchuk.com/askgaryvee-episode-176-delegating-work-micromanagement-and-monitoring-employees-social-media/
SKIP robots https://garyvaynerchuk.com/dailyvee-005-the-theory-of-a-five-year-plan/
SKIP robots https://garyvaynerchuk.com/dailyvee-006-intent-trumps-everything/
SKIP robots https://garyvaynerchuk.com/dailyvee-007-going-off-script-on-my-audiobook/
SKIP robots https://garyvaynerchuk.com/first-comes-smarts-then-comes-the-hustle/
SKIP robots https://garyvaynerchuk.com/dailyvee-008-why-the-askgaryvee-book-matters/
SKIP robots https://garyvaynerchuk.com/the-askgaryvee-show-everything-you-need-to-know/
SKIP robots https://garyvaynerchuk.com/dailyvee-009-dont-be-my-friend-and-not-be-good-at-social/
SKIP robots https://garyvaynerchuk.com/dailyvee-010-the-family-business/
SKIP robots https://garyvaynerchuk.com/snapchat-discover-one-year-later-how-23-media-companies-are-building-stories-for-evan-spiegel/
SKIP robots https://garyvaynerchuk.com/dailyvee-011-day-in-and-day-out/
SKIP robots https://garyvaynerchuk.com/bookreview/
SKIP robots https://garyvaynerchuk.com/askgaryvee-episode-178-outsourcing-crappy-products-focusing-on-depth/
SKIP robots https://garyvaynerchuk.com/askgaryvee-episode-179-how-to-overcome-a-bad-day-encouraging-children-advice-to-my-teenage-self/
SKIP robots https://garyvaynerchuk.com/the-entrepreneurial-spirit-are-entrepreneurs-born-or-made-2/
SKIP robots https://garyvaynerchuk.com/super8/
SKIP robots https://garyvaynerchuk.com/dailyvee-012-the-chef-that-grew-up/
SKIP robots https://garyvaynerchuk.com/dailyvee-013-nice-watches-ferraris/
SKIP robots https://garyvaynerchuk.com/marketing-in-the-year-2016/
SKIP robots https://garyvaynerchuk.com/twitter-users-how-to-ask-for-help-beating-jet-lag-askgaryvee-episode-180/
SKIP robots https://garyvaynerchuk.com/dailyvee-014-twenty-four-seven-365/
SKIP robots https://garyvaynerchuk.com/the-future-of-instagram-employee-turnover-how-to-make-money-as-a-teen-askgaryvee-episode-181/
SKIP robots https://garyvaynerchuk.com/business-indecision-employee-recruitment-artist-management-askgaryvee-episode-182/
SKIP robots https://garyvaynerchuk.com/dailyvee-015-masonry/
SKIP robots https://garyvaynerchuk.com/the-future-of-the-music-industry-crush-it-and-anchor-as-podcasting-app-askgaryvee-episode-183/
SKIP robots https://garyvaynerchuk.com/ignore-everything-between-the-clouds-and-dirt/
SKIP robots https://garyvaynerchuk.com/seth-godin-on-thought-leaders-psychics-the-future-of-the-internet-askgaryvee-episode-185/
SKIP robots https://garyvaynerchuk.com/the-one-thing-i-didnt-clarify-enough-in-jab-jab-jab-right-hook/
SKIP robots https://garyvaynerchuk.com/how-to-grow-your-snapchat-following-paying-for-social-media-usernames-askgaryvee-episode-186/
SKIP robots https://garyvaynerchuk.com/communication-between-co-founders-understanding-my-business-competition-askgaryvee-episode-187/
SKIP robots https://garyvaynerchuk.com/business-networking-101-yelp-advertising-the-askgaryvee-book-askgaryvee-episode-188/
SKIP robots https://garyvaynerchuk.com/employee-poaching-nervousness-youtube-influencers-askgaryvee-episode-189/
SKIP robots https://garyvaynerchuk.com/gary-vaynerchuk-talks-with-stephanie-ruhle-on-the-current-state-of-entrepreneurship-social-media/
SKIP robots https://garyvaynerchuk.com/6444-2/
SKIP robots https://garyvaynerchuk.com/cnn-race-for-the-whitehouse/
SKIP robots https://garyvaynerchuk.com/good-day-new-york-getting-greg-kelly-back-on-social-media/
SKIP robots https://garyvaynerchuk.com/in-case-you-missed-it-i-actually-released-two-books-yesterday/
SKIP robots https://garyvaynerchuk.com/fortune-this-is-the-biggest-business-lesson-ive-learned/
SKIP robots https://garyvaynerchuk.com/bi-never-be-romantic-about-how-you-make-your-money/
SKIP robots https://garyvaynerchuk.com/fortune-gary-vaynerchuk-dishes-out-some-social-media-tips/
SKIP robots https://garyvaynerchuk.com/forbes-managers-should-be-working-for-their-employees/
SKIP robots https://garyvaynerchuk.com/when-working-for-free-can-actually-pay-off/
SKIP robots https://garyvaynerchuk.com/inc-garyvees-secret-source-of-strength-through-tough-times/
SKIP robots https://garyvaynerchuk.com/how-gary-vaynerchuk-turned-a-video-series-into-a-popular-book/
SKIP robots https://garyvaynerchuk.com/the-founder-of-a-multimillion-dollar-company-says-hes-stunned-by-a-disturbing-trend-among-ceos/
SKIP robots https://garyvaynerchuk.com/clouds-dirt-prioritizing-the-oxygen-of-your-business-and-why-the-middle-sucks/
SKIP robots https://garyvaynerchuk.com/gary-vaynerchuk-on-business-life-and-building-human-empires/
SKIP robots https://garyvaynerchuk.com/bi-gary-vaynerchuks-top-public-speaking-tips/
SKIP robots https://garyvaynerchuk.com/one-piece-of-content-can-change-your-life/
SKIP robots https://garyvaynerchuk.com/stop-judging-other-peoples-escapism/
SKIP robots https://garyvaynerchuk.com/influencer-marketing-how-to-go-viral-vlogging-askgaryvee-episode-191/
SKIP robots https://garyvaynerchuk.com/theres-no-undefeated-in-entrepreneurship/
SKIP robots https://garyvaynerchuk.com/twitter-still-has-a-massive-business-opportunity-for-your-company/
SKIP robots https://garyvaynerchuk.com/meditation-the-next-big-business-wave/
SKIP robots https://garyvaynerchuk.com/nobody-can-define-who-you-are/
SKIP robots https://garyvaynerchuk.com/how-to-sell-newspapers-adopting-children-what-makes-a-great-teacher-askgaryvee-episode-194/
SKIP robots https://garyvaynerchuk.com/nonprofit-marketing-the-same-rules-apply/
SKIP robots https://garyvaynerchuk.com/all-things-startup-43north-pitching-investing-scaling-your-company-askgaryvee-episode-197/
SKIP robots https://garyvaynerchuk.com/build-a-business-not-a-financial-machine/
SKIP robots https://garyvaynerchuk.com/has-facebook-achieved-what-aol-could-have-a-generation-ago/
SKIP robots https://garyvaynerchuk.com/theres-no-right-time-to-hustle/
SKIP robots https://garyvaynerchuk.com/the-one-thing-people-will-massively-overpay-for/
SKIP robots https://garyvaynerchuk.com/will-snapchat-and-musical-ly-be-around-in-6-months-who-cares/
SKIP robots https://garyvaynerchuk.com/the-musical-ly-app-with-musical-ly-celebs-askgaryvee-episode-198/
SKIP robots https://garyvaynerchuk.com/numbers-dont-matter-influence-does/
SKIP robots https://garyvaynerchuk.com/the-top-apps-im-paying-attention-to-right-now/
SKIP robots https://garyvaynerchuk.com/the-only-snapchat-hack-you-need-for-marketing/
SKIP robots https://garyvaynerchuk.com/kobe-bryants-legacy-messenger-chatbots-snail-mail-askgaryvee-episode-199/
SKIP robots https://garyvaynerchuk.com/the-ambition-of-a-human-based-company/
SKIP robots https://garyvaynerchuk.com/giving-without-expectation/
SKIP robots https://garyvaynerchuk.com/calling-in-on-the-show-askgaryvee-episode-200/
SKIP robots https://garyvaynerchuk.com/reframing-the-narrative-on-entrepreneurship/
SKIP robots https://garyvaynerchuk.com/clarity-bucket-list/
SKIP robots https://garyvaynerchuk.com/three-pieces-advice-build-confidence-public-speaking/
SKIP robots https://garyvaynerchuk.com/choose-wine-know-nothing-wine/
SKIP robots https://garyvaynerchuk.com/empathy-one-of-the-keys-to-my-business-success/
SKIP robots https://garyvaynerchuk.com/advice-first-time-entrepreneurs/
SKIP robots https://garyvaynerchuk.com/playing-dirt-matters-building-business-empire/
SKIP robots https://garyvaynerchuk.com/the-customer-is-always-right-as-long-as-you-want-their-money/
SKIP robots https://garyvaynerchuk.com/for-tamara-and-all-the-other-moms/
SKIP robots https://garyvaynerchuk.com/uber-airbnb-never-should-have-happened-the-way-they-did/
SKIP robots https://garyvaynerchuk.com/thesis-handle-feedback/
SKIP robots https://garyvaynerchuk.com/fiverr-become-successful-freelancer-askgaryvee-episode-204/
SKIP robots https://garyvaynerchuk.com/one-thing-i-complain-about/
SKIP robots https://garyvaynerchuk.com/askgaryvee-ep-205/
SKIP robots https://garyvaynerchuk.com/how-important-is-a-logo/
SKIP robots https://garyvaynerchuk.com/content-content-content/
SKIP robots https://garyvaynerchuk.com/reading-article-wont-help-better-entrepreneur/
SKIP robots https://garyvaynerchuk.com/the-nuances-of-negotiating/
SKIP robots https://garyvaynerchuk.com/depth-look-emotional-intelligence/
SKIP robots https://garyvaynerchuk.com/letter-dads-like/
SKIP robots https://garyvaynerchuk.com/nintendo-pokemon-go-wins-with-technology-and-nostalgia/
SKIP robots https://garyvaynerchuk.com/eric-thomas-motivation-success-public-speaking-askgaryvee-episode-223/
SKIP robots https://garyvaynerchuk.com/using-only-snapchat-to-sell-real-estate/
SKIP robots https://garyvaynerchuk.com/simon-sinek-vs-companys-always-askgaryvee-episode-226/
SKIP robots https://garyvaynerchuk.com/best-deal-snapchat/
SKIP robots https://garyvaynerchuk.com/mastermind-talks-keynote-2016/
SKIP robots https://garyvaynerchuk.com/introducing-vaynertalent/
SKIP robots https://garyvaynerchuk.com/askgaryvee-audio-book-chapter-17-self-awareness/
SKIP robots https://garyvaynerchuk.com/two-secrets-staying-motivated-hungry/
SKIP robots https://garyvaynerchuk.com/the-ultimate-advice-for-every-20-year-old/
SKIP robots https://garyvaynerchuk.com/find-your-happiness/
SKIP robots https://garyvaynerchuk.com/dont-care-want-need/
SKIP robots https://garyvaynerchuk.com/rise-audio-voice/
SKIP robots https://garyvaynerchuk.com/cant-code-cant-sell-crap/
SKIP robots https://garyvaynerchuk.com/announcing-planet-apps-3-months-free-apple-music/
SKIP robots https://garyvaynerchuk.com/1-view-can-change-everything/
SKIP robots https://garyvaynerchuk.com/im-tell-can-still-win/
SKIP robots https://garyvaynerchuk.com/planet-apps-art-pivot/
SKIP robots https://garyvaynerchuk.com/business-is-my-vehicle/
SKIP robots https://garyvaynerchuk.com/why-i-vlog-everyday/
SKIP robots https://garyvaynerchuk.com/much-money-made-twenties/
SKIP robots https://garyvaynerchuk.com/nothing-scares-business/
SKIP robots https://garyvaynerchuk.com/every-19-year-old-gets-wrong/
SKIP robots https://garyvaynerchuk.com/day-decided-become-garyvee/
SKIP robots https://garyvaynerchuk.com/listen-up-interns/
SKIP robots https://garyvaynerchuk.com/hustle-cure-complain/
SKIP robots https://garyvaynerchuk.com/fucking-hate-friday/
SKIP robots https://garyvaynerchuk.com/put-customers-shoes/
SKIP robots https://garyvaynerchuk.com/message-not-medium/
SKIP robots https://garyvaynerchuk.com/new-school-entrepreneurship/
SKIP robots https://garyvaynerchuk.com/sales-vs-branding/
SKIP robots https://garyvaynerchuk.com/straightest-road-success/
SKIP robots https://garyvaynerchuk.com/three-best-restaurant-tips-customer-retention/
SKIP robots https://garyvaynerchuk.com/make-money-dont-raise-money/
SKIP robots https://garyvaynerchuk.com/makes-great-ceo/
SKIP robots https://garyvaynerchuk.com/my-life-legacy/
SKIP robots https://garyvaynerchuk.com/startups-really-sell/
SKIP robots https://garyvaynerchuk.com/door-always-open/
SKIP robots https://garyvaynerchuk.com/august/
SKIP robots https://garyvaynerchuk.com/lets-collaborate-instagram-askgaryvee/
SKIP robots https://garyvaynerchuk.com/successful-people-think/
SKIP robots https://garyvaynerchuk.com/dont-afraid-take-next-bite/
SKIP robots https://garyvaynerchuk.com/whats-your-alternative/
SKIP robots https://garyvaynerchuk.com/being-selfless-by-being-selfish/
SKIP robots https://garyvaynerchuk.com/never-apologize-for-who-you-are/
SKIP robots https://garyvaynerchuk.com/youre-gonna-die/
SKIP robots https://garyvaynerchuk.com/5-best-tips-salespeople/
SKIP robots https://garyvaynerchuk.com/importance-speed-business/
SKIP robots https://garyvaynerchuk.com/how-to-overcome-failure/
SKIP robots https://garyvaynerchuk.com/my-2017-manifesto/
SKIP robots https://garyvaynerchuk.com/how-to-taste-wine/
SKIP robots https://garyvaynerchuk.com/instagram-poll-stickers-what-marketers-need-to-know/
SKIP robots https://garyvaynerchuk.com/confidence-humility/
SKIP robots https://garyvaynerchuk.com/join-wine-library-oct-14-epic-wine-event/
SKIP robots https://garyvaynerchuk.com/gary-vaynerchuk-learned-experimenting/
SKIP robots https://garyvaynerchuk.com/gwyneth-paltrow-jessica-alba-will-gary-v-talk-planet-apps/
SKIP robots https://garyvaynerchuk.com/keeping-camera-no-longer-just-kardashians/
SKIP robots https://garyvaynerchuk.com/brilliant-gary-vaynerchuk-new-series-planet-apps/
SKIP robots https://garyvaynerchuk.com/gary-vaynerchuk-acquires-womens-publisher-purewow/
SKIP robots https://garyvaynerchuk.com/gary-vaynerchuk-buying-purewow/
SKIP robots https://garyvaynerchuk.com/gary-vaynerchuk-seeing-world-clearer-faster-easier-contemporaries/
SKIP robots https://garyvaynerchuk.com/gary-vaynerchuk-abc-real-biz/
SKIP robots https://garyvaynerchuk.com/taking-attention-granted/
SKIP robots https://garyvaynerchuk.com/my-challenge-to-you/
SKIP robots https://garyvaynerchuk.com/following-apple-news/
SKIP robots https://garyvaynerchuk.com/daily-digital-deep-dive/
SKIP robots https://garyvaynerchuk.com/garyvee-001-002-sneakers/
SKIP robots https://garyvaynerchuk.com/how-i-decide/
SKIP robots https://garyvaynerchuk.com/advice-50-year-olds/
SKIP robots https://garyvaynerchuk.com/superbowlparty/
SKIP robots https://garyvaynerchuk.com/mindset/
SKIP robots https://garyvaynerchuk.com/ray-dalio-principles-evolution-bridgewater-associates-meditation-askgaryvee-275/
SKIP robots https://garyvaynerchuk.com/the-airplane-project/
SKIP robots https://garyvaynerchuk.com/what-its-like-to-do-what-you-love/
SKIP robots https://garyvaynerchuk.com/brownpaperbags/
SKIP robots https://garyvaynerchuk.com/patience-goes-platinum/
SKIP robots https://garyvaynerchuk.com/crushing-holidays-new-book-available-pre-order-now/
SKIP robots https://garyvaynerchuk.com/im-excited-2018/
SKIP robots https://garyvaynerchuk.com/confused-starting-vlog-read-veecap/
SKIP robots https://garyvaynerchuk.com/veecap372/
SKIP robots https://garyvaynerchuk.com/6-videos-need-start-new-year-veecap/
SKIP robots https://garyvaynerchuk.com/top-10-podcasts-garyvee-audio-experience/
SKIP robots https://garyvaynerchuk.com/meeting-jeezy-buying-dying-brands-flip-millions-veecap/
SKIP robots https://garyvaynerchuk.com/join-special-crushing-brunch-8-tickets/
SKIP robots https://garyvaynerchuk.com/mondaytomonday/
SKIP robots https://garyvaynerchuk.com/making-every-minute-count-documenting-veecap/
SKIP robots https://garyvaynerchuk.com/introducing-podsessions-episode-1-girlwithnojob-saweetie-cipha-sounds/
SKIP robots https://garyvaynerchuk.com/crush-crushing-whats-changed-since-first-book/
SKIP robots https://garyvaynerchuk.com/permission/
SKIP robots https://garyvaynerchuk.com/reading-crushingit/
SKIP robots https://garyvaynerchuk.com/cream-rises-top-coffee-personal-branding-veecap/
SKIP robots https://garyvaynerchuk.com/post4ds/
SKIP robots https://garyvaynerchuk.com/gary-vaynerchuk-brought-entrepreneurial-prowess-sneaker-game/
SKIP robots https://garyvaynerchuk.com/gary-vaynerchuk-buying-purewow-2/
SKIP robots https://garyvaynerchuk.com/gary-vaynerchuk-learned-experimenting-2/
SKIP robots https://garyvaynerchuk.com/entrepreneur-gary-vaynerchuk-larry-king/
SKIP robots https://garyvaynerchuk.com/breakfast-club-garyvee/
SKIP robots https://garyvaynerchuk.com/gary-vaynerchuk-plans-take-nfl/
SKIP robots https://garyvaynerchuk.com/k-swiss-garyvee-001-crushing-colorway-coming/
SKIP robots https://garyvaynerchuk.com/instagramgifs/
SKIP robots https://garyvaynerchuk.com/the-show-that-started-it-all/
SKIP robots https://garyvaynerchuk.com/and-whats-the-alternative/
SKIP robots https://garyvaynerchuk.com/post4ds2/
SKIP robots https://garyvaynerchuk.com/announcing-vaynermentors/
SKIP robots https://garyvaynerchuk.com/happiness-is-a-choice/
SKIP robots https://garyvaynerchuk.com/accomplish-goals/
SKIP robots https://garyvaynerchuk.com/gary-vaynerchuk-abc-real-biz-rebecca-jarvis-2018/
SKIP robots https://garyvaynerchuk.com/inside-serial-entrepreneur-and-social-influencer-gary-vaynerchuks-empire/
SKIP robots https://garyvaynerchuk.com/first-job/
SKIP robots https://garyvaynerchuk.com/garyvee-instagram-quotes/
SKIP robots https://garyvaynerchuk.com/vaynermedias-4ds-helped-mission-driven-company-achieve-impact/
SKIP robots https://garyvaynerchuk.com/gary-vaynerchuk-abc-nightline-2018/
SKIP robots https://garyvaynerchuk.com/garyvee003/
SKIP robots https://garyvaynerchuk.com/facebook-live-event-apparel-footwear-marketing-2018/
SKIP robots https://garyvaynerchuk.com/karen-civil-gary-vee-and-ryan-leslie-hear-a-pitch-that-could-erase-student-debt/
SKIP robots https://garyvaynerchuk.com/gary-vaynerchuk-is-the-definition-of-a-new-age-entrepreneur-and-hes-just-getting-started/
SKIP robots https://garyvaynerchuk.com/how-serial-entrepreneur-gary-vaynerchuk-built-his-digital-empire-vaynermedia-today/
SKIP robots https://garyvaynerchuk.com/vaynerchuk-on-facebook-investment/
SKIP robots https://garyvaynerchuk.com/vaynerbarter-001/
SKIP robots https://garyvaynerchuk.com/post-4ds-london-edition-the-return-on-my-4ds-investment/
SKIP robots https://garyvaynerchuk.com/get-your-ass-out-of-bed/
SKIP robots https://garyvaynerchuk.com/scooter-braun-gary-vaynerchuk-partner-with-canvas-art-startup-ikonick-to-grow-brand/
SKIP robots https://garyvaynerchuk.com/roku/
SKIP robots https://garyvaynerchuk.com/2018-wine-library-super-tasting/
SKIP robots https://garyvaynerchuk.com/the-best-business-strategy-no-one-talks-about/
SKIP robots https://garyvaynerchuk.com/how-young-entrepreneurs-can-build-a-personal-brand/
SKIP robots https://garyvaynerchuk.com/anxiety-in-your-late-20s/
SKIP robots https://garyvaynerchuk.com/how-to-deal-with-pressure-from-parents/
SKIP robots https://garyvaynerchuk.com/how-to-build-resilience-at-work/
SKIP robots https://garyvaynerchuk.com/the-top-20-podcasts-from-the-garyvee-audio-experience/
SKIP robots https://garyvaynerchuk.com/be-the-first-to-know-about-my-secret-wine-project/
SKIP robots https://garyvaynerchuk.com/3-tips-for-building-confidence-in-kids/
SKIP robots https://garyvaynerchuk.com/michael-ovitz-hollywood-film-business/
SKIP robots https://garyvaynerchuk.com/how-to-stop-caring-what-others-think/
SKIP robots https://garyvaynerchuk.com/6-time-management-techniques-from-a-guy-who-has-no-time/
SKIP robots https://garyvaynerchuk.com/strategies-for-scaling-a-company-with-jeff-cole-and-mark-brazil/
SKIP robots https://garyvaynerchuk.com/how-to-lead-a-team-with-empathy-and-kindness/
SKIP robots https://garyvaynerchuk.com/scooter-braun-on-building-a-network-in-the-music-industry-and-lucky-breaks-in-business/
SKIP robots https://garyvaynerchuk.com/10-mental-shifts-for-success-in-business/
SKIP robots https://garyvaynerchuk.com/darkclouds/
SKIP robots https://garyvaynerchuk.com/how-to-turn-a-bucket-of-20-thomas-the-trains-into-175-trash-talk-episode-3/
SKIP robots https://garyvaynerchuk.com/gary-vaynerchuk-how-to-blow-up-on-social-media/
SKIP robots https://garyvaynerchuk.com/how-to-build-great-company-culture/
SKIP robots https://garyvaynerchuk.com/5-ways-you-can-help-me-celebrate-my-birthday-today/
SKIP robots https://garyvaynerchuk.com/how-a-beauty-company-added-100000-month-in-revenue-after-vaynermentors/
SKIP robots https://garyvaynerchuk.com/3-tips-for-running-a-successful-family-business/
SKIP robots https://garyvaynerchuk.com/announcing-the-garyvee-sp25/
SKIP robots https://garyvaynerchuk.com/gary-vaynerchuk-and-sean-evans-talk-sneakers-hot-sauce-and-the-secret-to-influencer-megastardom/
SKIP robots https://garyvaynerchuk.com/how-a-furniture-company-used-branding-strategies-to-grow-actual-sales/
SKIP robots https://garyvaynerchuk.com/5-things-to-watch-for-the-next-economic-recession/
SKIP robots https://garyvaynerchuk.com/gary-vaynerchuk-on-real-biz-with-rebecca-jarvis/
SKIP robots https://garyvaynerchuk.com/7-mindset-shifts-that-bring-happiness/
SKIP robots https://garyvaynerchuk.com/5-reminders-that-accountability-leads-to-happiness/
SKIP robots https://garyvaynerchuk.com/4ds-why-were-raising-the-price-and-going-on-the-road-in-2019/
SKIP robots https://garyvaynerchuk.com/top-10-dailyvees-in-2018/
SKIP robots https://garyvaynerchuk.com/best-marketing-strategies-for-hip-hop-artists/
SKIP robots https://garyvaynerchuk.com/the-self-described-jets-owner-in-waiting-will-tailgate-for-now/
SKIP robots https://garyvaynerchuk.com/how-to-monetize-on-instagram-a-step-by-step-guide-to-get-companies-to-sponsor-you/
SKIP robots https://garyvaynerchuk.com/entrepreneur-stepping-up-serial-entrepreneur-gary-vaynerchuk/
SKIP robots https://garyvaynerchuk.com/5-tips-for-growing-your-business-with-influencer-marketing/
SKIP robots https://garyvaynerchuk.com/you-cant-love-it-just-when-its-convenient/
SKIP robots https://garyvaynerchuk.com/the-dubai-tour-recap/
SKIP robots https://garyvaynerchuk.com/gary-vaynerchuk-what-entrepreneurs-should-know-before-pitching-in-2019/
SKIP robots https://garyvaynerchuk.com/4-keys-to-make-decisions-faster/
SKIP robots https://garyvaynerchuk.com/an-invitation-to-the-garyvee-x-vaynersports-meet-and-greet/
SKIP robots https://garyvaynerchuk.com/kindness-quotes/
SKIP robots https://garyvaynerchuk.com/6-sales-tips-on-how-to-sell-without-selling/
SKIP robots https://garyvaynerchuk.com/super-bowl-commercials-should-cost-more-than-they-do/
SKIP robots https://garyvaynerchuk.com/the-rise-of-audio-branding/
SKIP robots https://garyvaynerchuk.com/the-best-b2b-marketing-strategy-for-2019/
SKIP robots https://garyvaynerchuk.com/one-mans-point-of-view-buying-a-house-in-your-20s-40s/
SKIP robots https://garyvaynerchuk.com/recruiting-company-grew-sales-building-brand/
SKIP robots https://garyvaynerchuk.com/why-every-small-business-should-have-a-super-bowl-commercial/
SKIP robots https://garyvaynerchuk.com/why-nice-guys-finish-last-is-just-not-true/
SKIP robots https://garyvaynerchuk.com/tips-for-dealing-with-anxiety/
SKIP robots https://garyvaynerchuk.com/real-estate-agent-marketing-strategies/
SKIP robots https://garyvaynerchuk.com/be-accountable-but-dont-judge-yourself/
SKIP robots https://garyvaynerchuk.com/management-strategies-and-tips/
SKIP robots https://garyvaynerchuk.com/positivity-on-social-media/
SKIP robots https://garyvaynerchuk.com/facebook-advertising-marketing-strategies-for-2019/
SKIP robots https://garyvaynerchuk.com/digital-marketing-agency-for-small-business/
SKIP robots https://garyvaynerchuk.com/stop-living-for-the-weekend/
SKIP robots https://garyvaynerchuk.com/4ds-helped-a-photographer-build-a-seven-figure-revenue-stream/
SKIP robots https://garyvaynerchuk.com/how-to-be-happier-with-less/
SKIP robots https://garyvaynerchuk.com/build-trust-in-the-workplace/
SKIP robots https://garyvaynerchuk.com/linkedin-marketing-strategies/
SKIP robots https://garyvaynerchuk.com/why-you-should-let-your-kids-lose/
SKIP robots https://garyvaynerchuk.com/the-79-21-rule-to-build-a-long-term-business/
SKIP robots https://garyvaynerchuk.com/i-love-sales/
SKIP robots https://garyvaynerchuk.com/music-marketing/
SKIP robots https://garyvaynerchuk.com/4-parenting-ideas-no-ones-talking-about/
SKIP robots https://garyvaynerchuk.com/the-biggest-problem-with-360-performance-reviews/
SKIP robots https://garyvaynerchuk.com/3-ways-to-overcome-fear-of-failure/
SKIP robots https://garyvaynerchuk.com/firing-employees-who-are-talented-but-toxic/
SKIP robots https://garyvaynerchuk.com/nfler-derrick-morgan-and-gary-vaynerchuk-join-forces-to-champion-the-modern-athlete/
SKIP robots https://garyvaynerchuk.com/landing-your-dream-job-without-experience/
SKIP robots https://garyvaynerchuk.com/marketing-opportunities-in-2019/
SKIP robots https://garyvaynerchuk.com/is-college-really-worth-it/
SKIP robots https://garyvaynerchuk.com/steve-jobs-and-bill-gates/
SKIP robots https://garyvaynerchuk.com/post-4ds-how-4ds-helped-a-solopreneur-build-a-content-machine/
SKIP robots https://garyvaynerchuk.com/a-huge-thank-you-to-all-my-international-volunteers/
SKIP robots https://garyvaynerchuk.com/how-to-fire-employees-with-empathy-and-kindness/
SKIP robots https://garyvaynerchuk.com/running-a-business/
SKIP robots https://garyvaynerchuk.com/modern-day-business-education/
SKIP robots https://garyvaynerchuk.com/concept-for-sales-success/
SKIP robots https://garyvaynerchuk.com/business-secrets/
SKIP robots https://garyvaynerchuk.com/garage-sale-tips/
SKIP robots https://garyvaynerchuk.com/announcing-garyvee-004-sneakers/
SKIP robots https://garyvaynerchuk.com/announcing-my-new-show-the-adventures-of-lil-vee/
SKIP robots https://garyvaynerchuk.com/4-leadership-strategies-of-great-ceos/
SKIP robots https://garyvaynerchuk.com/b2b-brands-needs-to-produce-more-content/
SKIP robots https://garyvaynerchuk.com/99-of-the-tests-in-school-dont-matter-veecap/
SKIP robots https://garyvaynerchuk.com/ai-will-destroy-this/
SKIP robots https://garyvaynerchuk.com/serial-entrepreneur-gary-vaynerchuk-reveals-the-investment-secret-that-made-him-millions/
SKIP robots https://garyvaynerchuk.com/secret-to-success-hard-work/
SKIP robots https://garyvaynerchuk.com/insurance-company-marketing/
SKIP robots https://garyvaynerchuk.com/the-benefits-of-branding/
SKIP robots https://garyvaynerchuk.com/working-14-hours-a-day/
SKIP robots https://garyvaynerchuk.com/doing-business-in-southeast-asia/
SKIP robots https://garyvaynerchuk.com/becoming-gary-vaynerchuk/
SKIP robots https://garyvaynerchuk.com/business-advice/
SKIP robots https://garyvaynerchuk.com/flight-got-canceled-but-we-made-it/
SKIP robots https://garyvaynerchuk.com/create-content-100-pieces-per-day/
SKIP robots https://garyvaynerchuk.com/announcing-winetext-com/
SKIP robots https://garyvaynerchuk.com/beverage-company-building-brand/
SKIP robots https://garyvaynerchuk.com/twitter-for-business/
SKIP robots https://garyvaynerchuk.com/how-to-sell-to-small-businesses-smb/
SKIP robots https://garyvaynerchuk.com/how-to-be-ambitious/
SKIP robots https://garyvaynerchuk.com/career-advice-for-2019/
SKIP robots https://garyvaynerchuk.com/linkedin-b2b-marketing-strategies/
SKIP robots https://garyvaynerchuk.com/announcing-my-baseball-card-set-with-topps/
SKIP robots https://garyvaynerchuk.com/join-teamgaryvee/
SKIP robots https://garyvaynerchuk.com/make-instagram-videos/
SKIP robots https://garyvaynerchuk.com/your-view-of-money-changes-after-35/
SKIP robots https://garyvaynerchuk.com/nothing-in-life-is-free/
SKIP robots https://garyvaynerchuk.com/talk-to-your-normal-friends-more-gary-vaynerchuk-on-staying-away-from-madison-ave-to-dominate-ad-land/
SKIP robots https://garyvaynerchuk.com/read-this-before-you-make-another-decision/
SKIP robots https://garyvaynerchuk.com/strike-while-its-hot-it-doesnt-matter-if-a-platform-is-around-in-a-year/
SKIP robots https://garyvaynerchuk.com/content-marketing-strategy/
SKIP robots https://garyvaynerchuk.com/5-lessons-i-learned-from-gary-vaynerchuk-at-a-tech-conference-in-armenia/
SKIP robots https://garyvaynerchuk.com/exclusive-interview-with-gary-vaynerchuk/
SKIP robots https://garyvaynerchuk.com/quantity-can-be-the-gateway-quality-a-new-way-to-think-about-content/
SKIP robots https://garyvaynerchuk.com/exclusive-interview-with-gary-vaynerchuk-the-chairman-of-vaynerx/
SKIP robots https://garyvaynerchuk.com/wcit-2019-takeaways-from-armenias-global-tech-summit/
SKIP robots https://garyvaynerchuk.com/the-power-of-surprise-and-delight-a-case-study/
SKIP robots https://garyvaynerchuk.com/gary-vee-pivoted-from-selling-baseball-cards-to-advising-key-global-players-here-muslimgirls-founder-amani-explores-their-shared-journey-and-the-art-of-influence/
SKIP robots https://garyvaynerchuk.com/are-you-coming-to-complexcon/
SKIP robots https://garyvaynerchuk.com/announcing-the-gv005/
SKIP robots https://garyvaynerchuk.com/is-gary-vaynerchuk-wrong-wrong-wrong-wrong-wrong-about-media/
SKIP robots https://garyvaynerchuk.com/gv005-coral-community-release/
SKIP robots https://garyvaynerchuk.com/announcing-the-updated-garyvee-search-engine/
SKIP robots https://garyvaynerchuk.com/are-you-ready-to-take-the-garyveechallenge/
SKIP robots https://garyvaynerchuk.com/why-gary-vaynerchuk-is-winning-the-marketing-game/
SKIP robots https://garyvaynerchuk.com/how-to-make-memes/
SKIP robots https://garyvaynerchuk.com/textme/
SKIP robots https://garyvaynerchuk.com/3-insights-to-create-instagram-content-in-2020/
SKIP robots https://garyvaynerchuk.com/gary-vaynerchuk-on-vaynermedias-rapid-ascent-its-fun-because-now-were-dangerous/
SKIP robots https://garyvaynerchuk.com/behind-the-scenes-of-big-business-super-bowl-ads/
SKIP robots https://garyvaynerchuk.com/gary-vaynerchuk-reveals-why-his-first-investment-in-esports-is-in-the-300-million-call-of-duty-league/
SKIP robots https://garyvaynerchuk.com/bestinclass/
SKIP robots https://garyvaynerchuk.com/yummytext/
SKIP robots https://garyvaynerchuk.com/team-garyvee-is-open-for-consulting/
SKIP robots https://garyvaynerchuk.com/linked-in-5-hot-takes-on-microsoft-samsung-ibm-and-calvin-klein/
SKIP robots https://garyvaynerchuk.com/why-im-investing-so-much-money-in-sports-cards-examples-included/
SKIP robots https://garyvaynerchuk.com/gary-vaynerchuk-says-super-bowl-ads-are-grossly-underpriced/
SKIP robots https://garyvaynerchuk.com/linkedin-5-hot-takes-on-hersheys-levis-supreme-att-and-medium/
SKIP robots https://garyvaynerchuk.com/ant-farms-gratitude-and-growing-a-business-tea-with-garyvee-3-23/
SKIP robots https://garyvaynerchuk.com/gary-vaynerchuk-now-more-than-ever-is-the-time-for-businesses-to-think-about-innovation/
SKIP robots https://garyvaynerchuk.com/free-content-to-paid-access-a-business-model-to-consider/
SKIP robots https://garyvaynerchuk.com/4-insights-to-help-businesses-adjust-in-challenging-times/
SKIP robots https://garyvaynerchuk.com/top-5-suggestions-for-linkedin-profile-optimization/
SKIP robots https://garyvaynerchuk.com/how-jenna-malone-stepped-out-of-her-comfort-zone-after-tea-with-garyvee/
SKIP robots https://garyvaynerchuk.com/why-companies-need-to-lean-into-e-commerce-now-more-than-ever/
SKIP robots https://garyvaynerchuk.com/gary-vaynerchuk-started-his-entrepreneurial-career-with-an-online-wine-store-heres-how-he-plans-to-turn-that-experience-into-a-new-business/
SKIP robots https://garyvaynerchuk.com/success-in-10-minutes-looking-for-e-commerce-opportunities-with-internet-sensation-gary-v/
SKIP robots https://garyvaynerchuk.com/this-is-best-time-to-be-dirty-dirty-gary-vaynerchuk-on-why-vaynerx-is-winning-now-and-will-continue-to-long-after-covid/
SKIP robots https://garyvaynerchuk.com/gary-vaynerchuk-on-card-collecting-invest-in-young-athletes-you-believe-in/
SKIP robots https://garyvaynerchuk.com/gary-vee-calls-joe-rogan-100m-spotify-deal/
SKIP robots https://garyvaynerchuk.com/announcing-the-all-in-challenge-tiktok-telethon/
SKIP robots https://garyvaynerchuk.com/announcing-tea-with-garyvee-youngsters-edition/
SKIP robots https://garyvaynerchuk.com/garyvee-has-a-brand-new-hustle/
SKIP robots https://garyvaynerchuk.com/how-audio-tweets-will-help-you-create/
SKIP robots https://garyvaynerchuk.com/gary-vaynerchuk-on-volume-based-creative-and-the-future-of-advertising/
SKIP robots https://garyvaynerchuk.com/how-brands-can-lean-into-a-direct-to-consumer-model/
SKIP robots https://garyvaynerchuk.com/constellation-brands-buys-gary-vaynerchuks-direct-to-consumer-empathy-wines-brand/
SKIP robots https://garyvaynerchuk.com/11-new-garyvee-instagram-ar-filters/
SKIP robots https://garyvaynerchuk.com/gary-vaynerchuks-sports-agency-just-announced-some-game-changing-moves/
SKIP robots https://garyvaynerchuk.com/what-brands-need-to-know-about-esports/
SKIP robots https://garyvaynerchuk.com/announcing-unicefs-oneloveoneheart-tiktok-challenge/
SKIP robots https://garyvaynerchuk.com/9-factors-to-consider-before-investing-in-sports-cards/
SKIP robots https://garyvaynerchuk.com/the-1-8m-lebron-james-card-what-does-it-mean/
SKIP robots https://garyvaynerchuk.com/3-actionable-insights-from-gary-vaynerchuk/
SKIP robots https://garyvaynerchuk.com/how-sports-cards-can-make-watching-sports-better/
SKIP robots https://garyvaynerchuk.com/how-to-balance-patience-with-ambition-3-lessons-from-tea-with-garyvee/
SKIP robots https://garyvaynerchuk.com/arianna-huffington-and-gary-vaynerchuk-on-sleep-and-work/
SKIP robots https://garyvaynerchuk.com/3-unusual-ways-to-start-a-career-in-marketing/
SKIP robots https://garyvaynerchuk.com/how-to-go-from-50-in-the-bank-to-10000-every-month/
SKIP robots https://garyvaynerchuk.com/new-to-sports-card-investing-start-here/
SKIP robots https://garyvaynerchuk.com/what-is-underpriced-attention/
SKIP robots https://garyvaynerchuk.com/no-marketing-budget-use-sweat-not-coins/
SKIP robots https://garyvaynerchuk.com/how-to-handle-negative-comments/
SKIP robots https://garyvaynerchuk.com/7-answers-to-7-questions-from-my-linkedin-qa/
SKIP robots https://garyvaynerchuk.com/discovering-authenticity-with-vegan-foodie-tabitha-brown/
SKIP robots https://garyvaynerchuk.com/why-now-is-the-time-to-follow-your-passion/
SKIP robots https://garyvaynerchuk.com/why-you-should-put-your-employees-first-a-conversation-with-arthur-blank/
SKIP robots https://garyvaynerchuk.com/ask-garyvee-how-to-build-your-first-business/
SKIP robots https://garyvaynerchuk.com/what-new-brands-need-to-know/
SKIP robots https://garyvaynerchuk.com/why-11-equals-11/
SKIP robots https://garyvaynerchuk.com/career-advice-in-a-pandemic/
SKIP robots https://garyvaynerchuk.com/doggface208-and-the-future-of-advertising/
SKIP robots https://garyvaynerchuk.com/a-letter-i-wrote-in-a-locker-room/
SKIP robots https://garyvaynerchuk.com/tesla-tequila-why-brands-should-innovate-into-different-sectors/
SKIP robots https://garyvaynerchuk.com/the-18-to-28-debate-is-college-worth-it/
SKIP robots https://garyvaynerchuk.com/6-ways-to-stay-positive-during-quarantine/
SKIP robots https://garyvaynerchuk.com/breaking-down-supreme-vf-corporations-2-1-billion-acquisition/
SKIP robots https://garyvaynerchuk.com/how-to-deal-with-negativity-this-thanksgiving-the-ultimate-clapback/
SKIP robots https://garyvaynerchuk.com/how-to-save-yourself-from-mistakes-that-big-companies-make/
SKIP robots https://garyvaynerchuk.com/life-after-high-school-insights-from-8-conversations/
SKIP robots https://garyvaynerchuk.com/life-after-high-school-community-college/
SKIP robots https://garyvaynerchuk.com/life-after-high-school-all-of-the-above/
SKIP robots https://garyvaynerchuk.com/life-after-high-school-the-gap-year/
SKIP robots https://garyvaynerchuk.com/life-after-high-school-the-self-starter/
SKIP robots https://garyvaynerchuk.com/life-after-high-school-the-apprentice/
SKIP robots https://garyvaynerchuk.com/life-after-high-school-the-traditional-student/
SKIP robots https://garyvaynerchuk.com/life-after-high-school-the-workforce/
SKIP robots https://garyvaynerchuk.com/life-after-high-school-the-college-intern/
SKIP robots https://garyvaynerchuk.com/the-top-3-wines-for-the-holiday-season/
SKIP robots https://garyvaynerchuk.com/5-winter-wine-cocktails-for-easy-drinking/
SKIP robots https://garyvaynerchuk.com/stress-in-the-workplace-three-takes-for-you-to-consider/
SKIP robots https://garyvaynerchuk.com/allow-me-to-re-introduce-yummytext-com/
SKIP robots https://garyvaynerchuk.com/will-netflix-put-movie-theaters-out-of-business/
SKIP robots https://garyvaynerchuk.com/advertising-through-the-years-the-evolution-of-attention/
SKIP robots https://garyvaynerchuk.com/how-does-clubhouse-voice-chat-work/
SKIP robots https://garyvaynerchuk.com/top-garyvee-quotes-2021-edition/
SKIP robots https://garyvaynerchuk.com/dropshipping-article/
SKIP robots https://garyvaynerchuk.com/the-top-3-wines-for-valentines-day/
SKIP robots https://garyvaynerchuk.com/3-tips-for-hiring-top-talent-in-2021/
SKIP robots https://garyvaynerchuk.com/10-ways-to-get-more-followers-on-instagram-how-to-guide/
SKIP robots https://garyvaynerchuk.com/what-is-influencer-marketing-guide-on-growing-your-business/
SKIP robots https://garyvaynerchuk.com/how-to-quit-a-job-professionally/
SKIP robots https://garyvaynerchuk.com/team-garyvee-now-hiring-freelancers-globally/
SKIP robots https://garyvaynerchuk.com/5-things-to-do-to-best-prepare-for-5-5/
SKIP robots https://garyvaynerchuk.com/swan-sit-the-serendipity-of-life-and-business/
SKIP robots https://garyvaynerchuk.com/10-ways-to-protect-yourself-from-scams/
SKIP robots https://garyvaynerchuk.com/what-to-do-after-you-graduate-college/
SKIP robots https://garyvaynerchuk.com/how-to-buy-veefriends-on-opensea/
SKIP robots https://garyvaynerchuk.com/official-veefriends-twitter-profile-avatars/
SKIP robots https://garyvaynerchuk.com/the-first-30-days-of-veefriends/
SKIP robots https://garyvaynerchuk.com/vaynerx-now-hiring-crypto-creatives-and-strategists/
SKIP robots https://garyvaynerchuk.com/alternative-investments-to-look-into-know-this/
SKIP robots https://garyvaynerchuk.com/overrated-or-underrated-fortnite-mcdonalds-twitch-the-rock-robinhood-more/
SKIP robots https://garyvaynerchuk.com/road-to-twelve-and-a-half-gratitude/
SKIP robots https://garyvaynerchuk.com/road-to-twelve-and-a-half-self-awareness/
SKIP robots https://garyvaynerchuk.com/road-to-twelve-and-a-half-accountability/
SKIP robots https://garyvaynerchuk.com/soapbox-cars-punch-buggies-getting-stopped-by-the-cops-trash-talk-episode-7-recap-plus-garage-sale-strategies/
SKIP robots https://garyvaynerchuk.com/gary-vaynerchuks-next-act-spreading-the-gospel-of-kind-candor/
SKIP robots https://garyvaynerchuk.com/road-to-twelve-and-a-half-optimism/
SKIP robots https://garyvaynerchuk.com/road-to-twelve-and-a-half-empathy/
SKIP robots https://garyvaynerchuk.com/road-to-twelve-and-a-half-kindness/
SKIP robots https://garyvaynerchuk.com/the-top-5-business-books-you-must-read-this-season/
SKIP robots https://garyvaynerchuk.com/why-you-need-to-explore-your-curiosity-road-to-twelve-and-a-half-series/
SKIP robots https://garyvaynerchuk.com/what-youre-misunderstanding-about-patience-road-to-twelve-and-a-half-series/
SKIP robots https://garyvaynerchuk.com/why-i-believe-in-conviction-over-convincing-road-to-twelve-and-a-half-series/
SKIP robots https://garyvaynerchuk.com/my-personal-definition-of-humility-road-to-twelve-and-a-half-series/
SKIP robots https://garyvaynerchuk.com/twelve-and-a-half-audiobook-and-kindle-versions-now-available/
SKIP robots https://garyvaynerchuk.com/heres-where-unhappiness-begins-a-gary-vaynerchuk-original-film/
SKIP robots https://garyvaynerchuk.com/linkedin-audio-events-quick-guide/
SKIP robots https://garyvaynerchuk.com/how-to-protect-yourself-from-nft-scams/
SKIP robots https://garyvaynerchuk.com/31-takeaways-from-my-morning-walk-talks/
SKIP robots https://garyvaynerchuk.com/veecon-recap-day-1-welcome-party/
SKIP robots https://garyvaynerchuk.com/veecon-recap-day-2-opening-keynote-a-big-surprise-wyclef-jean-more/
SKIP robots https://garyvaynerchuk.com/gary-vaynerchuks-2014-year-in-review-an-infographic/
SKIP robots https://garyvaynerchuk.com/how-to-balance-sales-and-product-development/
SKIP robots https://garyvaynerchuk.com/social-media-marketing-how-to-win-at-social-media/
SKIP robots https://garyvaynerchuk.com/gary-vaynerchuk-and-the-new-york-jets/
SKIP robots https://garyvaynerchuk.com/3-easy-steps-for-real-estate-agents-on-social-media/
SKIP robots https://garyvaynerchuk.com/stop-wasting-time-and-start-building-a-business/
SKIP robots https://garyvaynerchuk.com/go-beyonce-on-your-customers-put-a-ring-on-it/
SKIP robots https://garyvaynerchuk.com/the-phone-isnt-the-second-screen-its-the-first-one/
SKIP robots https://garyvaynerchuk.com/investing-in-people/
SKIP robots https://garyvaynerchuk.com/this-is-the-most-substantial-cultural-shift-of-our-time/
SKIP robots https://garyvaynerchuk.com/email-marketing-is-not-dead-heres-why/
SKIP robots https://garyvaynerchuk.com/two-things-you-need-to-do-to-make-your-kickstarter-a-success/
SKIP robots https://garyvaynerchuk.com/14-awesome-vayniacs-who-put-family-first/
SKIP robots https://garyvaynerchuk.com/this-is-the-one-thing-i-would-teach-the-world/
SKIP robots https://garyvaynerchuk.com/the-hardest-thing-about-starting-vaynermedia/
SKIP robots https://garyvaynerchuk.com/6-thoughts-on-family-and-how-awesome-they-are/
SKIP robots https://garyvaynerchuk.com/come-meet-me-at-wine-library-this-saturday/
SKIP robots https://garyvaynerchuk.com/last-week-in-wine-library/
SKIP robots https://garyvaynerchuk.com/interested-in-influencers-heres-what-you-need-to-know/
SKIP robots https://garyvaynerchuk.com/i-dont-care-if-i-end-up-buying-the-new-york-jets/
SKIP robots https://garyvaynerchuk.com/how-to-use-instagram-to-drive-sales-yes-its-possible/
SKIP robots https://garyvaynerchuk.com/wine-review-2009-ovidio-garcia-esencia/
SKIP robots https://garyvaynerchuk.com/think-your-industry-is-boring-think-again/
SKIP robots https://garyvaynerchuk.com/is-there-such-a-thing-as-too-much-community-management/
SKIP robots https://garyvaynerchuk.com/askgaryvee-episode-44-the-thank-you-economy-snapchat-payments/
SKIP robots https://garyvaynerchuk.com/how-to-scale-your-content-after-your-numbers-peak/
SKIP robots https://garyvaynerchuk.com/how-the-patriots-could-have-easily-avoided-their-twitter-scandal/
SKIP robots https://garyvaynerchuk.com/my-tee-shirts-garytees/
SKIP robots https://garyvaynerchuk.com/working-for-free-the-debate/
SKIP robots https://garyvaynerchuk.com/stop-worrying-about-the-name-of-your-business-and-start-worrying-about-your-product/
SKIP robots https://garyvaynerchuk.com/success-isnt-all-about-luck-but-it-sure-helps/
SKIP robots https://garyvaynerchuk.com/im-not-going-to-repeat-my-mistakes-heres-how/
SKIP robots https://garyvaynerchuk.com/garyvee-explains-why-empathy-and-kindness-help-you-go-further-in-your-career/
SKIP robots https://garyvaynerchuk.com/this-is-my-best-youtube-video-yet-market-like-its-2014/
SKIP robots https://garyvaynerchuk.com/five-companies-you-should-be-paying-attention-to/
SKIP robots https://garyvaynerchuk.com/19-people-you-should-be-following-on-twitter-but-arent-pt-2-of-2/
SKIP robots https://garyvaynerchuk.com/19-people-you-should-be-following-on-twitter-but-arent-pt-1-of-2/
SKIP robots https://garyvaynerchuk.com/my-biggest-weakness-qa/
SKIP robots https://garyvaynerchuk.com/emptying-the-bucket/
SKIP robots https://garyvaynerchuk.com/i-cant-code-and-you-cant-sell-crap/
SKIP robots https://garyvaynerchuk.com/always-finish-things-off/
SKIP robots https://garyvaynerchuk.com/send-flowers-on-july-12th/
SKIP robots https://garyvaynerchuk.com/you-need-to-be-thinking-mobile-first/
SKIP robots https://garyvaynerchuk.com/you-clicked-the-link-yay/
