SAVED https://academy.hubspot.com/hubspot-user-groups/find-a-hug/las-vegas
SAVED https://academy.hubspot.com/pt/webinars/tracking-code
SAVED https://academy.hubspot.com/hubspot-certified-trainer/event-calendar
SAVED https://academy.hubspot.com/hubspot-user-groups/find-a-hug/new-york
SAVED https://academy.hubspot.com/agency-unfiltered/agency-mission
SAVED https://academy.hubspot.com/es/webinars/estrategia-blog
SAVED https://academy.hubspot.com/hubspot-certified-trainer/find-a-trainer/jorge-alberto-fuentes-zapata
SAVED https://academy.hubspot.com/pt/webinars/custom-report-crossed-objects
SAVED https://academy.hubspot.com/hubspot-certified-trainer/find-a-trainer/yesid-m%C3%A9ndez
SAVED https://academy.hubspot.com/hubspot-certified-trainer/find-a-trainer/diego-osorio
SAVED https://academy.hubspot.com/es/webinars/informes-analiticas-inbound
SAVED https://academy.hubspot.com/pt/webinars/what-are-objects
SAVED https://academy.hubspot.com/hubspot-certified-trainer/find-a-trainer/chiara-azzolin
SAVED https://academy.hubspot.com/hubspot-certified-trainer/find-a-trainer/louis-chausse
SAVED https://academy.hubspot.com/hubspot-certified-trainer/find-a-trainer/todd-mounce
SAVED https://academy.hubspot.com/education-partner-program/podcast/ai-zhang
SAVED https://academy.hubspot.com/hubspot-certified-trainer/find-a-trainer/carmelo-basile
SAVED https://academy.hubspot.com/education-partner-program/thank-you/inbound-sales-syllabus-for-professors
SAVED https://academy.hubspot.com/hubspot-certified-trainer/find-a-trainer/luca-del-fiore
SAVED https://academy.hubspot.com/hubspot-certified-trainer/find-a-trainer/alysha-dominico
SAVED https://academy.hubspot.com/hubspot-user-groups/find-a-hug/tel-aviv
SAVED https://academy.hubspot.com/hubspot-certified-trainer/find-a-trainer/jon-payne
SAVED https://academy.hubspot.com/pt/webinars/import-data-1-object
SAVED https://academy.hubspot.com/pt/webinars/how-cams-help
SAVED https://academy.hubspot.com/hubspot-certified-trainer/find-a-trainer/kolby-kloosterman
SAVED https://academy.hubspot.com/hubspot-certified-trainer/find-a-trainer/dave-meyer
SAVED https://academy.hubspot.com/hubspot-user-groups/find-a-hug/new-orleans
SAVED https://academy.hubspot.com/hubspot-certified-trainer/find-a-trainer/john-dobson
SAVED https://academy.hubspot.com/hubspot-certified-trainer/find-a-trainer/marcus-moberg
SAVED https://academy.hubspot.com/education-partner-program/podcast/paula-morris
SAVED https://academy.hubspot.com/education-partner-program/professors
SAVED https://academy.hubspot.com/hubspot-certified-trainer/find-a-trainer/stacy-jenkins
SAVED https://academy.hubspot.com/pt/webinars/side-bar-objects
SAVED https://academy.hubspot.com/hubspot-certified-trainer/find-a-trainer/jennifer-lombardi
SAVED https://academy.hubspot.com/hubspot-certified-trainer/find-a-trainer/yannick-kiewiet
SAVED https://academy.hubspot.com/hubspot-certified-trainer/find-a-trainer/rich-mackey
SAVED https://academy.hubspot.com/hubspot-certified-trainer/find-a-trainer/bruno-amico
SAVED https://academy.hubspot.com/hubspot-certified-trainer/find-a-trainer/ana-aldea
SAVED https://academy.hubspot.com/hubspot-user-groups/find-a-hug/milano
SAVED https://academy.hubspot.com/hubspot-user-groups/find-a-hug/san-antonio
SAVED https://academy.hubspot.com/es/webinars/nuevo-editor-email
SAVED https://academy.hubspot.com/hubspot-user-groups/find-a-hug/sydney
SAVED https://academy.hubspot.com/hubspot-user-groups/find-a-hug/colorado-springs
SAVED https://academy.hubspot.com/hubspot-certified-trainer/find-a-trainer/roos-vanderzeecompaijen
SAVED https://academy.hubspot.com/es/webinars/secuencias-efectivas
SAVED https://academy.hubspot.com/hubspot-user-groups/find-a-hug/lyon
SAVED https://academy.hubspot.com/es/webinars/smarketing
SAVED https://academy.hubspot.com/hubspot-certified-trainer/find-a-trainer/alejandra-tamayo
SAVED https://academy.hubspot.com/hubspot-user-groups/find-a-hug/lehigh-valley
SAVED https://academy.hubspot.com/agency-unfiltered/podcasting-as-inbound-marketing
SAVED https://academy.hubspot.com/hubspot-user-groups/find-a-hug/grand-rapids
SAVED https://academy.hubspot.com/es/webinars/sales-professional-nuevas-herramientas
SAVED https://academy.hubspot.com/es/webinars/customer-showcase-may2020-integraciones
SAVED https://academy.hubspot.com/hubspot-certified-trainer/find-a-trainer/niall-parfitt
SAVED https://academy.hubspot.com/hubspot-user-groups/find-a-hug/des-moines
SAVED https://academy.hubspot.com/pt/webinars/facebook-messenger
SAVED https://academy.hubspot.com/hubspot-certified-trainer/find-a-trainer/mariam-turkishvili
SAVED https://academy.hubspot.com/es/webinars/complementos-hubspot
SAVED https://academy.hubspot.com/pt/webinars/campaigns
SAVED https://academy.hubspot.com/pt/webinars/customize-your-ticket-pipelines-and-ticket-status
SAVED https://academy.hubspot.com/hubspot-certified-trainer/find-a-trainer/martin-angeletti
SAVED https://academy.hubspot.com/pt/webinars/automate-pipeline
SAVED https://academy.hubspot.com/hubspot-certified-trainer/find-a-trainer/eugenia-garaffo
SAVED https://academy.hubspot.com/hubspot-user-groups/meetup-agenda
SAVED https://academy.hubspot.com/hubspot-certified-trainer/find-a-trainer/heglys-margarita-rodr%C3%ADguez-tovar
SAVED https://academy.hubspot.com/hubspot-certified-trainer/find-a-trainer/jen-bergren
SAVED https://academy.hubspot.com/hubspot-certified-trainer/find-a-trainer/alexi-leimbach
SAVED https://academy.hubspot.com/submit-an-example
SAVED https://academy.hubspot.com/pt/webinars/custom-report-one-object
SAVED https://academy.hubspot.com/hubspot-user-groups/find-a-hug/buffalo
SAVED https://academy.hubspot.com/es/webinars/canales-comunicacion-inbound
SAVED https://academy.hubspot.com/hubspot-user-groups/find-a-hug/miami
SAVED https://academy.hubspot.com/hubspot-certified-trainer/find-a-trainer/lori-thomas
SAVED https://academy.hubspot.com/hubspot-certified-trainer/find-a-trainer/reid-broendel
SAVED https://academy.hubspot.com/agency-unfiltered/picky-agencies
SAVED https://academy.hubspot.com/agency-unfiltered/platform-consultancy-agency
SAVED https://academy.hubspot.com/agency-unfiltered/artificial-intelligence-agency
SAVED https://academy.hubspot.com/hubspot-certified-trainer/find-a-trainer/thirumalesh-prasad-c-g
SAVED https://academy.hubspot.com/hubspot-certified-trainer/find-a-trainer/liana-cuta
SAVED https://academy.hubspot.com/hubspot-certified-trainer/find-a-trainer/stjepan-grcic
SAVED https://academy.hubspot.com/es/what-is-hubspot-academy
SAVED https://academy.hubspot.com/education-partner-program/podcast/greg-accardo
SAVED https://academy.hubspot.com/hubspot-certified-trainer/find-a-trainer/kevin-campbell
SAVED https://academy.hubspot.com/es/webinars/herramienta-seo-nuevo-ejemplos
SAVED https://academy.hubspot.com/education-partner-program/testimonial-submission
SAVED https://academy.hubspot.com/hubspot-certified-trainer/find-a-trainer/roxanne-smith
SAVED https://academy.hubspot.com/hubspot-certified-trainer/find-a-trainer/matan-abramovitz
SAVED https://academy.hubspot.com/hubspot-certified-trainer/find-a-trainer/caleb-popelka
SAVED https://academy.hubspot.com/hubspot-certified-trainer/submit-a-case-study
SAVED https://academy.hubspot.com/education-partner-program/marketing-software-for-higher-ed
SAVED https://academy.hubspot.com/hubspot-certified-trainer/find-a-trainer/katie-smith
SAVED https://academy.hubspot.com/pt/webinars/how-to-build-a-sequence
SAVED https://academy.hubspot.com/hubspot-certified-trainer/find-a-trainer/sandra-simlinger
SAVED https://academy.hubspot.com/hubspot-certified-trainer/find-a-trainer/claudia-albasi
SAVED https://academy.hubspot.com/pt/webinars/landing-pages-analytics
SAVED https://academy.hubspot.com/agency-unfiltered/productized-agency-services
SAVED https://academy.hubspot.com/es/webinars/integracion-salesforce
SAVED https://academy.hubspot.com/hubspot-user-groups/find-a-hug/milton-keynes
SAVED https://academy.hubspot.com/education-partner-program/thank-you/content-marketing-syllabus-for-professors-thank-you
SAVED https://academy.hubspot.com/hubspot-certified-trainer/find-a-trainer/taryn-schamberger
SAVED https://academy.hubspot.com/hubspot-user-groups/find-a-hug/paris
SAVED https://academy.hubspot.com/hubspot-user-groups/find-a-hug/long-island
SAVED https://academy.hubspot.com/hubspot-certified-trainer/find-a-trainer/ricardo-molina
SAVED https://academy.hubspot.com/hubspot-user-groups/find-a-hug/greenville
SAVED https://academy.hubspot.com/hubspot-certified-trainer/find-a-trainer/tanita-vi-anh-do
SAVED https://academy.hubspot.com/hubspot-certified-trainer/find-a-trainer/sebastian-schafer
SAVED https://academy.hubspot.com/coursera/sales-training-management-high-performing-teams
SAVED https://academy.hubspot.com/education-partner-program/podcast/karen-freberg
SAVED https://academy.hubspot.com/es/webinars/custom-objects
SAVED https://academy.hubspot.com/education-partner-program/thank-you/entrepreneurship-syllabus-for-professors-typ
SAVED https://academy.hubspot.com/agency-unfiltered/managing-agency-team-capacity
SAVED https://academy.hubspot.com/hubspot-certified-trainer/find-a-trainer/steven-vanduyse
SAVED https://academy.hubspot.com/hubspot-certified-trainer/find-a-trainer/adam-aigbokhae
SAVED https://academy.hubspot.com/hubspot-certified-trainer/find-a-trainer/teun-geurts
SAVED https://academy.hubspot.com/hubspot-certified-trainer/find-a-trainer/tyler-kruzan
SAVED https://academy.hubspot.com/agency-unfiltered/consolidating-service-offerings
SAVED https://academy.hubspot.com/hubspot-user-groups/find-a-hug/louisville
SAVED https://academy.hubspot.com/hubspot-certified-trainer/find-a-trainer/lola-benakila
SAVED https://academy.hubspot.com/hubspot-certified-trainer/branding-guidelines
SAVED https://academy.hubspot.com/hubspot-certified-trainer/find-a-trainer/brian-barreto
SAVED https://academy.hubspot.com/hubspot-user-groups/find-a-hug/amsterdam
SAVED https://academy.hubspot.com/hubspot-certified-trainer/find-a-trainer/pete-nicholls
SAVED https://academy.hubspot.com/hubspot-certified-trainer/find-a-trainer/avi-afriat
SAVED https://academy.hubspot.com/agency-unfiltered/managing-client-websites
SAVED https://academy.hubspot.com/hubspot-certified-trainer/find-a-trainer/paul-mcdonald
SAVED https://academy.hubspot.com/hubspot-certified-trainer/find-a-trainer/jenny-patr%C3%B3n
SAVED https://academy.hubspot.com/es/webinars/contenido-inteligente
SAVED https://academy.hubspot.com/agency-unfiltered/remote-agency-teams
SAVED https://academy.hubspot.com/hubspot-certified-trainer/find-a-trainer/rune-aabo
SAVED https://academy.hubspot.com/hubspot-certified-trainer/find-a-trainer/trygve-olsen
SAVED https://academy.hubspot.com/agency-unfiltered/internal-agency-scorecards
SAVED https://academy.hubspot.com/pt/webinars/how-to-manage-deals
SAVED https://academy.hubspot.com/hubspot-user-groups/find-a-hug/quito
SAVED https://academy.hubspot.com/hubspot-user-groups/find-a-hug/manchester-nh
SAVED https://academy.hubspot.com/hubspot-certified-trainer/find-a-trainer/leila-koistinen
SAVED https://academy.hubspot.com/hubspot-certified-trainer/find-a-trainer/sara-balleroni
SAVED https://academy.hubspot.com/hubspot-certified-trainer/find-a-trainer/addison-franklin
SAVED https://academy.hubspot.com/hubspot-certified-trainer/find-a-trainer/juan-felipe-arias
SAVED https://academy.hubspot.com/hubspot-certified-trainer/find-a-trainer/elise-salazar
SAVED https://academy.hubspot.com/hubspot-user-groups/find-a-hug/philadelphia
SAVED https://academy.hubspot.com/hubspot-certified-trainer/find-a-trainer/chris-grant
SAVED https://academy.hubspot.com/courses
SAVED https://academy.hubspot.com/pt/webinars/customize-your-deal-pipelines-and-deal-stages
SAVED https://academy.hubspot.com/es/webinars/transformacion-digital
SAVED https://academy.hubspot.com/hubspot-certified-trainer/find-a-trainer/jon-smith
SAVED https://academy.hubspot.com/hubspot-user-groups/find-a-hug/rotterdam
SAVED https://academy.hubspot.com/hubspot-certified-trainer/find-a-trainer/hanne-cecilie-w%C3%A6rnhus
SAVED https://academy.hubspot.com/es/webinars/ecosistema-hubspot-con-integraciones
SAVED https://academy.hubspot.com/hubspot-certified-trainer/find-a-trainer/alex-bisaillon
SAVED https://academy.hubspot.com/hubspot-certified-trainer/find-a-trainer/chris-grimmett
SAVED https://academy.hubspot.com/hubspot-user-groups/find-a-hug/salt-lake-city
SAVED https://academy.hubspot.com/hubspot-certified-trainer/find-a-trainer/emma-rudeck
SAVED https://academy.hubspot.com/hubspot-certified-trainer/find-a-trainer/dennis-tuk
SAVED https://academy.hubspot.com/hubspot-certified-trainer/find-a-trainer/pratik-thakker
SAVED https://academy.hubspot.com/hubspot-user-groups/find-a-hug/barcelona
SAVED https://academy.hubspot.com/hubspot-certified-trainer/find-a-trainer/eddy-miola
SAVED https://academy.hubspot.com/hubspot-user-groups/find-a-hug/medellin
SAVED https://academy.hubspot.com/hubspot-certified-trainer/find-a-trainer/tony-paille
SAVED https://academy.hubspot.com/hubspot-certified-trainer/submit-your-directory-profile
SAVED https://academy.hubspot.com/pt/webinars/e-mail-marketing-performance
SAVED https://academy.hubspot.com/hubspot-certified-trainer/find-a-trainer/corey-christian
SAVED https://academy.hubspot.com/es/webinars/integraciones-workshop
SAVED https://academy.hubspot.com/es/webinars/instagram-marketing
SAVED https://academy.hubspot.com/es/webinars/anuncios-facebook
SAVED https://academy.hubspot.com/hubspot-certified-trainer/find-a-trainer/ranya-barakat
SAVED https://academy.hubspot.com/enroll-in-hubspot-academy
SAVED https://academy.hubspot.com/hubspot-certified-trainer/find-a-trainer/claudio-pereira
SAVED https://academy.hubspot.com/hubspot-user-groups/find-a-hug/twin-cities
SAVED https://academy.hubspot.com/hubspot-certified-trainer/find-a-trainer/ignazio-morici
SAVED https://academy.hubspot.com/hubspot-certified-trainer/find-a-trainer/phindulo-matshinyatsimbi
SAVED https://academy.hubspot.com/es/webinars/manejo-base-contactos
SAVED https://academy.hubspot.com/hubspot-certified-trainer/find-a-trainer/peter-evans
SAVED https://academy.hubspot.com/hubspot-certified-trainer/find-a-trainer/erica-duran
SAVED https://academy.hubspot.com/hubspot-certified-trainer/find-a-trainer/jared-moats
SAVED https://academy.hubspot.com/hubspot-certified-trainer/find-a-trainer/courtney-grogan
SAVED https://academy.hubspot.com/hubspot-certified-trainer/find-a-trainer/ofek-assael
SAVED https://academy.hubspot.com/hubspot-user-groups/find-a-hug/seattle
SAVED https://academy.hubspot.com/hubspot-certified-trainer/find-a-trainer/carlos-rico
SAVED https://academy.hubspot.com/education-partner-program/conversion-path-lesson-plan
SAVED https://academy.hubspot.com/hubspot-certified-trainer/find-a-trainer/simone-albanese
SAVED https://academy.hubspot.com/hubspot-certified-trainer/find-a-trainer/christopher-barnett
SAVED https://academy.hubspot.com/hubspot-user-groups/find-a-hug/merida
SAVED https://academy.hubspot.com/hubspot-certified-trainer/find-a-trainer/simone-mette-s%C3%B8rensen
SAVED https://academy.hubspot.com/hubspot-user-groups/find-a-hug/solent
SAVED https://academy.hubspot.com/pt/webinars/subscription-preferences-and-email-footer
SAVED https://academy.hubspot.com/hubspot-certified-trainer/find-a-trainer/jo%C3%A3o-paulo-velho-dias
SAVED https://academy.hubspot.com/hubspot-certified-trainer/find-a-trainer/klaas-klunder
SAVED https://academy.hubspot.com/hubspot-certified-trainer/find-a-trainer/hannah-porter
SAVED https://academy.hubspot.com/es/webinars/mundo-seo-parte-1
SAVED https://academy.hubspot.com/es/webinars/email-marketing
SAVED https://academy.hubspot.com/hubspot-certified-trainer/find-a-trainer/liz-obrien
SAVED https://academy.hubspot.com/hubspot-certified-trainer/find-a-trainer/dan-moyle
SAVED https://academy.hubspot.com/pt/webinars/lead-rotation
SAVED https://academy.hubspot.com/hubspot-certified-trainer/find-a-trainer/justin-fligg
SAVED https://academy.hubspot.com/agency-unfiltered/data-integrity
SAVED https://academy.hubspot.com/pt/webinars/live-chat
SAVED https://academy.hubspot.com/hubspot-certified-trainer/find-a-trainer/mink-marks
SAVED https://academy.hubspot.com/hubspot-certified-trainer/find-a-trainer/steve-hollis
SAVED https://academy.hubspot.com/education-partner-program/podcast/jim-pouliopoulos
SAVED https://academy.hubspot.com/education-partner-program/podcast/debra-zahay-blatz
SAVED https://academy.hubspot.com/hubspot-certified-trainer/find-a-trainer/pal-austnes-underhaug
SAVED https://academy.hubspot.com/hubspot-certified-trainer/find-a-trainer/hunter-burin
SAVED https://academy.hubspot.com/agency-unfiltered/agency-team-structure
SAVED https://academy.hubspot.com/agency-unfiltered/inbound-ad-strategy
SAVED https://academy.hubspot.com/education-partner-program/podcast/ashley-dewalt
SAVED https://academy.hubspot.com/hubspot-user-groups/find-a-hug/south-london
SAVED https://academy.hubspot.com/agency-unfiltered/recovering-agency-revenue
SAVED https://academy.hubspot.com/hubspot-certified-trainer/find-a-trainer/olivia-perek-clark
SAVED https://academy.hubspot.com/pt/webinars/manage-crm-data
SAVED https://academy.hubspot.com/hubspot-certified-trainer/find-a-trainer/shubh-suthar
SAVED https://academy.hubspot.com/hubspot-certified-trainer/find-a-trainer/gisele-lempert
SAVED https://academy.hubspot.com/education-partner-program/professors/randy-harrison
SAVED https://academy.hubspot.com/pt/webinars/personalized-hubspot-reports
SAVED https://academy.hubspot.com/hubspot-certified-trainer/find-a-trainer/megan-schneider
SAVED https://academy.hubspot.com/hubspot-certified-trainer/find-a-trainer/j%C3%A9r%C3%A9mie-dornbusch
SAVED https://academy.hubspot.com/hubspot-user-groups/find-a-hug/glasgow
SAVED https://academy.hubspot.com/hubspot-certified-trainer/find-a-trainer/chris-queen
SAVED https://academy.hubspot.com/hubspot-certified-trainer/find-a-trainer/nora-leary
SAVED https://academy.hubspot.com/education-partner-program/podcast/lin-humphrey
SAVED https://academy.hubspot.com/hubspot-user-groups/find-a-hug/madison
SAVED https://academy.hubspot.com/hubspot-certified-trainer/find-a-trainer/tracy-cohn
SAVED https://academy.hubspot.com/hubspot-certified-trainer/find-a-trainer/pietro-poli
SAVED https://academy.hubspot.com/hubspot-certified-trainer/find-a-trainer/trent-warren
SAVED https://academy.hubspot.com/education-partner-program/inbound-digital-marketing-syllabus-for-professors
SAVED https://academy.hubspot.com/hubspot-certified-trainer/find-a-trainer/cecilia-secco
SAVED https://academy.hubspot.com/hubspot-certified-trainer/find-a-trainer/cayetano-torres
SAVED https://academy.hubspot.com/hubspot-certified-trainer/find-a-trainer/angelica-flores
SAVED https://academy.hubspot.com/hubspot-certified-trainer/find-a-trainer/brian-whitney
SAVED https://academy.hubspot.com/hubspot-user-groups/find-a-hug/mexico-city
SAVED https://academy.hubspot.com/hubspot-certified-trainer/find-a-trainer/rita-benvenuta-futura-roselli
SAVED https://academy.hubspot.com/agency-unfiltered/critical-agency-scale-points
SAVED https://academy.hubspot.com/hubspot-certified-trainer/find-a-trainer/anrika-pienaar
SAVED https://academy.hubspot.com/pt/webinars
SAVED https://academy.hubspot.com/hubspot-certified-trainer/find-a-trainer/anna-chizhikova
SAVED https://academy.hubspot.com/es/webinars/video-marketing-y-hubspot-video
SAVED https://academy.hubspot.com/hubspot-certified-trainer/find-a-trainer/alan-oliva
SAVED https://academy.hubspot.com/hubspot-user-groups/find-a-hug/sacramento
SAVED https://academy.hubspot.com/hubspot-certified-trainer/find-a-trainer/kayla-defreitas
SAVED https://academy.hubspot.com/hubspot-certified-trainer/find-a-trainer/tom-kristian-blix-nilsen-hansen
SAVED https://academy.hubspot.com/education-partner-program/professors/jim-pouliopoulos
SAVED https://academy.hubspot.com/hubspot-certified-trainer/find-a-trainer/jillian-streit
SAVED https://academy.hubspot.com/agency-unfiltered/agency-specialization
SAVED https://academy.hubspot.com/education-partner-program/professors/ian-cross
SAVED https://academy.hubspot.com/hubspot-certified-trainer/find-a-trainer/tim-jones
SAVED https://academy.hubspot.com/es/webinars/customer-showcase-feb2020
SAVED https://academy.hubspot.com/hubspot-user-groups/find-a-hug/hamburg
SAVED https://academy.hubspot.com/hubspot-certified-trainer/find-a-trainer/kristen-dewys
SAVED https://academy.hubspot.com/es/webinars/hubspot-crm
SAVED https://academy.hubspot.com/hubspot-user-groups/find-a-hug/rochester
SAVED https://academy.hubspot.com/education-partner-program/podcast/elaine-young
SAVED https://academy.hubspot.com/pt/webinars/set-up-knowledge-base
SAVED https://academy.hubspot.com/hubspot-certified-trainer/find-a-trainer/kapil-arora
SAVED https://academy.hubspot.com/hubspot-certified-trainer/find-a-trainer/sandra-benrud
SAVED https://academy.hubspot.com/hubspot-user-groups/find-a-hug/central-tel-aviv
SAVED https://academy.hubspot.com/hubspot-user-groups/find-a-hug/concord
SAVED https://academy.hubspot.com/es/education-partner-program/community
SAVED https://academy.hubspot.com/hubspot-certified-trainer/find-a-trainer/francesco-collacciani
SAVED https://academy.hubspot.com/hubspot-certified-trainer/find-a-trainer/melanie-bouchard
SAVED https://academy.hubspot.com/pt/webinars/create-marketing-emails
SAVED https://academy.hubspot.com/hubspot-user-groups/find-a-hug/fort-meyers
SAVED https://academy.hubspot.com/hubspot-user-groups/find-a-hug/oklahoma-city
SAVED https://academy.hubspot.com/hubspot-certified-trainer/find-a-trainer/achan-bedi
SAVED https://academy.hubspot.com/hubspot-user-groups/find-a-hug/cologne
SAVED https://academy.hubspot.com/hubspot-user-groups/find-a-hug/leamington-spa
SAVED https://academy.hubspot.com/hubspot-user-groups/find-a-hug/washington
SAVED https://academy.hubspot.com/es/webinars/tacticas-marketing-hubspot
SAVED https://academy.hubspot.com/hubspot-user-groups/find-a-hug/bangkok
SAVED https://academy.hubspot.com/hubspot-certified-trainer/find-a-trainer/pasha-irshad
SAVED https://academy.hubspot.com/es/webinars/optimizacion-sitio-web
SAVED https://academy.hubspot.com/hubspot-certified-trainer/find-a-trainer/roberta-arias
SAVED https://academy.hubspot.com/hubspot-certified-trainer/find-a-trainer/joshua-forsthoefel
SAVED https://academy.hubspot.com/es/webinars/redes-sociales
SAVED https://academy.hubspot.com/hubspot-certified-trainer/find-a-trainer/joachim-koch
SAVED https://academy.hubspot.com/hubspot-user-groups/join-a-hug
SAVED https://academy.hubspot.com/es/webinars/rgpd
SAVED https://academy.hubspot.com/hubspot-user-groups/find-a-hug/stamford
SAVED https://academy.hubspot.com/hubspot-certified-trainer/find-a-trainer/natan-alves-de-oliveira
SAVED https://academy.hubspot.com/hubspot-certified-trainer/find-a-trainer/gem-rugg-gunn
SAVED https://academy.hubspot.com/hubspot-certified-trainer/find-a-trainer/brittany-bartlett
SAVED https://academy.hubspot.com/pt/webinars/recurring-emails-dashboards
SAVED https://academy.hubspot.com/hubspot-certified-trainer/find-a-trainer/lars-%C3%B8rh%C3%B8j-lauridsen
SAVED https://academy.hubspot.com/hubspot-certified-trainer/find-a-trainer/dustin-brackett
SAVED https://academy.hubspot.com/es/webinars/capacidad-entrega-desempeno-email
SAVED https://academy.hubspot.com/agency-unfiltered/agency-niche-and-workshops
SAVED https://academy.hubspot.com/hubspot-certified-trainer/find-a-trainer/connor-jeffers
SAVED https://academy.hubspot.com/agency-unfiltered/digital-transformations-through-technology
SAVED https://academy.hubspot.com/agency-unfiltered/education-as-a-service
SAVED https://academy.hubspot.com/hubspot-certified-trainer/find-a-trainer/juho-mattila
SAVED https://academy.hubspot.com/hubspot-certified-trainer/find-a-trainer/fred-lumiere
SAVED https://academy.hubspot.com/hubspot-certified-trainer/find-a-trainer/max-bevan
SAVED https://academy.hubspot.com/es/webinars/cms-hub-customer-showcase
SAVED https://academy.hubspot.com/hubspot-user-groups/find-a-hug/sao-paulo
SAVED https://academy.hubspot.com/education-partner-program/thank-you/social-media-syllabus-for-professors
SAVED https://academy.hubspot.com/education-partner-program/professors/jessica-rogers
SAVED https://academy.hubspot.com/hubspot-certified-trainer/find-a-trainer/claudia-yevenes
SAVED https://academy.hubspot.com/hubspot-certified-trainer/find-a-trainer/mads-munk-pedersen
SAVED https://academy.hubspot.com/hubspot-certified-trainer/find-a-trainer/nijat-abdulkarimli
SAVED https://academy.hubspot.com/hubspot-user-groups/find-a-hug/san-jose
SAVED https://academy.hubspot.com/hubspot-user-groups/find-a-hug/albuquerque
SAVED https://academy.hubspot.com/pt/webinars/how-tiers-work
SAVED https://academy.hubspot.com/es/webinars/fidelizacion-clientes
SAVED https://academy.hubspot.com/hubspot-certified-trainer/find-a-trainer/niveathitha-maran
SAVED https://academy.hubspot.com/hubspot-certified-trainer/find-a-trainer/kaitlyn-gendzier
SAVED https://academy.hubspot.com/hubspot-certified-trainer/find-a-trainer/hugh-hall
SAVED https://academy.hubspot.com/hubspot-user-groups/find-a-hug/appleton
SAVED https://academy.hubspot.com/education-partner-program/social-media-certification-confirmed
SAVED https://academy.hubspot.com/hubspot-certified-trainer/find-a-trainer/alexis-eaglin
SAVED https://academy.hubspot.com/education-partner-program/inbound-sales-syllabus-for-professors
SAVED https://academy.hubspot.com/hubspot-user-groups/find-a-hug/munich
SAVED https://academy.hubspot.com/hubspot-user-groups/resources/the-basics
SAVED https://academy.hubspot.com/hubspot-user-groups/find-a-hug/chicago
SAVED https://academy.hubspot.com/hubspot-certified-trainer/find-a-trainer/joseph-stephan
SAVED https://academy.hubspot.com/hubspot-certified-trainer/find-a-trainer/umakant-sharma
SAVED https://academy.hubspot.com/hubspot-certified-trainer/find-a-trainer/anneilen-ytterstad
SAVED https://academy.hubspot.com/hubspot-user-groups/find-a-hug/helsinki
SAVED https://academy.hubspot.com/es/webinars/programa-webinars-con-hubspot
SAVED https://academy.hubspot.com/hubspot-certified-trainer/find-a-trainer/nicole-mertes
SAVED https://academy.hubspot.com/hubspot-certified-trainer/find-a-trainer/dennis-meding
SAVED https://academy.hubspot.com/hubspot-user-groups/find-a-hug/kansas-city
SAVED https://academy.hubspot.com/hubspot-certified-trainer/find-a-trainer/matilda-zelander
SAVED https://academy.hubspot.com/hubspot-certified-trainer/find-a-trainer/giulia-scarsi
SAVED https://academy.hubspot.com/es/webinars/account-based-marketing
SAVED https://academy.hubspot.com/education-partner-program/social-media-marketing-syllabus-for-college-professors
SAVED https://academy.hubspot.com/hubspot-user-groups/find-a-hug/edmonton
SAVED https://academy.hubspot.com/hubspot-certified-trainer/find-a-trainer/adrian-alexandrescu
SAVED https://academy.hubspot.com/es/webinars/service-hub
SAVED https://academy.hubspot.com/hubspot-certified-trainer/find-a-trainer/francesco-pini
SAVED https://academy.hubspot.com/hubspot-user-groups/find-a-hug/boston
SAVED https://academy.hubspot.com/hubspot-certified-trainer/find-a-trainer/guilhem-bertholet
SAVED https://academy.hubspot.com/hubspot-certified-trainer/find-a-trainer/lidia-vanessa-jimenez-benitez
SAVED https://academy.hubspot.com/hubspot-certified-trainer/find-a-trainer/sjoerdvanheldenbrightdigital.com
SAVED https://academy.hubspot.com/hubspot-user-groups/find-a-hug/valdosta
SAVED https://academy.hubspot.com/es/courses
SAVED https://academy.hubspot.com/hubspot-certified-trainer/find-a-trainer/will-deperi
SAVED https://academy.hubspot.com/hubspot-certified-trainer/find-a-trainer/sara-bari
SAVED https://academy.hubspot.com/hubspot-certified-trainer/find-a-trainer/gregory-dirick
SAVED https://academy.hubspot.com/session-details
SAVED https://academy.hubspot.com/hubspot-user-groups/find-a-hug/distro-22
SAVED https://academy.hubspot.com/hubspot-user-groups/subscription-confirmation
SAVED https://academy.hubspot.com/pt/webinars/chat-bot
SAVED https://academy.hubspot.com/hubspot-certified-trainer/find-a-trainer/romy-fuchs
SAVED https://academy.hubspot.com/hubspot-user-groups/find-a-hug/cape-town
SAVED https://academy.hubspot.com/hubspot-certified-trainer/find-a-trainer/adam-toothaker
SAVED https://academy.hubspot.com/hubspot-certified-trainer/find-a-trainer/frank-mutel
SAVED https://academy.hubspot.com/hubspot-certified-trainer/find-a-trainer/islin-munisteri
SAVED https://academy.hubspot.com/hubspot-certified-trainer/find-a-trainer/%C3%A3ndrea-peck
SAVED https://academy.hubspot.com/hubspot-certified-trainer/find-a-trainer/ryu-hayafuji
SAVED https://academy.hubspot.com/hubspot-certified-trainer/find-a-trainer/emma-ablewhite
SAVED https://academy.hubspot.com/hubspot-user-groups/find-a-hug/boise
SAVED https://academy.hubspot.com/hubspot-certified-trainer/find-a-trainer/zenaida-cuxim
SAVED https://academy.hubspot.com/hubspot-certified-trainer/find-a-trainer/hannah-fisher
SAVED https://academy.hubspot.com/hubspot-certified-trainer/find-a-trainer/pamela-treglia
SAVED https://academy.hubspot.com/es/webinars/estrategia-anuncios-con-inbound
SAVED https://academy.hubspot.com/hubspot-certified-trainer/find-a-trainer/kayley-oconnor
SAVED https://academy.hubspot.com/agency-unfiltered/aligning-price-with-client-expectations
SAVED https://academy.hubspot.com/hubspot-certified-trainer/find-a-trainer/matthew-fall
SAVED https://academy.hubspot.com/hubspot-certified-trainer/find-a-trainer/zachary-janes
SAVED https://academy.hubspot.com/agency-unfiltered
SAVED https://academy.hubspot.com/certification-support
SAVED https://academy.hubspot.com/hubspot-certified-trainer/find-a-trainer/sara-west
SAVED https://academy.hubspot.com/hubspot-certified-trainer/find-a-trainer/lydie-deborne
SAVED https://academy.hubspot.com/es/webinars/estrategia-inbound-2018
SAVED https://academy.hubspot.com/hubspot-user-groups/find-a-hug/swindon
SAVED https://academy.hubspot.com/pt/webinars/how-can-i-create-a-custom-property
SAVED https://academy.hubspot.com/hubspot-certified-trainer/find-a-trainer/martin-broadhurst
SAVED https://academy.hubspot.com/agency-unfiltered/right-fit-agency-clients
SAVED https://academy.hubspot.com/open-access-student-planning-committee
SAVED https://academy.hubspot.com/hubspot-user-groups/find-a-hug/austin
SAVED https://academy.hubspot.com/hubspot-user-groups/find-a-hug/central-london
SAVED https://academy.hubspot.com/hubspot-certified-trainer/find-a-trainer/vicki-sonne
SAVED https://academy.hubspot.com/hubspot-certified-trainer/find-a-trainer/owen-scott
SAVED https://academy.hubspot.com/hubspot-certified-trainer/find-a-trainer/carmen-silva
SAVED https://academy.hubspot.com/hubspot-certified-trainer/find-a-trainer/idoia-doncelcervero
SAVED https://academy.hubspot.com/agency-unfiltered/eliminating-scope-creep
SAVED https://academy.hubspot.com/agency-unfiltered/remote-people-development
SAVED https://academy.hubspot.com/thank-you-for-submitting-your-example
SAVED https://academy.hubspot.com/hubspot-certified-trainer/find-a-trainer/wai-yan-yip
SAVED https://academy.hubspot.com/hubspot-user-groups/find-a-hug/madrid
SAVED https://academy.hubspot.com/hubspot-certified-trainer/find-a-trainer/susanne-lotz
SAVED https://academy.hubspot.com/hubspot-certified-trainer/find-a-trainer/kristina-stepina
SAVED https://academy.hubspot.com/hubspot-certified-trainer/find-a-trainer/alex-bril
SAVED https://academy.hubspot.com/hubspot-certified-trainer/find-a-trainer/levi-de-jong
SAVED https://academy.hubspot.com/hubspot-certified-trainer/find-a-trainer/clwyd-probert
SAVED https://academy.hubspot.com/hubspot-user-groups/find-a-hug/detroit
SAVED https://academy.hubspot.com/hubspot-certified-trainer/find-a-trainer/claudia-encinas
SAVED https://academy.hubspot.com/education-partner-program/professors/nate-riggs
SAVED https://academy.hubspot.com/hubspot-certified-trainer/find-a-trainer/silvana-macha
SAVED https://academy.hubspot.com/es/webinars/live-chat-marketing-2019
SAVED https://academy.hubspot.com/es/webinars/novedades-hubspot-inbound-2019
SAVED https://academy.hubspot.com/hubspot-certified-trainer/find-a-trainer/charles-elmer
SAVED https://academy.hubspot.com/pt/webinars/time-between-ticket-status
SAVED https://academy.hubspot.com/hubspot-user-groups/find-a-hug/bristol
SAVED https://academy.hubspot.com/hubspot-user-groups/find-a-hug/cincinnati
SAVED https://academy.hubspot.com/hubspot-user-groups/find-a-hug/denver
SAVED https://academy.hubspot.com/hubspot-certified-trainer/find-a-trainer/kei-tamura
SAVED https://academy.hubspot.com/hubspot-certified-trainer/find-a-trainer/teemu-lahti
SAVED https://academy.hubspot.com/hubspot-certified-trainer/find-a-trainer/carson-hansen
SAVED https://academy.hubspot.com/hubspot-certified-trainer/find-a-trainer/shannon-moultrie
SAVED https://academy.hubspot.com/hubspot-certified-trainer/find-a-trainer/ingunn-bjoru
SAVED https://academy.hubspot.com/hubspot-certified-trainer/find-a-trainer/josh-curcio
SAVED https://academy.hubspot.com/pt/webinars/feedback-surveys
SAVED https://academy.hubspot.com/certification-support-old
SAVED https://academy.hubspot.com/es/webinars/nutricion-workflows
SAVED https://academy.hubspot.com/education-partner-program/digital-advertising-syllabus-for-college-professors
SAVED https://academy.hubspot.com/hubspot-user-groups/find-a-hug/arlington
SAVED https://academy.hubspot.com/hubspot-user-groups/find-a-hug/houston
SAVED https://academy.hubspot.com/agency-unfiltered/employee-stock-ownership-plan
SAVED https://academy.hubspot.com/hubspot-certified-trainer/find-a-trainer/eirin-rosand
SAVED https://academy.hubspot.com/hubspot-certified-trainer/find-a-trainer/jeanie-barrett
SAVED https://academy.hubspot.com/hubspot-user-groups/find-a-hug/indianapolis
SAVED https://academy.hubspot.com/pt/webinars/automation-for-marketing
SAVED https://academy.hubspot.com/hubspot-user-groups/find-a-hug/nurnberg
SAVED https://academy.hubspot.com/hubspot-user-groups/find-a-hug/providence
SAVED https://academy.hubspot.com/agency-unfiltered/open-book-management
SAVED https://academy.hubspot.com/es/webinars/formularios-cta
SAVED https://academy.hubspot.com/hubspot-certified-trainer/find-a-trainer/pernille-brown
SAVED https://academy.hubspot.com/hubspot-user-groups/find-a-hug/los-angeles
SAVED https://academy.hubspot.com/education-partner-program/professors/eric-harvey
SAVED https://academy.hubspot.com/hubspot-certified-trainer/find-a-trainer/mariana-gonzalez
SAVED https://academy.hubspot.com/hubspot-certified-trainer/find-a-trainer/sean-katz
SAVED https://academy.hubspot.com/es/webinars/tour-oficinas-hubspot-hq
SAVED https://academy.hubspot.com/hubspot-certified-trainer/find-a-trainer/jenibeth-perez
SAVED https://academy.hubspot.com/hubspot-user-groups/find-a-hug/baton-rouge
SAVED https://academy.hubspot.com/hubspot-certified-trainer/find-a-trainer/paul-schmidt
SAVED https://academy.hubspot.com/hubspot-certified-trainer/find-a-trainer/jessica-palmeri
SAVED https://academy.hubspot.com/pt/webinars/how-to-connect-your-phone
SAVED https://academy.hubspot.com/hubspot-user-groups/find-a-hug/milwaukee
SAVED https://academy.hubspot.com/education-partner-program/professors/paula-morris
SAVED https://academy.hubspot.com/es/webinars/novedades-hubspot-inbound-2020
SAVED https://academy.hubspot.com/hubspot-certified-trainer/find-a-trainer/kristoffer-krukowski
SAVED https://academy.hubspot.com/hubspot-certified-trainer/find-a-trainer/sioban-schmeding
SAVED https://academy.hubspot.com/hubspot-certified-trainer/find-a-trainer/caroline-spacil
SAVED https://academy.hubspot.com/hubspot-certified-trainer/find-a-trainer/rocco-alifano
SAVED https://academy.hubspot.com/es/education-partner-program/marketing-software-for-higher-ed
SAVED https://academy.hubspot.com/hubspot-certified-trainer/find-a-trainer/tomas-kristiansen
SAVED https://academy.hubspot.com/education-partner-program/podcast/jessica-rogers
SAVED https://academy.hubspot.com/pt/webinars/ads-results
SAVED https://academy.hubspot.com/hubspot-certified-trainer/find-a-trainer/molly-osullivan
SAVED https://academy.hubspot.com/hubspot-certified-trainer/find-a-trainer/tanya-wigmore
SAVED https://academy.hubspot.com/es/webinars/proceso-conversion
SAVED https://academy.hubspot.com/hubspot-certified-trainer/find-a-trainer/chiara-lavalle
SAVED https://academy.hubspot.com/hubspot-certified-trainer/find-a-trainer/blaine-kinsey
SAVED https://academy.hubspot.com/hubspot-certified-trainer/find-a-trainer/alexander-costello
SAVED https://academy.hubspot.com/hubspot-certified-trainer/find-a-trainer/alex-mackrill
SAVED https://academy.hubspot.com/hubspot-certified-trainer/find-a-trainer/georgeb-thomas
SAVED https://academy.hubspot.com/hubspot-user-groups/find-a-hug/tampa
SAVED https://academy.hubspot.com/hubspot-certified-trainer/find-a-trainer/tami-kellen
SAVED https://academy.hubspot.com/hubspot-certified-trainer/find-a-trainer/tuulikki-haaranen
SAVED https://academy.hubspot.com/es/webinars/propiedades-de-calculo
SAVED https://academy.hubspot.com/hubspot-certified-trainer/find-a-trainer/marissa-litty
SAVED https://academy.hubspot.com/agency-unfiltered/conversational-engagement-agency
SAVED https://academy.hubspot.com/hubspot-certified-trainer/find-a-trainer/josh-wingate
SAVED https://academy.hubspot.com/hubspot-certified-trainer/find-a-trainer/zaynab-babacan
SAVED https://academy.hubspot.com/hubspot-user-groups/find-a-hug/ann-arbor
SAVED https://academy.hubspot.com/hubspot-user-groups/find-a-hug/johannesburg
SAVED https://academy.hubspot.com/hubspot-certified-trainer/find-a-trainer
SAVED https://academy.hubspot.com/hubspot-certified-trainer/find-a-trainer/trav-white
SAVED https://academy.hubspot.com/hubspot-certified-trainer/find-a-trainer/rob-taylor
SAVED https://academy.hubspot.com/education-partner-program/professors/karen-freberg
SAVED https://academy.hubspot.com/hubspot-certified-trainer/find-a-trainer/angela-karafiloski
SAVED https://academy.hubspot.com/education-partner-program/podcast
SAVED https://academy.hubspot.com/pt/webinars/how-to-register-leads
SAVED https://academy.hubspot.com/hubspot-certified-trainer/find-a-trainer/mariana-mehedyniuk
SAVED https://academy.hubspot.com/pt/webinars/import-data-2-objects-1-file
SAVED https://academy.hubspot.com/hubspot-user-groups/find-a-hug/nottingham
SAVED https://academy.hubspot.com/hubspot-certified-trainer/find-a-trainer/franco-bevilacqua
SAVED https://academy.hubspot.com/hubspot-user-groups/find-a-hug/toronto
SAVED https://academy.hubspot.com/agency-unfiltered/surviving-agency-embezzlement
SAVED https://academy.hubspot.com/hubspot-user-groups/find-a-hug/oxford
SAVED https://academy.hubspot.com/es/webinars/ciclo-inbound-flywheel
SAVED https://academy.hubspot.com/hubspot-certified-trainer/find-a-trainer/chelsea-cianciolo
SAVED https://academy.hubspot.com/hubspot-user-groups/find-a-hug/leeds
SAVED https://academy.hubspot.com/agency-unfiltered/eos-agency
SAVED https://academy.hubspot.com/hubspot-certified-trainer/find-a-trainer/josef-siewruk
SAVED https://academy.hubspot.com/hubspot-certified-trainer/find-a-trainer/martin-bayer
SAVED https://academy.hubspot.com/hubspot-certified-trainer/find-a-trainer/simon-kragballe-rasmussen
SAVED https://academy.hubspot.com/pt/webinars/set-up-score-properties-to-qualify-leads
SAVED https://academy.hubspot.com/hubspot-certified-trainer/find-a-trainer/penina-shtauber
SAVED https://academy.hubspot.com/hubspot-certified-trainer/find-a-trainer/oscar-quiroga
SAVED https://academy.hubspot.com/hubspot-certified-trainer/find-a-trainer/hannah-munoz
SAVED https://academy.hubspot.com/hubspot-certified-trainer/find-a-trainer/charles-hilbron
SAVED https://academy.hubspot.com/hubspot-user-groups/find-a-hug/knoxville
SAVED https://academy.hubspot.com/hubspot-user-groups/find-a-hug/annapolis
SAVED https://academy.hubspot.com/es/webinars/dia-rep-ventas-hubspot-crm-sales
SAVED https://academy.hubspot.com/es/webinars/integracion-whathub
SAVED https://academy.hubspot.com/agency-unfiltered/agency-acquisitions-team-integration
SAVED https://academy.hubspot.com/hubspot-certified-trainer/find-a-trainer/hannah-watson
SAVED https://academy.hubspot.com/hubspot-certified-trainer/find-a-trainer/steve-james
SAVED https://academy.hubspot.com/hubspot-user-groups/find-a-hug/eindhoven
SAVED https://academy.hubspot.com/hubspot-certified-trainer/application
SAVED https://academy.hubspot.com/hubspot-certified-trainer/find-a-trainer/jeremy-hong
SAVED https://academy.hubspot.com/es/webinars/manejo-etapas-ciclo-de-vida
SAVED https://academy.hubspot.com/hubspot-certified-trainer/find-a-trainer/sandy-moore
SAVED https://academy.hubspot.com/hubspot-user-groups/find-a-hug/liverpool
SAVED https://academy.hubspot.com/hubspot-certified-trainer/find-a-trainer/meg-robinson
SAVED https://academy.hubspot.com/hubspot-user-groups/find-a-hug/manchester-uk
SAVED https://academy.hubspot.com/agency-unfiltered/building-senior-leadership
SAVED https://academy.hubspot.com/hubspot-user-groups/find-a-hug/adelaide
SAVED https://academy.hubspot.com/hubspot-academy-creator-program
SAVED https://academy.hubspot.com/es/webinars/canales-conversaci%C3%B3n-y-herramienta-conversaciones
SAVED https://academy.hubspot.com/hubspot-certified-trainer/find-a-trainer/adam-foster
SAVED https://academy.hubspot.com/hubspot-certified-trainer/find-a-trainer/christopher-osantowski
SAVED https://academy.hubspot.com/hubspot-certified-trainer/find-a-trainer/abhishek-b-r
SAVED https://academy.hubspot.com/pt/webinars/create-landing-pages
SAVED https://academy.hubspot.com/pt/webinars/create-forms
SAVED https://academy.hubspot.com/hubspot-certified-trainer/find-a-trainer/jindrich-fixa
SAVED https://academy.hubspot.com/pt/webinars/sales-and-service-goals
SAVED https://academy.hubspot.com/hubspot-user-groups/find-a-hug/cambridge
SAVED https://academy.hubspot.com/es/webinars/paginas-pilares-topic-clusters
SAVED https://academy.hubspot.com/hubspot-user-groups/find-a-hug/chester
SAVED https://academy.hubspot.com/hubspot-certified-trainer/find-a-trainer/emma-washington
SAVED https://academy.hubspot.com/hubspot-certified-trainer/find-a-trainer/selina-grythe
SAVED https://academy.hubspot.com/hubspot-user-groups/find-a-hug/bogota
SAVED https://academy.hubspot.com/hubspot-user-groups/find-a-hug/atlanta
SAVED https://academy.hubspot.com/hubspot-certified-trainer/find-a-trainer/corentin-jacquemin
SAVED https://academy.hubspot.com/hubspot-user-groups/find-a-hug/brisbane
SAVED https://academy.hubspot.com/hubspot-certified-trainer/find-a-trainer/ellen-vanzutphen
SAVED https://academy.hubspot.com/education-partner-program/podcast/ian-cross
SAVED https://academy.hubspot.com/hubspot-certified-trainer/find-a-trainer/karl-floitgraf
SAVED https://academy.hubspot.com/practicum/hubspot-trainer-certification
SAVED https://academy.hubspot.com/hubspot-certified-trainer/find-a-trainer/mason-yarber
SAVED https://academy.hubspot.com/hubspot-certified-trainer/find-a-trainer/shiran-sugerman
SAVED https://academy.hubspot.com/pt/webinars/traffic-analytics
SAVED https://academy.hubspot.com/education-partner-program/professors/lin-humphrey
SAVED https://academy.hubspot.com/es/webinars/herramientas-ventas
SAVED https://academy.hubspot.com/agency-unfiltered/agency-merger-breakup
SAVED https://academy.hubspot.com/education-partner-program/thank-you/content-marketing-syllabus-for-professors
SAVED https://academy.hubspot.com/hubspot-user-groups/find-a-hug/omaha-lincoln
SAVED https://academy.hubspot.com/hubspot-certified-trainer/find-a-trainer/brooke-geis
SAVED https://academy.hubspot.com/hubspot-certified-trainer/find-a-trainer/jamie-clifton
SAVED https://academy.hubspot.com/hubspot-certified-trainer/find-a-trainer/martin-mensbo-christiansen
SAVED https://academy.hubspot.com/hubspot-certified-trainer/find-a-trainer/sophie-derks
SAVED https://academy.hubspot.com/hubspot-certified-trainer/find-a-trainer/james-weis
SAVED https://academy.hubspot.com/agency-unfiltered/hiring-and-retaining-talent
SAVED https://academy.hubspot.com/education-partner-program/professors/greg-accardo
SAVED https://academy.hubspot.com/hubspot-user-groups/find-a-hug/surrey
SAVED https://academy.hubspot.com/hubspot-certified-trainer/find-a-trainer/deepak-garg
SAVED https://academy.hubspot.com/hubspot-certified-trainer/find-a-trainer/catarina-duarte
SAVED https://academy.hubspot.com/hubspot-certified-trainer/find-a-trainer/aubreigh-blair
SAVED https://academy.hubspot.com/education-partner-program/professors/debra-zahay-blatz
SAVED https://academy.hubspot.com/hubspot-certified-trainer/find-a-trainer/joan-lavery
SAVED https://academy.hubspot.com/education-partner-program/inbound-agency-partner-signup
SAVED https://academy.hubspot.com/hubspot-certified-trainer/find-a-trainer/charlie-nadler
SAVED https://academy.hubspot.com/education-partner-program/how-to-teach-digital-marketing
SAVED https://academy.hubspot.com/hubspot-certified-trainer/find-a-trainer/mitch-holt
SAVED https://academy.hubspot.com/hubspot-user-groups/find-a-hug/new-haven
SAVED https://academy.hubspot.com/hubspot-certified-trainer/find-a-trainer/sam-easton
SAVED https://academy.hubspot.com/hubspot-certified-trainer/find-a-trainer/hannah-doulton
SAVED https://academy.hubspot.com/es/webinars/base-de-conocimiento
SAVED https://academy.hubspot.com/hubspot-certified-trainer/find-a-trainer/tschanen-brandyberry
SAVED https://academy.hubspot.com/hubspot-user-groups/find-a-hug/dublin
SAVED https://academy.hubspot.com/hubspot-certified-trainer/find-a-trainer/lucas-martin-paladino
SAVED https://academy.hubspot.com/pt/what-is-hubspot-academy
SAVED https://academy.hubspot.com/inbound-learning-broadcast-marketing-starter
SAVED https://academy.hubspot.com/hubspot-certified-trainer/find-a-trainer/shelby-stump
SAVED https://academy.hubspot.com/education-partner-program/request-access-to-hubspot-software
SAVED https://academy.hubspot.com/education-partner-program/podcast/randy-harrison
SAVED https://academy.hubspot.com/hubspot-certified-trainer/find-a-trainer/adam-stahl
SAVED https://academy.hubspot.com/pt/courses
SAVED https://academy.hubspot.com/agency-unfiltered/evolving-as-an-agency-leader
SAVED https://academy.hubspot.com/es/webinars/servicio-inbound-manejo-tickets
SAVED https://academy.hubspot.com/hubspot-user-groups/find-a-hug/dubai
SAVED https://academy.hubspot.com/agency-unfiltered/agency-video-strategy
SAVED https://academy.hubspot.com/hubspot-certified-trainer/program-policies
SAVED https://academy.hubspot.com/hubspot-certified-trainer/find-a-trainer/christine-williams
SAVED https://academy.hubspot.com/es/webinars/bots
SAVED https://academy.hubspot.com/pt/webinars/funnel-reports
SAVED https://academy.hubspot.com/hubspot-user-groups/find-a-hug/raleigh
SAVED https://academy.hubspot.com/education-partner-program/social-media-teaching-resources
SAVED https://academy.hubspot.com/hubspot-certified-trainer/find-a-trainer/puja-damani
SAVED https://academy.hubspot.com/hubspot-certified-trainer/find-a-trainer/matias-bonura
SAVED https://academy.hubspot.com/education-partner-program/buyer-persona-lesson-plan
SAVED https://academy.hubspot.com/hubspot-user-groups/find-a-hug/frankfurt
SAVED https://academy.hubspot.com/hubspot-certified-trainer/find-a-trainer/ema-odorovic
SAVED https://academy.hubspot.com/hubspot-certified-trainer/find-a-trainer/pawan-kumar
SAVED https://academy.hubspot.com/es/webinars/nuevos-productos-inbound-2017
SAVED https://academy.hubspot.com/hubspot-certified-trainer/find-a-trainer/tiaan-loots
SAVED https://academy.hubspot.com/hubspot-certified-trainer/find-a-trainer/alexandra-paquette
SAVED https://academy.hubspot.com/hubspot-certified-trainer/find-a-trainer/helene-zeylon
SAVED https://academy.hubspot.com/hubspot-certified-trainer/find-a-trainer/eric-morera
SAVED https://academy.hubspot.com/hubspot-user-groups/find-a-hug/lansing
SAVED https://academy.hubspot.com/hubspot-certified-trainer/find-a-trainer/samantha-meza
SAVED https://academy.hubspot.com/user-blog-guest-blogging-guidelines
SAVED https://academy.hubspot.com/hubspot-certified-trainer/find-a-trainer/samuel-stamour
SAVED https://academy.hubspot.com/hubspot-certified-trainer/find-a-trainer/elison-maclaud-barbeta-comstock
SAVED https://academy.hubspot.com/es/webinars/analiticas-trafico-campa%C3%B1as
SAVED https://academy.hubspot.com/hubspot-certified-trainer/find-a-trainer/gabriel-marguglio
SAVED https://academy.hubspot.com/pt/webinars/use-non-hubspot-forms
SAVED https://academy.hubspot.com/hubspot-user-groups/find-a-hug/copenhagen
SAVED https://academy.hubspot.com/hubspot-certified-trainer/find-a-trainer/bernard-ablola
SAVED https://academy.hubspot.com/hubspot-certified-trainer/find-a-trainer/marie-muir
SAVED https://academy.hubspot.com/pt/webinars/create-a-view
SAVED https://academy.hubspot.com/hubspot-certified-trainer/find-a-trainer/carlos-campos
SAVED https://academy.hubspot.com/hubspot-certified-trainer/find-a-trainer/mila-van-nieuwenhuijzen
SAVED https://academy.hubspot.com/hubspot-certified-trainer/find-a-trainer/austin-stillwell
SAVED https://academy.hubspot.com/hubspot-user-groups/find-a-hug/valencia
SAVED https://academy.hubspot.com/hubspot-user-groups/find-a-hug/orange-county
SAVED https://academy.hubspot.com/pt/webinars/manage-your-dashboards
SAVED https://academy.hubspot.com/hubspot-user-groups/find-a-hug/auckland
SAVED https://academy.hubspot.com/hubspot-certified-trainer/find-a-trainer/jimmy-izquierdo
SAVED https://academy.hubspot.com/agency-unfiltered/improving-agency-profitability
SAVED https://academy.hubspot.com/agency-unfiltered/sales-first-services
SAVED https://academy.hubspot.com/education-partner-program/community
SAVED https://academy.hubspot.com/hubspot-certified-trainer/find-a-trainer/kathryn-monkcom
SAVED https://academy.hubspot.com/hubspot-certified-trainer/find-a-trainer/shlomi-gani
SAVED https://academy.hubspot.com/education-partner-program/teaching-with-inbound-methodology
SAVED https://academy.hubspot.com/hubspot-certified-trainer/find-a-trainer/shannon-brady
SAVED https://academy.hubspot.com/hubspot-user-groups/find-a-hug/charlotte
SAVED https://academy.hubspot.com/pt/webinars/logo-and-favicon
SAVED https://academy.hubspot.com/agency-unfiltered/scaling-content-marketing-2021
SAVED https://academy.hubspot.com/hubspot-certified-trainer/find-a-trainer/francesco-amato
SAVED https://academy.hubspot.com/hubspot-certified-trainer/find-a-trainer/chloe-papke
SAVED https://academy.hubspot.com/hubspot-certified-trainer/find-a-trainer/iker-audicana
SAVED https://academy.hubspot.com/hubspot-user-groups/find-a-hug/chicago-northside
SAVED https://academy.hubspot.com/hubspot-certified-trainer/find-a-trainer/morten-staal
SAVED https://academy.hubspot.com/es/webinars/inbound-ecommerce
SAVED https://academy.hubspot.com/es/webinars/segmentacion-listas
SAVED https://academy.hubspot.com/hubspot-certified-trainer/find-a-trainer/fatima-unrein
SAVED https://academy.hubspot.com/education-partner-program/thank-you/conversion-path-lesson-plan
SAVED https://academy.hubspot.com/hubspot-certified-trainer/find-a-trainer/bart-kowalczyk
SAVED https://academy.hubspot.com/agency-unfiltered/agency-process-development
SAVED https://academy.hubspot.com/pt/webinars/import-data-2-objects-2-files
SAVED https://academy.hubspot.com/hubspot-certified-trainer/find-a-trainer/daniel-juul
SAVED https://academy.hubspot.com/hubspot-certified-trainer/find-a-trainer/rachel-kern
SAVED https://academy.hubspot.com/es/webinars/inbound-links-seo
SAVED https://academy.hubspot.com/hubspot-certified-trainer/find-a-trainer/duncan-fenn
SAVED https://academy.hubspot.com/hubspot-certified-trainer/find-a-trainer/sean-mcgauley
SAVED https://academy.hubspot.com/hubspot-certified-trainer/find-a-trainer/kelsey-simmons
SAVED https://academy.hubspot.com/hubspot-certified-trainer/find-a-trainer/glenn-miller
SAVED https://academy.hubspot.com/hubspot-certified-trainer/find-a-trainer/silvia-l%C3%B3pez
SAVED https://academy.hubspot.com/hubspot-certified-trainer/find-a-trainer/zach-bischmann
SAVED https://academy.hubspot.com/pt/webinars/ama-douglas-head-of-sales-mkt4sales
SAVED https://academy.hubspot.com/hubspot-certified-trainer/find-a-trainer/noel-delisle
SAVED https://academy.hubspot.com/hubspot-certified-trainer/find-a-trainer/komal-thakur
SAVED https://academy.hubspot.com/es/webinars/ecommerce-hubspot
SAVED https://academy.hubspot.com/hubspot-certified-trainer/find-a-trainer/samara-oliveira
SAVED https://academy.hubspot.com/hubspot-certified-trainer/find-a-trainer/nils-hiltenkamp
SAVED https://academy.hubspot.com/hubspot-certified-trainer/find-a-trainer/ray-mason
SAVED https://academy.hubspot.com/hubspot-certified-trainer/find-a-trainer/lauren-kennedy
SAVED https://academy.hubspot.com/hubspot-certified-trainer/find-a-trainer/kevin-brady
SAVED https://academy.hubspot.com/hubspot-certified-trainer/find-a-trainer/joshua-andrada
SAVED https://academy.hubspot.com/hubspot-certified-trainer/find-a-trainer/michelle-hern%C3%A1ndez
SAVED https://academy.hubspot.com/hubspot-certified-trainer/find-a-trainer/jared-wiltshire
SAVED https://academy.hubspot.com/agency-unfiltered/gdd-agency
SAVED https://academy.hubspot.com/es/webinars/mundo-seo-parte-2
SAVED https://academy.hubspot.com/hubspot-user-groups/find-a-hug/richmond
SAVED https://academy.hubspot.com/es/webinars
SAVED https://academy.hubspot.com/hubspot-certified-trainer/find-a-trainer/romeo-mann
SAVED https://academy.hubspot.com/hubspot-certified-trainer/find-a-trainer/lautaro-del-plato
SAVED https://academy.hubspot.com/hubspot-user-groups/find-a-hug/berlin
SAVED https://academy.hubspot.com/hubspot-user-groups/find-a-hug/bangalore
SAVED https://academy.hubspot.com/es/webinars/sales-starter-vs-pro-automatizacion
SAVED https://academy.hubspot.com/hubspot-certified-trainer/find-a-trainer/melvin-le-breton
SAVED https://academy.hubspot.com/hubspot-user-groups/find-a-hug/st-louis
SAVED https://academy.hubspot.com/hubspot-user-groups/find-a-hug/columbus
SAVED https://academy.hubspot.com/education-partner-program/entrepreneurship-syllabus-for-college-professors
SAVED https://academy.hubspot.com/hubspot-certified-trainer/find-a-trainer/estee-hall
SAVED https://academy.hubspot.com/hubspot-certified-trainer/find-a-trainer/melanie-taljaard
SAVED https://academy.hubspot.com/hubspot-user-groups/find-a-hug/stockholm
SAVED https://academy.hubspot.com/hubspot-user-groups/find-a-hug/orlando
SAVED https://academy.hubspot.com/pt/webinars/accounting-and-billing
SAVED https://academy.hubspot.com/es/webinars/herramientas-mensajes-workflows-bots
SAVED https://academy.hubspot.com/hubspot-certified-trainer/find-a-trainer/sean-smith
SAVED https://academy.hubspot.com/hubspot-certified-trainer/find-a-trainer/riccardo-soffiato
SAVED https://academy.hubspot.com/hubspot-user-groups/find-a-hug/aarhus
SAVED https://academy.hubspot.com/hubspot-certified-trainer/find-a-trainer/jeralin-hamann
SAVED https://academy.hubspot.com/hubspot-certified-trainer/find-a-trainer/kady-white
SAVED https://academy.hubspot.com/education-partner-program/content-marketing-syllabus-for-college-professors-0
SAVED https://academy.hubspot.com/hubspot-certified-trainer/find-a-trainer/andrea-roman
SAVED https://academy.hubspot.com/hubspot-user-groups/find-a-hug/vancouver
SAVED https://academy.hubspot.com/hubspot-certified-trainer/find-a-trainer/jonathan-riis-gilmartin
SAVED https://academy.hubspot.com/hubspot-certified-trainer/find-a-trainer/katie-townsend
SAVED https://academy.hubspot.com/hubspot-certified-trainer/find-a-trainer/lisa-freitas
SAVED https://academy.hubspot.com/hubspot-user-groups/find-a-hug/lisbon
SAVED https://academy.hubspot.com/es/webinars/content-strategy-seo
SAVED https://academy.hubspot.com/education-partner-program/professors/elaine-young
SAVED https://academy.hubspot.com/education-partner-program/professors/ashley-dewalt
SAVED https://academy.hubspot.com/agency-unfiltered/how-to-rebrand-an-agency
SAVED https://academy.hubspot.com/hubspot-user-groups/find-a-hug/zurich
SAVED https://academy.hubspot.com/pt/webinars/connect-a-domain-to-hubspot
SAVED https://academy.hubspot.com/hubspot-certified-trainer/find-a-trainer/maria-sgro
SAVED https://academy.hubspot.com/pt/webinars/how-commission-works
SAVED https://academy.hubspot.com/es/webinars/sales-service-enterprise-hubs
SAVED https://academy.hubspot.com/hubspot-user-groups/resources-2018
SAVED https://academy.hubspot.com/agency-unfiltered/thought-leadership-content
SAVED https://academy.hubspot.com/es/webinars/estrategia-feedback-clientes
SAVED https://academy.hubspot.com/hubspot-certified-trainer/find-a-trainer/bethany-lewty
SAVED https://academy.hubspot.com/pt/webinars/how-to-use-meetings
SAVED https://academy.hubspot.com/hubspot-certified-trainer/find-a-trainer/ron-sta-ana
SAVED https://academy.hubspot.com/pt/webinars/create-new-blog
SAVED https://academy.hubspot.com/agency-unfiltered/property-management-operating-system
SAVED https://academy.hubspot.com/es/webinars/lead-scoring
SAVED https://academy.hubspot.com/education-partner-program/thank-you/inbound-marketing-book-request
SAVED https://academy.hubspot.com/hubspot-user-groups/find-a-hug/panama-city
SAVED https://academy.hubspot.com/es/webinars/fundamentos-hubspot-crm
SAVED https://academy.hubspot.com/hubspot-certified-trainer/find-a-trainer/thomas-krypas
SAVED https://academy.hubspot.com/hubspot-certified-trainer/find-a-trainer/jos%C3%A9-alberto-cabal-urquiza
SAVED https://academy.hubspot.com/hubspot-user-groups/find-a-hug/savannah
SAVED https://academy.hubspot.com/hubspot-certified-trainer/find-a-trainer/resa-gooding
SAVED https://academy.hubspot.com/hubspot-certified-trainer/find-a-trainer/maria-christoforidou
SAVED https://academy.hubspot.com/hubspot-certified-trainer/find-a-trainer/kierstin-payne
SAVED https://academy.hubspot.com/hubspot-user-groups/find-a-hug/hartford
SAVED https://academy.hubspot.com/hubspot-user-groups/find-a-hug/melbourne
SAVED https://academy.hubspot.com/hubspot-certified-trainer/find-a-trainer/alex-meade
SAVED https://academy.hubspot.com/pt/webinars/use-a-report-from-the-report-library
SAVED https://academy.hubspot.com/es/webinars/lead-scoring-entrevista
SAVED https://academy.hubspot.com/hubspot-certified-trainer/find-a-trainer/tom-felgar
SAVED https://academy.hubspot.com/hubspot-certified-trainer/find-a-trainer/paul-edwards
SAVED https://academy.hubspot.com/pt/webinars/get-started-with-account-based-marketing-in-hubspot
SAVED https://academy.hubspot.com/hubspot-certified-trainer/find-a-trainer/boris-alberto
SAVED https://academy.hubspot.com/hubspot-certified-trainer/find-a-trainer/mark-siracusa
SAVED https://academy.hubspot.com/hubspot-certified-trainer/find-a-trainer/nicolas-thiebeau
SAVED https://academy.hubspot.com/hubspot-certified-trainer/find-a-trainer/diego-loayza
SAVED https://academy.hubspot.com/inbound-learning-broadcast-service-hub
SAVED https://academy.hubspot.com/es/webinars/inbound-sales
SAVED https://academy.hubspot.com/hubspot-user-groups/find-a-hug/guatemala
SAVED https://academy.hubspot.com/hubspot-certified-trainer/find-a-trainer/juan-pablo-sanchez
SAVED https://academy.hubspot.com/agency-unfiltered/renewing-vows-with-hubspot
SAVED https://academy.hubspot.com/hubspot-certified-trainer/find-a-trainer/ryan-ruud
SAVED https://academy.hubspot.com/hubspot-certified-trainer/find-a-trainer/agustin-franco
SAVED https://academy.hubspot.com/hubspot-certified-trainer/find-a-trainer/roxanna-karlsen
SAVED https://academy.hubspot.com/agency-unfiltered/managing-sophisticated-clients
SAVED https://academy.hubspot.com/pt/webinars/properties-per-stage
SAVED https://academy.hubspot.com/hubspot-certified-trainer/find-a-trainer/jesse-spencer-davenport
SAVED https://academy.hubspot.com/hubspot-certified-trainer/find-a-trainer/caio-gusmao
SAVED https://academy.hubspot.com/hubspot-certified-trainer
SAVED https://academy.hubspot.com/hubspot-certified-trainer/find-a-trainer/besime-basha
SAVED https://academy.hubspot.com/hubspot-certified-trainer/find-a-trainer/francisco-carossino-peirano
SAVED https://academy.hubspot.com/hubspot-certified-trainer/find-a-trainer/eli-zheleva
SAVED https://academy.hubspot.com/hubspot-certified-trainer/find-a-trainer/brian-kreutz
SAVED https://academy.hubspot.com/hubspot-certified-trainer/find-a-trainer/alyssa-milligan
SAVED https://academy.hubspot.com/hubspot-certified-trainer/find-a-trainer/christian-cornelius-nielsen
SAVED https://academy.hubspot.com/hubspot-certified-trainer/find-a-trainer/laura-resnati
SAVED https://academy.hubspot.com/pt/webinars/ama-rodrigo-hubspot-marketing-manager
SAVED https://academy.hubspot.com/hubspot-certified-trainer/find-a-trainer/ahmed-mourady
SAVED https://academy.hubspot.com/hubspot-certified-trainer/find-a-trainer/caroline-bersot
SAVED https://academy.hubspot.com/hubspot-user-groups/find-a-hug/oslo
SAVED https://academy.hubspot.com/hubspot-user-groups/find-a-hug/cleveland
SAVED https://academy.hubspot.com/hubspot-user-groups/find-a-hug/phoenix
SAVED https://academy.hubspot.com/education-partner-program/professors/ai-zhang
SAVED https://academy.hubspot.com/hubspot-certified-trainer/find-a-trainer/amir-moslemi
SAVED https://academy.hubspot.com/hubspot-user-groups/find-a-hug/piedmont-triad
SAVED https://academy.hubspot.com/es/webinars/blog
SAVED https://academy.hubspot.com/hubspot-certified-trainer/find-a-trainer/liam-jennings
SAVED https://academy.hubspot.com/hubspot-certified-trainer/find-a-trainer/leanne-sasker
SAVED https://academy.hubspot.com/hubspot-certified-trainer/find-a-trainer/lucila-abal
SAVED https://academy.hubspot.com/es/webinars/flujos-oportunidades-venta
SAVED https://academy.hubspot.com/hubspot-certified-trainer/find-a-trainer/philipp-schirmer
SAVED https://academy.hubspot.com/hubspot-certified-trainer/find-a-trainer/jeremy-lewis
SAVED https://academy.hubspot.com/hubspot-user-groups/find-a-hug
SAVED https://academy.hubspot.com/hubspot-certified-trainer/find-a-trainer/hanta-seewald
SAVED https://academy.hubspot.com/hubspot-certified-trainer/find-a-trainer/manfredi-piro
SAVED https://academy.hubspot.com/pt/certification-support
SAVED https://academy.hubspot.com/hubspot-certified-trainer/find-a-trainer/annie-swann
SAVED https://academy.hubspot.com/hubspot-user-groups/find-a-hug/san-jose-cr
SAVED https://academy.hubspot.com/hubspot-user-groups/find-a-hug/gurgaon
SAVED https://academy.hubspot.com/hubspot-certified-trainer/find-a-trainer/romi-dexter
SAVED https://academy.hubspot.com/hubspot-certified-trainer/find-a-trainer/omi-diaz-cooper
SAVED https://academy.hubspot.com/hubspot-certified-trainer/find-a-trainer/william-redick
SAVED https://academy.hubspot.com/hubspot-user-groups/find-a-hug/dallas-fort-worth
SAVED https://academy.hubspot.com/pt/webinars/attribution-reporting
SAVED https://academy.hubspot.com/agency-unfiltered/transition-from-pr-to-digital
SAVED https://academy.hubspot.com/hubspot-certified-trainer/find-a-trainer/mich%C3%A8le-fischer
SAVED https://academy.hubspot.com/es/webinars/manejo-usuarios-permisos
SAVED https://academy.hubspot.com/hubspot-certified-trainer/find-a-trainer/emory-paine
SAVED https://academy.hubspot.com/hubspot-certified-trainer/find-a-trainer/lucy-hardy
SAVED https://academy.hubspot.com/es/webinars/novedades-hubspot-inbound-2018
SAVED https://academy.hubspot.com/hubspot-user-groups/find-a-hug/ulaanbaatar
SAVED https://academy.hubspot.com/hubspot-certified-trainer/find-a-trainer/selim-maalouf
SAVED https://academy.hubspot.com/hubspot-user-groups/find-a-hug/pasadena
SAVED https://academy.hubspot.com/hubspot-certified-trainer/find-a-trainer/lital-barkan
SAVED https://academy.hubspot.com/hubspot-certified-trainer/find-a-trainer/beth-carter
SAVED https://academy.hubspot.com/es/webinars/trabajo-remoto
SAVED https://academy.hubspot.com/hubspot-certified-trainer/find-a-trainer/javier-garcia
SAVED https://academy.hubspot.com/hubspot-certified-trainer/find-a-trainer/marcus-ho
SAVED https://academy.hubspot.com/hubspot-certified-trainer/find-a-trainer/krishnaprasad-k
SAVED https://academy.hubspot.com/hubspot-certified-trainer/find-a-trainer/evens-sheehy
SAVED https://academy.hubspot.com/pt/webinars/connect-shared-inbox
SAVED https://academy.hubspot.com/es/webinars/aplicaciones-avanzadas-automatizacion
SAVED https://academy.hubspot.com/hubspot-certified-trainer/find-a-trainer/ellie-pavlichek
SAVED https://academy.hubspot.com/hubspot-user-groups/find-a-hug/salt-lake-city-ut
SAVED https://academy.hubspot.com/es/webinars/buyer-personas-buyers-journeys
SAVED https://academy.hubspot.com/hubspot-certified-trainer/find-a-trainer/bella-cowdin
SAVED https://academy.hubspot.com/hubspot-certified-trainer/find-a-trainer/will-smith
SAVED https://academy.hubspot.com/education-partner-program/podcast/eric-harvey
SAVED https://academy.hubspot.com/hubspot-certified-trainer/find-a-trainer/mali-brown
SAVED https://academy.hubspot.com/pt/webinars/create-and-edit-users-and-permissions
SAVED https://academy.hubspot.com/hubspot-certified-trainer/find-a-trainer/jack-williams
SAVED https://academy.hubspot.com/es/webinars/cms-hub
SAVED https://academy.hubspot.com/hubspot-certified-trainer/find-a-trainer/matt-nagel
SAVED https://academy.hubspot.com/hubspot-certified-trainer/find-a-trainer/shana-steigerwalt
SAVED https://academy.hubspot.com/hubspot-user-groups/find-a-hug/portland
SAVED https://academy.hubspot.com/es/webinars/estrategia-contenido-workshop
SAVED https://academy.hubspot.com/hubspot-certified-trainer/find-a-trainer/jesus-oyon
SAVED https://academy.hubspot.com/education-partner-program/thank-you/inbound-marketing-syllabus-for-professors
SAVED https://academy.hubspot.com/education-partner-program
SAVED https://academy.hubspot.com/hubspot-certified-trainer/find-a-trainer/ainhoa-rodriguez
SAVED https://academy.hubspot.com/pt/webinars/connect-social-accounts
SAVED https://academy.hubspot.com/es/webinars/mapa-contenido-calendario-editorial
SAVED https://academy.hubspot.com/hubspot-user-groups/find-a-hug/christchurch
SAVED https://academy.hubspot.com/hubspot-certified-trainer/find-a-trainer/levi-meulensteen
SAVED https://academy.hubspot.com/hubspot-certified-trainer/find-a-trainer/camilla-amelie-gundersen
SAVED https://academy.hubspot.com/hubspot-certified-trainer/find-a-trainer/kristeen-romero
SAVED https://academy.hubspot.com/hubspot-certified-trainer/find-a-trainer/shadab-khan
SAVED https://academy.hubspot.com/hubspot-certified-trainer/find-a-trainer/simone-fiocchi
SAVED https://academy.hubspot.com/education-partner-program/inbound-content-marketing-syllabus-for-professors-
SAVED https://academy.hubspot.com/hubspot-certified-trainer/find-a-trainer/courtney-compton
SAVED https://academy.hubspot.com/hubspot-certified-trainer/find-a-trainer/lindsey-bowshier
SAVED https://academy.hubspot.com/hubspot-user-groups/find-a-hug/buenos-aires
SAVED https://academy.hubspot.com/es/webinars/integracion-google-search-console
SAVED https://academy.hubspot.com/es/education-partner-program
SAVED https://academy.hubspot.com/hubspot-certified-trainer/find-a-trainer/joseph-bachir
SAVED https://academy.hubspot.com/projects
SAVED https://academy.hubspot.com/pt/webinars/product-library
SAVED https://academy.hubspot.com/hubspot-certified-trainer/find-a-trainer/philippe-bernier
SAVED https://academy.hubspot.com/hubspot-certified-trainer/find-a-trainer/daniel-gonz%C3%A1lez
SAVED https://academy.hubspot.com/hubspot-user-groups/find-a-hug/jacksonville
SAVED https://academy.hubspot.com/es/webinars/marketing-enterprise-nuevas-funcionalidades
SAVED https://academy.hubspot.com/hubspot-certified-trainer/find-a-trainer/ruben-ten-brinke
SAVED https://academy.hubspot.com/pt/webinars/how-build-an-email-template
SAVED https://academy.hubspot.com/es/webinars/nuevo-marketing-hub-enterprise
SAVED https://academy.hubspot.com/education-partner-program/how-to-teach-social-media
SAVED https://academy.hubspot.com/hubspot-certified-trainer/find-a-trainer/camilo-diaz
SAVED https://academy.hubspot.com/hubspot-certified-trainer/alert-us-of-your-hct-training
SAVED https://academy.hubspot.com/hubspot-certified-trainer/find-a-trainer/anna-drogon
SAVED https://academy.hubspot.com/hubspot-certified-trainer/find-a-trainer/christa-bender
SAVED https://academy.hubspot.com/education-partner-program/thank-you/digital-advertising-syllabus-for-professors-0
SAVED https://academy.hubspot.com/hubspot-certified-trainer/find-a-trainer/elyse-flynn-meyer
SAVED https://academy.hubspot.com/hubspot-certified-trainer/find-a-trainer/matthew-woo
SAVED https://academy.hubspot.com/hubspot-certified-trainer/find-a-trainer/tony-dowling
SAVED https://academy.hubspot.com/es/certification-support
SAVED https://academy.hubspot.com/hubspot-certified-trainer/find-a-trainer/preet-karan-bhatia
SAVED https://academy.hubspot.com/hubspot-certified-trainer/find-a-trainer/alex-elborn
SAVED https://academy.hubspot.com/hubspot-certified-trainer/find-a-trainer/daniel-janis
SAVED https://academy.hubspot.com/hubspot-certified-trainer/find-a-trainer/jason-gless
SAVED https://academy.hubspot.com/es/webinars/cambios-dise%C3%B1o
SAVED https://academy.hubspot.com/es/webinars/migracion-a-hubspot-crm
SAVED https://academy.hubspot.com/hubspot-certified-trainer/find-a-trainer/federica-galli
SAVED https://academy.hubspot.com/es/webinars/beneficios-hubspot-cms
SAVED https://academy.hubspot.com/es/webinars/email-marketing-capacidad-entrega-reputacion
SAVED https://academy.hubspot.com/hubspot-user-groups/find-a-hug/lower-hudson-valley
SAVED https://academy.hubspot.com/es/webinars/alcance-ventas-workshop
SAVED https://academy.hubspot.com/pt/webinars/lifecycle-stages
SAVED https://academy.hubspot.com/hubspot-user-groups/find-a-hug/santiago
SAVED https://academy.hubspot.com/education-partner-program/podcast/nate-riggs
SAVED https://academy.hubspot.com/es/webinars/programa-estrategia-de-customer-success
SAVED https://academy.hubspot.com/hubspot-certified-trainer/find-a-trainer/olivia-brooks
SAVED https://academy.hubspot.com/agency-unfiltered/agency-mergers-and-acquisitions
SAVED https://academy.hubspot.com/what-is-hubspot-academy
SAVED https://academy.hubspot.com/hubspot-user-groups/find-a-hug/vienna
SAVED https://academy.hubspot.com/agency-unfiltered/defining-agency-onboarding-process
SAVED https://academy.hubspot.com/es/webinars/gestion-datos-informes
SAVED https://academy.hubspot.com/hubspot-certified-trainer/find-a-trainer/ana-riquelme
SAVED https://academy.hubspot.com/hubspot-certified-trainer/find-a-trainer/tasha-dal-bianco
SAVED https://academy.hubspot.com/hubspot-certified-trainer/find-a-trainer/clarinda-cheon
SAVED https://academy.hubspot.com/hubspot-certified-trainer/find-a-trainer/katharina-buiten
SAVED https://academy.hubspot.com/hubspot-certified-trainer/find-a-trainer/debbie-olusola-akintonde
SAVED https://academy.hubspot.com/agency-unfiltered/common-agency-pitfalls
SAVED https://academy.hubspot.com/es/webinars/metricas-marketing-ventas-hubspot
SAVED https://academy.hubspot.com/hubspot-certified-trainer/find-a-trainer/matthew-wood
SAVED https://academy.hubspot.com/hubspot-certified-trainer/find-a-trainer/federico-padreda
SAVED https://academy.hubspot.com/es/webinars/ab-testing
SAVED https://academy.hubspot.com/hubspot-user-groups/find-a-hug/torino
