SAVED https://www.grahammann.net/old-home
SAVED https://www.grahammann.net/blog
SAVED https://www.grahammann.net/book-notes
SAVED https://www.grahammann.net/all-of-the-book-notes
SAVED https://www.grahammann.net/shorts
SAVED https://www.grahammann.net
SAVED https://www.grahammann.net/products
SAVED https://www.grahammann.net/tools
SAVED https://www.grahammann.net/creator-os
SAVED https://www.grahammann.net/blog/10-things-i-do-to-sleep-better
SAVED https://www.grahammann.net/blog/10-things-ive-learned-about-remote-work
SAVED https://www.grahammann.net/blog/20-rules-to-make-travel-better-for-you-and-others
SAVED https://www.grahammann.net/blog/2020-annual-review
SAVED https://www.grahammann.net/blog/24-things-i-do-to-maximize-my-productivity
SAVED https://www.grahammann.net/blog/29-lessons-from-year-29
SAVED https://www.grahammann.net/blog/36-hours-in-chicago
SAVED https://www.grahammann.net/blog/8-lessons-from-year-28
SAVED https://www.grahammann.net/blog/advice-for-finding-a-cofounder
SAVED https://www.grahammann.net/blog/advice-for-those-graduating-college
SAVED https://www.grahammann.net/blog/awair-2nd-edition-review
SAVED https://www.grahammann.net/blog/behind-the-scenes-nyc-interview
SAVED https://www.grahammann.net/blog/camping-in-scotland
SAVED https://www.grahammann.net/blog/cognitive-bias
SAVED https://www.grahammann.net/blog/coronavirus
SAVED https://www.grahammann.net/blog/extreme-ownership-and-taking-responsibility
SAVED https://www.grahammann.net/blog/favorite-media
SAVED https://www.grahammann.net/blog/feeling-overwhelmed
SAVED https://www.grahammann.net/blog/fightcamp-home-boxing-workouts-review
SAVED https://www.grahammann.net/blog/fightcamp-review
SAVED https://www.grahammann.net/blog/find-solutions-not-problems
SAVED https://www.grahammann.net/blog/growing-the-startup-ecosystem-in-your-city
SAVED https://www.grahammann.net/blog/how-i-do-my-end-of-year-review
SAVED https://www.grahammann.net/blog/how-i-offset-my-carbon-footprint
SAVED https://www.grahammann.net/blog/how-im-getting-better-at-golf
SAVED https://www.grahammann.net/blog/how-to-be-happy
SAVED https://www.grahammann.net/blog/how-to-communicate-effectively
SAVED https://www.grahammann.net/blog/how-to-form-good-habits
SAVED https://www.grahammann.net/blog/how-to-make-mistakes
SAVED https://www.grahammann.net/blog/how-to-pack-light-for-work-or-adventure-travel
SAVED https://www.grahammann.net/blog/how-to-read-a-book
SAVED https://www.grahammann.net/blog/how-to-study-in-college
SAVED https://www.grahammann.net/blog/how-to-take-book-notes
SAVED https://www.grahammann.net/blog/how-to-take-notes-in-college
SAVED https://www.grahammann.net/blog/i-have-a-new-job
SAVED https://www.grahammann.net/blog/inversion
SAVED https://www.grahammann.net/blog/jocko-willink-workout-advice
SAVED https://www.grahammann.net/blog/just-in-case-vs-just-in-time-learning
SAVED https://www.grahammann.net/blog/lean-systems-my-next-project
SAVED https://www.grahammann.net/blog/making-the-most-of-college
SAVED https://www.grahammann.net/blog/measurement-is-not-the-goal-and-sleep-anxiety-is-real
SAVED https://www.grahammann.net/blog/mental-models-introduction
SAVED https://www.grahammann.net/blog/my-favourite-fitness-products
SAVED https://www.grahammann.net/blog/my-favourite-photo-video-products
SAVED https://www.grahammann.net/blog/my-favourite-style-companies-and-products
SAVED https://www.grahammann.net/blog/my-favourite-tech-products
SAVED https://www.grahammann.net/blog/my-favourite-travel-products
SAVED https://www.grahammann.net/blog/my-founder-institute-experience
SAVED https://www.grahammann.net/blog/my-morning-routine
SAVED https://www.grahammann.net/blog/new-york-to-nova-scotia
SAVED https://www.grahammann.net/blog/obstacles-are-opportunities
SAVED https://www.grahammann.net/blog/patrick-collison-on-decision-making
SAVED https://www.grahammann.net/blog/personality-tests
SAVED https://www.grahammann.net/blog/remote-work-is-here-to-stay
SAVED https://www.grahammann.net/blog/ship-30-for-30-review
SAVED https://www.grahammann.net/blog/stop-criticizing-positive-change
ERR https://www.grahammann.net/blog/successful-entrepreneurs-arent-necessarily-geniuses :: 504 Server Error: Gateway Time-out for url: https://www.grahammann.net/blog/successful-entrepreneurs-arent-necessarily-geniuses
SAVED https://www.grahammann.net/blog/techstars-week-1-the-beginning
SAVED https://www.grahammann.net/blog/techstars-week-10-acquisition
SAVED https://www.grahammann.net/blog/techstars-week-11-last-workshop
SAVED https://www.grahammann.net/blog/techstars-week-2-settling-in
SAVED https://www.grahammann.net/blog/techstars-week-3-sales-are-king
SAVED https://www.grahammann.net/blog/techstars-week-4-efficiency
SAVED https://www.grahammann.net/blog/techstars-week-5
SAVED https://www.grahammann.net/blog/techstars-week-6
SAVED https://www.grahammann.net/blog/techstars-week-7
SAVED https://www.grahammann.net/blog/techstars-week-8-enterprise
SAVED https://www.grahammann.net/blog/techstars-week-9-product
SAVED https://www.grahammann.net/blog/tesla-electric-adventure
SAVED https://www.grahammann.net/blog/the-3-tier-buying-model
SAVED https://www.grahammann.net/blog/the-4-things-you-need-for-a-great-remote-work-setup
SAVED https://www.grahammann.net/blog/the-complete-guide-to-annual-reviews
SAVED https://www.grahammann.net/blog/the-first-3-months-at-unito
SAVED https://www.grahammann.net/blog/the-growth-process-for-startups
SAVED https://www.grahammann.net/blog/the-math-behind-cutting-meat-and-dairy
SAVED https://www.grahammann.net/blog/the-top-10-books-i-read-in-2018
SAVED https://www.grahammann.net/blog/time-not-money
SAVED https://www.grahammann.net/blog/valuing-time
SAVED https://www.grahammann.net/blog/vc-pitch-tips-for-the-lazy
SAVED https://www.grahammann.net/blog/week-1-techstars-nyc
SAVED https://www.grahammann.net/blog/week-2-techstars-nyc
SAVED https://www.grahammann.net/blog/week-3-techstars-nyc
SAVED https://www.grahammann.net/blog/week-4-techstars-nyc
SAVED https://www.grahammann.net/blog/week-5-techstars-nyc
SAVED https://www.grahammann.net/blog/week-6-techstars-nyc
SAVED https://www.grahammann.net/blog/week-7-techstars-nyc
SAVED https://www.grahammann.net/blog/week-8-techstars-nyc
SAVED https://www.grahammann.net/blog/what-is-cognitive-bias
SAVED https://www.grahammann.net/blog/what-is-confirmation-bias
SAVED https://www.grahammann.net/blog/what-is-growth-and-what-does-a-growth-specialist-do
SAVED https://www.grahammann.net/blog/what-makes-a-great-product-manager
SAVED https://www.grahammann.net/blog/what-this-blog-is-about
SAVED https://www.grahammann.net/blog/why-i-hate-jargon
SAVED https://www.grahammann.net/blog/why-i-left-my-startup
SAVED https://www.grahammann.net/blog/why-i-switched-from-squarespace-to-webflow
SAVED https://www.grahammann.net/blog/why-positive-constraints-are-so-valuable
SAVED https://www.grahammann.net/blog/why-you-should-be-buying-solar-for-your-home
SAVED https://www.grahammann.net/blog/why-you-should-be-buying-solar-for-your-home-2018-update
SAVED https://www.grahammann.net/blog/why-you-should-work-transparently
SAVED https://www.grahammann.net/blog/why-your-project-needs-a-concept
SAVED https://www.grahammann.net/blog/writing-and-stuff
SAVED https://www.grahammann.net/blog/you-must-tell-yourself-the-truth
SAVED https://www.grahammann.net/blog/zero-waste
SAVED https://www.grahammann.net/book-notes/1-page-marketing-plan-allan-dib
SAVED https://www.grahammann.net/book-notes/100-ways-to-improve-your-writing-gary-provost
SAVED https://www.grahammann.net/book-notes/12-rules-for-life-jordan-peterson
SAVED https://www.grahammann.net/book-notes/17-questions-that-changed-my-life-tim-ferriss
SAVED https://www.grahammann.net/book-notes/48-laws-of-power-robert-greene
SAVED https://www.grahammann.net/book-notes/a-gentleman-in-moscow-amor-towles
SAVED https://www.grahammann.net/book-notes/a-place-of-my-own-michael-pollan
SAVED https://www.grahammann.net/book-notes/all-quiet-on-the-western-front-erich-maria-remarque
SAVED https://www.grahammann.net/book-notes/american-gods-neil-gaiman
SAVED https://www.grahammann.net/book-notes/antifragile-nassim-nicholas-taleb
SAVED https://www.grahammann.net/book-notes/anything-you-want-derek-sivers
SAVED https://www.grahammann.net/book-notes/atomic-habits-james-clear
SAVED https://www.grahammann.net/book-notes/bad-blood-john-carreyrou
SAVED https://www.grahammann.net/book-notes/billion-dollar-loser-reeves-wiedeman
SAVED https://www.grahammann.net/book-notes/built-to-last-jim-collins
SAVED https://www.grahammann.net/book-notes/cant-hurt-me-david-goggins
SAVED https://www.grahammann.net/book-notes/clear-thinking-shane-parrish
SAVED https://www.grahammann.net/book-notes/come-again-nat-eliason
SAVED https://www.grahammann.net/book-notes/conspiracy-ryan-holiday
SAVED https://www.grahammann.net/book-notes/deep-work-cal-newport
SAVED https://www.grahammann.net/book-notes/demian-hermann-hesse
SAVED https://www.grahammann.net/book-notes/dichotomy-of-leadership-jocko-willink-leif-babin
SAVED https://www.grahammann.net/book-notes/digital-minimalism-cal-newport
SAVED https://www.grahammann.net/book-notes/discipline-equals-freedom-field-manual-jocko-willink
SAVED https://www.grahammann.net/book-notes/dreyers-english-benjamin-dreyer
SAVED https://www.grahammann.net/book-notes/drive-daniel-pink
SAVED https://www.grahammann.net/book-notes/eat-that-frog-brian-tracy
SAVED https://www.grahammann.net/book-notes/effortless-greg-mckeown
SAVED https://www.grahammann.net/book-notes/ego-is-the-enemy-ryan-holiday
SAVED https://www.grahammann.net/book-notes/essentialism-the-disciplined-pursuit-of-less-greg-mckeown
SAVED https://www.grahammann.net/book-notes/everything-is-fucked-mark-manson
SAVED https://www.grahammann.net/book-notes/extreme-ownership-jocko-willink-leif-babin
SAVED https://www.grahammann.net/book-notes/extreme-revenue-growth-victor-cheng
SAVED https://www.grahammann.net/book-notes/feel-good-productivity-ali-abdaal
SAVED https://www.grahammann.net/book-notes/fight-club-chuck-palahniuk
SAVED https://www.grahammann.net/book-notes/flow-mihaly-csikszentmihalyi
SAVED https://www.grahammann.net/book-notes/fluent-forever-gabriel-wyner
SAVED https://www.grahammann.net/book-notes/food-rules-an-eaters-manual-michael-pollan
SAVED https://www.grahammann.net/book-notes/fooled-by-randomness-nassim-nicholas-taleb
SAVED https://www.grahammann.net/book-notes/getting-things-done-david-allen
SAVED https://www.grahammann.net/book-notes/going-infinite-michael-lewis
SAVED https://www.grahammann.net/book-notes/golf-is-not-a-game-of-perfect-bob-rotella
SAVED https://www.grahammann.net/book-notes/hacking-growth-sean-ellis
SAVED https://www.grahammann.net/book-notes/how-to-change-your-mind-michael-pollan
SAVED https://www.grahammann.net/book-notes/how-to-decide-annie-duke
SAVED https://www.grahammann.net/book-notes/how-to-get-rich-felix-dennis
SAVED https://www.grahammann.net/book-notes/how-to-win-friends-and-influence-people-dale-carnegie
SAVED https://www.grahammann.net/book-notes/how-to-win-friends-and-influence-people-in-the-digital-age-dale-carnegie
SAVED https://www.grahammann.net/book-notes/i-will-teach-you-to-be-rich-ramit-sethi
SAVED https://www.grahammann.net/book-notes/indistractable-nir-eyal
SAVED https://www.grahammann.net/book-notes/influence-robert-cialdini
SAVED https://www.grahammann.net/book-notes/inspired-marty-cagan
SAVED https://www.grahammann.net/book-notes/it-doesnt-have-to-be-crazy-at-work-david-heinemeier-hansson-jason-fried
SAVED https://www.grahammann.net/book-notes/just-keep-buying-nick-maggiulli
SAVED https://www.grahammann.net/book-notes/liars-poker-michael-lewis
SAVED https://www.grahammann.net/book-notes/lucifers-banker-bradley-birkenfeld
SAVED https://www.grahammann.net/book-notes/mans-search-for-meaning-victor-frankl
SAVED https://www.grahammann.net/book-notes/mastery-robert-greene
SAVED https://www.grahammann.net/book-notes/measure-what-matters-by-john-doerr
SAVED https://www.grahammann.net/book-notes/million-dollar-weekend-noah-kagan
SAVED https://www.grahammann.net/book-notes/mistakes-were-made-but-not-by-me-carol-tavris-elliot-aronson
SAVED https://www.grahammann.net/book-notes/models-mark-manson
SAVED https://www.grahammann.net/book-notes/monetizing-innovation-georg-tacke-madhavan-ramanujam
SAVED https://www.grahammann.net/book-notes/never-split-the-difference-chris-voss
SAVED https://www.grahammann.net/book-notes/on-writing-stephen-king
SAVED https://www.grahammann.net/book-notes/on-writing-well-william-zinsser
SAVED https://www.grahammann.net/book-notes/outliers-malcolm-gladwell
SAVED https://www.grahammann.net/book-notes/outlive-peter-attia
SAVED https://www.grahammann.net/book-notes/perennial-seller-ryan-holiday
SAVED https://www.grahammann.net/book-notes/poor-charlies-almanack-charles-munger
SAVED https://www.grahammann.net/book-notes/predictable-revenue-aaron-ross-marylou-tyler
SAVED https://www.grahammann.net/book-notes/principles-ray-dalio
SAVED https://www.grahammann.net/book-notes/radical-candor-kim-scott
SAVED https://www.grahammann.net/book-notes/range-why-generalists-triumph-in-a-specialized-world-david-epstein
SAVED https://www.grahammann.net/book-notes/rework-jason-fried-david-heinemeier-hansson
SAVED https://www.grahammann.net/book-notes/rich-dad-poor-dad-robert-kiyosaki
SAVED https://www.grahammann.net/book-notes/rules-of-civility-amor-towles
SAVED https://www.grahammann.net/book-notes/same-as-ever-morgan-housel
SAVED https://www.grahammann.net/book-notes/sapiens-yuval-noah-harari
SAVED https://www.grahammann.net/book-notes/sea-stories-william-mcraven
SAVED https://www.grahammann.net/book-notes/shoe-dog-phil-knight
SAVED https://www.grahammann.net/book-notes/siddhartha-hermann-hesse
SAVED https://www.grahammann.net/book-notes/skin-in-the-game-nassim-nicholas-taleb
SAVED https://www.grahammann.net/book-notes/snap-selling-jill-konrath
SAVED https://www.grahammann.net/book-notes/snow-crash-neal-stephenson
SAVED https://www.grahammann.net/book-notes/steal-like-an-artist-austin-kleon
SAVED https://www.grahammann.net/book-notes/super-pumped-the-battle-for-uber-mike-isaac
SAVED https://www.grahammann.net/book-notes/surely-youre-joking-mr-feynman-richard-feynman
SAVED https://www.grahammann.net/book-notes/team-of-teams-general-stanley-mcchrystal
SAVED https://www.grahammann.net/book-notes/the-22-immutable-laws-of-marketing-al-ries-jack-trout
SAVED https://www.grahammann.net/book-notes/the-33-strategies-of-war-robert-greene
SAVED https://www.grahammann.net/book-notes/the-4-hour-workweek-tim-ferriss
SAVED https://www.grahammann.net/book-notes/the-50th-law-robert-greene
SAVED https://www.grahammann.net/book-notes/the-art-of-seduction-robert-greene
SAVED https://www.grahammann.net/book-notes/the-art-of-the-good-life-rolf-dobelli
SAVED https://www.grahammann.net/book-notes/the-art-of-thinking-clearly-rolf-dobelli
SAVED https://www.grahammann.net/book-notes/the-art-of-war-sun-tzu
SAVED https://www.grahammann.net/book-notes/the-big-short-michael-lewis
SAVED https://www.grahammann.net/book-notes/the-black-swan-nassim-nicholas-taleb
SAVED https://www.grahammann.net/book-notes/the-boron-letters-gary-halbert
SAVED https://www.grahammann.net/book-notes/the-checklist-manifesto-atul-gawande
SAVED https://www.grahammann.net/book-notes/the-codfathers-lessons-from-the-atlantic-business-elite-gordon-pitts
SAVED https://www.grahammann.net/book-notes/the-culture-code-by-daniel-coyle
SAVED https://www.grahammann.net/book-notes/the-defining-decade-meg-jay
SAVED https://www.grahammann.net/book-notes/the-great-ceo-within-by-matt-mochary-summary-notes
SAVED https://www.grahammann.net/book-notes/the-great-gatsby-f-scott-fitzgerald
SAVED https://www.grahammann.net/book-notes/the-hard-thing-about-hard-things-ben-horowitz
SAVED https://www.grahammann.net/book-notes/the-inner-game-of-golf-timothy-gallwey
SAVED https://www.grahammann.net/book-notes/the-inner-game-of-tennis-timothy-gallwey
SAVED https://www.grahammann.net/book-notes/the-laws-of-human-nature-robert-greene
SAVED https://www.grahammann.net/book-notes/the-laws-of-simplicity-john-maeda
SAVED https://www.grahammann.net/book-notes/the-lessons-of-history-will-ariel-durant
SAVED https://www.grahammann.net/book-notes/the-obstacle-is-the-way-ryan-holiday
SAVED https://www.grahammann.net/book-notes/the-old-man-and-the-sea-ernest-hemingway
SAVED https://www.grahammann.net/book-notes/the-power-of-habit-charles-duhigg
SAVED https://www.grahammann.net/book-notes/the-power-of-regret-daniel-pink
SAVED https://www.grahammann.net/book-notes/the-psychology-of-money-morgan-housel
SAVED https://www.grahammann.net/book-notes/the-rational-optimist-matt-ridley
SAVED https://www.grahammann.net/book-notes/the-revolt-of-the-public-by-martin-gurri-summary-notes
SAVED https://www.grahammann.net/book-notes/the-setup-dan-bilzerian
SAVED https://www.grahammann.net/book-notes/the-subtle-art-of-not-giving-a-fuck-mark-manson
SAVED https://www.grahammann.net/book-notes/the-sun-also-rises-ernest-hemingway
SAVED https://www.grahammann.net/book-notes/the-truth-neil-strauss
SAVED https://www.grahammann.net/book-notes/the-war-of-art-steven-pressfield
SAVED https://www.grahammann.net/book-notes/the-way-of-the-superior-man-david-deida
SAVED https://www.grahammann.net/book-notes/thinking-fast-and-slow-daniel-kahneman
SAVED https://www.grahammann.net/book-notes/thinking-in-bets-annie-duke
SAVED https://www.grahammann.net/book-notes/this-is-marketing-seth-godin
SAVED https://www.grahammann.net/book-notes/to-kill-a-mockingbird-harper-lee
SAVED https://www.grahammann.net/book-notes/to-sell-is-human-daniel-pink
SAVED https://www.grahammann.net/book-notes/tools-of-titans-tim-ferriss
SAVED https://www.grahammann.net/book-notes/trade-off-kevin-maney
SAVED https://www.grahammann.net/book-notes/tribe-of-mentors-tim-ferriss
SAVED https://www.grahammann.net/book-notes/trillion-dollar-coach-eric-schmidt
SAVED https://www.grahammann.net/book-notes/turning-pro-steven-pressfield
SAVED https://www.grahammann.net/book-notes/when-the-scientific-secrets-of-perfect-timing-daniel-pink
SAVED https://www.grahammann.net/book-notes/who-moved-my-cheese-spencer-johnson
SAVED https://www.grahammann.net/book-notes/why-we-sleep-matthew-walker
SAVED https://www.grahammann.net/book-notes/zen-and-the-art-of-motorcycle-maintenance-robert-m-pirsig
SAVED https://www.grahammann.net/book-notes/zen-golf-joseph-parent
SAVED https://www.grahammann.net/book-notes/zero-to-one-peter-thiel
SAVED https://www.grahammann.net/book-notes/zero-waste-home-bea-johnson
SAVED https://www.grahammann.net/shorts/adaptability
SAVED https://www.grahammann.net/shorts/anticipation
SAVED https://www.grahammann.net/shorts/anxiety-is-unprocessed-fear
SAVED https://www.grahammann.net/shorts/authority-vs-abundance
SAVED https://www.grahammann.net/shorts/avoiding-distractions
SAVED https://www.grahammann.net/shorts/avoiding-problems
SAVED https://www.grahammann.net/shorts/balancing-shipping-and-perfection
SAVED https://www.grahammann.net/shorts/be-humble
SAVED https://www.grahammann.net/shorts/becoming-the-greatest
SAVED https://www.grahammann.net/shorts/beginnings-matter
SAVED https://www.grahammann.net/shorts/behaviour-over-knowledge
SAVED https://www.grahammann.net/shorts/better-judgment
SAVED https://www.grahammann.net/shorts/build-with-friends
SAVED https://www.grahammann.net/shorts/building-a-personal-monopoly
SAVED https://www.grahammann.net/shorts/choosing-a-path
SAVED https://www.grahammann.net/shorts/communication-skills-will-get-you-everywhere
SAVED https://www.grahammann.net/shorts/comparison-traps
SAVED https://www.grahammann.net/shorts/compounding-knowledge
SAVED https://www.grahammann.net/shorts/conflict
SAVED https://www.grahammann.net/shorts/considering-expectations
SAVED https://www.grahammann.net/shorts/consistency-and-time
SAVED https://www.grahammann.net/shorts/convincing-others
SAVED https://www.grahammann.net/shorts/creative-constraints
SAVED https://www.grahammann.net/shorts/disconnecting-means-distance
SAVED https://www.grahammann.net/shorts/distracted-from
SAVED https://www.grahammann.net/shorts/dont-believe-anything
SAVED https://www.grahammann.net/shorts/dont-believe-predictions
SAVED https://www.grahammann.net/shorts/dont-burn-bridges
SAVED https://www.grahammann.net/shorts/dont-listen
SAVED https://www.grahammann.net/shorts/enjoying-the-process
SAVED https://www.grahammann.net/shorts/essential
SAVED https://www.grahammann.net/shorts/everyone-needs-reminders
SAVED https://www.grahammann.net/shorts/everything-has-a-price
SAVED https://www.grahammann.net/shorts/expectations-of-others
SAVED https://www.grahammann.net/shorts/finding-inspiration
SAVED https://www.grahammann.net/shorts/finding-solutions
SAVED https://www.grahammann.net/shorts/finding-the-questions
SAVED https://www.grahammann.net/shorts/finding-weakness
SAVED https://www.grahammann.net/shorts/first-ideas-are-rarely-good-ideas
SAVED https://www.grahammann.net/shorts/first-say-yes-then-say-no
SAVED https://www.grahammann.net/shorts/friction
SAVED https://www.grahammann.net/shorts/get-started
SAVED https://www.grahammann.net/shorts/getting-stuck
SAVED https://www.grahammann.net/shorts/gratitude
SAVED https://www.grahammann.net/shorts/groups-have-habits-too
SAVED https://www.grahammann.net/shorts/habits-are-everything
SAVED https://www.grahammann.net/shorts/how-i-learned-to-be-a-professional
SAVED https://www.grahammann.net/shorts/how-id-do-university-differently
SAVED https://www.grahammann.net/shorts/how-to-give-great-feedback
SAVED https://www.grahammann.net/shorts/how-to-have-better-ideas
SAVED https://www.grahammann.net/shorts/i-have-to-believe-in-the-work
SAVED https://www.grahammann.net/shorts/i-still-want-to-build-things
SAVED https://www.grahammann.net/shorts/i-want-to-build-things
SAVED https://www.grahammann.net/shorts/its-okay-to-love-learning
SAVED https://www.grahammann.net/shorts/keeping-calm
SAVED https://www.grahammann.net/shorts/know-the-price-youre-paying
SAVED https://www.grahammann.net/shorts/learning-above-all-else
SAVED https://www.grahammann.net/shorts/learning-to-love-variety
SAVED https://www.grahammann.net/shorts/let-your-mind-wander
SAVED https://www.grahammann.net/shorts/linear-outputs-non-linear-returns
SAVED https://www.grahammann.net/shorts/living-a-better-life
SAVED https://www.grahammann.net/shorts/looking-like-a-beginner
SAVED https://www.grahammann.net/shorts/love-of-the-ocean
SAVED https://www.grahammann.net/shorts/macro-productivity
SAVED https://www.grahammann.net/shorts/managing-oneself
SAVED https://www.grahammann.net/shorts/mastering-distraction
SAVED https://www.grahammann.net/shorts/mastering-your-own-psychology
SAVED https://www.grahammann.net/shorts/meta-skills
SAVED https://www.grahammann.net/shorts/milestones
SAVED https://www.grahammann.net/shorts/money-and-time
SAVED https://www.grahammann.net/shorts/more-sleep
SAVED https://www.grahammann.net/shorts/moving-fast
SAVED https://www.grahammann.net/shorts/my-tech-entrepreneurship-crash-course
SAVED https://www.grahammann.net/shorts/never-miss-twice
SAVED https://www.grahammann.net/shorts/no-more-to-do-lists
SAVED https://www.grahammann.net/shorts/once-begun-the-jobs-half-done
SAVED https://www.grahammann.net/shorts/options-are-distractions
SAVED https://www.grahammann.net/shorts/our-health-is-like-a-gas-tank
SAVED https://www.grahammann.net/shorts/our-lives-are-experiments
SAVED https://www.grahammann.net/shorts/passion-comes-from-competence
SAVED https://www.grahammann.net/shorts/planning-well-is-a-competitive-advantage
SAVED https://www.grahammann.net/shorts/plateaus
SAVED https://www.grahammann.net/shorts/preparation
SAVED https://www.grahammann.net/shorts/pretend-youre-face-to-face
SAVED https://www.grahammann.net/shorts/process-optimization
SAVED https://www.grahammann.net/shorts/professionalism
SAVED https://www.grahammann.net/shorts/proximity
SAVED https://www.grahammann.net/shorts/recovery
SAVED https://www.grahammann.net/shorts/reflective-vs-reactive-work
SAVED https://www.grahammann.net/shorts/relearning
SAVED https://www.grahammann.net/shorts/remote-tradeoffs
SAVED https://www.grahammann.net/shorts/remote-work-is-killing-culture
SAVED https://www.grahammann.net/shorts/rules-for-essentialism
SAVED https://www.grahammann.net/shorts/scaling-yourself
SAVED https://www.grahammann.net/shorts/seek-truth
SAVED https://www.grahammann.net/shorts/shades-of-grey
SAVED https://www.grahammann.net/shorts/ship-30-for-30-round-4
SAVED https://www.grahammann.net/shorts/sometimes-you-need-a-reset
SAVED https://www.grahammann.net/shorts/start-at-the-beginning
SAVED https://www.grahammann.net/shorts/starting-fast
SAVED https://www.grahammann.net/shorts/starting-habits
SAVED https://www.grahammann.net/shorts/steal-like-an-artist
SAVED https://www.grahammann.net/shorts/succeeding-in-spite-of
SAVED https://www.grahammann.net/shorts/success-is-like-surfing
SAVED https://www.grahammann.net/shorts/taking-criticism
SAVED https://www.grahammann.net/shorts/taking-feedback-well
SAVED https://www.grahammann.net/shorts/technology-tradeoffs
SAVED https://www.grahammann.net/shorts/the-benefits-of-writing-and-publishing-daily
SAVED https://www.grahammann.net/shorts/the-book-that-got-me-into-business
SAVED https://www.grahammann.net/shorts/the-dangers-of-negation
SAVED https://www.grahammann.net/shorts/the-deep-generalist
SAVED https://www.grahammann.net/shorts/the-fastest-way-to-learn
SAVED https://www.grahammann.net/shorts/the-goal-of-habits
SAVED https://www.grahammann.net/shorts/the-language-of-remote-work
SAVED https://www.grahammann.net/shorts/the-most-important-skill-i-learned-from-team-sports
SAVED https://www.grahammann.net/shorts/the-only-writing-exercise-i-remember
SAVED https://www.grahammann.net/shorts/the-people-make-the-work
SAVED https://www.grahammann.net/shorts/the-perfect-photo
SAVED https://www.grahammann.net/shorts/the-privilege-of-travel
SAVED https://www.grahammann.net/shorts/the-remote-work-tradeoff
SAVED https://www.grahammann.net/shorts/the-role-of-luck
SAVED https://www.grahammann.net/shorts/the-role-of-your-environment
SAVED https://www.grahammann.net/shorts/the-simple-rule-for-high-quality-inputs
SAVED https://www.grahammann.net/shorts/the-two-minute-rule
SAVED https://www.grahammann.net/shorts/the-value-of-autonomy
SAVED https://www.grahammann.net/shorts/there-are-no-absolutes
SAVED https://www.grahammann.net/shorts/there-are-no-new-lessons
SAVED https://www.grahammann.net/shorts/theres-only-one-way-to-10x-productivity
SAVED https://www.grahammann.net/shorts/time-to-reflect
SAVED https://www.grahammann.net/shorts/to-change-your-mind-change-your-body
SAVED https://www.grahammann.net/shorts/to-change-your-mind-change-your-environment
SAVED https://www.grahammann.net/shorts/to-do-good-work-feel-good
SAVED https://www.grahammann.net/shorts/tools
SAVED https://www.grahammann.net/shorts/urgent-and-easy-or-important
SAVED https://www.grahammann.net/shorts/use-simple-language
SAVED https://www.grahammann.net/shorts/value-and-consistency
SAVED https://www.grahammann.net/shorts/wasted-time
SAVED https://www.grahammann.net/shorts/we-are-all-biased
SAVED https://www.grahammann.net/shorts/we-fall-to-the-level-of-our-systems
SAVED https://www.grahammann.net/shorts/we-suck-at-estimating
SAVED https://www.grahammann.net/shorts/what-does-it-mean-to-live-a-good-life
SAVED https://www.grahammann.net/shorts/what-is-a-personal-podcast
SAVED https://www.grahammann.net/shorts/what-is-my-aim
SAVED https://www.grahammann.net/shorts/what-makes-a-good-environment
SAVED https://www.grahammann.net/shorts/why-i-like-working-saturdays
SAVED https://www.grahammann.net/shorts/why-you-should-read
SAVED https://www.grahammann.net/shorts/work-like-a-lion
SAVED https://www.grahammann.net/shorts/you-know-more-than-you-think
SAVED https://www.grahammann.net/shorts/youre-probably-right
SAVED https://www.grahammann.net/
