SKIP robots https://www.nerdfitness.com/
SKIP robots https://www.nerdfitness.com/blog/
SKIP robots https://www.nerdfitness.com/workout-overview-page/
SKIP robots https://www.nerdfitness.com/nutrition-overview-page/
SKIP robots https://www.nerdfitness.com/motivation-overview-page/
SKIP robots https://www.nerdfitness.com/blog/muscle-loss-while-dieting/
SKIP robots https://www.nerdfitness.com/blog/nutrition-starting-points/
SKIP robots https://www.nerdfitness.com/blog/the-genie-question/
SKIP robots https://www.nerdfitness.com/blog/beginner-dumbbell-workout/
SKIP robots https://www.nerdfitness.com/blog/a-skinny-guys-guide-to-building-muscle-and-bulking-up/
SKIP robots https://www.nerdfitness.com/blog/how-to-build-your-own-workout-routine/
SKIP robots https://www.nerdfitness.com/blog/the-7-best-at-home-workout-routines-the-ultimate-guide-for-training-without-a-gym/
SKIP robots https://www.nerdfitness.com/blog/the-20-minute-beginner-kettlebell-workout-build-muscle-and-burn-fat/
SKIP robots https://www.nerdfitness.com/blog/beginner-body-weight-workout-burn-fat-build-muscle/
SKIP robots https://www.nerdfitness.com/getting-started/
SKIP robots https://www.nerdfitness.com/blog/a-nurse-a-pandemic-and-a-success-story/
SKIP robots https://www.nerdfitness.com/blog/machines-vs-free-weights/
SKIP robots https://www.nerdfitness.com/blog/how-to-eat-a-plant-based-diet-a-scientific-look-at-going-vegan-safely/
SKIP robots https://www.nerdfitness.com/blog/how-starting-small-helped-this-rebel-lose-80-pounds/
SKIP robots https://www.nerdfitness.com/blog/falling-off-track/
SKIP robots https://www.nerdfitness.com/blog/cico/
SKIP robots https://www.nerdfitness.com/coaches/
SKIP robots https://www.nerdfitness.com/coaches/hollybolster/
SKIP robots https://www.nerdfitness.com/blog/push-through-or-stop/
SKIP robots https://www.nerdfitness.com/blog/enough-fitness/
SKIP robots https://www.nerdfitness.com/blog/when-was-the-last-time-you-did-something-spontaneous/
SKIP robots https://www.nerdfitness.com/testimonials/
SKIP robots https://www.nerdfitness.com/blog/working-hard-enough/
SKIP robots https://www.nerdfitness.com/blog/starter-guide/
SKIP robots https://www.nerdfitness.com/blog/what-if-i-fail-again/
SKIP robots https://www.nerdfitness.com/blog/when-your-body-wont-cooperate/
SKIP robots https://www.nerdfitness.com/one-last-step/
SKIP robots https://www.nerdfitness.com/newsletter/
SKIP robots https://www.nerdfitness.com/blog/3-lessons/
SKIP robots https://www.nerdfitness.com/blog/how-to-build-healthy-habits-that-stick/
SKIP robots https://www.nerdfitness.com/blog/the-beginners-guide-to-building-muscle-and-strength/
SKIP robots https://www.nerdfitness.com/blog/the-courage-to-listen-to-the-lesson-life-is-teaching-you/
SKIP robots https://www.nerdfitness.com/blog/do-you-have-a-big-why-you-need-one/
SKIP robots https://www.nerdfitness.com/blog/mobsters-knights-and-samurai-have-a-code-do-you/
SKIP robots https://www.nerdfitness.com/new-coaching-client-bonus-bundle/
SKIP robots https://www.nerdfitness.com/blog/how-to-build-muscle-as-a-woman-the-ultimate-guide-for-gaining-weight-the-right-way/
SKIP robots https://www.nerdfitness.com/blog/how-to-do-the-front-squat-a-definitive-guide/
SKIP robots https://www.nerdfitness.com/coaching-overview-page/
SKIP robots https://www.nerdfitness.com/blog/the-wolverine-workout-get-strong-like-logan/
SKIP robots https://www.nerdfitness.com/blog/a-beginners-guide-to-the-gym-everything-you-need-to-know/
SKIP robots https://www.nerdfitness.com/pokemon-go-curveball-technique/
SKIP robots https://www.nerdfitness.com/nerd-fitness-flexibility-benchmark-challenge-day-5/
SKIP robots https://www.nerdfitness.com/flexibility-benchmark-challenge-day-four/
SKIP robots https://www.nerdfitness.com/flexibility-benchmark-challenge-day-one/
SKIP robots https://www.nerdfitness.com/nerd-fitness-flexibility-challenge-day-three/
SKIP robots https://www.nerdfitness.com/nerd-fitness-flexibility-challenge-day-two/
SKIP robots https://www.nerdfitness.com/blog/my-7-favorite-push-up-variations-and-the-nf-push-up-challenge/
SKIP robots https://www.nerdfitness.com/blog/what-do-you-bench-strength-training-101-the-bench-press/
SKIP robots https://www.nerdfitness.com/blog/can-you-complete-the-green-arrow-workout-save-star-city/
SKIP robots https://www.nerdfitness.com/blog/the-teenage-mutant-ninja-turtles-workout/
SKIP robots https://www.nerdfitness.com/blog/strength-training-101-the-deadlift/
SKIP robots https://www.nerdfitness.com/blog/10-ways-to-level-up-your-life-in-5-minutes-or-less/
SKIP robots https://www.nerdfitness.com/blog/strength-training-101-how-to-squat-properly/
SKIP robots https://www.nerdfitness.com/blog/the-lord-of-the-rings-workout-one-plan-to-rule-them-all/
SKIP robots https://www.nerdfitness.com/blog/strength-training-101-where-do-i-start/
SKIP robots https://www.nerdfitness.com/blog/warm-up/
SKIP robots https://www.nerdfitness.com/blog/do-a-pull-up/
SKIP robots https://www.nerdfitness.com/blog/proper-push-up/
SKIP robots https://www.nerdfitness.com/blog/the-definitive-guide-to-parkour-for-beginners/
SKIP robots https://www.nerdfitness.com/blog/inverted-row-are-you-missing-out-on-this-great-exercise/
SKIP robots https://www.nerdfitness.com/blog/circuit-training-build-some-muscles-burn-some-fat/
SKIP robots https://www.nerdfitness.com/level-up/continue-your-registration/
SKIP robots https://www.nerdfitness.com/the-nerd-fitness-chin-up-challenge/
SKIP robots https://www.nerdfitness.com/5k/
SKIP robots https://www.nerdfitness.com/blog/walking/
SKIP robots https://www.nerdfitness.com/blog/how-many-calories-should-i-eat-every-day-a-look-at-total-daily-energy-expenditure-tdee/
SKIP robots https://www.nerdfitness.com/blog/how-to-eat-a-plant-based-diet-a-scientific-look-at-going-vegan-safely-1/
SKIP robots https://www.nerdfitness.com/blog/what-is-the-cico-diet-how-to-count-calories-for-weight-loss/
SKIP robots https://www.nerdfitness.com/blog/13-tips-for-guaranteed-weight-gain-the-skinny-nerd-manifesto/
SKIP robots https://www.nerdfitness.com/blog/total-daily-energy-expenditure-calculator-metric/
SKIP robots https://www.nerdfitness.com/blog/protein-calculator/
SKIP robots https://www.nerdfitness.com/the-nerd-fitness-protein-calculator-metric/
SKIP robots https://www.nerdfitness.com/blog/protein-shakes-for-newbies-what-to-buy-when-to-drink/
SKIP robots https://www.nerdfitness.com/blog/how-much-protein-do-i-need-to-eat-every-day-protein-101-guide/
SKIP robots https://www.nerdfitness.com/blog/how-to-do-a-perfect-dip-no-tobacco-required/
SKIP robots https://www.nerdfitness.com/blog/how-to-improve-your-wrist-mobility-and-grip-strength/
SKIP robots https://www.nerdfitness.com/blog/the-42-best-bodyweight-exercises-the-ultimate-guide-for-working-out-anywhere/
SKIP robots https://www.nerdfitness.com/blog/lose-weight-and-build-muscle-or-do-one-then-the-other/
SKIP robots https://www.nerdfitness.com/blog/25-ways-to-exercise-without-realizing-it/
SKIP robots https://www.nerdfitness.com/blog/a-beginners-guide-to-handstands/
SKIP robots https://www.nerdfitness.com/blog/pull-up-alternatives/
SKIP robots https://www.nerdfitness.com/blog/the-correct-number-of-reps-per-set-in-the-gym/
SKIP robots https://www.nerdfitness.com/blog/push-up-progression-plan/
SKIP robots https://www.nerdfitness.com/free-starter-kit/
SKIP robots https://www.nerdfitness.com/blog/couch-to-5k-crucial-things-to-know-before-you-start-training/
SKIP robots https://www.nerdfitness.com/blog/past-isnt-set-in-stone/
SKIP robots https://www.nerdfitness.com/coaches/mattmyers/
SKIP robots https://www.nerdfitness.com/coaches/evanjones/
SKIP robots https://www.nerdfitness.com/coaches/clairedewitt/
SKIP robots https://www.nerdfitness.com/coaches/drewfriesen/
SKIP robots https://www.nerdfitness.com/coaches/justinmiller/
SKIP robots https://www.nerdfitness.com/coaches/damienallen/
SKIP robots https://www.nerdfitness.com/coaches/andrewwhite/
SKIP robots https://www.nerdfitness.com/coaches/mattshortis/
SKIP robots https://www.nerdfitness.com/coaches/taylorthomas/
SKIP robots https://www.nerdfitness.com/coaches/sarahstevens/
SKIP robots https://www.nerdfitness.com/coaches/mikeschappell/
SKIP robots https://www.nerdfitness.com/coaches/juleserickson/
SKIP robots https://www.nerdfitness.com/result-coach-drew/
SKIP robots https://www.nerdfitness.com/blog/success-wont-solve-problems/
SKIP robots https://www.nerdfitness.com/the-challenge-registration/
SKIP robots https://www.nerdfitness.com/blog/whats-different-this-time/
SKIP robots https://www.nerdfitness.com/blog/growth-over-comfort/
SKIP robots https://www.nerdfitness.com/blog/dont-look-back-in-anger/
SKIP robots https://www.nerdfitness.com/start-here/
SKIP robots https://www.nerdfitness.com/find-my-coach/
SKIP robots https://www.nerdfitness.com/checkout-v3/
SKIP robots https://www.nerdfitness.com/2025-challenge-registration/
SKIP robots https://www.nerdfitness.com/blog/yes-and/
SKIP robots https://www.nerdfitness.com/blog/closed-paths-open-futures/
SKIP robots https://www.nerdfitness.com/blog/miyazaki/
SKIP robots https://www.nerdfitness.com/blog/lord-of-the-rings-how-to-get-in-great-shape-using-gymnastic-rings/
SKIP robots https://www.nerdfitness.com/legacy/handstands/handstand-push-ups/level-7/
SKIP robots https://www.nerdfitness.com/legacy/handstands/handstand-push-ups/level-6/
SKIP robots https://www.nerdfitness.com/legacy/handstands/handstand-push-ups/level-2/
SKIP robots https://www.nerdfitness.com/legacy/rings/
SKIP robots https://www.nerdfitness.com/blog/the-next-right-thing/
SKIP robots https://www.nerdfitness.com/join-our-team/
SKIP robots https://www.nerdfitness.com/blog/wasted-effort/
SKIP robots https://www.nerdfitness.com/blog/beware-story-embrace-science/
SKIP robots https://www.nerdfitness.com/blog/one-thing-that-worked/
SKIP robots https://www.nerdfitness.com/blog/boundaries-cure-burnout/
SKIP robots https://www.nerdfitness.com/blog/94-years-of-wisdom/
SKIP robots https://www.nerdfitness.com/blog/overcomplicating-it/
SKIP robots https://www.nerdfitness.com/blog/test-year/
SKIP robots https://www.nerdfitness.com/bodyweight-adventures-v1/
SKIP robots https://www.nerdfitness.com/blog/i-apologize-for-my-sideburns-and-striped-shirt/
SKIP robots https://www.nerdfitness.com/blog/ask-for-help/
SKIP robots https://www.nerdfitness.com/blog/a-gamers-guide-to-happiness/
SKIP robots https://www.nerdfitness.com/blog/its-dangerous-to-go-alone-take-this/
SKIP robots https://www.nerdfitness.com/blog/warrior-emotion/
SKIP robots https://www.nerdfitness.com/blog/never-get-there/
SKIP robots https://www.nerdfitness.com/blog/we-suck-at-predicting/
SKIP robots https://www.nerdfitness.com/blog/boulder-and-hill/
SKIP robots https://www.nerdfitness.com/blog/diet-resistant/
SKIP robots https://www.nerdfitness.com/blog/temptation-bundling/
SKIP robots https://www.nerdfitness.com/blog/too-lazy-to-work-out-try-temptation-bundling/
SKIP robots https://www.nerdfitness.com/blog/weight-loss-and-video-games/
SKIP robots https://www.nerdfitness.com/newsletter-insta/
SKIP robots https://www.nerdfitness.com/find-my-coach-insta/
SKIP robots https://www.nerdfitness.com/blog/workout-emergency-fund/
SKIP robots https://www.nerdfitness.com/blog/the-constant/
SKIP robots https://www.nerdfitness.com/blog/be-careful-what-you-measure/
SKIP robots https://www.nerdfitness.com/blog/strength-training-101/
SKIP robots https://www.nerdfitness.com/blog/what-is-the-30-30-30-rule-for-weight-loss/
SKIP robots https://www.nerdfitness.com/blog/what-does-a-nutrition-coach-do/
SKIP robots https://www.nerdfitness.com/blog/dont-like-exercise/
SKIP robots https://www.nerdfitness.com/blog/what-would-you-like-to-suck-at/
SKIP robots https://www.nerdfitness.com/blog/mario-bowser-get-wrong/
SKIP robots https://www.nerdfitness.com/blog/pandoras-box/
SKIP robots https://www.nerdfitness.com/blog/build-a-life-you-dont-want-to-escape/
SKIP robots https://www.nerdfitness.com/blog/receiver-of-memories/
SKIP robots https://www.nerdfitness.com/blog/poems-priorities-batman/
SKIP robots https://www.nerdfitness.com/blog/square-one/
SKIP robots https://www.nerdfitness.com/blog/be-curious-not-judgmental/
SKIP robots https://www.nerdfitness.com/blog/proximity-principle/
SKIP robots https://www.nerdfitness.com/blog/rules-suck/
SKIP robots https://www.nerdfitness.com/blog/half-assed-workouts/
SKIP robots https://www.nerdfitness.com/blog/learned-optimism/
SKIP robots https://www.nerdfitness.com/blog/why-mental-health-matters/
SKIP robots https://www.nerdfitness.com/blog/lies-we-tell-ourselves/
SKIP robots https://www.nerdfitness.com/blog/toxic-positivity-acceptance/
SKIP robots https://www.nerdfitness.com/blog/good-at-overcomplicating/
SKIP robots https://www.nerdfitness.com/blog/swedish-death-cleaning/
SKIP robots https://www.nerdfitness.com/blog/the-iron-and-the-soul/
SKIP robots https://www.nerdfitness.com/blog/i-was-wrong-a-lot/
SKIP robots https://www.nerdfitness.com/blog/are-you-following-me/
SKIP robots https://www.nerdfitness.com/blog/dumbest-scifi-script-ever/
SKIP robots https://www.nerdfitness.com/blog/missed-day-lost-year/
SKIP robots https://www.nerdfitness.com/blog/5-steps-not-to-go-crazy-online/
SKIP robots https://www.nerdfitness.com/blog/updated-10-rules-of-the-rebellion/
SKIP robots https://www.nerdfitness.com/blog/life-hack-for-hobbits/
SKIP robots https://www.nerdfitness.com/blog/self-efficacy-mario/
SKIP robots https://www.nerdfitness.com/blog/life-doesnt-slow-down/
SKIP robots https://www.nerdfitness.com/blog/featured-in-mens-journal/
SKIP robots https://www.nerdfitness.com/blog/today-national-respawn-day/
SKIP robots https://www.nerdfitness.com/blog/we-suck-at-time/
SKIP robots https://www.nerdfitness.com/blog/honestly-embarassed-by-this/
SKIP robots https://www.nerdfitness.com/blog/dont-be-like-me/
SKIP robots https://www.nerdfitness.com/blog/zoom-in-zoom-out/
SKIP robots https://www.nerdfitness.com/blog/grapes-cowboys-change/
SKIP robots https://www.nerdfitness.com/blog/hope-is-a-strategy/
SKIP robots https://www.nerdfitness.com/blog/knowledge-doesnt-reset/
SKIP robots https://www.nerdfitness.com/blog/john-mayer-cruise-chip/
SKIP robots https://www.nerdfitness.com/blog/fresh-nerd-fitness-design/
SKIP robots https://www.nerdfitness.com/blog/additive-method/
SKIP robots https://www.nerdfitness.com/blog/wabi-sabi/
SKIP robots https://www.nerdfitness.com/blog/5-fitness-beliefs-ive-changed-my-mind-on/
SKIP robots https://www.nerdfitness.com/blog/problem-with-self-care/
SKIP robots https://www.nerdfitness.com/blog/never-two-in-a-row/
SKIP robots https://www.nerdfitness.com/blog/20-seconds-of-courage/
SKIP robots https://www.nerdfitness.com/blog/ulysses-pacts/
SKIP robots https://www.nerdfitness.com/blog/what-we-get-wrong-about-time/
SKIP robots https://www.nerdfitness.com/blog/a-beginners-guide-to-intermittent-fasting/
SKIP robots https://www.nerdfitness.com/blog/how-to-get-rid-of-man-boobs-or-moobs-the-science-and-step-by-step-plan/
SKIP robots https://www.nerdfitness.com/blog/how-to-hire-a-good-personal-trainer/
SKIP robots https://www.nerdfitness.com/blog/the-20-second-challenge/
SKIP robots https://www.nerdfitness.com/blog/olympic-lifting-run-faster-and-jump-higher/
SKIP robots https://www.nerdfitness.com/prime-overview-page/
SKIP robots https://www.nerdfitness.com/archives/
SKIP robots https://www.nerdfitness.com/blog/healthy-eating/
SKIP robots https://www.nerdfitness.com/home/
SKIP robots https://www.nerdfitness.com/editorial-process/
SKIP robots https://www.nerdfitness.com/role-playing-quiz/
SKIP robots https://www.nerdfitness.com/email/
SKIP robots https://www.nerdfitness.com/blog/overcoming-imposter-syndrome-to-get-in-shape/
SKIP robots https://www.nerdfitness.com/rules/
SKIP robots https://www.nerdfitness.com/als/
SKIP robots https://www.nerdfitness.com/yoga-overview-page/
SKIP robots https://www.nerdfitness.com/you-heard-something-about-yoga/
SKIP robots https://www.nerdfitness.com/the-8-best-at-home-workout-routines/
SKIP robots https://www.nerdfitness.com/rebel-starter-kit-2/
SKIP robots https://www.nerdfitness.com/paleo-shopping-list/
SKIP robots https://www.nerdfitness.com/confirm-email-home/
SKIP robots https://www.nerdfitness.com/nerd-fitness-5k-graphics/
SKIP robots https://www.nerdfitness.com/rebellion-newsletter/
SKIP robots https://www.nerdfitness.com/join-the-yoga-flexibility-challenge/
SKIP robots https://www.nerdfitness.com/bodyweight-training-resources/
SKIP robots https://www.nerdfitness.com/level-up/my-epic-quest/
SKIP robots https://www.nerdfitness.com/under-maintenance/
SKIP robots https://www.nerdfitness.com/strength-training-101-how-to-squat-properly-2/
SKIP robots https://www.nerdfitness.com/blog/fallen-off-the-wagon-today-is-national-respawn-day/
SKIP robots https://www.nerdfitness.com/blog/everything-you-need-to-know-about-sugar/
SKIP robots https://www.nerdfitness.com/blog/what-is-creatine-how-to-start-supplementing-with-creatine/
SKIP robots https://www.nerdfitness.com/blog/how-to-stay-in-shape-while-traveling/
SKIP robots https://www.nerdfitness.com/blog/how-to-stay-in-shape-despite-working-weird-hours/
SKIP robots https://www.nerdfitness.com/blog/the-3-best-flexibility-exercises-the-ultimate-guide-for-improving-flexibility-in-30-days/
SKIP robots https://www.nerdfitness.com/blog/gym-etiquette-101/
SKIP robots https://www.nerdfitness.com/blog/how-to-touch-your-toes-become-bendy-like-gumby/
SKIP robots https://www.nerdfitness.com/blog/a-beginners-guide-to-crossfit/
SKIP robots https://www.nerdfitness.com/blog/the-12-best-compound-exercises-for-beginners-how-to-train-efficiently/
SKIP robots https://www.nerdfitness.com/blog/the-ultimate-resistance-band-workout-how-to-train-with-exercise-bands/
SKIP robots https://www.nerdfitness.com/blog/the-ultimate-guide-for-the-best-core-exercises-how-to-strengthen-your-core/
SKIP robots https://www.nerdfitness.com/blog/3-hiit-workouts-for-beginners-how-to-start-interval-training/
SKIP robots https://www.nerdfitness.com/blog/body-fat-percentage/
SKIP robots https://www.nerdfitness.com/blog/strength-training-101-how-much-weight-should-i-be-lifting/
SKIP robots https://www.nerdfitness.com/blog/the-20-minute-hotel-workout/
SKIP robots https://www.nerdfitness.com/blog/sandbag-workout/
SKIP robots https://www.nerdfitness.com/blog/how-fast-can-i-build-muscle-naturally/
SKIP robots https://www.nerdfitness.com/blog/how-to-become-a-superhero-in-4-easy-steps/
SKIP robots https://www.nerdfitness.com/blog/whats-your-avengers-superpower/
SKIP robots https://www.nerdfitness.com/blog/how-to-create-your-own-super-power/
SKIP robots https://www.nerdfitness.com/blog/the-ultimate-guide-for-functional-fitness-exercises-and-workout-plans/
SKIP robots https://www.nerdfitness.com/blog/9-mistakes-skinny-people-make-trying-to-get-bigger/
SKIP robots https://www.nerdfitness.com/blog/leg-day-home-workout/
SKIP robots https://www.nerdfitness.com/blog/turkish-get-up-workout/
SKIP robots https://www.nerdfitness.com/blog/how-to-use-a-rowing-machine/
SKIP robots https://www.nerdfitness.com/blog/advanced-body-weight-workout-warning-this-will-kick-your-ass/
SKIP robots https://www.nerdfitness.com/newsletter-confirmation/
SKIP robots https://www.nerdfitness.com/iron-and-soul/
SKIP robots https://www.nerdfitness.com/blog/three-words-that-you-need-to-tell-yourself-daily/
SKIP robots https://www.nerdfitness.com/blog/what-is-a-quick-full-body-workout/
SKIP robots https://www.nerdfitness.com/blog/how-to-stretch/
SKIP robots https://www.nerdfitness.com/its-a-match/
SKIP robots https://www.nerdfitness.com/find-your-perfect-coach/
SKIP robots https://www.nerdfitness.com/wed-love-to-talk-with-you/
SKIP robots https://www.nerdfitness.com/you-are-already-killing-it/
SKIP robots https://www.nerdfitness.com/blog/injuries/
SKIP robots https://www.nerdfitness.com/blog/a-nerds-introduction-to-mental-health/
SKIP robots https://www.nerdfitness.com/blog/5-ways-to-immediately-appear-more-confident/
SKIP robots https://www.nerdfitness.com/blog/are-you-making-these-mistakes-with-your-sleep/
SKIP robots https://www.nerdfitness.com/blog/get-in-shape/
SKIP robots https://www.nerdfitness.com/blog/why-cant-i-lose-weight-heres-the-truth/
SKIP robots https://www.nerdfitness.com/blog/how-to-lose-weight-without-dieting-5-rules-of-weight-loss/
SKIP robots https://www.nerdfitness.com/blog/paleo-keto-slow-carb-vegan-how-to-determine-the-perfect-diet-for-you/
SKIP robots https://www.nerdfitness.com/blog/running-properly/
SKIP robots https://www.nerdfitness.com/blog/how-to-portion-control-how-to-lose-weight-with-portion-control/
SKIP robots https://www.nerdfitness.com/blog/the-star-wars-workout-jedi-training-101/
SKIP robots https://www.nerdfitness.com/coaching-overview-page_fbt_v1/
SKIP robots https://www.nerdfitness.com/blog/iron-and-the-soul/
SKIP robots https://www.nerdfitness.com/request-received/
SKIP robots https://www.nerdfitness.com/blog/how-to-spice-up-any-meal-literally/
SKIP robots https://www.nerdfitness.com/coaching-landing-page-v2/
SKIP robots https://www.nerdfitness.com/coaching-landing-page-v1/
SKIP robots https://www.nerdfitness.com/coaching/
SKIP robots https://www.nerdfitness.com/blog/the-beginners-guide-to-the-keto-diet-or-ketogenic-diet/
SKIP robots https://www.nerdfitness.com/blog/the-beginners-guide-to-the-paleo-diet/
SKIP robots https://www.nerdfitness.com/blog/how-jeff-the-doctor-engineer-and-startup-junkie-finally-put-himself-first-a-success-story/
SKIP robots https://www.nerdfitness.com/blog/what-burns-more-calories-cardio-intervals-or-weight-training/
SKIP robots https://www.nerdfitness.com/blog/superhumanspeed/
SKIP robots https://www.nerdfitness.com/blog/how-to-stay-in-shape-without-leaving-the-house-the-ultimate-guide-for-getting-fit-at-home/
SKIP robots https://www.nerdfitness.com/blog/is-seasonal-affective-disorder-a-real-thing-how-to-slay-the-sad-beast/
SKIP robots https://www.nerdfitness.com/coaching-faq/
SKIP robots https://www.nerdfitness.com/grab-your-intermittent-fasting-worksheet-for-free/
SKIP robots https://www.nerdfitness.com/newsletter-5k/
SKIP robots https://www.nerdfitness.com/blog/how-to-stop-stress-eating-3-uncommon-tools-for-ending-emotional-eating/
SKIP robots https://www.nerdfitness.com/book-a-call-with-one-of-our-coaches-facebook-pixel-code-test/
SKIP robots https://www.nerdfitness.com/blog/underpants-gnomes/
SKIP robots https://www.nerdfitness.com/blog/how-to-start-working-out-consistently/
SKIP robots https://www.nerdfitness.com/blog/how-to-exercise-with-your-kids-work-out-as-a-family/
SKIP robots https://www.nerdfitness.com/blog/hiking/
SKIP robots https://www.nerdfitness.com/camp-nerd-fitness-interest-confirmation/
SKIP robots https://www.nerdfitness.com/blog/is-fruit-healthy-for-you/
SKIP robots https://www.nerdfitness.com/blog/everything-you-need-to-know-about-hydration/
SKIP robots https://www.nerdfitness.com/blog/how-to-work-out-in-small-spaces-the-no-space-workout/
SKIP robots https://www.nerdfitness.com/blog/how-to-jump-rope-ultimate-beginners-guide/
SKIP robots https://www.nerdfitness.com/blog/the-flexitarian-diet-plan-the-ultimate-beginners-guide-to-semi-vegetarianism/
SKIP robots https://www.nerdfitness.com/blog/the-4-step-plan-to-not-suck-at-talking-to-people/
SKIP robots https://www.nerdfitness.com/blog/6-things-you-should-do-before-buying-a-gym-membership/
SKIP robots https://www.nerdfitness.com/blog/batman-bodyweight-workout/
SKIP robots https://www.nerdfitness.com/blog/female-powerlifters-meet-staci-ardison/
SKIP robots https://www.nerdfitness.com/blog/what-to-do-when-you-hit-a-plateau/
SKIP robots https://www.nerdfitness.com/blog/how-megan-lost-200-pounds/
SKIP robots https://www.nerdfitness.com/blog/a-nerds-guide-to-yoga-4-movements-to-try-today/
SKIP robots https://www.nerdfitness.com/blog/how-gabe-changed-his-life/
SKIP robots https://www.nerdfitness.com/blog/vegetable-haters-how-to-start-eating-vegetables/
SKIP robots https://www.nerdfitness.com/blog/how-to-track-progress/
SKIP robots https://www.nerdfitness.com/blog/how-to-determine-your-perfect-workout-plan/
SKIP robots https://www.nerdfitness.com/blog/just-how-fast-can-i-get-the-body-i-want/
SKIP robots https://www.nerdfitness.com/blog/how-do-beginners-get-fit/
SKIP robots https://www.nerdfitness.com/blog/how-to-do-a-proper-pull-up-and-why-you-need-to-do-them/
SKIP robots https://www.nerdfitness.com/blog/what-should-i-do-on-my-off-days/
SKIP robots https://www.nerdfitness.com/blog/the-10-key-differences-between-weight-loss-success-and-failure/
SKIP robots https://www.nerdfitness.com/blog/the-ultimate-guide-to-dry-january-how-to-crush-a-month-of-no-alcohol/
SKIP robots https://www.nerdfitness.com/blog/7-emergency-hacks-to-stay-healthy-in-the-winter/
SKIP robots https://www.nerdfitness.com/blog/how-an-accountability-partner-changed-brents-life/
SKIP robots https://www.nerdfitness.com/signup/
SKIP robots https://www.nerdfitness.com/product-redirect/
SKIP robots https://www.nerdfitness.com/blog/how-to-fight-the-tired-parent-syndrome/
SKIP robots https://www.nerdfitness.com/blog/is-diet-coke-bad-for-you-what-about-artificial-sweeteners/
SKIP robots https://www.nerdfitness.com/camp-nerd-fitness/
SKIP robots https://www.nerdfitness.com/blog/rage-against-the-machine-how-to-switch-from-exercise-machines-to-free-weights/
SKIP robots https://www.nerdfitness.com/blog/4-strategies-for-losing-75-pounds/
SKIP robots https://www.nerdfitness.com/blog/megan-lost-15-pounds-by-eating-more/
SKIP robots https://www.nerdfitness.com/blog/ranada-the-full-time-student-lost-65-lbs-heres-how/
SKIP robots https://www.nerdfitness.com/blog/how-to-do-a-lunge/
SKIP robots https://www.nerdfitness.com/blog/a-beginners-guide-to-biking/
SKIP robots https://www.nerdfitness.com/blog/alcohol/
SKIP robots https://www.nerdfitness.com/blog/how-to-build-a-home-gym-the-ultimate-guide-for-garage-gym-ideas/
SKIP robots https://www.nerdfitness.com/blog/can-diet-coke-make-you-fat/
SKIP robots https://www.nerdfitness.com/library/
SKIP robots https://www.nerdfitness.com/invalid-coaching-waiver-link/
SKIP robots https://www.nerdfitness.com/alek-test/
SKIP robots https://www.nerdfitness.com/blog/behind-the-scenes-of-aksels-unreal-transformation/
SKIP robots https://www.nerdfitness.com/blog/mason-lost-70-pounds-heres-how/
SKIP robots https://www.nerdfitness.com/blog/what-is-progressive-overload/
SKIP robots https://www.nerdfitness.com/nf-coaching-your-perfect-coach/
SKIP robots https://www.nerdfitness.com/coaching-intake/
SKIP robots https://www.nerdfitness.com/blog/15-easy-meals-you-can-cook-at-home-during-the-apocalypse/
SKIP robots https://www.nerdfitness.com/blog/how-to-make-a-hearty-winter-stew/
SKIP robots https://www.nerdfitness.com/blog/meditation-building-the-superpower-you-didnt-even-know-you-had/
SKIP robots https://www.nerdfitness.com/remote-add-user-to-team/
SKIP robots https://www.nerdfitness.com/blog/the-ultimate-omad-diet-guide-can-one-meal-a-day-help-with-weight-loss/
SKIP robots https://www.nerdfitness.com/blog/does-the-military-diet-actually-work/
SKIP robots https://www.nerdfitness.com/blog/how-i-gained-18-lbs-of-muscle-in-30-days/
SKIP robots https://www.nerdfitness.com/journey-landing-page/
SKIP robots https://www.nerdfitness.com/store/
SKIP robots https://www.nerdfitness.com/blog/should-you-try-the-carnivore-diet-5-questions-addressed/
SKIP robots https://www.nerdfitness.com/blog/do-something-you-suck-at/
SKIP robots https://www.nerdfitness.com/blog/is-rice-healthy-for-me-does-white-vs-brown-rice-matter/
SKIP robots https://www.nerdfitness.com/blog/the-beginners-guide-to-the-mediterranean-diet/
SKIP robots https://www.nerdfitness.com/blog/gameify-your-life/
SKIP robots https://www.nerdfitness.com/blog/i-worked-out-and-now-im-so-sore-help/
SKIP robots https://www.nerdfitness.com/checkout/
SKIP robots https://www.nerdfitness.com/blog/work-out-at-home-at-the-office-or-anywhere-you-want-how-to-get-started-with-bodyweight-training-today/
SKIP robots https://www.nerdfitness.com/blog/cheap-and-healthy-food/
SKIP robots https://www.nerdfitness.com/blog/should-i-go-back-to-the-gym-when-it-reopens-is-going-to-the-gym-safe/
SKIP robots https://www.nerdfitness.com/set-or-retrieve-password/
SKIP robots https://www.nerdfitness.com/blog/the-ultimate-guide-for-improving-wrist-mobility-16-exercises-for-the-gym-home-or-office/
SKIP robots https://www.nerdfitness.com/blog/lost-at-the-grocery-store-introducing-the-nerd-fitness-pantry/
SKIP robots https://www.nerdfitness.com/blog/no-gym-no-problem-jimmy-the-engineers-epic-transformation/
SKIP robots https://www.nerdfitness.com/blog/how-tiny-changes-transformed-me-from-steve-rogers-to-captain-america/
SKIP robots https://www.nerdfitness.com/kickass-courses-and-events/
SKIP robots https://www.nerdfitness.com/rebellion-kit/
SKIP robots https://www.nerdfitness.com/academy-overview-page/
SKIP robots https://www.nerdfitness.com/rising-heroes/
SKIP robots https://www.nerdfitness.com/rings-and-handstands-superpack/
SKIP robots https://www.nerdfitness.com/level-up/courses/
SKIP robots https://www.nerdfitness.com/discord-auth/
SKIP robots https://www.nerdfitness.com/blog/a-step-by-step-guide-to-meal-planning-and-prep/
SKIP robots https://www.nerdfitness.com/remote-password-reset-nfu/
SKIP robots https://www.nerdfitness.com/blog/the-keto-diet-and-exercise-the-ultimate-guide-for-training-on-a-low-carb-diet/
SKIP robots https://www.nerdfitness.com/blog/the-truth-about-superfood-acai-bowls-and-acai-berries-read-this-first/
SKIP robots https://www.nerdfitness.com/blog/is-drinking-fruit-juice-healthy-is-fruit-juice-really-as-bad-as-soda/
SKIP robots https://www.nerdfitness.com/blog/yesterday-tomorrow-today/
SKIP robots https://www.nerdfitness.com/blog/tabata-the-most-efficient-4-minutes-of-your-life/
SKIP robots https://www.nerdfitness.com/blog/why-self-limiting-beliefs-are-bs-and-how-to-crush-them/
SKIP robots https://www.nerdfitness.com/blog/konami-code-workout/
SKIP robots https://www.nerdfitness.com/blog/your-first-week-on-the-keto-diet-what-to-do-and-what-to-expect/
SKIP robots https://www.nerdfitness.com/blog/the-20-min-hiit-workout-for-home-the-ultimate-guide-for-interval-training-anywhere/
SKIP robots https://www.nerdfitness.com/blog/the-bent-over-row-the-ultimate-guide-for-dumbbell-and-barbell-row-training/
SKIP robots https://www.nerdfitness.com/blog/how-often-should-i-work-out-the-ultimate-guide-for-building-an-exercise-routine/
SKIP robots https://www.nerdfitness.com/blog/am-i-too-old-to-get-in-shape/
SKIP robots https://www.nerdfitness.com/blog/nerd-fitness-library/
SKIP robots https://www.nerdfitness.com/blog/strength-training-101-the-overhead-press/
SKIP robots https://www.nerdfitness.com/blog/super-simple-batch-cooked-chicken-for-lazy-people/
SKIP robots https://www.nerdfitness.com/blog/why-youre-not-in-shape-yet/
SKIP robots https://www.nerdfitness.com/blog/civil-war-week-can-you-adapt-like-iron-man/
SKIP robots https://www.nerdfitness.com/blog/get-fit-with-pokemon-go/
SKIP robots https://www.nerdfitness.com/blog/the-worlds-quickest-advice-column-hack-your-life/
SKIP robots https://www.nerdfitness.com/blog/why-you-should-stop-dramatizing-your-fitness-and-health-goals-a-plea-for-easy-bottle-battles/
SKIP robots https://www.nerdfitness.com/blog/why-you-should-make-your-bed-every-morning/
SKIP robots https://www.nerdfitness.com/blog/how-to-survive-sitting-all-day/
SKIP robots https://www.nerdfitness.com/blog/game-of-life/
SKIP robots https://www.nerdfitness.com/the-rebel-army-newsletter/
SKIP robots https://www.nerdfitness.com/blog/change-can-happen-in-an-instant-has-it-happened-to-you/
SKIP robots https://www.nerdfitness.com/blog/how-steve-the-software-architect-dropped-110-lbs/
SKIP robots https://www.nerdfitness.com/blog/steve-finally-does-the-als-ice-bucket-challenge-also-were-hiring/
SKIP robots https://www.nerdfitness.com/blog/the-rebel-fitness-guide-is-now-available-72-hours-only/
SKIP robots https://www.nerdfitness.com/blog/stop-looking-at-me-swan-life-lessons-learned-from-billy-madison/
SKIP robots https://www.nerdfitness.com/blog/what-do-you-want-to-do-before-you-die/
SKIP robots https://www.nerdfitness.com/blog/the-mike-tyson’s-punch-out-guide-to-becoming-quasi-famous-and-inspiring-others/
SKIP robots https://www.nerdfitness.com/blog/reader-spotlight-from-world-of-warcraft-to-the-world-of-wildfires/
SKIP robots https://www.nerdfitness.com/blog/it-will-never-be/
SKIP robots https://www.nerdfitness.com/blog/simple-but-not-simplistic-–-the-benefits-of-kettlebell-training/
SKIP robots https://www.nerdfitness.com/blog/help-me-help-you/
SKIP robots https://www.nerdfitness.com/blog/vibram-fivefingers-first-impressions/
SKIP robots https://www.nerdfitness.com/blog/how-to-look-like-daniel-craig-in-casino-royale/
SKIP robots https://www.nerdfitness.com/blog/office-space/
SKIP robots https://www.nerdfitness.com/blog/look-like-jamie-bamber-in-battlestar-galactica/
SKIP robots https://www.nerdfitness.com/blog/how-to-look-like-ryan-reynolds-in-blade-3/
SKIP robots https://www.nerdfitness.com/blog/how-to-look-like-brad-pitt-in-troy/
SKIP robots https://www.nerdfitness.com/blog/how-to-look-like-gerard-butler-in-the-movie-300/
SKIP robots https://www.nerdfitness.com/blog/whats-better-free-weights-or-machines/
SKIP robots https://www.nerdfitness.com/blog/fast-twitch-vs-slow-twitch-what-kind-of-muscles-do-you-want/
SKIP robots https://www.nerdfitness.com/blog/find-your-yoda/
SKIP robots https://www.nerdfitness.com/blog/the-300-workout/
SKIP robots https://www.nerdfitness.com/blog/playground-workout/
SKIP robots https://www.nerdfitness.com/academy-overview-page-get-outside/
SKIP robots https://www.nerdfitness.com/blog/jaime-ss/
SKIP robots https://www.nerdfitness.com/blog/101-equipment/
SKIP robots https://www.nerdfitness.com/blog/cooking-101-how-to-navigate-a-grocery-store/
SKIP robots https://www.nerdfitness.com/blog/what-to-do-after-you-injure-yourself/
SKIP robots https://www.nerdfitness.com/blog/how-aylette-overcame-injuries-grew-strong-and-started-winning-gold-medals/
SKIP robots https://www.nerdfitness.com/blog/what-supplements-should-i-take/
SKIP robots https://www.nerdfitness.com/blog/a-college-guide-to-eating-healthy/
SKIP robots https://www.nerdfitness.com/blog/healthy-bbq/
SKIP robots https://www.nerdfitness.com/blog/strength-training-101-finding-the-right-gym/
SKIP robots https://www.nerdfitness.com/blog/tools-of-the-empire-7-healthy-foods-that-actually-suck/
SKIP robots https://www.nerdfitness.com/blog/how-to-read-a-nutrition-label-part-1/
SKIP robots https://www.nerdfitness.com/blog/meeting-people-through-fitness/
SKIP robots https://www.nerdfitness.com/blog/how-mark-adjusted-his-mindset-learned-to-meal-prep-and-lost-65-pounds/
SKIP robots https://www.nerdfitness.com/blog/a-nerds-guide-to-mindfulness/
SKIP robots https://www.nerdfitness.com/blog/50-keto-snacks-the-ultimate-low-carb-snack-guide/
SKIP robots https://www.nerdfitness.com/blog/beginners-guide-to-body-types-ectomorph-mesomorph-endomorph/
SKIP robots https://www.nerdfitness.com/blog/how-kyle-the-vegetarian-lost-27-pounds-and-started-crushing-pull-ups/
SKIP robots https://www.nerdfitness.com/blog/3-reasons-to-reconsider-stepping-on-the-scale-this-morning/
SKIP robots https://www.nerdfitness.com/blog/the-future-of-nerd-fitness/
SKIP robots https://www.nerdfitness.com/blog/losing-the-last-20-pounds-7-lessons-learned-while-still-eating-carbs/
SKIP robots https://www.nerdfitness.com/blog/the-paleo-diet-vs-keto-diet-3-lessons-learned/
SKIP robots https://www.nerdfitness.com/blog/act-like-a-kid/
SKIP robots https://www.nerdfitness.com/blog/why-you-need-a-sidekick/
SKIP robots https://www.nerdfitness.com/blog/chris-guillebeau-interview/
SKIP robots https://www.nerdfitness.com/blog/ive-vicariously-through-yourself/
SKIP robots https://www.nerdfitness.com/blog/matrix-skill-acquisition/
SKIP robots https://www.nerdfitness.com/blog/conventional-wisdom/
SKIP robots https://www.nerdfitness.com/blog/5-life-lessons-learned-from-the-karate-kid/
SKIP robots https://www.nerdfitness.com/blog/is-it-really-worth-it/
SKIP robots https://www.nerdfitness.com/blog/43-ways-to-level-up-your-life-starting-right-now/
SKIP robots https://www.nerdfitness.com/blog/how-emily-started-picking-up-barbells-learned-to-meal-plan-and-lost-65-pounds/
SKIP robots https://www.nerdfitness.com/blog/how-jennifer-the-photographer-discovered-a-love-of-strength-training-lost-20-pounds-and-leveled-up-her-life/
SKIP robots https://www.nerdfitness.com/blog/updates-this-week/
SKIP robots https://www.nerdfitness.com/blog/couch-to-5k-get-off-your-ass/
SKIP robots https://www.nerdfitness.com/blog/the-onion-reports-on-sonys-latest-gadget-warning-lots-of-swears-and-lots-of-laughs/
SKIP robots https://www.nerdfitness.com/blog/how-he-lost-24-pounds-in-9-weeks/
SKIP robots https://www.nerdfitness.com/blog/npd-wii-fit-sells-record-setting-777k-in-january-news-at-gamespot/
SKIP robots https://www.nerdfitness.com/blog/food-best-and-the-worst/
SKIP robots https://www.nerdfitness.com/blog/how-fahad-the-computer-repair-technician-lost-50-pounds-and-changed-his-life-from-the-inside-out/
SKIP robots https://www.nerdfitness.com/blog/deadlift-the-ultimate-exercise-not-just-for-zombies/
SKIP robots https://www.nerdfitness.com/academy-biggest-sale-jan-2019-fb/
SKIP robots https://www.nerdfitness.com/blog/does-late-night-eating-cause-weight-gain/
SKIP robots https://www.nerdfitness.com/blog/what-the-eff-is-an-electrolyte-is-gatorade-the-real-deal/
SKIP robots https://www.nerdfitness.com/blog/your-best-low-carb-fast-food-options-a-guide-for-keto-on-the-go/
SKIP robots https://www.nerdfitness.com/workouts/
SKIP robots https://www.nerdfitness.com/fitness-guides/
SKIP robots https://www.nerdfitness.com/rebel-strength-guide-2/
SKIP robots https://www.nerdfitness.com/team-nerd-fitness/
SKIP robots https://www.nerdfitness.com/team-nerd-fitness-2/
SKIP robots https://www.nerdfitness.com/blog/5-lessons-learned-from-a-skinny-nerd-deadlifting-420-pounds/
SKIP robots https://www.nerdfitness.com/appfaq/
SKIP robots https://www.nerdfitness.com/blog/iron-man/
SKIP robots https://www.nerdfitness.com/blog/10-months-128-pounds-lost/
SKIP robots https://www.nerdfitness.com/rebel-strength-guide-review-copy-page/
SKIP robots https://www.nerdfitness.com/new-rebel-strength/
SKIP robots https://www.nerdfitness.com/rsg-sales-page/
SKIP robots https://www.nerdfitness.com/blog/motivation-youre-doing-it-wrong/
SKIP robots https://www.nerdfitness.com/blog/how-to-live-a-life-worth-living/
SKIP robots https://www.nerdfitness.com/blog/challenge-yourself-upgrade-yourself/
SKIP robots https://www.nerdfitness.com/blog/most-people-go-about-habit-change-backwards-heres-how-to-flip-it/
SKIP robots https://www.nerdfitness.com/blog/how-joe-the-lawyer-lost-50-pounds-ran-a-half-marathon-and-got-engaged/
SKIP robots https://www.nerdfitness.com/blog/kid-rock-guest-posts-and-a-pink-tutu/
SKIP robots https://www.nerdfitness.com/blog/how-to-use-a-foam-roller-step-by-step-guide/
SKIP robots https://www.nerdfitness.com/blog/tabata-part-2-ultimate-exercises-in-only-4-minutes/
SKIP robots https://www.nerdfitness.com/sales-page/
SKIP robots https://www.nerdfitness.com/blog/a-decent-meal/
SKIP robots https://www.nerdfitness.com/blog/5-ways-to-spice-up-eggs-and-bacon-and-a-request/
SKIP robots https://www.nerdfitness.com/blog/bronwynathena-success-story/
SKIP robots https://www.nerdfitness.com/blog/6-real-life-superhero-origin-stories-from-our-community/
SKIP robots https://www.nerdfitness.com/blog/nerd-fitness-yoga-is-now-available-until-friday/
SKIP robots https://www.nerdfitness.com/blog/camp-nerd-fitness-2016-heres-how-to-book-your-spot/
SKIP robots https://www.nerdfitness.com/blog/a-massive-camp-nerd-fitness-update/
SKIP robots https://www.nerdfitness.com/blog/camp-nerd-fitness-is-now-on-sale/
SKIP robots https://www.nerdfitness.com/blog/life-lessons-learned-from-summer-camp-camp-nerd-fitness-update/
SKIP robots https://www.nerdfitness.com/blog/is-cholesterol-killing-us-a-beginners-guide-to-cholesterol/
SKIP robots https://www.nerdfitness.com/blog/cooking-101-basic-knife-skills/
SKIP robots https://www.nerdfitness.com/blog/how-christina-lost-50-pounds-31-total-inches-and-did-her-first-pull-up/
SKIP robots https://www.nerdfitness.com/blog/positive-peer-pressure-to-get-in-shape/
SKIP robots https://www.nerdfitness.com/blog/what-the-hell-is-gluten/
SKIP robots https://www.nerdfitness.com/blog/overwhelmed-anxious-how-to-get-unstuck/
SKIP robots https://www.nerdfitness.com/blog/study-suggests-were-doomed-to-stay-fat-wait-what/
SKIP robots https://www.nerdfitness.com/blog/ready-player-one-10-tech-hacks-to-lose-weight-and-level-up-your-life/
SKIP robots https://www.nerdfitness.com/blog/the-10-things-perpetually-healthy-nerds-do-that-unhealthy-people-dont/
SKIP robots https://www.nerdfitness.com/blog/how-to-instantly-build-confidence-backed-by-science/
SKIP robots https://www.nerdfitness.com/blog/getting-started-with-nerd-fitness-ready-player-one/
SKIP robots https://www.nerdfitness.com/blog/infiltrating-the-empire-how-to-workout-properly-in-a-commercial-gym/
SKIP robots https://www.nerdfitness.com/epic-quest/
SKIP robots https://www.nerdfitness.com/blog/how-a-single-busy-mom-lost-100-pounds-with-nerd-fitness/
SKIP robots https://www.nerdfitness.com/blog/how-to-fix-new-years-resolutions/
SKIP robots https://www.nerdfitness.com/blog/why-exercise-is-the-least-important-part-of-the-equation-and-a-camp-nerd-fitness-update/
SKIP robots https://www.nerdfitness.com/blog/conquer-fear/
SKIP robots https://www.nerdfitness.com/blog/struggling-to-start-pick-one-of-these-5-quests/
SKIP robots https://www.nerdfitness.com/blog/nerd-fitness-begins/
SKIP robots https://www.nerdfitness.com/blog/help-im-worried-about-my-family/
SKIP robots https://www.nerdfitness.com/blog/hero-training/
SKIP robots https://www.nerdfitness.com/blog/how-to-create-your-own-jedi-council/
SKIP robots https://www.nerdfitness.com/blog/8-of-my-favorite-fitness-resources-40-spots-left-for-camp-nerd-fitness/
SKIP robots https://www.nerdfitness.com/blog/becoming-jason-bourne-how-to-live-like-an-international-spy/
SKIP robots https://www.nerdfitness.com/blog/how-to-not-get-scammed-by-food-labels-plus-were-hiring/
SKIP robots https://www.nerdfitness.com/blog/nerdy-and-different/
SKIP robots https://www.nerdfitness.com/blog/the-state-of-the-nf-rebellion-plus-nerd-fitness-yoga/
SKIP robots https://www.nerdfitness.com/blog/nerd-fitness-yoga-is-now-available/
SKIP robots https://www.nerdfitness.com/blog/go-right/
SKIP robots https://www.nerdfitness.com/blog/why-you-need-squats-in-your-workout-and-how-to-do-them-right/
SKIP robots https://www.nerdfitness.com/blog/snacking/
SKIP robots https://www.nerdfitness.com/blog/are-personal-trainers-a-waste-of-time/
SKIP robots https://www.nerdfitness.com/blog/new-habits/
SKIP robots https://www.nerdfitness.com/blog/power-of-habit/
SKIP robots https://www.nerdfitness.com/blog/how-kenney-the-tabletop-gamer-lost-120-pounds-and-found-his-voice-literally/
SKIP robots https://www.nerdfitness.com/trainerize-landing-page/
SKIP robots https://www.nerdfitness.com/academy-overview-email/
SKIP robots https://www.nerdfitness.com/women-coaching-overview-v2/
SKIP robots https://www.nerdfitness.com/work-with-us/
SKIP robots https://www.nerdfitness.com/blog/what-the-world-of-warcraft-can-teach-us-about-genetics/
SKIP robots https://www.nerdfitness.com/guest-posts/
SKIP robots https://www.nerdfitness.com/blog/comparison/
SKIP robots https://www.nerdfitness.com/blog/always-be-learning/
SKIP robots https://www.nerdfitness.com/blog/real-life-role-playing-what-is-your-profession/
SKIP robots https://www.nerdfitness.com/blog/why-yoga/
SKIP robots https://www.nerdfitness.com/blog/how-to-not-suck-at-a-first-date/
SKIP robots https://www.nerdfitness.com/blog/the-ultimate-guide-to-building-any-physique-or-skill-set/
SKIP robots https://www.nerdfitness.com/blog/can-you-actually-banish-belly-fat/
SKIP robots https://www.nerdfitness.com/blog/how-to-improve-your-personal-style-without-going-shopping/
SKIP robots https://www.nerdfitness.com/blog/why-you-cant-spot-remove-fat/
SKIP robots https://www.nerdfitness.com/blog/how-ben-stark-lost-over-200-lbs-while-playing-life-on-hard/
SKIP robots https://www.nerdfitness.com/blog/how-larry-beat-rheumatoid-arthritis-and-got-strong-as-hell/
SKIP robots https://www.nerdfitness.com/blog/stop-lying-how-painful-realizations-can-unlock-a-healthier-life/
SKIP robots https://www.nerdfitness.com/blog/how-a-330-lb-high-school-dropout-lost-140-lbs-and-turned-his-life-around/
SKIP robots https://www.nerdfitness.com/blog/stop-foot-pain-a-nerds-guide-to-healthy-feet/
SKIP robots https://www.nerdfitness.com/blog/how-to-cook-paleo-spaghetti/
SKIP robots https://www.nerdfitness.com/blog/path-of-the-hero/
SKIP robots https://www.nerdfitness.com/blog/how-to-look-like-famous-celebrity-in-big-action-movie/
SKIP robots https://www.nerdfitness.com/blog/morning-mile/
SKIP robots https://www.nerdfitness.com/blog/choose-your-own-fitness-journey/
SKIP robots https://www.nerdfitness.com/blog/5-mistakes-that-newbies-make-when-trying-to-get-healthy/
SKIP robots https://www.nerdfitness.com/blog/level-up-your-life-4-determining-your-calorie-level/
SKIP robots https://www.nerdfitness.com/blog/the-ultimate-guide-to-quitting-smoking-permanently/
SKIP robots https://www.nerdfitness.com/blog/end-of-the-world/
SKIP robots https://www.nerdfitness.com/blog/how-to-survive-a-zombie-apocalypse/
SKIP robots https://www.nerdfitness.com/blog/player-one-you-are-about-to-die/
SKIP robots https://www.nerdfitness.com/academy-overview/
SKIP robots https://www.nerdfitness.com/new-rebel-running/
SKIP robots https://www.nerdfitness.com/new-rebel-fitness/
SKIP robots https://www.nerdfitness.com/new-rebel-kit/
SKIP robots https://www.nerdfitness.com/academy-video-overview/
SKIP robots https://www.nerdfitness.com/academy-overview-page-act-now/
SKIP robots https://www.nerdfitness.com/blog/lessons-from-a-former-fat-guy/
SKIP robots https://www.nerdfitness.com/blog/how-jake-lost-70-pounds-in-9-months/
SKIP robots https://www.nerdfitness.com/blog/proper-gym-etiquette-how-to-not-be-a-newbie-in-the-gym/
SKIP robots https://www.nerdfitness.com/blog/how-to-lose-weight-without-doing-one-minute-of-exercise/
SKIP robots https://www.nerdfitness.com/blog/11-most-common-workout-questions-answered/
SKIP robots https://www.nerdfitness.com/blog/cardio-vs-hiit-vs-weights-rebooting-our-research/
SKIP robots https://www.nerdfitness.com/blog/super-hero-muscle/
SKIP robots https://www.nerdfitness.com/blog/how-the-heck-do-i-get-started/
SKIP robots https://www.nerdfitness.com/blog/the-big-nerd-manifesto-15-tips-for-guaranteed-weight-loss/
SKIP robots https://www.nerdfitness.com/parent-demo/
SKIP robots https://www.nerdfitness.com/blog/60-pounds-overweight-to-6-pack-abs/
SKIP robots https://www.nerdfitness.com/blog/intermittent-fasting/
SKIP robots https://www.nerdfitness.com/content-restricted/
SKIP robots https://www.nerdfitness.com/the-beginners-guide-to-the-paleo-diet1/
SKIP robots https://www.nerdfitness.com/blog/sugar-industry/
SKIP robots https://www.nerdfitness.com/blog/how-anthony-the-developer-lost-over-200-lbs-in-one-year/
SKIP robots https://www.nerdfitness.com/blog/what-you-need-to-know-about-p90x-insanity-weight-watchers-shakeology-cleanses-and-nutrisystem/
SKIP robots https://www.nerdfitness.com/blog/keep-it-simple-stupid-get-results-with-only-4-exercises/
SKIP robots https://www.nerdfitness.com/level-up/my-character/
SKIP robots https://www.nerdfitness.com/blog/how-to-make-paleo-tacos/
SKIP robots https://www.nerdfitness.com/blog/a-nerds-guide-to-gaming-with-kids/
SKIP robots https://www.nerdfitness.com/blog/josh-and-leah/
SKIP robots https://www.nerdfitness.com/blog/how-to-handstand-better-than-luke-skywalker/
SKIP robots https://www.nerdfitness.com/blog/rings-and-handstand-superpack-is-now-open-until-friday/
SKIP robots https://www.nerdfitness.com/blog/welcome-home/
SKIP robots https://www.nerdfitness.com/blog/going-paleo-5-things-you-need-to-know/
SKIP robots https://www.nerdfitness.com/blog/the-womens-fitness-academy-is-now-open-until-friday/
SKIP robots https://www.nerdfitness.com/blog/an-update-with-staci-our-powerlifting-superhero-plus-academy-scholarships/
SKIP robots https://www.nerdfitness.com/blog/the-matrix-has-you-prisoner-take-the-2-week-break-free-challenge/
SKIP robots https://www.nerdfitness.com/blog/that-time-i-did-2440-pull-ups-the-60-day-plp-challenge/
SKIP robots https://www.nerdfitness.com/blog/how-ruth-the-physician-lost-10-sizes-and-renewed-her-life/
SKIP robots https://www.nerdfitness.com/blog/goonies/
SKIP robots https://www.nerdfitness.com/blog/2012-review/
SKIP robots https://www.nerdfitness.com/blog/how-to-accomplish-anything/
SKIP robots https://www.nerdfitness.com/blog/shine-a-damn-light/
SKIP robots https://www.nerdfitness.com/blog/stacis-dog-has-been-dognapped-no-not-really/
SKIP robots https://www.nerdfitness.com/email-next-steps/
SKIP robots https://www.nerdfitness.com/blog/you-are-flawed-and-so-are-your-heroes/
SKIP robots https://www.nerdfitness.com/blog/how-tim-walked-his-way-to-a-50-pound-weight-loss-wait-what/
SKIP robots https://www.nerdfitness.com/blog/how-to-increase-your-actions-per-day-apd/
SKIP robots https://www.nerdfitness.com/rising-heroes-paypal-subscription-purchase/
SKIP robots https://www.nerdfitness.com/blog/rising-heroes-closes-tomorrow-are-you-in/
SKIP robots https://www.nerdfitness.com/waiting/
SKIP robots https://www.nerdfitness.com/subscription-center/
SKIP robots https://www.nerdfitness.com/blog/the-winter-is-coming-workout/
SKIP robots https://www.nerdfitness.com/blog/5-important-truths-about-the-paleo-diet/
SKIP robots https://www.nerdfitness.com/top-posts/
SKIP robots https://www.nerdfitness.com/blog/exercise-sucks-heres-what-to-do-about-it/
SKIP robots https://www.nerdfitness.com/fix-cross-sold-my-account-orders/
SKIP robots https://www.nerdfitness.com/blog/parents-how-to-instill-a-love-of-fitness-in-your-kids/
SKIP robots https://www.nerdfitness.com/blog/5-common-push-up-mistakes-to-avoid/
SKIP robots https://www.nerdfitness.com/blog/5-common-mistakes-when-doing-a-proper-squat/
SKIP robots https://www.nerdfitness.com/blog/5-common-mistakes-when-doing-a-pull-up/
SKIP robots https://www.nerdfitness.com/blog/alaska/
SKIP robots https://www.nerdfitness.com/blog/a-degenerate-gamblers-guide-to-effortless-weight-loss/
SKIP robots https://www.nerdfitness.com/blog/how-to-make-chicken-satay/
SKIP robots https://www.nerdfitness.com/blog/a-nerds-guide-to-anxiety/
SKIP robots https://www.nerdfitness.com/blog/the-biggest-enemy-youll-ever-face/
SKIP robots https://www.nerdfitness.com/choose-your-class/
SKIP robots https://www.nerdfitness.com/blog/create-a-free-character-today-and-join-the-fight/
SKIP robots https://www.nerdfitness.com/epic-quest-faq/
SKIP robots https://www.nerdfitness.com/create-your-character/
SKIP robots https://www.nerdfitness.com/blog/how-amy-gave-up-perfection-and-lost-116-lbs/
SKIP robots https://www.nerdfitness.com/level-up/my-quests/
SKIP robots https://www.nerdfitness.com/free-resources/
SKIP robots https://www.nerdfitness.com/blog/the-shit-they-dont-tell-you-12-things-new-parents-need-to-know/
SKIP robots https://www.nerdfitness.com/blog/10-meals/
SKIP robots https://www.nerdfitness.com/blog/simple-and-delicious-how-to-cook-fajitas/
SKIP robots https://www.nerdfitness.com/pokemon-go-tips-and-tricks/
SKIP robots https://www.nerdfitness.com/confirm-email-bf-percent/
SKIP robots https://www.nerdfitness.com/confirm-email-beginner-workout/
SKIP robots https://www.nerdfitness.com/confirm-email-paleo/
SKIP robots https://www.nerdfitness.com/confirm-email-rules/
SKIP robots https://www.nerdfitness.com/confirm-email-about/
SKIP robots https://www.nerdfitness.com/confirm-email-end-post/
SKIP robots https://www.nerdfitness.com/confirm-email-sidebar/
SKIP robots https://www.nerdfitness.com/blog/the-deadpool-guide-to-self-love/
SKIP robots https://www.nerdfitness.com/blog/why-you-should-be-planning-your-meals/
SKIP robots https://www.nerdfitness.com/blog/the-official-strategy-guide-to-the-game-of-l-i-f-e/
SKIP robots https://www.nerdfitness.com/blog/date-night-25-kickass-nerdy-and-fit-date-ideas/
SKIP robots https://www.nerdfitness.com/blog/how-to-not-suck-at-running/
SKIP robots https://www.nerdfitness.com/blog/how-to-be-better-than-the-biggest-losers-and-create-a-lasting-change/
SKIP robots https://www.nerdfitness.com/blog/why-the-biggest-loser-is-making-us-into-losers/
SKIP robots https://www.nerdfitness.com/blog/turn-fitness-into-a-game-new-workouts-fun-quests-and-epic-boss-battles/
SKIP robots https://www.nerdfitness.com/blog/how-to-read-a-recipe-and-not-want-to-punch-a-hole-in-the-wall/
SKIP robots https://www.nerdfitness.com/blog/your-beliefs-are-wrong-are-you-willing-to-change/
SKIP robots https://www.nerdfitness.com/blog/meet-daniel-the-austrian-rebel-who-dropped-109-pounds/
SKIP robots https://www.nerdfitness.com/blog/thai-zoodle-stirfry/
SKIP robots https://www.nerdfitness.com/blog/the-superhero-civil-war-workout-choose-iron-man-or-captain-america/
SKIP robots https://www.nerdfitness.com/blog/civil-war-week-stick-to-your-guns-like-captain-america/
SKIP robots https://www.nerdfitness.com/blog/what-essential-items-do-you-need-to-bring-to-the-gym/
SKIP robots https://www.nerdfitness.com/blog/how-zach-the-chemist-lost-over-100-lbs/
SKIP robots https://www.nerdfitness.com/blog/how-to-build-an-active-outdoor-lifestyle-with-your-kids/
SKIP robots https://www.nerdfitness.com/blog/weight-belts-and-gloves-dont-waste-your-money-or-time/
SKIP robots https://www.nerdfitness.com/blog/join-me-at-camp-nerd-fitness/
SKIP robots https://www.nerdfitness.com/blog/3-reasons-why-jumping-off-the-bridge-is-a-good-idea/
SKIP robots https://www.nerdfitness.com/blog/how-to-make-greek-stir-fry/
SKIP robots https://www.nerdfitness.com/blog/the-deadpool-guide-to-health-happiness-and-love/
SKIP robots https://www.nerdfitness.com/blog/katniss-shows-us-that-sometimes-sacrifice-is-necessary/
SKIP robots https://www.nerdfitness.com/blog/cooking-101-your-essential-kitchen-tools/
SKIP robots https://www.nerdfitness.com/blog/how-to-make-pineapple-coconut-thai-curry/
SKIP robots https://www.nerdfitness.com/blog/rey-from-star-wars-deadlifted-187-pounds-how-does-that-make-you-feel/
SKIP robots https://www.nerdfitness.com/blog/from-skinny-fat-to-ripped-jaspers-journey-to-real-life-superhero/
SKIP robots https://www.nerdfitness.com/blog/create-your-free-nerd-fitness-character-now/
SKIP robots https://www.nerdfitness.com/blog/level-up-your-life-is-now-available-heres-why-you-need-to-buy-it/
SKIP robots https://www.nerdfitness.com/blog/the-year-of-adventure-begins-join-me-next-week/
SKIP robots https://www.nerdfitness.com/login/
SKIP robots https://www.nerdfitness.com/class-descriptions/
SKIP robots https://www.nerdfitness.com/level-up/
SKIP robots https://www.nerdfitness.com/blog/new-years-resolutions-suck-heres-what-to-do-instead/
SKIP robots https://www.nerdfitness.com/nfx-login/
SKIP robots https://www.nerdfitness.com/logout/?_wpnonce=9fe9dbf6ba
SKIP robots https://www.nerdfitness.com/level-up/begin-your-quest/
SKIP robots https://www.nerdfitness.com/account-settings/
SKIP robots https://www.nerdfitness.com/blog/how-star-wars-helped-me-become-a-better-person/
SKIP robots https://www.nerdfitness.com/blog/a-fitness-epic-your-story-of-love-health-and-self-discovery/
SKIP robots https://www.nerdfitness.com/book/
SKIP robots https://www.nerdfitness.com/redeem/
SKIP robots https://www.nerdfitness.com/blog/how-to-make-six-ingredient-sesame-chicken-wings/
SKIP robots https://www.nerdfitness.com/level-up/start-here/
SKIP robots https://www.nerdfitness.com/blog/announcing-the-level-up-your-life-pre-order-bonuses-and-book-tour/
SKIP robots https://www.nerdfitness.com/level-up-your-life-landing-page-2/
SKIP robots https://www.nerdfitness.com/character-public/
SKIP robots https://www.nerdfitness.com/mens-fitness-101/
SKIP robots https://www.nerdfitness.com/the-nerd-fitness-academy-mens-fitness-101/
SKIP robots https://www.nerdfitness.com/the-nerd-fitness-academy-rebel-women/
SKIP robots https://www.nerdfitness.com/level-up/login/
SKIP robots https://www.nerdfitness.com/blog/winter-is-coming-join-the-holiday-watch-and-defend-the-realm/
SKIP robots https://www.nerdfitness.com/level-up/courses-dep/
SKIP robots https://www.nerdfitness.com/level-up/generic-typical-nfx/
SKIP robots https://www.nerdfitness.com/lostpassword/
SKIP robots https://www.nerdfitness.com/blog/stuck-at-the-starting-line-find-your-gateway-change/
SKIP robots https://www.nerdfitness.com/pre-order-level-up-your-life/
SKIP robots https://www.nerdfitness.com/blog/its-okay-to-be-a-nerd-says-former-worlds-strongest-man/
SKIP robots https://www.nerdfitness.com/rebel-running-guide/
SKIP robots https://www.nerdfitness.com/blog/want-to-live-longer-try-building-a-guild/
SKIP robots https://www.nerdfitness.com/blog/7-tips-for-parents-dealing-with-fussy-eaters/
SKIP robots https://www.nerdfitness.com/blog/barefoot-running-the-great-debate/
SKIP robots https://www.nerdfitness.com/blog/2-big-reasons-why-cheat-meals-are-worse-than-darth-vader/
SKIP robots https://www.nerdfitness.com/blog/how-to-make-pan-seared-salmon-and-pineapple-salsa/
SKIP robots https://www.nerdfitness.com/blog/how-to-make-tortilla-espanola/
SKIP robots https://www.nerdfitness.com/blog/paleo-central-android/
SKIP robots https://www.nerdfitness.com/blog/how-to-make-mini-paleo-pizzas/
SKIP robots https://www.nerdfitness.com/blog/how-to-be-awesome-at-approaching-people/
SKIP robots https://www.nerdfitness.com/blog/the-definitive-guide-to-bacon/
SKIP robots https://www.nerdfitness.com/blog/doug-funnie/
SKIP robots https://www.nerdfitness.com/blog/how-to-analyze-the-news/
SKIP robots https://www.nerdfitness.com/blog/seasame_street/
SKIP robots https://www.nerdfitness.com/blog/steve-says-relax/
SKIP robots https://www.nerdfitness.com/blog/the-arrested-development-workout-plan-come-on/
SKIP robots https://www.nerdfitness.com/blog/5-fitness-buzzwords/
SKIP robots https://www.nerdfitness.com/blog/robin/
SKIP robots https://www.nerdfitness.com/blog/what-now/
SKIP robots https://www.nerdfitness.com/blog/super-mario-eating/
SKIP robots https://www.nerdfitness.com/blog/life-lessons-learned-from-oregon-trail/
SKIP robots https://www.nerdfitness.com/blog/no-holiday-weight-gain/
SKIP robots https://www.nerdfitness.com/blog/3-reasons-people-succeed/
SKIP robots https://www.nerdfitness.com/blog/veronica/
SKIP robots https://www.nerdfitness.com/blog/unhealthy-spouse/
SKIP robots https://www.nerdfitness.com/blog/game-of-thrones/
SKIP robots https://www.nerdfitness.com/blog/embrace-the-weird/
SKIP robots https://www.nerdfitness.com/blog/unhealthy/
SKIP robots https://www.nerdfitness.com/blog/115-pound-weight-loss-journey/
SKIP robots https://www.nerdfitness.com/blog/unhealthy-coworker/
SKIP robots https://www.nerdfitness.com/blog/robots/
SKIP robots https://www.nerdfitness.com/blog/how-to-cook-salmon-and-asparagus/
SKIP robots https://www.nerdfitness.com/blog/this-time-its-different/
SKIP robots https://www.nerdfitness.com/blog/one-happy-groom/
SKIP robots https://www.nerdfitness.com/blog/the-captain-america-guide-to-leadership-and-inspiration/
SKIP robots https://www.nerdfitness.com/blog/assassins-creed/
SKIP robots https://www.nerdfitness.com/blog/building-strength-and-size-an-interview-with-fitness-yoda-vic-magary/
SKIP robots https://www.nerdfitness.com/blog/when-your-powers-combine/
SKIP robots https://www.nerdfitness.com/blog/how-to-not-suck-at-goal-setting/
SKIP robots https://www.nerdfitness.com/blog/why-not-you/
SKIP robots https://www.nerdfitness.com/blog/the-next-28-day-challenge-an-epic-quest-travel-update/
SKIP robots https://www.nerdfitness.com/blog/macguyver/
SKIP robots https://www.nerdfitness.com/blog/3-big-reasons-why-failure-breeds-success/
SKIP robots https://www.nerdfitness.com/blog/how-to-write-your-own-epic-destiny/
SKIP robots https://www.nerdfitness.com/blog/announcing-the-rebel-fitness-guide-affiliate-program-plus-a-few-other-updates/
SKIP robots https://www.nerdfitness.com/grok-on/
SKIP robots https://www.nerdfitness.com/hall-of-heroes/
SKIP robots https://www.nerdfitness.com/blog/how-daryl-the-fast-food-manager-dropped-100-pounds-following-nerd-philosophy/
SKIP robots https://www.nerdfitness.com/blog/apparently-everything-will-kill-you-yes-even-that/
SKIP robots https://www.nerdfitness.com/blog/learn-how-an-office-worker-lost-100-lbs-saved-his-own-life-and-became-a-superhero/
SKIP robots https://www.nerdfitness.com/blog/chili-stuffed-sweet-potato/
SKIP robots https://www.nerdfitness.com/blog/how-to-deal-with-an-unexpected-loss-rip-scott/
SKIP robots https://www.nerdfitness.com/blog/want-results-be-like-groot-i-am-groot/
SKIP robots https://www.nerdfitness.com/blog/4-steps-to-become-an-80s-action-movie-hero-youre-welcome/
SKIP robots https://www.nerdfitness.com/blog/how-to-use-primal-movement-to-rebel-against-captivity/
SKIP robots https://www.nerdfitness.com/shop/
SKIP robots https://www.nerdfitness.com/your-profile/
SKIP robots https://www.nerdfitness.com/register/
SKIP robots https://www.nerdfitness.com/resetpass/
SKIP robots https://www.nerdfitness.com/blog/life-is-a-game/
SKIP robots https://www.nerdfitness.com/blog/how-ron-the-lay-pastor-lost-100-lbs/
SKIP robots https://www.nerdfitness.com/blog/how-to-cook-the-easiest-steak-ever/
SKIP robots https://www.nerdfitness.com/blog/your-most-popular-diet-questions-answered/
SKIP robots https://www.nerdfitness.com/blog/why-you-should-do-less-or-maybe-even-nothing-at-all/
SKIP robots https://www.nerdfitness.com/blog/in-case-of-emergency-follow-this-workout-strategy/
SKIP robots https://www.nerdfitness.com/blog/whats-the-deal-with-gmos-are-they-actually-unsafe/
SKIP robots https://www.nerdfitness.com/blog/strength-and-honor-why-a-strong-nerd-is-the-best-nerd/
SKIP robots https://www.nerdfitness.com/team/
SKIP robots https://www.nerdfitness.com/blog/why-having-to-start-over-again-is-great/
SKIP robots https://www.nerdfitness.com/blog/is-it-vain-to-want-to-look-better-how-far-is-too-far/
SKIP robots https://www.nerdfitness.com/blog/why-you-should-level-up-and-how-to-crush-2014/
SKIP robots https://www.nerdfitness.com/blog/have-your-parents-decided-your-fitness-fate-happy-star-wars-day/
SKIP robots https://www.nerdfitness.com/blog/the-avengers-workout-challenge/
SKIP robots https://www.nerdfitness.com/blog/how-to-build-a-perfect-body-a-discussion-on-body-image/
SKIP robots https://www.nerdfitness.com/blog/want-to-crush-your-inner-demons-use-the-skywalker-strategy/
SKIP robots https://www.nerdfitness.com/blog/what-can-you-actually-get-done-in-six-weeks-a-new-six-week-challenge-starts/
SKIP robots https://www.nerdfitness.com/blog/maya-ss/
SKIP robots https://www.nerdfitness.com/blog/struggling-to-reach-a-goal-turn-it-into-a-boss-battle/
SKIP robots https://www.nerdfitness.com/blog/how-to-make-roasted-vegetables/
SKIP robots https://www.nerdfitness.com/blog/steve-tries-rock-climbing/
SKIP robots https://www.nerdfitness.com/blog/why-you-need-to-be-selfish-and-put-fitness-first/
SKIP robots https://www.nerdfitness.com/blog/how-to-make-curry-stuffed-sweet-potatoes/
SKIP robots https://www.nerdfitness.com/blog/already-gave-up-on-your-resolutions-congratulations-heres-why/
SKIP robots https://www.nerdfitness.com/blog/how-to-make-friends-as-a-grown-up/
SKIP robots https://www.nerdfitness.com/blog/there-are-no-extra-lives-make-this-one-count/
SKIP robots https://www.nerdfitness.com/blog/captain-america-teaches-us-why-old-school-is-the-best-school/
SKIP robots https://www.nerdfitness.com/blog/whats-your-main-quest-a-new-six-week-challenge-appears/
SKIP robots https://www.nerdfitness.com/blog/how-to-fly-35000-miles-visit-4-continents-9-countries-and-15-cities-for-418/
SKIP robots https://www.nerdfitness.com/blog/level-up-your-life-body-mass-index/
SKIP robots https://www.nerdfitness.com/blog/star-wars-explains-why-were-all-fat/
SKIP robots https://www.nerdfitness.com/blog/dodge-this-how-the-matrix-can-help-you-take-control-of-your-life/
SKIP robots https://www.nerdfitness.com/blog/how-lego-and-minecraft-will-help-you-get-in-shape/
SKIP robots https://www.nerdfitness.com/test-sell/
SKIP robots https://www.nerdfitness.com/blog/the-state-of-the-rebellion-nerd-fitness-2014-in-review/
SKIP robots https://www.nerdfitness.com/blog/how-to-make-paleo-beef-stew/
SKIP robots https://www.nerdfitness.com/blog/crockpot-pulled-pork-1-pot-5-awesome-meals-camp-nerd-fitness-sale-ends-friday/
SKIP robots https://www.nerdfitness.com/blog/i-dont-know-what-im-doing/
SKIP robots https://www.nerdfitness.com/blog/everything-anything/
SKIP robots https://www.nerdfitness.com/blog/struggling-to-get-fit-add-potions-before-your-boss-fight/
SKIP robots https://www.nerdfitness.com/blog/how-to-make-healthy-holiday-sides/
SKIP robots https://www.nerdfitness.com/blog/get-healthy-like-mr-spock/
SKIP robots https://www.nerdfitness.com/blog/ditch-the-sorting-hat-choose-your-own-adventure/
SKIP robots https://www.nerdfitness.com/blog/eat-out-level-up/
SKIP robots https://www.nerdfitness.com/ebooks_old/
SKIP robots https://www.nerdfitness.com/blog/do-you-avoid-photos-announcing-zfg-day/
SKIP robots https://www.nerdfitness.com/blog/is-a-calorie-really-just-a-calorie/
SKIP robots https://www.nerdfitness.com/blog/is-motivation-useless/
SKIP robots https://www.nerdfitness.com/blog/how-to-become-a-morning-person/
SKIP robots https://www.nerdfitness.com/blog/stay-healthy-on-vacation-with-this-simple-hack/
SKIP robots https://www.nerdfitness.com/blog/how-to-make-pan-roasted-pork-chops/
SKIP robots https://www.nerdfitness.com/blog/my-life-is-a-game-a-major-epic-quest-update-plus-a-request/
SKIP robots https://www.nerdfitness.com/blog/does-it-really-matter/
SKIP robots https://www.nerdfitness.com/blog/lessons-learned-from-camp-nerd-fitness/
SKIP robots https://www.nerdfitness.com/blog/if-you-start-go-all-the-way/
SKIP robots https://www.nerdfitness.com/blog/the-oath-of-the-nerd-fitness-rebellion/
SKIP robots https://www.nerdfitness.com/blog/dont-escape-get-inspired/
SKIP robots https://www.nerdfitness.com/blog/how-dave-the-radio-host-lost-over-170-lbs/
SKIP robots https://www.nerdfitness.com/blog/the-super-simple-7-ingredient-fish-and-veggies/
SKIP robots https://www.nerdfitness.com/blog/the-happiness-of-pursuit-how-a-nyt-best-selling-author-took-over-the-world/
SKIP robots https://www.nerdfitness.com/blog/lean-in-lessons-from-my-croatian-adventure/
SKIP robots https://www.nerdfitness.com/blog/standing/
SKIP robots https://www.nerdfitness.com/blog/limitless-what-if-you-could-access-more-of-your-brain/
SKIP robots https://www.nerdfitness.com/blog/greek-chicken-veggie-kabobs/
SKIP robots https://www.nerdfitness.com/blog/caffeine/
SKIP robots https://www.nerdfitness.com/blog/days-of-future-past-how-to-use-time-travel-for-success/
SKIP robots https://www.nerdfitness.com/blog/stop-delaying-the-inevitable/
SKIP robots https://www.nerdfitness.com/blog/the-improved-nerd-fitness-academy-literally-level-up-your-life/
SKIP robots https://www.nerdfitness.com/blog/growth-happens-at-our-limits-embrace-it/
SKIP robots https://www.nerdfitness.com/blog/healthy-hacks-for-staying-fit-on-the-road/
SKIP robots https://www.nerdfitness.com/blog/is-muscle-memory-a-real-thing/
SKIP robots https://www.nerdfitness.com/blog/how-to-deal-with-haters/
SKIP robots https://www.nerdfitness.com/blog/do-you-have-drive-heres-what-really-motivates-us/
SKIP robots https://www.nerdfitness.com/blog/becoming-antifragile-how-to-prepare-yourself-for-chaos/
SKIP robots https://www.nerdfitness.com/blog/how-to-make-the-easiest-chicken-ever/
SKIP robots https://www.nerdfitness.com/blog/the-no-excuses-play-like-a-champion-challenge/
SKIP robots https://www.nerdfitness.com/blog/how-to-make-paleo-shepherds-pie/
SKIP robots https://www.nerdfitness.com/blog/the-legend-of-zelda-workout/
SKIP robots https://www.nerdfitness.com/blog/six-months-ago-i-recommited-to-fitness-heres-what-happened/
SKIP robots https://www.nerdfitness.com/blog/today-is-my-30th-birthday-and-i-need-your-help/
SKIP robots https://www.nerdfitness.com/blog/lets-build-a-freaking-library/
SKIP robots https://www.nerdfitness.com/customize-your-character-what-class-do-you-choose/
SKIP robots https://www.nerdfitness.com/blog/100-ways-to-join-the-nerd-fitness-rebellion/
SKIP robots https://www.nerdfitness.com/blog/of-hope-and-action-the-shawshank-inspiration/
SKIP robots https://www.nerdfitness.com/blog/which-ninja-turtle-are-you/
SKIP robots https://www.nerdfitness.com/blog/make-optimus-prime-proud-learn-how-to-transform-your-life/
SKIP robots https://www.nerdfitness.com/blog/how-to-stay-active-when-you-have-a-family/
SKIP robots https://www.nerdfitness.com/blog/meet-steve-kamb/
SKIP robots https://www.nerdfitness.com/blog/do-you-make-any-of-these-3-excuses/
SKIP robots https://www.nerdfitness.com/camp-nf-staci/
SKIP robots https://www.nerdfitness.com/blog/level-up-your-life-3-basal-metabolic-rate/
SKIP robots https://www.nerdfitness.com/blog/how-nick-the-tobacconist-lost-over-60-lbs-a-nerd-fitness-success-story/
SKIP robots https://www.nerdfitness.com/blog/boards-dont-hit-back-the-legend-of-bruce-lee/
SKIP robots https://www.nerdfitness.com/blog/lost-in-a-labyrinth-getting-healthy-isnt-a-straight-shot/
SKIP robots https://www.nerdfitness.com/blog/becoming-wolverine-how-to-recover-faster-and-never-get-hurt-again/
SKIP robots https://www.nerdfitness.com/blog/5-reasons-why-you-need-to-eat-breakfast/
SKIP robots https://www.nerdfitness.com/blog/how-to-set-a-new-personal-record-every-day/
SKIP robots https://www.nerdfitness.com/blog/the-5-biggest-life-lessons-i-learned-in-the-arcade/
SKIP robots https://www.nerdfitness.com/speaking/
SKIP robots https://www.nerdfitness.com/blog/its-the-little-things-plus-new-nf-shirts-and-camp-nf-on-sale-monday/
SKIP robots https://www.nerdfitness.com/blog/how-to-saute-kale-bacon-and-tomatoes/
SKIP robots https://www.nerdfitness.com/blog/are-we-there-yet/
SKIP robots https://www.nerdfitness.com/blog/grocery-store/
SKIP robots https://www.nerdfitness.com/blog/how-to-eat-healthy-without-breaking-the-bank/
SKIP robots https://www.nerdfitness.com/blog/two-words-that-will-level-up-your-life/
SKIP robots https://www.nerdfitness.com/blog/dont-want-to-exercise-use-the-braveheart-technique/
SKIP robots https://www.nerdfitness.com/blog/its-deja-vu-all-over-again/
SKIP robots https://www.nerdfitness.com/blog/six-weeks-to-awesome-are-you-in/
SKIP robots https://www.nerdfitness.com/blog/talkers-and-doers-are-you-bowser-or-mario/
SKIP robots https://www.nerdfitness.com/blog/my-new-life-as-a-homeless-man/
SKIP robots https://www.nerdfitness.com/strength-training-equipment/
SKIP robots https://www.nerdfitness.com/blog/the-lord-of-the-rings-guide-to-getting-sh-done/
SKIP robots https://www.nerdfitness.com/blog/for-the-love-of-the-game/
SKIP robots https://www.nerdfitness.com/blog/from-sloth-to-super-dad-how-ben-lost-100-lbs/
SKIP robots https://www.nerdfitness.com/blog/the-nerd-fitness-academy-is-open/
SKIP robots https://www.nerdfitness.com/blog/win-a-scholarship-to-the-nerd-fitness-academy/
SKIP robots https://www.nerdfitness.com/blog/stop-doing-that-seriously/
SKIP robots https://www.nerdfitness.com/blog/for-the-rebellion-a-rebels-holiday-poem/
SKIP robots https://www.nerdfitness.com/blog/how-to-level-up-your-wardrobe-a-primer-on-first-impressions/
SKIP robots https://www.nerdfitness.com/blog/cyber-monday-ebook-sale-nerd-fitness-academy-loud-noises/
SKIP robots https://www.nerdfitness.com/blog/why-your-workout-plan-is-failing-you/
SKIP robots https://www.nerdfitness.com/blog/how-to-avoid-holiday-confrontation-while-living-healthy/
SKIP robots https://www.nerdfitness.com/blog/announcing-camp-nerd-fitness/
SKIP robots https://www.nerdfitness.com/blog/how-the-mighty-ducks-will-make-you-a-better-person/
SKIP robots https://www.nerdfitness.com/blog/how-to-survive-if-you-find-yourself-stuck-in-a-horror-film/
SKIP robots https://www.nerdfitness.com/blog/the-difference-between-inspiration-and-motivation/
SKIP robots https://www.nerdfitness.com/blog/how-to-build-a-batcave-for-habit-change/
SKIP robots https://www.nerdfitness.com/blog/lost-and-found-plus-nf-academy-update/
SKIP robots https://www.nerdfitness.com/blog/are-you-dragonborn-the-dangerous-power-of-words/
SKIP robots https://www.nerdfitness.com/blog/willpower/
SKIP robots https://www.nerdfitness.com/blog/the-nerd-fitness-academy-will-open-tomorrow-tuesday/
SKIP robots https://www.nerdfitness.com/blog/what-to-do-when-you-screw-up/
SKIP robots https://www.nerdfitness.com/blog/i-am-the-master-of-my-fate/
SKIP robots https://www.nerdfitness.com/blog/the-30-day-hard-hat-challenge/
SKIP robots https://www.nerdfitness.com/blog/screw-the-small-stuff-focus-on-the-big-wins/
SKIP robots https://www.nerdfitness.com/blog/what-if-the-princess-doesnt-need-rescuing/
SKIP robots https://www.nerdfitness.com/blog/how-comfortable-are-you-with-this-your-success-depends-on-it/
SKIP robots https://www.nerdfitness.com/blog/how-to-not-suck-at-working-out/
SKIP robots https://www.nerdfitness.com/blog/how-wes-the-mac-tech-lost-115-lbs/
SKIP robots https://www.nerdfitness.com/blog/8-lessons-learned-from-a-failed-mountain-climb/
SKIP robots https://www.nerdfitness.com/blog/priorities/
SKIP robots https://www.nerdfitness.com/blog/the-worlds-quickest-advice-column-part-2/
SKIP robots https://www.nerdfitness.com/blog/the-cosplay-hero-how-anne-lost-100-lbs/
SKIP robots https://www.nerdfitness.com/blog/the-ghostbusters-guide-to-a-better-life/
SKIP robots https://www.nerdfitness.com/your-subscription-is-confirmed/
SKIP robots https://www.nerdfitness.com/blog/so-you-say-you-want-a-revolution/
SKIP robots https://www.nerdfitness.com/rrg-sales-page/
SKIP robots https://www.nerdfitness.com/rsg-basic-email-sign-up-7645/
SKIP robots https://www.nerdfitness.com/rsg-deluxe-email-sign-up-87615/
SKIP robots https://www.nerdfitness.com/rebels-around-the-world/
SKIP robots https://www.nerdfitness.com/running-guide-email-updates-basic/
SKIP robots https://www.nerdfitness.com/rebel-running-guide-deluxe-email-updates/
SKIP robots https://www.nerdfitness.com/rebel-fitness-guide-2/
SKIP robots https://www.nerdfitness.com/guides/
SKIP robots https://www.nerdfitness.com/favorite-resources/
SKIP robots https://www.nerdfitness.com/a-beginners-guide-to-the-paleo-diet-ebook/
SKIP robots https://www.nerdfitness.com/blog/earn-it/
SKIP robots https://www.nerdfitness.com/blog/the-1-trait-that-determines-long-term-success/
SKIP robots https://www.nerdfitness.com/blog/exercising-around-the-world/
SKIP robots https://www.nerdfitness.com/blog/welcome-to-the-newly-designed-nerd-fitness/
SKIP robots https://www.nerdfitness.com/blog/why-you-should-join-the-next-nerd-fitness-challenge/
SKIP robots https://www.nerdfitness.com/blog/what-kind-of-nerd-are-you-stand-and-be-recognized/
SKIP robots https://www.nerdfitness.com/blog/what-we-can-learn-from-the-greatest-video-game-of-all-time/
SKIP robots https://www.nerdfitness.com/blog/5-jedi-mind-tricks/
SKIP robots https://www.nerdfitness.com/blog/dynamic-dominic-how-a-storage-programmer-lost-30-pounds-in-14-weeks/
SKIP robots https://www.nerdfitness.com/blog/amazing-spiderman/
SKIP robots https://www.nerdfitness.com/blog/angry-birds-workout-plan/
SKIP robots https://www.nerdfitness.com/blog/tonys-awesome-success-story-4-months-46-pounds-lost-win/
SKIP robots https://www.nerdfitness.com/blog/overreactions-april-fools/
SKIP robots https://www.nerdfitness.com/blog/how-to-read-a-nutrition-label-part-2/
SKIP robots https://www.nerdfitness.com/blog/nf-mailbag-729-i-want-awesome-abs-help/
SKIP robots https://www.nerdfitness.com/blog/monty-python-and-the-holy-abs/
SKIP robots https://www.nerdfitness.com/blog/sep-2012-6-week-challenge/
SKIP robots https://www.nerdfitness.com/blog/grandpa/
SKIP robots https://www.nerdfitness.com/blog/rising-heroes/
SKIP robots https://www.nerdfitness.com/blog/when-life-sucks/
SKIP robots https://www.nerdfitness.com/blog/stuff-you-dont-need/
SKIP robots https://www.nerdfitness.com/blog/6-week-challenge-may/
SKIP robots https://www.nerdfitness.com/blog/why-people-suck-at-getting-healthy/
SKIP robots https://www.nerdfitness.com/blog/the-adventure-begins-again/
SKIP robots https://www.nerdfitness.com/blog/the-hunger-games-guide-to-survival/
SKIP robots https://www.nerdfitness.com/blog/scared-of-the-gym/
SKIP robots https://www.nerdfitness.com/blog/support-team/
SKIP robots https://www.nerdfitness.com/blog/a-new-challenge-appears/
SKIP robots https://www.nerdfitness.com/blog/dragon-slayer/
SKIP robots https://www.nerdfitness.com/blog/a-newbies-guide-to-nerd-fitness/
SKIP robots https://www.nerdfitness.com/blog/big-announcement/
SKIP robots https://www.nerdfitness.com/blog/6-species-youll-encounter-in-a-commercial-gym/
SKIP robots https://www.nerdfitness.com/blog/nerd-alert-020312/
SKIP robots https://www.nerdfitness.com/blog/5-steps-after-failing/
SKIP robots https://www.nerdfitness.com/blog/state-of-the-rebellion-12712/
SKIP robots https://www.nerdfitness.com/blog/x-men/
SKIP robots https://www.nerdfitness.com/blog/kung-fu/
SKIP robots https://www.nerdfitness.com/blog/rebel-yell/
SKIP robots https://www.nerdfitness.com/blog/superheroes-in-training/
SKIP robots https://www.nerdfitness.com/blog/chuck-norris/
SKIP robots https://www.nerdfitness.com/blog/what-if-im-the-only-one/
SKIP robots https://www.nerdfitness.com/blog/nf-in-2012/
SKIP robots https://www.nerdfitness.com/blog/adventure-travel/
SKIP robots https://www.nerdfitness.com/blog/a-nerds-tale-two-weeks-in-south-africa/
SKIP robots https://www.nerdfitness.com/blog/what-the-hell-is-nerd-fitness/
SKIP robots https://www.nerdfitness.com/blog/use-the-force/
SKIP robots https://www.nerdfitness.com/blog/11-things/
SKIP robots https://www.nerdfitness.com/blog/rebels-around-the-world/
SKIP robots https://www.nerdfitness.com/blog/whats-holding-you-back/
SKIP robots https://www.nerdfitness.com/blog/how-nerd-fitness-gave-me-superpowers/
SKIP robots https://www.nerdfitness.com/blog/party-like-its-1999/
SKIP robots https://www.nerdfitness.com/blog/indiana-jones/
SKIP robots https://www.nerdfitness.com/blog/fail-more/
SKIP robots https://www.nerdfitness.com/blog/simplify/
SKIP robots https://www.nerdfitness.com/blog/do-the-best-you-can/
SKIP robots https://www.nerdfitness.com/blog/the-rebel-running-guide-and-hoodies-are-now-available/
SKIP robots https://www.nerdfitness.com/blog/things-are-about-to-get-crazy/
SKIP robots https://www.nerdfitness.com/blog/live-like-james-bond/
SKIP robots https://www.nerdfitness.com/blog/quick-advice/
SKIP robots https://www.nerdfitness.com/blog/help-me-help-you-2/
SKIP robots https://www.nerdfitness.com/blog/among-giants/
SKIP robots https://www.nerdfitness.com/blog/life-lessons-learned-from-george-costanza/
SKIP robots https://www.nerdfitness.com/blog/comic-book-hero/
SKIP robots https://www.nerdfitness.com/blog/what-happens-when-you-get-burned-out/
SKIP robots https://www.nerdfitness.com/blog/what-the-hell-are-you-waiting-for/
SKIP robots https://www.nerdfitness.com/blog/6-week-success-stories/
SKIP robots https://www.nerdfitness.com/blog/gladiator/
SKIP robots https://www.nerdfitness.com/blog/insipration/
SKIP robots https://www.nerdfitness.com/blog/google-talk/
SKIP robots https://www.nerdfitness.com/blog/the-paleo-diet-in-picture-form-oooh-pretty/
SKIP robots https://www.nerdfitness.com/blog/better-at-life-today/
SKIP robots https://www.nerdfitness.com/blog/new-6-week-challenge-starts-today/
SKIP robots https://www.nerdfitness.com/blog/adventures-in-china/
SKIP robots https://www.nerdfitness.com/blog/sparta/
SKIP robots https://www.nerdfitness.com/blog/of-course-you-can/
SKIP robots https://www.nerdfitness.com/blog/rebellion-update-may/
SKIP robots https://www.nerdfitness.com/blog/tolkien-fitness/
SKIP robots https://www.nerdfitness.com/blog/try-it/
SKIP robots https://www.nerdfitness.com/blog/scuba-steve/
SKIP robots https://www.nerdfitness.com/blog/do-something-do-anything/
SKIP robots https://www.nerdfitness.com/blog/announcements-galore/
