SAVED https://annhandley.com/hey-pretty-lady/
SAVED https://annhandley.com/american-idolatry/
SAVED https://annhandley.com/how-to-get-regular-updates-of-annarchy/
SAVED https://annhandley.com/sarah-and-me-junior-high-with-sarah-palin/
SAVED https://annhandley.com/innocents-at-home/
SAVED https://annhandley.com/awkward-family-photos/
SAVED https://annhandley.com/calling-bs-facebooks-edict-writing-dead/
SAVED https://annhandley.com/enter-this-essay-contest-and-you-could-win-a-free-trip-to-boston-from-marketingprofs/
SAVED https://annhandley.com/instagram-game-strong/
SAVED https://annhandley.com/what-does-jargon-say-about-your-business/
SAVED https://annhandley.com/writing-gps-step-by-step-guide-to-creating-content-infographic/
SAVED https://annhandley.com/the-science-behind-quality-content-a-new-study/
SAVED https://annhandley.com/basecamp-barking-long-tree-distance/
SAVED https://annhandley.com/marketing-event-muffin-top/
SAVED https://annhandley.com/50-shades-mediocrity-content-good-just-good-enough/
SAVED https://annhandley.com/10-ways-deal-stupid-amount-email-get/
SAVED https://annhandley.com/most-read-marketing-posts-2014/
SAVED https://annhandley.com/win-free-copy-everybody-writes-audiobook/
SAVED https://annhandley.com/eddie-the-terrible-ridiculously-good-writing/
SAVED https://annhandley.com/6-things-can-learn-unfunny-marketers-funny-redemption/
SAVED https://annhandley.com/new-book-makes-you-a-content-marketing-rock-star/
SAVED https://annhandley.com/back-story-marketing-takeaways-airbnb-berlin-wall-anniversary-film/
SAVED https://annhandley.com/mercedes-benz-instagram-clever-way-build-car/
SAVED https://annhandley.com/whats-next-b2b-marketing/
SAVED https://annhandley.com/high-fiving-million-angels-launch-day-everybody-writes/
SAVED https://annhandley.com/13-writing-rules/
SAVED https://annhandley.com/formula-e-book-success/
SAVED https://annhandley.com/video-content-marketing-scrappy-trumps-slick/
SAVED https://annhandley.com/introducing-everybody-writes/
SAVED https://annhandley.com/word-crimes/
SAVED https://annhandley.com/breaking-out-of-boring-unexpected-stories/
SAVED https://annhandley.com/make-your-customer-the-hero-of-your-story/
SAVED https://annhandley.com/14-stages-writing-a-book-finishing-big-project/
SAVED https://annhandley.com/swinging-doors-second-chances/
SAVED https://annhandley.com/content-marketing-15-minutes-day/
SAVED https://annhandley.com/honey-maid-takes-haters-now-want-graham-crackers/
SAVED https://annhandley.com/problem-banning-bossy/
SAVED https://annhandley.com/innovate-marketing-ask-teenager/
SAVED https://annhandley.com/follow-fear-bold-talk-hubspot-video/
SAVED https://annhandley.com/use-instagram-genius-way/
SAVED https://annhandley.com/samsung-bans-competitor-logos/
SAVED https://annhandley.com/shelfies-like-selfies-but-for-book-nerds/
SAVED https://annhandley.com/new-year-new-you-3-things-every-marketer-should-be-doing-this-year/
SAVED https://annhandley.com/b2b-companies-need-visual-style/
SAVED https://annhandley.com/bmtppt-3-ted-goes-corporate-best-buy-a-saddleback-spat/
SAVED https://annhandley.com/that-funny-saddleback-bag-video/
SAVED https://annhandley.com/joint-effort-why-ben-jerrys-won-social-media-last-week/
SAVED https://annhandley.com/the-worst-words-of-2013/
SAVED https://annhandley.com/justine-sacco-when-bad-gets-ugly/
SAVED https://annhandley.com/tell-true-stories-well-hire-an-artist/
SAVED https://annhandley.com/westjet-christmas-mindset-not-a-miracle/
SAVED https://annhandley.com/the-funniest-mobile-app-update/
SAVED https://annhandley.com/how-it-is-changing-a-story-about-beer/
SAVED https://annhandley.com/marketing-needs-a-built-in-shockproof-shit-detector/
SAVED https://annhandley.com/content-isnt-just-marketing/
SAVED https://annhandley.com/lessons-from-skype-your-story-is-about-people-not-your-technology/
SAVED https://annhandley.com/why-innovative-content-marketing-is-about-to-explode-in-denmark/
SAVED https://annhandley.com/this-is-why-b2b-companies-need-to-hire-brand-journalists/
SAVED https://annhandley.com/whats-not-in-your-linkedin-profile/
SAVED https://annhandley.com/the-best-political-ad-ever/
SAVED https://annhandley.com/sxsw-2014-panelpicker-cast-a-vote-for-simple/
SAVED https://annhandley.com/jetblue-when-a-marketing-slogan-is-more-than-a-marketing-slogan/
SAVED https://annhandley.com/24-hours-of-bacon/
SAVED https://annhandley.com/linkedin-influencer-posts-content-catnip/
SAVED https://annhandley.com/why-the-instagram-v-vine-debate-is-the-wrong-conversation/
SAVED https://annhandley.com/my-imaginary-well-dressed-toddler-daughter-the-story-and-content-lessons-of-the-best-pinterest-board-ever/
SAVED https://annhandley.com/content-tools-effortless-storytelling-from-disney-story-app/
SAVED https://annhandley.com/some-thoughts-on-leaning-in/
SAVED https://annhandley.com/my-out-of-office-auto-responder/
SAVED https://annhandley.com/8-things-i-know-about-christmas/
SAVED https://annhandley.com/i-dont-want-to-go/
SAVED https://annhandley.com/if-its-empty-fill-it-and-10-other-rules-for-living-companionably-with-teenagers-kids-and-the-generally-clueless/
SAVED https://annhandley.com/ann-handley-is-not-impressed-the-back-story/
SAVED https://annhandley.com/missing/
SAVED https://annhandley.com/content-rules-now-in-paperback-with-pictures/
SAVED https://annhandley.com/same-sex-discount/
SAVED https://annhandley.com/how-to-feed-a-fussy-little-dog-chiles-list-of-requirements/
SAVED https://annhandley.com/what-we-carry/
SAVED https://annhandley.com/the-college-drop-off-can-we-cut-the-crying-parents-some-slack/
SAVED https://annhandley.com/and-now-a-message-from-my-marketing-world-im-writing-a-book/
SAVED https://annhandley.com/a-sort-of-sentimental-post-that-i-tried-to-make-less-so/
SAVED https://annhandley.com/parent-bingo/
SAVED https://annhandley.com/annecdote-tea-time/
SAVED https://annhandley.com/georgie-a-rescue-story/
SAVED https://annhandley.com/todays-guessing-game-what-is-it-3/
SAVED https://annhandley.com/wagging-the-dog/
SAVED https://annhandley.com/gigi-spies-a-green-tomato-now-a-mini-motion-picture/
SAVED https://annhandley.com/gigi-spies-a-green-tomato-a-tragicomedy-in-five-parts/
SAVED https://annhandley.com/lucky/
SAVED https://annhandley.com/at-a-loss-for-words/
SAVED https://annhandley.com/excerpt-things-that-scare-me/
SAVED https://annhandley.com/painting-a-picture/
SAVED https://annhandley.com/a-journey-to-25-random-things/
SAVED https://annhandley.com/what-happened-to-your-nose/
SAVED https://annhandley.com/refugee-at-home/
SAVED https://annhandley.com/wii-are-family/
SAVED https://annhandley.com/evergreen-christmas/
SAVED https://annhandley.com/four-diary-entries/
SAVED https://annhandley.com/punkd/
SAVED https://annhandley.com/relax-and-open-wide-dentist-vs-doctor/
SAVED https://annhandley.com/a-toast-to-cancer/
SAVED https://annhandley.com/notice-to-staff-and-stakeholders-reorg/
SAVED https://annhandley.com/in-case-of-emergency/
SAVED https://annhandley.com/morning-person/
SAVED https://annhandley.com/froggy-fugue/
SAVED https://annhandley.com/looking-for-eddie-field/
SAVED https://annhandley.com/summer-on-the-coast-of-maine-doggy-style/
SAVED https://annhandley.com/everyone-else-is-smarter/
SAVED https://annhandley.com/beta-before-alpha/
SAVED https://annhandley.com/off-color-commentary/
SAVED https://annhandley.com/a-retro-road-trip-in-a-new-world/
SAVED https://annhandley.com/korean-otters/
SAVED https://annhandley.com/marketingprofs-in-santa-barbara-show-notes-ann-otated/
SAVED https://annhandley.com/the-shadow-knows-watching-superbad-with-my-son/
SAVED https://annhandley.com/new-media-as-community-theater-all-the-worlds-a-stage/
SAVED https://annhandley.com/competitive-parenting-as-childs-play/
SAVED https://annhandley.com/me-and-tomtom-true-love-always/
SAVED https://annhandley.com/is-18-the-new-8/
SAVED https://annhandley.com/how-i-invented-blogging/
SAVED https://annhandley.com/in-your-facebook/
SAVED https://annhandley.com/4-x-4-secrets-about-me-and-why-im-uncomfortable-talking-about-myself/
SAVED https://annhandley.com/alpha-females/
SAVED https://annhandley.com/one-thing-creative-people/
SAVED https://annhandley.com/a-virgin-in-hollister/
SAVED https://annhandley.com/airbnb-when-content-marketing-looks-a-lot-like-art/
SAVED https://annhandley.com/twitter-helps-get-lost-book-back-can-learn/
SAVED https://annhandley.com/isnt-post-delta-airlines/
SAVED https://annhandley.com/omnichannel/
SAVED https://annhandley.com/greatest-linkedin-post/
SAVED https://annhandley.com/typos-happen/
SAVED https://annhandley.com/snapchat-launching-tech-magazine/
SAVED https://annhandley.com/marketing-can-learn/
SAVED https://annhandley.com/content-marketing-grows-up-my-2016-prediction/
SAVED https://annhandley.com/bigger-braver-bolder-content-marketing-3-examples-from-the-cutting-room-floor-of-my-latest-presentation/
SAVED https://annhandley.com/business-storytelling-tool/
SAVED https://annhandley.com/relaunching-newsletter/
SAVED https://annhandley.com/5-keys-to-developing-a-strong-tone-of-voice/
SAVED https://annhandley.com/scavenged/
SAVED https://annhandley.com/library-story/
SAVED https://annhandley.com/empathy-and-marketing/
SAVED https://annhandley.com/balance-personal-professional-social-presence/
SAVED https://annhandley.com/slow-marketing/
SAVED https://annhandley.com/storytelling-inspiration-from-newspapers/
SAVED https://annhandley.com/long-form-storytelling/
SAVED https://annhandley.com/8-writing-tools-i-use-every-day/
SAVED https://annhandley.com/follow-the-fear-doing-things-that-scare-you/
SAVED https://annhandley.com/birthday_boy/
SAVED https://annhandley.com/when-facebook-launched-marketing-in-2004/
SAVED https://annhandley.com/best-career-mentors/
SAVED https://annhandley.com/boring-writing/
SAVED https://annhandley.com/ignosaurus/
SAVED https://annhandley.com/oxford-comma/
SAVED https://annhandley.com/9-qualities-of-good-writing/
SAVED https://annhandley.com/international-womens-day/
SAVED https://annhandley.com/what-is-a-friend/
SAVED https://annhandley.com/when-a-bear-is-not-a-bear/
SAVED https://annhandley.com/i-can-haz-hoomin-hart-aik/
SAVED https://annhandley.com/how-to-find-your-brand-voice/
SAVED https://annhandley.com/a-simple-content-marketing-org-chart/
SAVED https://annhandley.com/toy-story-3-contains-mild-thematic-elements-not-appropriate-for-older-viewers/
SAVED https://annhandley.com/vivid-writing/
SAVED https://annhandley.com/how-to-write-better/
SAVED https://annhandley.com/built-tiny-house/
SAVED https://annhandley.com/hank-green-on-writing/
SAVED https://annhandley.com/just-a-dog/
SAVED https://annhandley.com/writing-prompt-for-anxious-world/
SAVED https://annhandley.com/write-when-youre-mad/
SAVED https://annhandley.com/post-covid/
SAVED https://annhandley.com/useful-gift-guide-for-marketers-writers/
SAVED https://annhandley.com/the-one-thing-your-content-marketing-needs-now/
SAVED https://annhandley.com/brand-voice-in-social-crisis/
SAVED https://annhandley.com/2018-b2b-content-marketing-research/
SAVED https://annhandley.com/how-to-not-be-a-jerk-at-work/
SAVED https://annhandley.com/the-best-marketing-cta-and-why-it-works-so-well/
SAVED https://annhandley.com/storytelling-clean-up/
SAVED https://annhandley.com/copywriting-counsel-unbearable-campaign/
SAVED https://annhandley.com/can-virtual-events-be-better-than-in-person/
SAVED https://annhandley.com/simple-content-creation-strategy/
SAVED https://annhandley.com/a-writers-hierarchy-of-needs-how-to-do-our-best-work/
SAVED https://annhandley.com/two-little-known-tools-to-help-you-get-unstuck/
SAVED https://annhandley.com/10-things-i-hate-about-you-travel-edition/
SAVED https://annhandley.com/2020-holiday-gift-guide/
SAVED https://annhandley.com/first-draft/
SAVED https://annhandley.com/tiktok-writing-advice/
SAVED https://annhandley.com/writing-tips-warren-buffett/
SAVED https://annhandley.com/first-tweets-of-16-b2b-brands/
SAVED https://annhandley.com/how-to-write-for-instagram/
SAVED https://annhandley.com/creator-coins/
SAVED https://annhandley.com/6-signs-that-its-time-for-you-to-write-your-book/
SAVED https://annhandley.com/public-speaking-for-introverts/
SAVED https://annhandley.com/specific-writing/
SAVED https://annhandley.com/dr-pepper/
SAVED https://annhandley.com/the-fun-parts-of-writing/
SAVED https://annhandley.com/how-to-build-a-daily-writing-habit/
SAVED https://annhandley.com/10-new-years-resolutions-for-better-writing/
SAVED https://annhandley.com/writing-about-difficult-topics/
SAVED https://annhandley.com/creative-marketing-on-a-budget/
SAVED https://annhandley.com/writing-newsletter/
SAVED https://annhandley.com/how-to-create-a-smarter-go-to-market-approach-in-4-steps/
SAVED https://annhandley.com/brave-enough-to-suck/
SAVED https://annhandley.com/copy-framework/
SAVED https://annhandley.com/how-to-write-like-robots-cant/
SAVED https://annhandley.com/ai-writing-typewriters/
SAVED https://annhandley.com/should-you-ungate-your-content/
SAVED https://annhandley.com/the-one-email-metric-to-track/
SAVED https://annhandley.com/rethinking-asap/
SAVED https://annhandley.com/why-we-need-smaller-stories-in-content-marketing/
SAVED https://annhandley.com/what-does-ai-mean-for-writers/
SAVED https://annhandley.com/why-we-write/
SAVED https://annhandley.com/love-rolls-downhill-college-goodbye/
SAVED https://annhandley.com/10-ways-create-culture-of-writing/
SAVED https://annhandley.com/power-of-copywriting/
SAVED https://annhandley.com/how-to-write-sales-copy/
SAVED https://annhandley.com/2020-newsletters/
SAVED https://annhandley.com/13-books-better-writer-storyteller/
SAVED https://annhandley.com/content-marketing-trends-and-assumptions/
SAVED https://annhandley.com/green-bean-casserole/
SAVED https://annhandley.com/how-to-write-faster/
SAVED https://annhandley.com/when-to-use-ai-lessons-from-my-fave-library/
SAVED https://annhandley.com/cold-open/
SAVED https://annhandley.com/
SAVED https://annhandley.com/see-ann-live/
SAVED https://annhandley.com/in-the-media/
SAVED https://annhandley.com/testimonials/
SAVED https://annhandley.com/everybodywrites/
SAVED https://annhandley.com/books/
SAVED https://annhandley.com/speaking/
SAVED https://annhandley.com/meeting-planners/
SAVED https://annhandley.com/asap/
SAVED https://annhandley.com/newsletter/
SAVED https://annhandley.com/thank-you-ah/
SAVED https://annhandley.com/blog/
SAVED https://annhandley.com/speaking/annhandley-speaking-hero/
SAVED https://annhandley.com/speaking/ann-handley-speaking/
SAVED https://annhandley.com/speaking/annhandley-speaking-hero-pink/
SAVED https://annhandley.com/isnt-post-delta-airlines/img_6098-383x383/
SAVED https://annhandley.com/in-the-media/ann-handley-hi-res/
SAVED https://annhandley.com/in-the-media/crhires/
SAVED https://annhandley.com/in-the-media/everybody-writes-cover-677x1024/
SAVED https://annhandley.com/in-the-media/ibm_logo/
SAVED https://annhandley.com/in-the-media/wsj_logo/
SAVED https://annhandley.com/in-the-media/npr_logo/
SAVED https://annhandley.com/in-the-media/npr_logo-2/
SAVED https://annhandley.com/in-the-media/wsj_logo-2/
SAVED https://annhandley.com/in-the-media/ibm_logo-2/
SAVED https://annhandley.com/in-the-media/entrepreneur_logo/
SAVED https://annhandley.com/omnichannel/pizzablog/
SAVED https://annhandley.com/greatest-linkedin-post/love-hate-gloves-square/
SAVED https://annhandley.com/typos-happen/dearnameredacted/
SAVED https://annhandley.com/snapchat-launching-tech-magazine/snapchatmagazine/
SAVED https://annhandley.com/content-marketing-trends-and-assumptions/question-your-assumptions-383x383/
SAVED https://annhandley.com/calling-bs-facebooks-edict-writing-dead/facebookdead/
SAVED https://annhandley.com/marketing-can-learn/marketing_meal/
SAVED https://annhandley.com/in-the-media/forbes_logo/
SAVED https://annhandley.com/in-the-media/logo_marketo/
SAVED https://annhandley.com/in-the-media/logo_morningshift/
SAVED https://annhandley.com/in-the-media/logo_huffpost/
SAVED https://annhandley.com/in-the-media/logo_iabc/
SAVED https://annhandley.com/in-the-media/logo_cin/
SAVED https://annhandley.com/in-the-media/logo_blank/
SAVED https://annhandley.com/in-the-media/logo_blue/
SAVED https://annhandley.com/in-the-media/logo_toprank/
SAVED https://annhandley.com/in-the-media/logo_cision/
SAVED https://annhandley.com/in-the-media/logo_bostinno/
SAVED https://annhandley.com/in-the-media/logo_ahsmall/
SAVED https://annhandley.com/in-the-media/logo_vidyard/
SAVED https://annhandley.com/in-the-media/logo_amexopen/
SAVED https://annhandley.com/in-the-media/logo_linkedin/
SAVED https://annhandley.com/in-the-media/logo_demandgen/
SAVED https://annhandley.com/in-the-media/logo_oracle/
SAVED https://annhandley.com/in-the-media/logo_brick/
SAVED https://annhandley.com/in-the-media/logo_mp/
SAVED https://annhandley.com/in-the-media/logo_sldieshare/
SAVED https://annhandley.com/in-the-media/logo_mashable/
SAVED https://annhandley.com/in-the-media/logo_inc/
SAVED https://annhandley.com/books/book_everybodywrites/
SAVED https://annhandley.com/books/book_contentrules/
SAVED https://annhandley.com/books/annhandely_bookstitle/
SAVED https://annhandley.com/in-the-media/logo_marketingprofs/
SAVED https://annhandley.com/speaking/speak_annhandley/
SAVED https://annhandley.com/speaking/ann_handley_keynotespeaker/
SAVED https://annhandley.com/books/ah_books/
SAVED https://annhandley.com/in-the-media/ah_press/
SAVED https://annhandley.com/books/ah_books-2/
SAVED https://annhandley.com/omnichannel/the-handley-breakfast-sandwich/
SAVED https://annhandley.com/omnichannel/baking-steel/
SAVED https://annhandley.com/greatest-linkedin-post/shed-life/
SAVED https://annhandley.com/greatest-linkedin-post/img_3685/
SAVED https://annhandley.com/marketing-can-learn/google-search-what-marketing-can-learn-from/
SAVED https://annhandley.com/marketing-can-learn/google-search-what-marketing-can-learn-from-chewbacca-mom/
SAVED https://annhandley.com/marketing-can-learn/chef-bang/
SAVED https://annhandley.com/marketing-can-learn/steve-garfield-email/
SAVED https://annhandley.com/marketing-can-learn/img_1091/
SAVED https://annhandley.com/content-marketing-grows-up-my-2016-prediction/img_6136/
SAVED https://annhandley.com/content-marketing-grows-up-my-2016-prediction/img_5885/
SAVED https://annhandley.com/content-marketing-grows-up-my-2016-prediction/everybodywrites-square/
SAVED https://annhandley.com/5-keys-to-developing-a-strong-tone-of-voice/img_4865/
SAVED https://annhandley.com/5-keys-to-developing-a-strong-tone-of-voice/dr-seuss-quote/
SAVED https://annhandley.com/bigger-braver-bolder-content-marketing-3-examples-from-the-cutting-room-floor-of-my-latest-presentation/bigger-braver-bolder/
SAVED https://annhandley.com/bigger-braver-bolder-content-marketing-3-examples-from-the-cutting-room-floor-of-my-latest-presentation/mailchimp-content-style-guide/
SAVED https://annhandley.com/bigger-braver-bolder-content-marketing-3-examples-from-the-cutting-room-floor-of-my-latest-presentation/van-winkles/
SAVED https://annhandley.com/business-storytelling-tool/book-mural-photo/
SAVED https://annhandley.com/business-storytelling-tool/ron-ploof/
SAVED https://annhandley.com/enter-this-essay-contest-and-you-could-win-a-free-trip-to-boston-from-marketingprofs/b2b-forum-essay-contest/
SAVED https://annhandley.com/enter-this-essay-contest-and-you-could-win-a-free-trip-to-boston-from-marketingprofs/screen-shot-2015-07-16-at-10-52-29-am/
SAVED https://annhandley.com/8-writing-tools-i-use-every-day/8-writing-tools-i-use-every-day-2/
SAVED https://annhandley.com/8-writing-tools-i-use-every-day/hang-in-there/
SAVED https://annhandley.com/8-writing-tools-i-use-every-day/bowlderize/
SAVED https://annhandley.com/8-writing-tools-i-use-every-day/writing-tools/
SAVED https://annhandley.com/8-writing-tools-i-use-every-day/the-distance/
SAVED https://annhandley.com/8-writing-tools-i-use-every-day/grammarly/
SAVED https://annhandley.com/8-writing-tools-i-use-every-day/hemingwayapp/
SAVED https://annhandley.com/what-does-jargon-say-about-your-business/the-elements-of-style/
SAVED https://annhandley.com/writing-gps-step-by-step-guide-to-creating-content-infographic/writing-gps/
SAVED https://annhandley.com/writing-gps-step-by-step-guide-to-creating-content-infographic/annhandley-writing-gps_visually-preview/
SAVED https://annhandley.com/the-science-behind-quality-content-a-new-study/science-behind-quality-content/
SAVED https://annhandley.com/5-keys-to-developing-a-strong-tone-of-voice/screen-shot-2015-03-31-at-12-49-37-pm/
SAVED https://annhandley.com/the-science-behind-quality-content-a-new-study/acrolinx-global-content-quality-scores-2015/
SAVED https://annhandley.com/basecamp-barking-long-tree-distance/the-distance-2/
SAVED https://annhandley.com/basecamp-barking-long-tree-distance/screenshot-2015-03-10-12-57-07/
SAVED https://annhandley.com/basecamp-barking-long-tree-distance/wailin-wong/
SAVED https://annhandley.com/basecamp-barking-long-tree-distance/screenshot-2015-03-10-12-55-02/
SAVED https://annhandley.com/marketing-event-muffin-top/screen-shot-2014-09-15-at-8-05-59-am/
SAVED https://annhandley.com/marketing-event-muffin-top/mpb2b_250x_ah1/
SAVED https://annhandley.com/50-shades-mediocrity-content-good-just-good-enough/img_3784/
SAVED https://annhandley.com/one-thing-creative-people/the-one-thing-creatives-do/
SAVED https://annhandley.com/one-thing-creative-people/screen-shot-2015-02-03-at-1-29-09-pm/
SAVED https://annhandley.com/one-thing-creative-people/death-valley/
SAVED https://annhandley.com/one-thing-creative-people/death-valley-spectacular/
SAVED https://annhandley.com/10-ways-deal-stupid-amount-email-get/totesridictionary/
SAVED https://annhandley.com/10-ways-deal-stupid-amount-email-get/screen-shot-2015-01-20-at-9-32-28-am/
SAVED https://annhandley.com/10-ways-deal-stupid-amount-email-get/photo1/
SAVED https://annhandley.com/most-read-marketing-posts-2014/champagne/
SAVED https://annhandley.com/most-read-marketing-posts-2014/tiny-house/
SAVED https://annhandley.com/win-free-copy-everybody-writes-audiobook/voiceover-homeland-red/
SAVED https://annhandley.com/eddie-the-terrible-ridiculously-good-writing/eddie-the-terrible/
SAVED https://annhandley.com/eddie-the-terrible-ridiculously-good-writing/screen-shot-2014-12-16-at-9-03-40-am/
SAVED https://annhandley.com/eddie-the-terrible-ridiculously-good-writing/screen-shot-2014-12-16-at-9-03-27-am/
SAVED https://annhandley.com/eddie-the-terrible-ridiculously-good-writing/screen-shot-2014-12-16-at-9-03-06-am/
SAVED https://annhandley.com/eddie-the-terrible-ridiculously-good-writing/screen-shot-2015-01-02-at-10-18-26-am/
SAVED https://annhandley.com/6-things-can-learn-unfunny-marketers-funny-redemption/1-inspiration-starts-with-empathy/
SAVED https://annhandley.com/6-things-can-learn-unfunny-marketers-funny-redemption/2-humor-is-rooted-in-pain/
SAVED https://annhandley.com/6-things-can-learn-unfunny-marketers-funny-redemption/3-outsider-perspective/
SAVED https://annhandley.com/6-things-can-learn-unfunny-marketers-funny-redemption/4-kills-funny/
SAVED https://annhandley.com/6-things-can-learn-unfunny-marketers-funny-redemption/5-editors-make-great-content/
SAVED https://annhandley.com/6-things-can-learn-unfunny-marketers-funny-redemption/6-wink-and-smile/
SAVED https://annhandley.com/6-things-can-learn-unfunny-marketers-funny-redemption/7-have-fun/
SAVED https://annhandley.com/simple-content-creation-strategy/screen-shot-2014-11-25-at-10-55-35-am/
SAVED https://annhandley.com/simple-content-creation-strategy/divisible_content_soda/
SAVED https://annhandley.com/10-ways-create-culture-of-writing/writing-pattern/
SAVED https://annhandley.com/new-book-makes-you-a-content-marketing-rock-star/welcome-to-the-funnel/
SAVED https://annhandley.com/new-book-makes-you-a-content-marketing-rock-star/ann-handley-and-jason-miller/
SAVED https://annhandley.com/back-story-marketing-takeaways-airbnb-berlin-wall-anniversary-film/belong-anywhere-31/
SAVED https://annhandley.com/twitter-helps-get-lost-book-back-can-learn/show-your-work-by-austin-kleon/
SAVED https://annhandley.com/mercedes-benz-instagram-clever-way-build-car/mercedes-benz/
SAVED https://annhandley.com/mercedes-benz-instagram-clever-way-build-car/b2c-social-media-usage/
SAVED https://annhandley.com/whats-next-b2b-marketing/screen-shot-2014-09-29-at-8-50-05-am/
SAVED https://annhandley.com/high-fiving-million-angels-launch-day-everybody-writes/high-fiving-a-million-angels/
SAVED https://annhandley.com/high-fiving-million-angels-launch-day-everybody-writes/everybody-writes-3/
SAVED https://annhandley.com/high-fiving-million-angels-launch-day-everybody-writes/screen-shot-2014-09-15-at-10-46-49-am/
SAVED https://annhandley.com/13-writing-rules/screen-shot-2014-08-24-at-12-27-02-pm/
SAVED https://annhandley.com/13-writing-rules/everybody-writes-anti-mediocrity-content-toolkit/
SAVED https://annhandley.com/formula-e-book-success/through-the-looking-glass/
SAVED https://annhandley.com/video-content-marketing-scrappy-trumps-slick/screen-shot-2014-08-06-at-3-58-45-pm/
SAVED https://annhandley.com/video-content-marketing-scrappy-trumps-slick/crowd-mics-co-founders/
SAVED https://annhandley.com/introducing-everybody-writes/ew-cover/
SAVED https://annhandley.com/introducing-everybody-writes/everybody-writes-laptop-sticker/
SAVED https://annhandley.com/word-crimes/fine-writing-pen/
SAVED https://annhandley.com/word-crimes/screen-shot-2014-07-16-at-8-18-15-am/
SAVED https://annhandley.com/built-tiny-house/anns-tiny-house/
SAVED https://annhandley.com/built-tiny-house/treehouse/
SAVED https://annhandley.com/built-tiny-house/tiny-house-inside-view/
SAVED https://annhandley.com/breaking-out-of-boring-unexpected-stories/pink-floyd-vinyl-record/
SAVED https://annhandley.com/breaking-out-of-boring-unexpected-stories/matt-henshaw/
SAVED https://annhandley.com/breaking-out-of-boring-unexpected-stories/matt-henshaw-instagram-photo/
SAVED https://annhandley.com/make-your-customer-the-hero-of-your-story/screen-shot-2014-06-09-at-10-02-06-am/
SAVED https://annhandley.com/make-your-customer-the-hero-of-your-story/john-green/
SAVED https://annhandley.com/14-stages-writing-a-book-finishing-big-project/the-mole/
SAVED https://annhandley.com/14-stages-writing-a-book-finishing-big-project/time-spent-working-graph/
SAVED https://annhandley.com/14-stages-writing-a-book-finishing-big-project/back-camera/
SAVED https://annhandley.com/swinging-doors-second-chances/screen-shot-2014-05-03-at-11-35-55-am/
SAVED https://annhandley.com/swinging-doors-second-chances/screen-shot-2014-05-03-at-11-37-35-am/
SAVED https://annhandley.com/swinging-doors-second-chances/screen-shot-2014-05-03-at-11-32-45-am/
SAVED https://annhandley.com/content-marketing-15-minutes-day/pizza/
SAVED https://annhandley.com/content-marketing-15-minutes-day/best-party-ever/
SAVED https://annhandley.com/content-marketing-15-minutes-day/screen-shot-2014-04-15-at-6-25-56-pm/
SAVED https://annhandley.com/content-marketing-15-minutes-day/comodomenu/
SAVED https://annhandley.com/content-marketing-15-minutes-day/digiorno-pizza/
SAVED https://annhandley.com/content-marketing-15-minutes-day/dunkin-donuts-facebook-post/
SAVED https://annhandley.com/honey-maid-takes-haters-now-want-graham-crackers/love-ann/
SAVED https://annhandley.com/balance-personal-professional-social-presence/balance-social-media-presence/
SAVED https://annhandley.com/balance-personal-professional-social-presence/social-media-cookies/
SAVED https://annhandley.com/problem-banning-bossy/banning-bossy/
SAVED https://annhandley.com/innovate-marketing-ask-teenager/teenagers-in-marketing/
SAVED https://annhandley.com/innovate-marketing-ask-teenager/caroline-and-jill/
SAVED https://annhandley.com/innovate-marketing-ask-teenager/buzzfeed-prom-date/
SAVED https://annhandley.com/innovate-marketing-ask-teenager/college-class-of-2018/
SAVED https://annhandley.com/innovate-marketing-ask-teenager/snapchat/
SAVED https://annhandley.com/follow-fear-bold-talk-hubspot-video/dead-end/
SAVED https://annhandley.com/follow-fear-bold-talk-hubspot-video/25_kingmanink_inbound_handley/
SAVED https://annhandley.com/instagram-game-strong/instagram/
SAVED https://annhandley.com/samsung-bans-competitor-logos/olympics/
SAVED https://annhandley.com/samsung-bans-competitor-logos/samsung-media-lounge/
SAVED https://annhandley.com/samsung-bans-competitor-logos/olympic-sausage-rings/
SAVED https://annhandley.com/when-facebook-launched-marketing-in-2004/happy-2004/
SAVED https://annhandley.com/when-facebook-launched-marketing-in-2004/thefacebook-com-2004/
SAVED https://annhandley.com/when-facebook-launched-marketing-in-2004/top-google-searches-in-2004/
SAVED https://annhandley.com/when-facebook-launched-marketing-in-2004/top-google-image-searches-in-2004/
SAVED https://annhandley.com/shelfies-like-selfies-but-for-book-nerds/shelfies/
SAVED https://annhandley.com/new-year-new-you-3-things-every-marketer-should-be-doing-this-year/new-years-resolutions/
SAVED https://annhandley.com/b2b-companies-need-visual-style/what-does-the-fox-say/
SAVED https://annhandley.com/b2b-companies-need-visual-style/dayna-rothman-and-dog/
SAVED https://annhandley.com/bmtppt-3-ted-goes-corporate-best-buy-a-saddleback-spat/better-marriage-through-powerpoint/
SAVED https://annhandley.com/that-funny-saddleback-bag-video/saddleback-satchel/
SAVED https://annhandley.com/most-read-marketing-posts-2014/cherry-garcia-ice-cream/
SAVED https://annhandley.com/joint-effort-why-ben-jerrys-won-social-media-last-week/ben-and-jerrys-scotchy-scotch-scotch/
SAVED https://annhandley.com/joint-effort-why-ben-jerrys-won-social-media-last-week/ben-and-jerrys-liz-lemon-greek-frozen-yogurt/
SAVED https://annhandley.com/the-worst-words-of-2013/scrabble-tiles/
SAVED https://annhandley.com/the-worst-words-of-2013/stop-trying-to-make-fetch-happen/
SAVED https://annhandley.com/justine-sacco-when-bad-gets-ugly/pitchfork/
SAVED https://annhandley.com/justine-sacco-when-bad-gets-ugly/justine-sacco-africa-tweet/
SAVED https://annhandley.com/justine-sacco-when-bad-gets-ugly/phoebe-simpson/
SAVED https://annhandley.com/tell-true-stories-well-hire-an-artist/birdhouses/
SAVED https://annhandley.com/tell-true-stories-well-hire-an-artist/airbnb-birdhouses/
SAVED https://annhandley.com/westjet-christmas-mindset-not-a-miracle/better-marriage-through-powerpoint-2/
SAVED https://annhandley.com/the-funniest-mobile-app-update/hi-speech-bubble/
SAVED https://annhandley.com/the-funniest-mobile-app-update/talkto-update-content-1/
SAVED https://annhandley.com/the-funniest-mobile-app-update/talkto-update-content-2/
SAVED https://annhandley.com/how-it-is-changing-a-story-about-beer/churchkey/
SAVED https://annhandley.com/marketing-needs-a-built-in-shockproof-shit-detector/kitten/
SAVED https://annhandley.com/marketing-needs-a-built-in-shockproof-shit-detector/qr-codes-cover-kitten/
SAVED https://annhandley.com/9-qualities-of-good-writing/royal-typewriter/
SAVED https://annhandley.com/9-qualities-of-good-writing/screen-shot-2013-11-18-at-10-16-51-am/
SAVED https://annhandley.com/9-qualities-of-good-writing/dont-forget-to-be-awesome/
SAVED https://annhandley.com/9-qualities-of-good-writing/vowels-and-consonants/
SAVED https://annhandley.com/content-isnt-just-marketing/evergreen-content/
SAVED https://annhandley.com/first-tweets-of-16-b2b-brands/first-tweets-of-b2b-brands/
SAVED https://annhandley.com/lessons-from-skype-your-story-is-about-people-not-your-technology/marketing-is-about-people/
SAVED https://annhandley.com/lessons-from-skype-your-story-is-about-people-not-your-technology/table-for-one/
SAVED https://annhandley.com/lessons-from-skype-your-story-is-about-people-not-your-technology/sarah-and-paige-skype/
SAVED https://annhandley.com/why-innovative-content-marketing-is-about-to-explode-in-denmark/screen-shot-2013-10-31-at-12-07-28-pm/
SAVED https://annhandley.com/why-innovative-content-marketing-is-about-to-explode-in-denmark/ann-handley-content-day-2013/
SAVED https://annhandley.com/why-innovative-content-marketing-is-about-to-explode-in-denmark/denmark-countryside/
SAVED https://annhandley.com/why-innovative-content-marketing-is-about-to-explode-in-denmark/lego/
SAVED https://annhandley.com/this-is-why-b2b-companies-need-to-hire-brand-journalists/everyday-tell-the-truth/
SAVED https://annhandley.com/a-simple-content-marketing-org-chart/keep-it-simple/
SAVED https://annhandley.com/a-simple-content-marketing-org-chart/noodles/
SAVED https://annhandley.com/a-simple-content-marketing-org-chart/team-lead/
SAVED https://annhandley.com/a-simple-content-marketing-org-chart/editorial-director/
SAVED https://annhandley.com/a-simple-content-marketing-org-chart/content-curator/
SAVED https://annhandley.com/a-simple-content-marketing-org-chart/content-syndicator/
SAVED https://annhandley.com/a-simple-content-marketing-org-chart/analytics-expert/
SAVED https://annhandley.com/a-simple-content-marketing-org-chart/website-manager/
SAVED https://annhandley.com/whats-not-in-your-linkedin-profile/jack-in-the-box/
SAVED https://annhandley.com/the-best-political-ad-ever/screen-shot-2013-09-20-at-10-21-23-am/
SAVED https://annhandley.com/airbnb-when-content-marketing-looks-a-lot-like-art/rock-or-suck/
SAVED https://annhandley.com/sxsw-2014-panelpicker-cast-a-vote-for-simple/no-additives-no-preservatives-corporate-free/
SAVED https://annhandley.com/jetblue-when-a-marketing-slogan-is-more-than-a-marketing-slogan/jetblue/
SAVED https://annhandley.com/24-hours-of-bacon/simon/
SAVED https://annhandley.com/24-hours-of-bacon/snowy-simon/
SAVED https://annhandley.com/24-hours-of-bacon/sleeping-simon/
SAVED https://annhandley.com/24-hours-of-bacon/simon-and-his-watermelon/
SAVED https://annhandley.com/24-hours-of-bacon/caroline-and-simon/
SAVED https://annhandley.com/24-hours-of-bacon/simon-sniffing/
SAVED https://annhandley.com/linkedin-influencer-posts-content-catnip/content-catnip/
SAVED https://annhandley.com/why-the-instagram-v-vine-debate-is-the-wrong-conversation/disney/
SAVED https://annhandley.com/my-imaginary-well-dressed-toddler-daughter-the-story-and-content-lessons-of-the-best-pinterest-board-ever/daughter/
SAVED https://annhandley.com/content-tools-effortless-storytelling-from-disney-story-app/content/
SAVED https://annhandley.com/some-thoughts-on-leaning-in/facebook-coo-sheryl-sandberg/
SAVED https://annhandley.com/problem-banning-bossy/sheryl-sandberg/
SAVED https://annhandley.com/8-things-i-know-about-christmas/christmas-ornament/
SAVED https://annhandley.com/8-things-i-know-about-christmas/live-blogging-the-birth/
SAVED https://annhandley.com/8-things-i-know-about-christmas/joyeux-leon/
SAVED https://annhandley.com/8-things-i-know-about-christmas/screen-shot-2012-12-26-at-1-57-25-pm/
SAVED https://annhandley.com/i-dont-want-to-go/predawn/
SAVED https://annhandley.com/if-its-empty-fill-it-and-10-other-rules-for-living-companionably-with-teenagers-kids-and-the-generally-clueless/on-empty-fill-it/
SAVED https://annhandley.com/ann-handley-is-not-impressed-the-back-story/impressed/
SAVED https://annhandley.com/missing/dad-and-mom/
SAVED https://annhandley.com/missing/photo-11/
SAVED https://annhandley.com/content-rules-now-in-paperback-with-pictures/content-rules-paperback/
SAVED https://annhandley.com/content-rules-now-in-paperback-with-pictures/show-dont-just-tell/
SAVED https://annhandley.com/content-rules-now-in-paperback-with-pictures/sean-and-ann-confab/
SAVED https://annhandley.com/content-rules-now-in-paperback-with-pictures/content-rules_3d_web_med/
SAVED https://annhandley.com/just-a-dog/download-4/
SAVED https://annhandley.com/same-sex-discount/london/
SAVED https://annhandley.com/how-to-feed-a-fussy-little-dog-chiles-list-of-requirements/chile/
SAVED https://annhandley.com/what-we-carry/screen-shot-2014-01-05-at-3-16-55-pm/
SAVED https://annhandley.com/what-we-carry/back-to-college/
SAVED https://annhandley.com/the-college-drop-off-can-we-cut-the-crying-parents-some-slack/goodbye/
SAVED https://annhandley.com/and-now-a-message-from-my-marketing-world-im-writing-a-book/content-rules-cover/
SAVED https://annhandley.com/toy-story-3-contains-mild-thematic-elements-not-appropriate-for-older-viewers/toy-story-3-trailer/
SAVED https://annhandley.com/a-sort-of-sentimental-post-that-i-tried-to-make-less-so/dsc_2653/
SAVED https://annhandley.com/annecdote-tea-time/roy-lichtenstein-ohh-alright-133904/
SAVED https://annhandley.com/georgie-a-rescue-story/georgie/
SAVED https://annhandley.com/georgie-a-rescue-story/georgie-the-spaniel/
SAVED https://annhandley.com/georgie-a-rescue-story/fabulous-georgie/
SAVED https://annhandley.com/georgie-a-rescue-story/goofy-georgie/
SAVED https://annhandley.com/wagging-the-dog/the-bark-magazine-issue-56/
SAVED https://annhandley.com/gigi-spies-a-green-tomato-a-tragicomedy-in-five-parts/gigi/
SAVED https://annhandley.com/gigi-spies-a-green-tomato-a-tragicomedy-in-five-parts/gigi-scene-1/
SAVED https://annhandley.com/gigi-spies-a-green-tomato-a-tragicomedy-in-five-parts/gigi-scene-2/
SAVED https://annhandley.com/gigi-spies-a-green-tomato-a-tragicomedy-in-five-parts/gigi-scene-3/
SAVED https://annhandley.com/gigi-spies-a-green-tomato-a-tragicomedy-in-five-parts/gigi-scene-4/
SAVED https://annhandley.com/gigi-spies-a-green-tomato-a-tragicomedy-in-five-parts/gigi-scene-5/
SAVED https://annhandley.com/lucky/screen-shot-2013-08-23-at-4-33-48-pm/
SAVED https://annhandley.com/at-a-loss-for-words/mother-and-son-painting/
SAVED https://annhandley.com/excerpt-things-that-scare-me/ann-smiling/
SAVED https://annhandley.com/excerpt-things-that-scare-me/ann-smoking/
SAVED https://annhandley.com/painting-a-picture/ann_bowling/
SAVED https://annhandley.com/a-journey-to-25-random-things/facebook-random/
SAVED https://annhandley.com/what-happened-to-your-nose/ouch/
SAVED https://annhandley.com/refugee-at-home/noses/
SAVED https://annhandley.com/wii-are-family/evan-on-wii/
SAVED https://annhandley.com/evergreen-christmas/christmas-ornaments/
SAVED https://annhandley.com/i-can-haz-hoomin-hart-aik/funny-pictures-cat-surprised-by-back-of-hand/
SAVED https://annhandley.com/i-can-haz-hoomin-hart-aik/funny-pictures-cat-oven-pissed-dog/
SAVED https://annhandley.com/i-can-haz-hoomin-hart-aik/funny-pictures-balogna-first-name-nom/
SAVED https://annhandley.com/i-can-haz-hoomin-hart-aik/funny-pictures-cat-eyes-bosom/
SAVED https://annhandley.com/i-can-haz-hoomin-hart-aik/happee-fangsgivings/
SAVED https://annhandley.com/i-can-haz-hoomin-hart-aik/funny-pictures-kitten-heart-breaking-promise/
SAVED https://annhandley.com/i-can-haz-hoomin-hart-aik/funny-pictures-cat-lamp-post-night-stood-up/
SAVED https://annhandley.com/i-can-haz-hoomin-hart-aik/funny-pictures-brushed-seal-leg-panic/
SAVED https://annhandley.com/four-diary-entries/diary/
SAVED https://annhandley.com/punkd/fresh-milk/
SAVED https://annhandley.com/punkd/family-love/
SAVED https://annhandley.com/a-toast-to-cancer/nose-toast/
SAVED https://annhandley.com/notice-to-staff-and-stakeholders-reorg/coddled-to-a-t/
SAVED https://annhandley.com/in-case-of-emergency/legs/
SAVED https://annhandley.com/morning-person/birds-sunrise/
SAVED https://annhandley.com/froggy-fugue/frog-thinker/
SAVED https://annhandley.com/looking-for-eddie-field/i-tolerate-you/
SAVED https://annhandley.com/everyone-else-is-smarter/excellent/
SAVED https://annhandley.com/beta-before-alpha/june-cleaver/
SAVED https://annhandley.com/off-color-commentary/black-white-cat/
SAVED https://annhandley.com/when-a-bear-is-not-a-bear/sardonis-bear/
SAVED https://annhandley.com/when-a-bear-is-not-a-bear/sardonis-carving/
SAVED https://annhandley.com/a-retro-road-trip-in-a-new-world/niagara-or-bust-v/
SAVED https://annhandley.com/the-shadow-knows-watching-superbad-with-my-son/the-shadow-knows-1/
SAVED https://annhandley.com/the-shadow-knows-watching-superbad-with-my-son/the-shadow-knows-2/
SAVED https://annhandley.com/competitive-parenting-as-childs-play/dress-up/
SAVED https://annhandley.com/what-is-a-friend/kids-playing/
SAVED https://annhandley.com/4-x-4-secrets-about-me-and-why-im-uncomfortable-talking-about-myself/olympus-digital-camera/
SAVED https://annhandley.com/a-virgin-in-hollister/superevan/
SAVED https://annhandley.com/a-virgin-in-hollister/photo-booth/
SAVED https://annhandley.com/speaking/speaking_bw/
SAVED https://annhandley.com/in-the-media/press_annhandley_bw/
SAVED https://annhandley.com/books/books_annhandley_bw/
SAVED https://annhandley.com/books/books_annhandley_bw-2/
SAVED https://annhandley.com/2018-b2b-content-marketing-research/b2b-marketers-opinions-about-content-marketing/
SAVED https://annhandley.com/2018-b2b-content-marketing-research/screen-shot-2017-09-28-at-11-03-23-am/
SAVED https://annhandley.com/books/books_annhandley_bw-3/
SAVED https://annhandley.com/notfound/404glasses/
SAVED https://annhandley.com/everybodywrites/ann-3d/
SAVED https://annhandley.com/everybodywrites/amazon/
SAVED https://annhandley.com/everybodywrites/ibooks/
SAVED https://annhandley.com/everybodywrites/bn/
SAVED https://annhandley.com/everybodywrites/bam/
SAVED https://annhandley.com/everybodywrites/everybodywrites-twcard-1/
SAVED https://annhandley.com/omnichannel/pizza_annhandley/
SAVED https://annhandley.com/omnichannel/type_annhandley/
SAVED https://annhandley.com/omnichannel/pizza_annhandley-2/
SAVED https://annhandley.com/isnt-post-delta-airlines/fly_annhandley/
SAVED https://annhandley.com/2018-b2b-content-marketing-research/b2b_ann/
SAVED https://annhandley.com/omnichannel/pizza_annhandley-3/
SAVED https://annhandley.com/typos-happen/type_annhandley-2/
SAVED https://annhandley.com/greatest-linkedin-post/lovehate_annhandley/
SAVED https://annhandley.com/thank-you-ah/ann_handley_sig/
SAVED https://annhandley.com/thank-you-ah/ann_handley_sig-2/
SAVED https://annhandley.com/thank-you-ah/ann_handley_sig-3/
SAVED https://annhandley.com/snapchat-launching-tech-magazine/ann_handley_snapchat/
SAVED https://annhandley.com/omnichannel/ann_handley_pizza/
SAVED https://annhandley.com/greatest-linkedin-post/ann_handley_loveandhate/
SAVED https://annhandley.com/isnt-post-delta-airlines/ann_handley_delta/
SAVED https://annhandley.com/content-marketing-trends-and-assumptions/ann_handley_challenge/
SAVED https://annhandley.com/2018-b2b-content-marketing-research/ann_handley_b2b/
SAVED https://annhandley.com/typos-happen/ann_handley_typewriter/
SAVED https://annhandley.com/5-keys-to-developing-a-strong-tone-of-voice/ann_handley_5keys/
SAVED https://annhandley.com/2018-b2b-content-marketing-research/ann_b2b/
SAVED https://annhandley.com/greatest-linkedin-post/ann_lovehate/
SAVED https://annhandley.com/books/annhandley_books/
SAVED https://annhandley.com/omnichannel/annhandley_pizza/
SAVED https://annhandley.com/isnt-post-delta-airlines/annhandley_plane/
SAVED https://annhandley.com/13-books-better-writer-storyteller/annhandley_12books2018/
SAVED https://annhandley.com/2018-b2b-content-marketing-research/annhandley_b2b/
SAVED https://annhandley.com/isnt-post-delta-airlines/annhandley_delta/
SAVED https://annhandley.com/relaunching-newsletter/tinyhousewinter/
SAVED https://annhandley.com/relaunching-newsletter/annhandleydiary/
SAVED https://annhandley.com/relaunching-newsletter/tinyhousewinter-2/
SAVED https://annhandley.com/relaunching-newsletter/ann_handley_learn_journal/
SAVED https://annhandley.com/relaunching-newsletter/writter_handley/
SAVED https://annhandley.com/slow-marketing/white-pretzels/
SAVED https://annhandley.com/slow-marketing/white-pretzels-lg/
SAVED https://annhandley.com/slow-marketing/daniel-monteiro-313651/
SAVED https://annhandley.com/5-keys-to-developing-a-strong-tone-of-voice/img_6344/
SAVED https://annhandley.com/oxford-comma/oxford-comma-explained/
SAVED https://annhandley.com/oxford-comma/paul-trienekens-458611-unsplash/
SAVED https://annhandley.com/library-story/karim-ghantous-333364-unsplash/
SAVED https://annhandley.com/empathy-and-marketing/screen-shot-2018-03-25-at-2-24-32-pm/
SAVED https://annhandley.com/balance-personal-professional-social-presence/robert-zunikoff-592158-unsplash/
SAVED https://annhandley.com/balance-personal-professional-social-presence/robert-zunikoff-592158-unsplash-2/
SAVED https://annhandley.com/storytelling-inspiration-from-newspapers/lora-ohanessian-440247-unsplash/
SAVED https://annhandley.com/long-form-storytelling/daniil-kuzelev-558030-unsplash/
SAVED https://annhandley.com/long-form-storytelling/screen-shot-2018-04-07-at-12-43-49-pm/
SAVED https://annhandley.com/storytelling-inspiration-from-newspapers/screen-shot-2018-04-07-at-3-15-41-pm/
SAVED https://annhandley.com/storytelling-inspiration-from-newspapers/screen-shot-2018-04-07-at-3-22-16-pm/
SAVED https://annhandley.com/rethinking-asap/screen-shot-2018-03-18-at-10-36-49-am/
SAVED https://annhandley.com/rethinking-asap/img_9593/
SAVED https://annhandley.com/rethinking-asap/screen-shot-2018-04-25-at-2-22-18-pm/
SAVED https://annhandley.com/rethinking-asap/ehimetalor-unuabona-286503-unsplash/
SAVED https://annhandley.com/8-writing-tools-i-use-every-day/screen-shot-2018-04-27-at-10-26-06-am/
SAVED https://annhandley.com/birthday_boy/birthday_boy_ann_handley/
SAVED https://annhandley.com/best-career-mentors/screen-shot-2018-06-16-at-1-28-32-pm/
SAVED https://annhandley.com/best-career-mentors/hello-i-m-nik-281498-unsplash/
SAVED https://annhandley.com/boring-writing/handeynewyorker-jpg/
SAVED https://annhandley.com/boring-writing/screen-shot-2018-09-09-at-9-12-01-am/
SAVED https://annhandley.com/speaking/ah_header_speaking/
SAVED https://annhandley.com/ignosaurus/screen-shot-2018-12-01-at-11-33-15-am/
SAVED https://annhandley.com/ignosaurus/screen-shot-2018-12-01-at-11-36-41-am/
SAVED https://annhandley.com/ignosaurus/screen-shot-2018-12-01-at-11-33-57-am/
SAVED https://annhandley.com/ignosaurus/screen-shot-2018-12-01-at-11-34-12-am/
SAVED https://annhandley.com/ignosaurus/screen-shot-2018-12-01-at-12-06-24-pm/
SAVED https://annhandley.com/in-the-media/wsj_logo-1/
SAVED https://annhandley.com/in-the-media/logo_amexopen-2/
SAVED https://annhandley.com/in-the-media/forbes_logo-2/
SAVED https://annhandley.com/in-the-media/npr_logo-3/
SAVED https://annhandley.com/in-the-media/logo_ahsmall-2/
SAVED https://annhandley.com/in-the-media/logo_morningshift-2/
SAVED https://annhandley.com/in-the-media/logo_cin-2/
SAVED https://annhandley.com/in-the-media/logo_blue-2/
SAVED https://annhandley.com/in-the-media/logo_cision-2/
SAVED https://annhandley.com/in-the-media/logo_bostinno-2/
SAVED https://annhandley.com/in-the-media/logo_vidyard-2/
SAVED https://annhandley.com/in-the-media/logo_toprank-2/
SAVED https://annhandley.com/in-the-media/logo_oracle-2/
SAVED https://annhandley.com/in-the-media/logo_brick-2/
SAVED https://annhandley.com/in-the-media/logo_sldieshare-2/
SAVED https://annhandley.com/in-the-media/logo_mashable-2/
SAVED https://annhandley.com/useful-gift-guide-for-marketers-writers/plush-design-studio-479812-unsplash/
SAVED https://annhandley.com/useful-gift-guide-for-marketers-writers/screen-shot-2018-12-16-at-11-24-01-am/
SAVED https://annhandley.com/why-we-need-smaller-stories-in-content-marketing/ta10blogimage/
SAVED https://annhandley.com/international-womens-day/screen-shot-2019-03-07-at-10-45-43-am/
SAVED https://annhandley.com/when-a-bear-is-not-a-bear/screen-shot-2019-04-15-at-1-24-06-pm/
SAVED https://annhandley.com/i-can-haz-hoomin-hart-aik/screen-shot-2019-04-25-at-9-16-01-am/
SAVED https://annhandley.com/how-to-find-your-brand-voice/drew-beamer-1183284-unsplash/
SAVED https://annhandley.com/a-simple-content-marketing-org-chart/justino-sanchez-591961-unsplash/
SAVED https://annhandley.com/vivid-writing/erik-mclean-reexdhzswty-unsplash-resized/
SAVED https://annhandley.com/how-to-write-better/plush-design-studio-l3n9q27zulw-unsplash-1000/
SAVED https://annhandley.com/testimonials/hideo/
SAVED https://annhandley.com/testimonials/bg_ann_testimonial/
SAVED https://annhandley.com/testimonials/jeremy-troiano/
SAVED https://annhandley.com/green-bean-casserole/casserole-recipe/
SAVED https://annhandley.com/green-bean-casserole/campbell-soups/
SAVED https://annhandley.com/green-bean-casserole/cream-of-mushroom/
SAVED https://annhandley.com/hank-green-on-writing/screen-shot-2019-11-29-at-10-01-30-am/
SAVED https://annhandley.com/hank-green-on-writing/screen-shot-2019-11-29-at-10-09-25-am/
SAVED https://annhandley.com/hank-green-on-writing/hank-green/
SAVED https://annhandley.com/testimonials/adobelogo/
SAVED https://annhandley.com/testimonials/logo_obility/
SAVED https://annhandley.com/testimonials/logo_mayoclinic/
SAVED https://annhandley.com/testimonials/adobe_logo/
SAVED https://annhandley.com/testimonials/penskelogo/
SAVED https://annhandley.com/testimonials/boston_logo/
SAVED https://annhandley.com/testimonials/logo_ohiohealth/
SAVED https://annhandley.com/testimonials/logo_namm/
SAVED https://annhandley.com/meeting-planners/ann_live_20202/
SAVED https://annhandley.com/meeting-planners/ann_live_20201/
SAVED https://annhandley.com/dr-pepper/8239494018894f6ca427bb7da9b2f8f3/
SAVED https://annhandley.com/dr-pepper/drp-sideways/
SAVED https://annhandley.com/testimonials/ann_handley_live2020_2/
SAVED https://annhandley.com/testimonials/ann_handley_live2020/
SAVED https://annhandley.com/testimonials/logo-natixis-lg2x/
SAVED https://annhandley.com/testimonials/logo_natixis/
SAVED https://annhandley.com/write-when-youre-mad/df734ebfdad84edc83239228440f611c/
SAVED https://annhandley.com/2020-newsletters/38c146cfe0874daab8011733bf4c0fa6/
SAVED https://annhandley.com/writing-prompt-for-anxious-world/1a796a2b385c477ca74c66b35ae13eaf/
SAVED https://annhandley.com/post-covid/97ce295d5a194a17b679bfb78f2eae91/
SAVED https://annhandley.com/post-covid/jon-tyson-qazo-wu3tik-unsplash/
SAVED https://annhandley.com/the-one-thing-your-content-marketing-needs-now/3b958c5ced7a483ba3677f1710a2af8e/
SAVED https://annhandley.com/brand-voice-in-social-crisis/unnamed-3/
SAVED https://annhandley.com/brand-voice-in-social-crisis/unnamed-2-2/
SAVED https://annhandley.com/how-to-not-be-a-jerk-at-work/unnamed-5/
SAVED https://annhandley.com/how-to-not-be-a-jerk-at-work/unnamed-4/
SAVED https://annhandley.com/meeting-planners/ann_handley_live2020_5/
SAVED https://annhandley.com/meeting-planners/ann_handley_live2020_4/
SAVED https://annhandley.com/meeting-planners/ann_handley_live2020_3/
SAVED https://annhandley.com/meeting-planners/ann_handley_live2020_2-2/
SAVED https://annhandley.com/meeting-planners/ann_handley_portrait_sm1/
SAVED https://annhandley.com/meeting-planners/ann_handley_portrait_sm2/
SAVED https://annhandley.com/meeting-planners/ann_handley_portrait_sm3/
SAVED https://annhandley.com/testimonials/logo_chile/
SAVED https://annhandley.com/the-best-marketing-cta-and-why-it-works-so-well/unnamed-7/
SAVED https://annhandley.com/the-best-marketing-cta-and-why-it-works-so-well/unnamed-8/
SAVED https://annhandley.com/a-writers-hierarchy-of-needs-how-to-do-our-best-work/writersneeds/
SAVED https://annhandley.com/storytelling-clean-up/unnamed-3-2/
SAVED https://annhandley.com/storytelling-clean-up/unnamed-2-3/
SAVED https://annhandley.com/power-of-copywriting/1d6cdd255fe5406b85f71fbc5992e7ba/
SAVED https://annhandley.com/two-little-known-tools-to-help-you-get-unstuck/unnamed-9/
SAVED https://annhandley.com/copywriting-counsel-unbearable-campaign/fatbearweek/
SAVED https://annhandley.com/can-virtual-events-be-better-than-in-person/total-annarchy-73/
SAVED https://annhandley.com/2020-holiday-gift-guide/2020-ornament/
SAVED https://annhandley.com/isnt-post-delta-airlines/ann_handley_delta-2/
SAVED https://annhandley.com/first-draft/horse-outline-drawing/
SAVED https://annhandley.com/writing-newsletter/ta-3-year-anniversary/
SAVED https://annhandley.com/writing-newsletter/ta-welcome-email/
SAVED https://annhandley.com/tiktok-writing-advice/ta-80th-post/
SAVED https://annhandley.com/tiktok-writing-advice/liquid-death-ad/
SAVED https://annhandley.com/how-to-write-for-instagram/the-creative-process-ann-handley/
SAVED https://annhandley.com/creator-coins/word/
SAVED https://annhandley.com/6-signs-that-its-time-for-you-to-write-your-book/how-to-take-a-great-author-photo/
SAVED https://annhandley.com/should-you-ungate-your-content/homepage-notifications/
SAVED https://annhandley.com/testimonials/knak/
SAVED https://annhandley.com/testimonials/thomson_reuters_logo-5d2f5c0397029/
SAVED https://annhandley.com/the-fun-parts-of-writing/erasers/
SAVED https://annhandley.com/public-speaking-for-introverts/dinosaur/
SAVED https://annhandley.com/specific-writing/karthick-krishnakumar-unsplash/
SAVED https://annhandley.com/how-to-build-a-daily-writing-habit/square-journal/
SAVED https://annhandley.com/how-to-build-a-daily-writing-habit/syallabus/
SAVED https://annhandley.com/brave-enough-to-suck/slightly-perturbed/
SAVED https://annhandley.com/brave-enough-to-suck/bebrave/
SAVED https://annhandley.com/donkey/ann_handley_donkey/
SAVED https://annhandley.com/creative-marketing-on-a-budget/curbside-larry-video-still/
SAVED https://annhandley.com/creative-marketing-on-a-budget/book-explorer/
SAVED https://annhandley.com/10-new-years-resolutions-for-better-writing/new-year-loading/
SAVED https://annhandley.com/speaking/ann_handley_content_marketing_institute_2021/
SAVED https://annhandley.com/writing-about-difficult-topics/elephant-throwing-paper-airplanes/
SAVED https://annhandley.com/writing-about-difficult-topics/confab-email-intro/
SAVED https://annhandley.com/how-to-create-a-smarter-go-to-market-approach-in-4-steps/demandbase-group-03-li/
SAVED https://annhandley.com/copy-framework/screen-shot-2022-06-29-at-8-31-58-pm/
SAVED https://annhandley.com/how-to-write-sales-copy/screen-shot-2022-09-13-at-12-03-45-pm/
SAVED https://annhandley.com/everybodywrites/ew_bookshop/
SAVED https://annhandley.com/everybodywrites/everybody-writes-ann-handley/
SAVED https://annhandley.com/everybodywrites/ann-handley-ew/
SAVED https://annhandley.com/home-2/ew_smallbanner/
SAVED https://annhandley.com/books/everybody-writes_coltrane_3d/
SAVED https://annhandley.com/books/everybody-writes_3d/
SAVED https://annhandley.com/books/ann-handley-books-head/
SAVED https://annhandley.com/the-one-email-metric-to-track/screenshot-2022-11-14-at-2-03-27-pm/
SAVED https://annhandley.com/what-does-ai-mean-for-writers/screenshot-2023-02-02-at-3-36-42-pm/
SAVED https://annhandley.com/ai-writing-typewriters/screenshot-2023-02-07-at-12-10-55-pm/
SAVED https://annhandley.com/how-to-write-like-robots-cant/screenshot-2023-02-07-at-12-56-06-pm/
SAVED https://annhandley.com/why-we-write/toaster/
SAVED https://annhandley.com/love-rolls-downhill-college-goodbye/img_6212/
SAVED https://annhandley.com/cold-open/pearl-2/
SAVED https://annhandley.com/how-to-write-faster/ann-handley/
