SKIP robots https://www.copyright.gov/legislation?oclr=eacld
SKIP robots https://www.copyright.gov/
SKIP robots https://www.copyright.gov/newsnet/
SKIP robots https://www.copyright.gov/help/faq/
SKIP robots https://www.copyright.gov/help/
SKIP robots https://www.copyright.gov/title17/
SKIP robots https://www.copyright.gov/title37/
SKIP robots https://www.copyright.gov/rulemaking/
SKIP robots https://www.copyright.gov/comp3/
SKIP robots https://www.copyright.gov/rulings-filings/review-board/
SKIP robots https://www.copyright.gov/rulings-filings/
SKIP robots https://www.copyright.gov/fair-use/
SKIP robots https://www.copyright.gov/legislation/
SKIP robots https://www.copyright.gov/circs/
SKIP robots https://www.copyright.gov/policy/
SKIP robots https://www.copyright.gov/economic-research/
SKIP robots https://www.copyright.gov/laws/hearings/
SKIP robots https://www.copyright.gov/mandatory/
SKIP robots https://www.copyright.gov/international-issues/
SKIP robots https://www.copyright.gov/music-modernization/
SKIP robots https://www.copyright.gov/dmca/
SKIP robots https://www.copyright.gov/registration/
SKIP robots https://www.copyright.gov/eco/faq.html
SKIP robots https://www.copyright.gov/eco/tutorials.html
SKIP robots https://www.copyright.gov/registration/types-of-works/
SKIP robots https://www.copyright.gov/registration/literary-works/
SKIP robots https://www.copyright.gov/registration/performing-arts/
SKIP robots https://www.copyright.gov/registration/visual-arts/
SKIP robots https://www.copyright.gov/registration/other-digital-content/
SKIP robots https://www.copyright.gov/registration/motion-pictures/
SKIP robots https://www.copyright.gov/registration/photographs/
SKIP robots https://www.copyright.gov/recordation/
SKIP robots https://www.copyright.gov/recordation/documents/
SKIP robots https://www.copyright.gov/recordation/termination.html
SKIP robots https://www.copyright.gov/recordation/pilot/
SKIP robots https://www.copyright.gov/recordation/pilot/tutorial/
SKIP robots https://www.copyright.gov/licensing/
SKIP robots https://www.copyright.gov/licensing/#eft-info
SKIP robots https://www.copyright.gov/licensing/ldocs.html
SKIP robots https://www.copyright.gov/licensing/fees.html
SKIP robots https://www.copyright.gov/licensing/faq.html
SKIP robots https://www.copyright.gov/licensing/#tlc-newsletter
SKIP robots https://www.copyright.gov/public-records/
SKIP robots https://www.copyright.gov/vcc/
SKIP robots https://www.copyright.gov/dmca-directory/
SKIP robots https://www.copyright.gov/learning-engine/
SKIP robots https://www.copyright.gov/historic-records/
SKIP robots https://www.copyright.gov/rrc/
SKIP robots https://www.copyright.gov/rrc/litigation.html
SKIP robots https://www.copyright.gov/forms/search_estimate.html
SKIP robots https://www.copyright.gov/forms/copy_estimate.html
SKIP robots https://www.copyright.gov/rrc/crrr.html
SKIP robots https://www.copyright.gov/rrc/bulk-purchase.html
SKIP robots https://www.copyright.gov/foia/
SKIP robots https://www.copyright.gov/intellectual-property-toolkits/
SKIP robots https://www.copyright.gov/espanol/
SKIP robots https://www.copyright.gov/reports/strategic-plan/
SKIP robots https://www.copyright.gov/what-is-copyright/
SKIP robots https://www.copyright.gov/ai/
SKIP robots https://www.copyright.gov/continuous-development/
SKIP robots https://www.copyright.gov/engage/
SKIP robots https://www.copyright.gov/events/
SKIP robots https://www.copyright.gov/newsnet/2025/1073.html
SKIP robots https://www.copyright.gov/newsnet/2025/1072.html
SKIP robots https://www.copyright.gov/newsnet/2025/1071.html
SKIP robots https://www.copyright.gov/newsnet/2025/1070.html
SKIP robots https://www.copyright.gov/newsnet/2025/1069.html
SKIP robots https://www.copyright.gov/newsnet/archive/
SKIP robots https://www.copyright.gov/history/copyright-exhibit/
SKIP robots https://www.copyright.gov/history/
SKIP robots https://www.copyright.gov/history/annual_reports.html
SKIP robots https://www.copyright.gov/technology-reports/
SKIP robots https://www.copyright.gov/fedreg/
SKIP robots https://www.copyright.gov/press-media-info/
SKIP robots https://www.copyright.gov/help/tutorials.html
SKIP robots https://www.copyright.gov/eco/help-password-userid.html#passwd
SKIP robots https://www.copyright.gov/help/spanish_faq/
SKIP robots https://www.copyright.gov/help/visitorsinformation.html
SKIP robots https://www.copyright.gov/sitemap/
SKIP robots https://www.copyright.gov/subscribe/
