SAVED https://www.goodreads.com/
SAVED https://www.goodreads.com/ap/signin?identityProvider=LoginWithAmazon&language=en_US&openid.assoc_handle=amzn_goodreads_web_lwa&openid.claimed_id=http%3A%2F%2Fspecs.openid.net%2Fauth%2F2.0%2Fidentifier_select&openid.identity=http%3A%2F%2Fspecs.openid.net%2Fauth%2F2.0%2Fidentifier_select&openid.mode=checkid_setup&openid.ns=http%3A%2F%2Fspecs.openid.net%2Fauth%2F2.0&openid.pape.max_auth_age=0&openid.return_to=https%3A%2F%2Fwww.goodreads.com%2Fap-handler%2Fsign-in%3FIDP%3DLoginWithAmazon&relyingParty=GOODREADS&siteState=eyJyZXR1cm5fdXJsIjoiaHR0cHM6Ly93d3cuZ29vZHJlYWRzLmNvbS8ifQ%3D%3D
ERR https://www.goodreads.com/ap/signin?identityProvider=APPLE&language=en_US&openid.assoc_handle=amzn_goodreads_web_apple&openid.claimed_id=http%3A%2F%2Fspecs.openid.net%2Fauth%2F2.0%2Fidentifier_select&openid.identity=http%3A%2F%2Fspecs.openid.net%2Fauth%2F2.0%2Fidentifier_select&openid.mode=checkid_setup&openid.ns=http%3A%2F%2Fspecs.openid.net%2Fauth%2F2.0&openid.pape.max_auth_age=0&openid.return_to=https%3A%2F%2Fwww.goodreads.com%2Fap-handler%2Fsign-in%3FIDP%3DAPPLE&relyingParty=GOODREADS&siteState=eyJyZXR1cm5fdXJsIjoiaHR0cHM6Ly93d3cuZ29vZHJlYWRzLmNvbS8ifQ%3D%3D :: 403 Client Error: Forbidden for url: https://appleid.apple.com/auth/authorize?scope=name+email&response_type=code+id_token&redirect_uri=https%3A%2F%2Fwww.goodreads.com%2Fap%2F3p_callback%3FidentityProvider%3DAPPLE%26relyingParty%3DGOODREADS%26request%3Dsignin%26openid.assoc_handle%3Damzn_goodreads_web_apple%26openid.mode%3Dcheckid_setup%26openid.ns%3Dhttp%253A%252F%252Fspecs.openid.net%252Fauth%252F2.0%26openid.ns.oa2%3Dhttp%253A%252F%252Fwww.amazon.com%252Fap%252Fext%252Foauth%252F2%26openid.oa2.scope%3Dauth_code%26openid.oa2.client_id%3Diba%253Aamzn1.application-oa2-client.ce5075dead7c4aa7ae316059988839d5%26openid.oa2.response_type%3Dcode%26openid.return_to%3Dhttps%253A%252F%252Fwww.goodreads.com%252Fap-handler%252Fsign-in%253FIDP%253Dapple&code_challenge_method=S256&state=4f40fc2b-484f-47e5-9f83-ea48c9a65d11.NCBFDmueghEm3pE2JJwxUBuMaYR1rS5W60kXsYHWkJ0%3D&client_id=com.goodreads.app&code_challenge=NkCGje3HE8j3bydIoY90gkseOsHm-7fvAdB00cNGmy8&response_mode=form_post
SAVED https://www.goodreads.com/ap/register?language=en_US&openid.assoc_handle=amzn_goodreads_web_na&openid.claimed_id=http%3A%2F%2Fspecs.openid.net%2Fauth%2F2.0%2Fidentifier_select&openid.identity=http%3A%2F%2Fspecs.openid.net%2Fauth%2F2.0%2Fidentifier_select&openid.mode=checkid_setup&openid.ns=http%3A%2F%2Fspecs.openid.net%2Fauth%2F2.0&openid.return_to=https%3A%2F%2Fwww.goodreads.com%2Fap-handler%2Fregister&siteState=eyJyZXR1cm5fdXJsIjoiaHR0cHM6Ly93d3cuZ29vZHJlYWRzLmNvbS8ifQ%3D%3D
SAVED https://www.goodreads.com/user/sign_in
SAVED https://www.goodreads.com/blog/show/2947?ref=SRlanding25_signedout
SAVED https://www.goodreads.com/book/show/3450744-nudge
SAVED https://www.goodreads.com/book/show/2776527-traffic
SAVED https://www.goodreads.com/book/show/1713426.Predictably_Irrational
SAVED https://www.goodreads.com/book/show/1618.The_Curious_Incident_of_the_Dog_in_the_Night_Time
SAVED https://www.goodreads.com/book/show/11468377-thinking-fast-and-slow
SAVED https://www.goodreads.com/book/show/929.Memoirs_of_a_Geisha
SAVED https://www.goodreads.com/book/show/39832183-the-guernsey-literary-and-potato-peel-pie-society
SAVED https://www.goodreads.com/book/show/43641.Water_for_Elephants
SAVED https://www.goodreads.com/book/show/4667024-the-help
SAVED https://www.goodreads.com/book/show/3273.Moloka_i
SAVED https://www.goodreads.com/genres/art
SAVED https://www.goodreads.com/genres/biography
SAVED https://www.goodreads.com/genres/business
SAVED https://www.goodreads.com/genres/children-s
SAVED https://www.goodreads.com/genres/christian
SAVED https://www.goodreads.com/genres/classics
SAVED https://www.goodreads.com/genres/comics
SAVED https://www.goodreads.com/genres/cookbooks
SAVED https://www.goodreads.com/genres/ebooks
SAVED https://www.goodreads.com/genres/fantasy
SAVED https://www.goodreads.com/genres/fiction
SAVED https://www.goodreads.com/genres/graphic-novels
SAVED https://www.goodreads.com/genres/historical-fiction
SAVED https://www.goodreads.com/genres/history
SAVED https://www.goodreads.com/genres/horror
SAVED https://www.goodreads.com/genres/memoir
SAVED https://www.goodreads.com/genres/music
SAVED https://www.goodreads.com/genres/mystery
SAVED https://www.goodreads.com/genres/non-fiction
SAVED https://www.goodreads.com/genres/poetry
SAVED https://www.goodreads.com/genres/psychology
SAVED https://www.goodreads.com/genres/romance
SAVED https://www.goodreads.com/genres/science
SAVED https://www.goodreads.com/genres/science-fiction
SAVED https://www.goodreads.com/genres/self-help
SAVED https://www.goodreads.com/genres/sports
SAVED https://www.goodreads.com/genres/thriller
SAVED https://www.goodreads.com/genres/travel
SAVED https://www.goodreads.com/genres/young-adult
SAVED https://www.goodreads.com/genres
SAVED https://www.goodreads.com/work/quotes/3046572
SAVED https://www.goodreads.com/work/quotes/14816053
SAVED https://www.goodreads.com/work/quotes/52037
SAVED https://www.goodreads.com/quotes
SAVED https://www.goodreads.com/choiceawards/best-books-2024
SAVED https://www.goodreads.com/choiceawards/readers-favorite-fiction-books-2024
SAVED https://www.goodreads.com/choiceawards/readers-favorite-historical-fiction-books-2024
SAVED https://www.goodreads.com/choiceawards/readers-favorite-mystery-thriller-books-2024
SAVED https://www.goodreads.com/choiceawards/readers-favorite-romance-books-2024
SAVED https://www.goodreads.com/choiceawards/readers-favorite-romantasy-books-2024
SAVED https://www.goodreads.com/choiceawards/readers-favorite-fantasy-books-2024
SAVED https://www.goodreads.com/choiceawards/readers-favorite-science-fiction-books-2024
SAVED https://www.goodreads.com/choiceawards/readers-favorite-horror-books-2024
SAVED https://www.goodreads.com/choiceawards/readers-favorite-debut-novel-2024
SAVED https://www.goodreads.com/choiceawards/readers-favorite-audio-books-2024
SAVED https://www.goodreads.com/choiceawards/readers-favorite-ya-fantasy-books-2024
SAVED https://www.goodreads.com/choiceawards/readers-favorite-ya-fiction-books-2024
SAVED https://www.goodreads.com/choiceawards/readers-favorite-nonfiction-books-2024
SAVED https://www.goodreads.com/choiceawards/readers-favorite-memoir-books-2024
SAVED https://www.goodreads.com/choiceawards/readers-favorite-history-bio-books-2024
SAVED https://www.goodreads.com/blog/show/2978-70-new-2025-debut-novels-to-discover-now?ref=Soapbox_Signed_Out_2025_Aug_Blog_2978
SAVED https://www.goodreads.com/book/show/2429135.The_Girl_With_the_Dragon_Tattoo
SAVED https://www.goodreads.com/book/show/16299.And_Then_There_Were_None
SAVED https://www.goodreads.com/book/show/960.Angels_Demons
SAVED https://www.goodreads.com/book/show/17899948-rebecca
SAVED https://www.goodreads.com/list/show/11.Best_Crime_Mystery_Books
SAVED https://www.goodreads.com/book/show/56916837-to-kill-a-mockingbird
SAVED https://www.goodreads.com/book/show/61439040-1984
SAVED https://www.goodreads.com/book/show/42844155-harry-potter-and-the-philosopher-s-stone
SAVED https://www.goodreads.com/book/show/41733839-the-great-gatsby
SAVED https://www.goodreads.com/list/show/6.Best_Books_of_the_20th_Century
SAVED https://www.goodreads.com/book/show/77203.The_Kite_Runner
SAVED https://www.goodreads.com/book/show/19063.The_Book_Thief
SAVED https://www.goodreads.com/list/show/19.Best_for_Book_Clubs
SAVED https://www.goodreads.com/list
SAVED https://www.goodreads.com/advertisers
SAVED https://www.goodreads.com/jobs
SAVED https://www.goodreads.com/adprefs
SAVED https://www.goodreads.com/help?action_type=help_web_footer
SAVED https://www.goodreads.com/news?content_type=author_blogs
SAVED https://www.goodreads.com/toggle_mobile
