ERR https://impostorsyndrome.com/ValerieYoung-SpeakerKit.pdf#new_tab :: 404 Client Error: Not Found for url: https://impostorsyndrome.com/ValerieYoung-SpeakerKit.pdf#new_tab
SAVED https://impostorsyndrome.com/articles/the-globe-and-mail-even-accomplished-workers-can-fall-prey-to-impostor-phenomenon/
SAVED https://impostorsyndrome.com/articles/the-globe-and-mail-feeling-like-a-fraud/
SAVED https://impostorsyndrome.com/articles/baltimore-business-journal-are-you-an-impostor/
SAVED https://impostorsyndrome.com/articles/the-sydney-morning-herald-false-negatives/
SAVED https://impostorsyndrome.com/articles/chicago-tribune-who-do-you-think-you-are-big-success-can-make-you-feel-so-small/
SAVED https://impostorsyndrome.com/articles/inc-why-do-so-many-successful-entrepreneurs-feel-like-fakes/
SAVED https://impostorsyndrome.com/articles/glamour-convinced-youre-not-up-to-the-job/
SAVED https://impostorsyndrome.com/articles/the-chronicle-of-higher-education-youre-not-fooling-anyone/
SAVED https://impostorsyndrome.com/interviews/connecting-point-with-carrie-saldo/
SAVED https://impostorsyndrome.com/interviews/marketing-mentor-with-ilise-benum/
SAVED https://impostorsyndrome.com/interviews/hr-speaks-up-with-ukg/
SAVED https://impostorsyndrome.com/infographics/coping-mechanisms/
SAVED https://impostorsyndrome.com/infographics/costs-of-impostor-syndrome/
SAVED https://impostorsyndrome.com/interviews/mind-your-business-with-emily-lyons/
SAVED https://impostorsyndrome.com/interviews/beyond-the-goals-with-krati-mehra/
SAVED https://impostorsyndrome.com/interviews/ingari-video-confidence/
SAVED https://impostorsyndrome.com/interviews/idea-to-value-with-nick-skillicorn/
SAVED https://impostorsyndrome.com/interviews/imperfect-us-with-leanne-camilleri-and-leesa-downes/
SAVED https://impostorsyndrome.com/interviews/life-leadership-with-tegan-trovato-and-katie-rasoul/
SAVED https://impostorsyndrome.com/interviews/high-performance-podcast-with-dr-cindra-kamphoff/
SAVED https://impostorsyndrome.com/interviews/changing-the-sales-game-with-connie-whitman/
SAVED https://impostorsyndrome.com/interviews/the-impostor-syndrome-files-with-kim-meninger/
SAVED https://impostorsyndrome.com/interviews/live-well-be-well-with-sarah-ann-macklin/
SAVED https://impostorsyndrome.com/interviews/inside-influence-with-julie-masters/
SAVED https://impostorsyndrome.com/interviews/the-stay-inspired-podcast-with-kongit-farrell/
SAVED https://impostorsyndrome.com/interviews/how-to-be-awesome-at-your-job-with-pete-mockaitis/
SAVED https://impostorsyndrome.com/interviews/this-is-womans-work-with-nicole-kalil/
SAVED https://impostorsyndrome.com/interviews/sharp-scratch-with-the-british-medical-journal/
SAVED https://impostorsyndrome.com/interviews/burn-the-bullsht-with-carolyn-herfurth/
SAVED https://impostorsyndrome.com/interviews/advice-to-my-younger-me-with-sara-holtz/
SAVED https://impostorsyndrome.com/articles/the-impostor-phenomenon-when-even-the-most-successful-people-feel-theyre-fakes/
SAVED https://impostorsyndrome.com/articles/suffering-from-impostor-syndrome-why-do-you-sometimes-feel-like-a-failure/
SAVED https://impostorsyndrome.com/articles/are-there-downsides-to-success-the-third-metric/
SAVED https://impostorsyndrome.com/articles/what-do-you-say-to-a-huge-you-tube-star-with-impostor-syndrome/
SAVED https://impostorsyndrome.com/articles/the-executive-female-the-impostor-phenomenon-are-achievers-draining-their-companies/
SAVED https://impostorsyndrome.com/interviews/the-way-we-work-with-brendon-schrader/
SAVED https://impostorsyndrome.com/interviews/world-leading-expert-dr-valerie-young-tells-why-impostor-syndrome-isnt-rocket-science/
SAVED https://impostorsyndrome.com/interviews/what-the-hell-is-impostor-syndrome-anyway/
SAVED https://impostorsyndrome.com/videos/what-the-hell-is-impostor-syndrome-anyway-2/
SAVED https://impostorsyndrome.com/infographics/youre-not-alone/
SAVED https://impostorsyndrome.com/infographics/impostor-syndrome-quiz/
SAVED https://impostorsyndrome.com/infographics/the-5-types-of-impostors/
SAVED https://impostorsyndrome.com/newsletter/issue-6-new-narratives-about-impostor-syndrome-in-popular-culture/
SAVED https://impostorsyndrome.com/articles/top-10-ways-to-know-if-you-suffer-from-impostor-syndrome/
SAVED https://impostorsyndrome.com/interviews/passion-struck-with-john-r-miles-dr-valerie-young-on-combating-imposter-syndrome/
SAVED https://impostorsyndrome.com/uncategorized/impostor-phenomenon-or-impostor-syndrome/
SAVED https://impostorsyndrome.com/articles/10-steps-you-can-use-to-overcome-impostor-syndrome/
SAVED https://impostorsyndrome.com/articles/impostor-syndrome-and-perfectionism/
SAVED https://impostorsyndrome.com/articles/10-steps-overcome-impostor/
SAVED https://impostorsyndrome.com/blog/share-your-story/
SAVED https://impostorsyndrome.com/blog/finding-a-name-for-the-feelings/
SAVED https://impostorsyndrome.com/articles/do-you-dismiss-your-accomplishments-as-no-big-deal/
SAVED https://impostorsyndrome.com/articles/are-you-really-afraid-of-success/
SAVED https://impostorsyndrome.com/articles/5-types-of-impostor-syndrome/
SAVED https://impostorsyndrome.com/articles/the-secret-thoughts-of-successful-women-readers-share-their-success-stories/
SAVED https://impostorsyndrome.com/articles/are-creative-people-more-susceptible-to-impostor-syndrome/
SAVED https://impostorsyndrome.com/articles/my-cure-for-impostor-syndrome-in-1985-and-now/
SAVED https://impostorsyndrome.com/articles/where-does-impostor-syndrome-come-from-and-why-it-matters/
SAVED https://impostorsyndrome.com/blog-no-header/coaching-people-with-impostor-syndrome/
SAVED https://impostorsyndrome.com/articles/to-overcome-impostor-syndrome-banish-competence-extremism/
SAVED https://impostorsyndrome.com/articles/new-narratives-about-impostor-syndrome-in-popular-culture/
SAVED https://impostorsyndrome.com/blog/are-you-wise-to-feel-like-a-fraud/
SAVED https://impostorsyndrome.com/blog/the-other-side-of-the-impostor-syndrome/
SAVED https://impostorsyndrome.com/articles/phony-impostors-or-merely-the-burden-of-great-potential/
SAVED https://impostorsyndrome.com/articles/frauds-on-the-red-carpet-true-confessions-of-academy-award-winners/
SAVED https://impostorsyndrome.com/articles/the-hamilton-spectator-welcome-to-the-faker-fringe/
SAVED https://impostorsyndrome.com/articles/from-celebrities-to-ceos-many-successful-people-suffer-from-impostor-phenomenon/
SAVED https://impostorsyndrome.com/articles/is-impostor-syndrome-all-bad/
SAVED https://impostorsyndrome.com/articles/what-the-daily-show-s-jessica-williams-can-teach-people-with-impostor-syndrome/
SAVED https://impostorsyndrome.com/articles/viola-davis-impostor-syndrome/
SAVED https://impostorsyndrome.com/articles/why-embracing-your-impostor-syndrome-is-a-really-bad-idea-2/
SAVED https://impostorsyndrome.com/article-featured/unpacking-michelle-obamas-impostor-syndrome/
SAVED https://impostorsyndrome.com/interviews/badass-women-at-any-age-with-bonnie-marcus/
SAVED https://impostorsyndrome.com/articles/do-people-with-impostor-syndrome-feel-unworthy/
SAVED https://impostorsyndrome.com/articles/how-not-to-determine-if-you-have-impostor-syndrome/
SAVED https://impostorsyndrome.com/articles/who-do-you-think-you-are-to-not-go-for-it/
SAVED https://impostorsyndrome.com/articles/3-ways-to-unlearn-impostor-syndrome-in-2024/
SAVED https://impostorsyndrome.com/blog/reshma-saujani-impostor-syndrome-scam-fact-check/
SAVED https://impostorsyndrome.com/newsletter/issue-1-impostor-syndrome-is-a-scam/
SAVED https://impostorsyndrome.com/articles/the-opposite-of-impostor-syndrome/
SAVED https://impostorsyndrome.com/newsletter/issue-2-the-true-opposite-of-impostor-syndrome/
SAVED https://impostorsyndrome.com/uncategorized/the-competence-rulebook-for-mere-mortals/
SAVED https://impostorsyndrome.com/newsletter/issue-3-the-competence-rulebook-for-mere-mortals/
SAVED https://impostorsyndrome.com/newsletter/issue-4-why-i-hate-accomplishment-lists/
SAVED https://impostorsyndrome.com/article-opinion/why-i-hate-accomplishment-lists/
SAVED https://impostorsyndrome.com/articles/what-if-i-really-am-an-impostor/
SAVED https://impostorsyndrome.com/newsletter/issue-5-what-if-i-really-am-an-impostor/
SAVED https://impostorsyndrome.com/articles/what-is-impostor-syndrome-and-what-is-it-not/
SAVED https://impostorsyndrome.com/newsletter/issue-7-what-impostor-syndrome-is-and-is-not/
SAVED https://impostorsyndrome.com/what-even-big-name-coaching-sites-get-wrong/
SAVED https://impostorsyndrome.com/what-87-of-coaches-get-wrong/
SAVED https://impostorsyndrome.com/spotting-impostor-syndrome-is-harder-than-it-looks/
SAVED https://impostorsyndrome.com/articles/what-it-means-to-normalize-impostor-syndrome/
SAVED https://impostorsyndrome.com/newsletter/issue-8-what-it-means-to-normalize-impostor-syndrome/
SAVED https://impostorsyndrome.com/articles/the-natural-genius-view-of-competence/
SAVED https://impostorsyndrome.com/newsletter/issue-9-the-natural-geniuss-view-of-competence/
SAVED https://impostorsyndrome.com/articles/organizational-costs-of-impostor-syndrome-whats-old-is-new-again/
SAVED https://impostorsyndrome.com/newsletter/issue-10-organizational-costs-of-impostor-syndrome-whats-old-is-new-again/
SAVED https://impostorsyndrome.com/articles/do-examine-childhood-messages-but-dont-get-stuck-there/
SAVED https://impostorsyndrome.com/newsletter/issue-11-when-it-comes-to-impostor-syndrome-do-examine-childhood-messages-but-dont-get-stuck-there/
SAVED https://impostorsyndrome.com/articles/impostor-syndrome-and-overnight-success/
SAVED https://impostorsyndrome.com/newsletter/issue-12-impostor-syndrome-and-overnight-success/
SAVED https://impostorsyndrome.com/blog-no-header/is-impostor-syndrome-a-fad/
SAVED https://impostorsyndrome.com/newsletter/issue-13-is-impostor-syndrome-a-fad/
SAVED https://impostorsyndrome.com/articles/overcoming-impostor-syndrome-is-easier-said-than-done/
SAVED https://impostorsyndrome.com/articles/overcoming-impostor-syndrome-the-perfectionists-view-of-competence/
SAVED https://impostorsyndrome.com/articles/its-not-all-about-you/
SAVED https://impostorsyndrome.com/blog-no-header/big-bang-theory-astronaut-impostor-syndrome/
SAVED https://impostorsyndrome.com/
SAVED https://impostorsyndrome.com/licensing-0/unsubscribe/
SAVED https://impostorsyndrome.com/licensing-0/webinar/
SAVED https://impostorsyndrome.com/licensing-0/webinar-thanks/
SAVED https://impostorsyndrome.com/licensing-0/ty/
SAVED https://impostorsyndrome.com/licensing-0/shop/
SAVED https://impostorsyndrome.com/licensing-0/my-account/
SAVED https://impostorsyndrome.com/licensing-0/notification/
SAVED https://impostorsyndrome.com/licensing-0/form/
SAVED https://impostorsyndrome.com/licensing-0/qa-replay/
SAVED https://impostorsyndrome.com/coach-training-interest/
SAVED https://impostorsyndrome.com/cart/
SAVED https://impostorsyndrome.com/checkout/
SAVED https://impostorsyndrome.com/list/thankyou-2/
SAVED https://impostorsyndrome.com/welcome-organization/
SAVED https://impostorsyndrome.com/welcome-solo/
SAVED https://impostorsyndrome.com/valerie-young/
SAVED https://impostorsyndrome.com/impostor-syndrome-solutions/
SAVED https://impostorsyndrome.com/resources/
SAVED https://impostorsyndrome.com/resources/interviews/
SAVED https://impostorsyndrome.com/resources/books/
SAVED https://impostorsyndrome.com/reframes-pdf/
SAVED https://impostorsyndrome.com/reframes/
SAVED https://impostorsyndrome.com/what-about-men/
SAVED https://impostorsyndrome.com/speaker-request-form/
SAVED https://impostorsyndrome.com/impostor-story/
SAVED https://impostorsyndrome.com/coach-training-thanks/
SAVED https://impostorsyndrome.com/coach-training-info-replay/
SAVED https://impostorsyndrome.com/coach-info-video-li/
SAVED https://impostorsyndrome.com/coach-training-info-session-li/
SAVED https://impostorsyndrome.com/valerie-young-video/
SAVED https://impostorsyndrome.com/speakervideo/
SAVED https://impostorsyndrome.com/licensing-0/interest/
SAVED https://impostorsyndrome.com/licensing-interest-ty/
SAVED https://impostorsyndrome.com/licensing-0/
SAVED https://impostorsyndrome.com/video-you-two/
SAVED https://impostorsyndrome.com/video-bonus/
SAVED https://impostorsyndrome.com/video-three/
SAVED https://impostorsyndrome.com/studentchapter/
SAVED https://impostorsyndrome.com/wp-content/uploads/2023/07/IS-Programming-Considerations-for-Decision-Makers-1.pdf#new_tab
SAVED https://impostorsyndrome.com/commitment-to-dei/
SAVED https://impostorsyndrome.com/coach-crash-course/download/
SAVED https://impostorsyndrome.com/impostor-syndrome-institute-clients/
SAVED https://impostorsyndrome.com/coach-crash-course/
SAVED https://impostorsyndrome.com/ty/
SAVED https://impostorsyndrome.com/removed-from-list-4/
SAVED https://impostorsyndrome.com/removed-from-list/
SAVED https://impostorsyndrome.com/removed-from-list-2/
SAVED https://impostorsyndrome.com/removed-from-list-3/
SAVED https://impostorsyndrome.com/book-club/
SAVED https://impostorsyndrome.com/associate-testimonials/
SAVED https://impostorsyndrome.com/resources/videos/ted-talk/
SAVED https://impostorsyndrome.com/superpower-ty/
SAVED https://impostorsyndrome.com/coach-training-ty/
SAVED https://impostorsyndrome.com/superpower-li/
SAVED https://impostorsyndrome.com/coach-training-info-session/ty/
SAVED https://impostorsyndrome.com/coach-training-info-session/
SAVED https://impostorsyndrome.com/coach-training-info-session-050724/
SAVED https://impostorsyndrome.com/superpower/
SAVED https://impostorsyndrome.com/coach-training-testimonials/
SAVED https://impostorsyndrome.com/coach-training-save/
SAVED https://impostorsyndrome.com/research-partners/
SAVED https://impostorsyndrome.com/resources/articles/
SAVED https://impostorsyndrome.com/coach-training-promo/
SAVED https://impostorsyndrome.com/superpower-bonus-10/
SAVED https://impostorsyndrome.com/coach-training-promo-10/
SAVED https://impostorsyndrome.com/coach-training-guide/
SAVED https://impostorsyndrome.com/coach-training-ask-us/
SAVED https://impostorsyndrome.com/coach-replay-082124/
SAVED https://impostorsyndrome.com/coach-feedback/
SAVED https://impostorsyndrome.com/resources/infographics/
SAVED https://impostorsyndrome.com/superpower-bonus/
SAVED https://impostorsyndrome.com/organizational-solutions/
SAVED https://impostorsyndrome.com/ama/
SAVED https://impostorsyndrome.com/ama-112124/
SAVED https://impostorsyndrome.com/coach-waitlist/
SAVED https://impostorsyndrome.com/newsletter-archive/
SAVED https://impostorsyndrome.com/rethinking-impostor-syndrome/
SAVED https://impostorsyndrome.com/licensing/apply/
SAVED https://impostorsyndrome.com/isic-framework-pdf/
SAVED https://impostorsyndrome.com/coach-handbook/
SAVED https://impostorsyndrome.com/free-chapter/
SAVED https://impostorsyndrome.com/licensing/
SAVED https://impostorsyndrome.com/framework/
SAVED https://impostorsyndrome.com/framework-3-steps/
SAVED https://impostorsyndrome.com/keynotes-workshops/
SAVED https://impostorsyndrome.com/isic-framework/
SAVED https://impostorsyndrome.com/coach-directory/
SAVED https://impostorsyndrome.com/handbook/
SAVED https://impostorsyndrome.com/resources/videos/
SAVED https://impostorsyndrome.com/add-listing/
SAVED https://impostorsyndrome.com/search/
SAVED https://impostorsyndrome.com/location/
SAVED https://impostorsyndrome.com/gd-archive/
SAVED https://impostorsyndrome.com/gd-archive-item/
SAVED https://impostorsyndrome.com/gd-details/
SAVED https://impostorsyndrome.com/register/
SAVED https://impostorsyndrome.com/login/
SAVED https://impostorsyndrome.com/account-3/
SAVED https://impostorsyndrome.com/forgot/
SAVED https://impostorsyndrome.com/reset/
SAVED https://impostorsyndrome.com/change/
SAVED https://impostorsyndrome.com/profile/
SAVED https://impostorsyndrome.com/users/
SAVED https://impostorsyndrome.com/user-list-item/
SAVED https://impostorsyndrome.com/impostor-syndrome-coach-top-10/
SAVED https://impostorsyndrome.com/ted-talk/
SAVED https://impostorsyndrome.com/licensing-currently-not-in-use/
SAVED https://impostorsyndrome.com/coaching-2/
SAVED https://impostorsyndrome.com/coach-training-on-demand/
SAVED https://impostorsyndrome.com/5-types-coaching-companion-m/
SAVED https://impostorsyndrome.com/5-types-coaching-companion-m-ty/
SAVED https://impostorsyndrome.com/5-types-coaching-companion/
SAVED https://impostorsyndrome.com/5-types-coaching-companion-ty/
SAVED https://impostorsyndrome.com/divi_overlay/
SAVED https://impostorsyndrome.com/divi_overlay/impostor-syndrome-is-your-superpower-li/
SAVED https://impostorsyndrome.com/divi_overlay/impostor-syndrome-is-your-superpower/
SAVED https://impostorsyndrome.com/divi_overlay/last-live/
SAVED https://impostorsyndrome.com/divi_overlay/isi-coach-methodology/
SAVED https://impostorsyndrome.com/divi_overlay/save-200/
SAVED https://impostorsyndrome.com/divi_overlay/save-200-fb/
SAVED https://impostorsyndrome.com/3d-flip-book/
SAVED https://impostorsyndrome.com/3d-flip-book/isi-blueprint/
SAVED https://impostorsyndrome.com/layout_tag/org/
SAVED https://impostorsyndrome.com/profile/valerieimpostorsyndrome-com/
SAVED https://impostorsyndrome.com/profile/lisahelpmelisa-com/
