SKIP robots https://neilpatel.com/blog/digital-marketing-news-roundup-july-2025/
SKIP robots https://neilpatel.com/blog/reddit-seo/
SKIP robots https://neilpatel.com/blog/content-decay/
SKIP robots https://neilpatel.com/blog/sms-marketing/
SKIP robots https://neilpatel.com/blog/customer-acquisition-cost/
SKIP robots https://neilpatel.com/blog/meta-description-magic/
SKIP robots https://neilpatel.com/blog/linkedin-headlines/
SKIP robots https://neilpatel.com/blog/trendjacking/
SKIP robots https://neilpatel.com/blog/using-ai-in-marketing/
SKIP robots https://neilpatel.com/blog/website-redesign-process/
SKIP robots https://neilpatel.com/
SKIP robots https://neilpatel.com/br/
SKIP robots https://neilpatel.com/de/
SKIP robots https://neilpatel.com/es/
SKIP robots https://neilpatel.com/it/
SKIP robots https://neilpatel.com/nl/
SKIP robots https://neilpatel.com/fr/
SKIP robots https://neilpatel.com/blog/
SKIP robots https://neilpatel.com/ubersuggest/
SKIP robots https://neilpatel.com/consulting/?utm_button=neilpatel-menu-sticky
SKIP robots https://neilpatel.com/training/
SKIP robots https://neilpatel.com/seo-analyzer/
SKIP robots https://neilpatel.com/ab-testing-calculator/
SKIP robots https://neilpatel.com/backlinks/
SKIP robots https://neilpatel.com/ai-writer/
SKIP robots https://neilpatel.com/ai-seo-meta-tags/
SKIP robots https://neilpatel.com/ai-social/
SKIP robots https://neilpatel.com/paid-ads/
SKIP robots https://neilpatel.com/website-traffic-checker/
SKIP robots https://neilpatel.com/consulting/?utm_button=neilpatel-header-footer
SKIP robots https://neilpatel.com/do-not-track/
