SAVED https://www.nolo.com/
SAVED https://www.nolo.com/legal-encyclopedia/accident-law
SAVED https://www.nolo.com/legal-encyclopedia/vehicle-accidents
SAVED https://www.nolo.com/legal-encyclopedia/disability-law
SAVED https://www.nolo.com/legal-encyclopedia/workers-compensation
SAVED https://www.nolo.com/legal-encyclopedia/criminal-law
SAVED https://www.nolo.com/legal-encyclopedia/dui-traffic-tickets
SAVED https://www.nolo.com/legal-encyclopedia/bankruptcy
SAVED https://www.nolo.com/legal-encyclopedia/collection-agencies
SAVED https://www.nolo.com/legal-encyclopedia/foreclosure
SAVED https://www.nolo.com/legal-encyclopedia/personal-finance-retirement
SAVED https://www.nolo.com/legal-encyclopedia/real-estate-rental-property
SAVED https://www.nolo.com/legal-encyclopedia/social-security-retirement
SAVED https://www.nolo.com/legal-encyclopedia/taxes
SAVED https://www.nolo.com/legal-encyclopedia/wills-trusts-estates
SAVED https://www.nolo.com/legal-encyclopedia/llc-corporations-partnerships
SAVED https://www.nolo.com/legal-encyclopedia/nonprofits
SAVED https://www.nolo.com/legal-encyclopedia/patent-copyright-trademark
SAVED https://www.nolo.com/legal-encyclopedia/small-business
SAVED https://www.nolo.com/legal-encyclopedia/family-law-divorce
SAVED https://www.nolo.com/legal-encyclopedia/hr-employment-law
SAVED https://www.nolo.com/legal-encyclopedia/immigration
SAVED https://www.nolo.com/legal-encyclopedia/landlords
SAVED https://www.nolo.com/legal-encyclopedia/lgbt-law
SAVED https://www.nolo.com/legal-encyclopedia/lawsuits-court
SAVED https://www.nolo.com/legal-encyclopedia/renters-rights
SAVED https://www.nolo.com/legal-encyclopedia
SAVED https://www.nolo.com/attorney-consult
SKIP robots https://www.nolo.com/login
ERR https://www.nolo.com/legal-encyclopedia/family-law-divorces :: 404 Client Error: Not Found for url: https://www.nolo.com/legal-encyclopedia/family-law-divorces
SAVED https://www.nolo.com/legal-encyclopedia/
SAVED https://www.nolo.com/legal-encyclopedia/divorce
SAVED https://www.nolo.com/customer-support
SAVED https://www.nolo.com/technical-support-main
SAVED https://www.nolo.com/leads/
SAVED https://www.nolo.com/legal-encyclopedia/lawyers-lawfirms/tips.html
SAVED https://www.nolo.com/legal-research
SAVED https://www.nolo.com/legal-encyclopedia/content/new-articles-from-Nolo.html
SAVED https://www.nolo.com/trade
