SAVED https://seths.blog/2011/03/compared-to-perfect-the-irrelevance-of-price-for-content/
SAVED https://seths.blog/2011/03/a-slow-news-day/
SAVED https://seths.blog/2011/03/small-screens-and-big-decisions/
SAVED https://seths.blog/2011/03/initiative-isnt-given-you-take-it/
SAVED https://seths.blog/2011/03/accepting-false-limits/
SAVED https://seths.blog/2011/03/faster-better-and-more/
SAVED https://seths.blog/2011/03/how-much-can-i-get-away-with/
SAVED https://seths.blog/2011/03/impossible-in-theory/
SAVED https://seths.blog/2011/03/originality/
SAVED https://seths.blog/2011/03/are-you-making-something/
SAVED https://seths.blog/2011/03/the-triumph-of-coal-marketing/
SAVED https://seths.blog/2011/03/un-essaim-de-puces/
SAVED https://seths.blog/2011/03/reject-the-tyranny-of-being-picked-pick-yourself/
SAVED https://seths.blog/2011/03/idea-tourism/
SAVED https://seths.blog/2011/03/better-than-it-sounds/
SAVED https://seths.blog/2011/03/coughing-is-heckling/
SAVED https://seths.blog/2011/03/protecting-the-soft-spot/
SAVED https://seths.blog/2011/03/kraft-singles/
SAVED https://seths.blog/2011/03/live-in-new-york-city/
SAVED https://seths.blog/2011/03/are-you-doing-a-good-job/
SAVED https://seths.blog/2011/03/bring-me-stuff-thats-dead-please/
SAVED https://seths.blog/2011/03/seven-questions-for-leaders/
SAVED https://seths.blog/2011/03/your-sxsw-agenda-or-any-conference-for-that-matter/
SAVED https://seths.blog/2011/03/relentlessly-smaller/
SAVED https://seths.blog/2011/03/unskilled-labor/
SAVED https://seths.blog/2011/03/assuming-goodwill/
SAVED https://seths.blog/2011/03/herbs/
SAVED https://seths.blog/2011/03/famous-to-the-family-2/
SAVED https://seths.blog/2011/03/empathy-2/
SAVED https://seths.blog/2011/03/cascade-of-broken-promises/
SAVED https://seths.blog/2011/03/the-limits-of-evidence-based-marketing/
SAVED https://seths.blog/2011/03/importantmeasured/
SAVED https://seths.blog/2011/03/broken-link-fixed/
SAVED https://seths.blog/2011/03/initiators-2-and-a-free-workbook/
SAVED https://seths.blog/2011/03/the-worst-moments-are-your-best-opportunity/
SAVED https://seths.blog/2011/03/the-thing-that-makes-it-popular/
SAVED https://seths.blog/2011/03/jumping-the-line-vs-opening-the-door/
SAVED https://seths.blog/2011/03/initiators-1-ptb-2/
SAVED https://seths.blog/2011/03/who-will-say-go/
SAVED https://seths.blog/2011/02/the-simple-two-step-process/
SAVED https://seths.blog/2011/02/wonder-and-anger/
SAVED https://seths.blog/2011/02/a-linchpin-hierarchy/
SAVED https://seths.blog/2011/02/30-the-long-tail-and-a-future-of-serialized-content/
SAVED https://seths.blog/2011/02/making-a-straighter-ruler/
SAVED https://seths.blog/2011/02/an-atomic-theory-of-business-size/
SAVED https://seths.blog/2011/02/a-flip-side-the-asymmetrical-gift/
SAVED https://seths.blog/2011/02/asymmetrical-mass-favors-a-tragedy-of-our-commons/
SAVED https://seths.blog/2011/02/date-certain-2/
SAVED https://seths.blog/2011/02/bankruptcy/
SAVED https://seths.blog/2011/02/whats-a-slogan-for-stupid-on-purpose/
SAVED https://seths.blog/2011/02/art-is-what-we-call/
SAVED https://seths.blog/2011/02/two-paths-for-successful-group-events/
SAVED https://seths.blog/2011/02/on-pricing-power/
SAVED https://seths.blog/2011/02/what-you-missed/
SAVED https://seths.blog/2011/02/no-one-plays-the-lottery-if-there-are-no-winners/
SAVED https://seths.blog/2011/02/an-acre-of-attitudes/
SAVED https://seths.blog/2011/02/treating-best-customers-better/
SAVED https://seths.blog/2011/02/familiarity-breeds-respect/
SAVED https://seths.blog/2011/02/evil-plans-enchantment-and-orange-county-california/
SAVED https://seths.blog/2011/02/the-danger-of-repeating-signals/
SAVED https://seths.blog/2011/02/ethical-placebos-stunning-but-not-actually-surprising/
SAVED https://seths.blog/2011/02/whats-the-use-case/
SAVED https://seths.blog/2011/02/you-dont-need-more-time/
SAVED https://seths.blog/2011/02/autarky-is-dead/
SAVED https://seths.blog/2011/02/the-new-craftsmanship/
SAVED https://seths.blog/2011/02/how-should-you-treat-your-best-customers/
SAVED https://seths.blog/2011/02/are-300-headphones-worth-it/
SAVED https://seths.blog/2011/02/protecting-the-work/
SAVED https://seths.blog/2011/02/pleasing/
SAVED https://seths.blog/2011/02/the-space-matters/
SAVED https://seths.blog/2011/02/unreasonable-2/
SAVED https://seths.blog/2011/02/all-abstract-strategy-discussions-are-useless/
SAVED https://seths.blog/2011/01/in-and-out/
SAVED https://seths.blog/2011/01/texting-while-working/
SAVED https://seths.blog/2011/01/bill-james-and-you/
SAVED https://seths.blog/2011/01/when-was-the-last-time-you-bought-a-tie/
SAVED https://seths.blog/2011/01/why-i-dont-sell-kimchi/
SAVED https://seths.blog/2011/01/the-shell-game-of-delight/
SAVED https://seths.blog/2011/01/eight-lessons-from-the-life-and-work-of-jack-lalanne/
SAVED https://seths.blog/2011/01/three-ways-to-help-people-get-things-done/
SAVED https://seths.blog/2011/01/the-pleasant-reassurance-of-new-words/
SAVED https://seths.blog/2011/01/treat-different-customers-differently/
SAVED https://seths.blog/2011/01/misjudging-risk-and-bad-decisions/
SAVED https://seths.blog/2011/01/timing-rewards/
SAVED https://seths.blog/2011/01/launch-it-like-google/
SAVED https://seths.blog/2011/01/one-way-to-look-at-the-internet-mobile-web-and-tablets/
SAVED https://seths.blog/2011/01/cashing-the-check/
SAVED https://seths.blog/2011/01/self-destructive-instructions/
SAVED https://seths.blog/2011/01/the-certainty-premium/
SAVED https://seths.blog/2011/01/a-culture-of-testing/
SAVED https://seths.blog/2011/01/raising-expectations-and-then-dashing-them/
SAVED https://seths.blog/2011/01/obedience-and-the-gps/
SAVED https://seths.blog/2011/01/sarah-jones-and-me/
SAVED https://seths.blog/2011/01/ive-got-your-back/
SAVED https://seths.blog/2011/01/lost-in-a-digital-world/
SAVED https://seths.blog/2011/01/consider-the-category-of-without-apology/
SAVED https://seths.blog/2011/01/the-sure-fire-recipe-for-business-success/
SAVED https://seths.blog/2011/01/two-truths-about-juggling/
SAVED https://seths.blog/2011/01/soles/
SAVED https://seths.blog/2011/01/five-ingredients-of-smart-online-commerce/
SAVED https://seths.blog/2011/01/in-defense-of-rss/
SAVED https://seths.blog/2011/01/making-meetings-more-expensive/
SAVED https://seths.blog/2011/01/its-just-better-ketchup/
SAVED https://seths.blog/2011/01/thats-not-the-way-we-do-things-about-here/
SAVED https://seths.blog/2011/01/insurgents-and-incumbents/
SAVED https://seths.blog/2010/12/maybe-next-year/
SAVED https://seths.blog/2010/12/yearinreview/
SAVED https://seths.blog/2010/12/tragically-stuck-with-the-status-quo/
SAVED https://seths.blog/2010/12/folk-wisdom-and-proofiness/
SAVED https://seths.blog/2010/12/bigger-or-smaller/
SAVED https://seths.blog/2010/12/measuring-busy-ness/
SAVED https://seths.blog/2010/12/family-day/
SAVED https://seths.blog/2010/12/a-paradox-of-expectations/
SAVED https://seths.blog/2010/12/three-ways-tv-changed-everything-and-whats-next/
SAVED https://seths.blog/2010/12/just-looking/
SAVED https://seths.blog/2010/12/the-first-rule-of-doing-work-that-matters/
SAVED https://seths.blog/2010/12/do-elite-trappings-create-causation/
SAVED https://seths.blog/2010/12/whos-on-your-list/
SAVED https://seths.blog/2010/12/what-are-you-working-on/
SAVED https://seths.blog/2010/12/quote-cards/
SAVED https://seths.blog/2010/12/weasel-words-are-more-difficult-to-get-away-with/
SAVED https://seths.blog/2010/12/lady-gaga-and-me/
SAVED https://seths.blog/2010/12/how-to-organize-a-retreat/
SAVED https://seths.blog/2010/12/high-margins-groupon-and-the-magic-basket-for-price-differentiators/
SAVED https://seths.blog/2010/12/the-myth-of-the-simple-business-plan/
SAVED https://seths.blog/2010/12/everyone-and-no-one-2/
SAVED https://seths.blog/2010/12/the-answer-is-simple/
SAVED https://seths.blog/2010/12/you-will-be-misunderstood/
SAVED https://seths.blog/2010/12/the-appearance-of-impropriety/
SAVED https://seths.blog/2010/12/wheres-your-platform/
SAVED https://seths.blog/2010/12/the-domino-project/
SAVED https://seths.blog/2010/12/the-open-road/
SAVED https://seths.blog/2010/12/in-search-of-a-few-accomplices/
SAVED https://seths.blog/2010/12/living-with-doubt/
SAVED https://seths.blog/2010/12/the-worlds-worst-boss/
SAVED https://seths.blog/2010/12/tropes/
SAVED https://seths.blog/2010/12/the-inevitable-decline-from-clutter/
SAVED https://seths.blog/2010/12/who-owns-wikipedia/
SAVED https://seths.blog/2010/11/dont-just-do-something-stand-there/
SAVED https://seths.blog/2010/11/a-few-seats-reserved-for-a-fundraiser/
SAVED https://seths.blog/2010/11/be-the-one-that-isnt-easily-replaced/
SAVED https://seths.blog/2010/11/unwarranted-fear-of-claim-chowder/
SAVED https://seths.blog/2010/11/your-noise-is-still-noise/
SAVED https://seths.blog/2010/11/when-you-criticize-my-choices/
SAVED https://seths.blog/2010/11/a-modern-thanksgiving/
SAVED https://seths.blog/2010/11/where-do-ideas-come-from/
SAVED https://seths.blog/2010/11/the-full-day-publishing-seminar/
SAVED https://seths.blog/2010/11/reasons-to-work/
SAVED https://seths.blog/2010/11/linchpin-meetup-the-second-worldwide-event-is-december-7/
SAVED https://seths.blog/2010/11/our-normal-approach-is-useless-here/
SAVED https://seths.blog/2010/11/the-market-has-no-taste/
SAVED https://seths.blog/2010/11/groping-for-a-marketing-solution-tsa-and-security-theater/
SAVED https://seths.blog/2010/11/its-one-thing-to-hear-it/
SAVED https://seths.blog/2010/11/sure-but-whats-the-hard-part/
SAVED https://seths.blog/2010/11/upcycle-vs-the-downcycle/
SAVED https://seths.blog/2010/11/watcha-gonna-do-with-that-duck/
SAVED https://seths.blog/2010/11/your-sally-fields-problem/
SAVED https://seths.blog/2010/11/unreasonable-3/
SAVED https://seths.blog/2010/11/arrogance-is-a-bug-in-signal-processing/
SAVED https://seths.blog/2010/11/crunchy/
SAVED https://seths.blog/2010/11/the-bright-line-of-small-differences/
SAVED https://seths.blog/2010/11/why-we-prefer-live/
SAVED https://seths.blog/2010/11/worth-a-thousand-words/
SAVED https://seths.blog/2010/11/hire-an-architect/
SAVED https://seths.blog/2010/11/no-knight-no-shining-armor/
SAVED https://seths.blog/2010/11/oxygen-for-ideas/
SAVED https://seths.blog/2010/11/seeking-market-resonance/
SAVED https://seths.blog/2010/11/i-dont-have-any-good-ideas-2/
SAVED https://seths.blog/2010/11/problems-and-constraints/
SAVED https://seths.blog/2010/11/do-more-vs-do-better/
SAVED https://seths.blog/2010/11/alienating-the-2/
SAVED https://seths.blog/2010/11/childish-vs-childlike/
SAVED https://seths.blog/2010/11/laziness-2/
SAVED https://seths.blog/2010/11/helping-the-rejection-committee/
SAVED https://seths.blog/2010/11/how-can-you-do-it/
SAVED https://seths.blog/2010/11/invitation-to-join-the-triiibe/
SAVED https://seths.blog/2010/11/voting-misunderstood/
SAVED https://seths.blog/2010/10/marketing-halloween/
SAVED https://seths.blog/2010/10/just-because-hes-angry/
SAVED https://seths.blog/2010/10/wont-get-fooled-again/
SAVED https://seths.blog/2010/10/pushing-back-on-professors/
SAVED https://seths.blog/2010/10/on-buying-unmeasurable-media/
SAVED https://seths.blog/2010/10/ideas-spread-when/
SAVED https://seths.blog/2010/10/how-media-changes-politics/
SAVED https://seths.blog/2010/10/last-call-for-the-los-angeles-road-trip-event/
SAVED https://seths.blog/2010/10/organizing-for-joy/
SAVED https://seths.blog/2010/10/change-and-its-constituents-there-are-two-and-both-are-a-problem/
SAVED https://seths.blog/2010/10/efficiency-is-free/
SAVED https://seths.blog/2010/10/avoiding-counterfeits-building-permission/
SAVED https://seths.blog/2010/10/two-problems-with-whining/
SAVED https://seths.blog/2010/10/the-sales-you-dont-make/
SAVED https://seths.blog/2010/10/the-shipit-journal-is-back-in-stock/
SAVED https://seths.blog/2010/10/deliberately-uninformed-relentlessly-so/
SAVED https://seths.blog/2010/10/killer-apps-now-shipping-early-days/
SAVED https://seths.blog/2010/10/four-roads/
SAVED https://seths.blog/2010/10/youre-famous/
SAVED https://seths.blog/2010/10/hacking-education/
SAVED https://seths.blog/2010/10/merchants-of-dissatisfaction/
SAVED https://seths.blog/2010/10/n1/
SAVED https://seths.blog/2010/10/heroes-and-mentors/
SAVED https://seths.blog/2010/10/the-book-of-the-year/
SAVED https://seths.blog/2010/10/time-to-get-off-the-brandwagon/
SAVED https://seths.blog/2010/10/what-does-pro-business-mean-2/
SAVED https://seths.blog/2010/10/getting-smart-about-the-hierarchy-of-smart/
SAVED https://seths.blog/2010/10/do-you-need-a-permit/
SAVED https://seths.blog/2010/10/when-the-long-tail-is-underwater/
SAVED https://seths.blog/2010/10/beware-the-nile-perch/
SAVED https://seths.blog/2010/10/ubiquitous-distribution-is-overrated/
SAVED https://seths.blog/2010/10/generous-gifts-vs-free-samples/
SAVED https://seths.blog/2010/10/next/
SAVED https://seths.blog/2010/10/the-business-of-software/
SAVED https://seths.blog/2010/10/demonstrating-strength/
SAVED https://seths.blog/2010/10/your-ecosystem/
SAVED https://seths.blog/2010/10/the-buddy-system/
SAVED https://seths.blog/2010/10/seek-scarcity/
SAVED https://seths.blog/2010/09/good-stuff-3-day-free-seminar-la-atlanta/
SAVED https://seths.blog/2010/09/getting-better-at-seeing/
SAVED https://seths.blog/2010/09/needs-dont-always-lead-to-demand/
SAVED https://seths.blog/2010/09/accounting-for-taste/
SAVED https://seths.blog/2010/09/five-rules-for-your-about-page/
SAVED https://seths.blog/2010/09/the-problem-with-putting-it-all-on-the-line/
SAVED https://seths.blog/2010/09/the-market-is-not-seduced-by-logic/
SAVED https://seths.blog/2010/09/cost-reduction-for-highend-markets/
SAVED https://seths.blog/2010/09/the-mesh-is-here-dont-miss-it/
SAVED https://seths.blog/2010/09/i-need-you-to-see-things-this-way/
SAVED https://seths.blog/2010/09/dissatisfaction-guaranteed/
SAVED https://seths.blog/2010/09/do-you-actually-care-about-privacy/
SAVED https://seths.blog/2010/09/the-forever-recession-2/
SAVED https://seths.blog/2010/09/questions-or-answers/
SAVED https://seths.blog/2010/09/are-you-responsible-for-what-you-market/
SAVED https://seths.blog/2010/09/the-power-of-buttons-and-being-normal/
SAVED https://seths.blog/2010/09/turning-the-tables-on-critical-trolls/
SAVED https://seths.blog/2010/09/beyond-crowdsourcing/
SAVED https://seths.blog/2010/09/rehearsing-is-for-cowards/
SAVED https://seths.blog/2010/09/what-shape-is-your-funnel/
SAVED https://seths.blog/2010/09/selfdelusion-and-selfloathing/
SAVED https://seths.blog/2010/09/the-myth-of-preparation/
SAVED https://seths.blog/2010/09/the-early-bird-the-worm-and-the-shipit-workbook/
SAVED https://seths.blog/2010/09/why-jazz-is-more-interesting-than-bowling/
SAVED https://seths.blog/2010/09/moving-along-the-spectrum/
SAVED https://seths.blog/2010/09/interpreting-criticism/
SAVED https://seths.blog/2010/09/loyalty/
SAVED https://seths.blog/2010/09/three-uses-for-a-free-kindle-boo/
SAVED https://seths.blog/2010/09/marketing-to-the-bottom-of-the-pyramid/
SAVED https://seths.blog/2010/09/if-you-want-to-learn-to-do-marketing/
SAVED https://seths.blog/2010/09/design-with-intent/
SAVED https://seths.blog/2010/09/whatever-happened-to-labor/
SAVED https://seths.blog/2010/09/your-attitude-didnt-matter/
SAVED https://seths.blog/2010/09/sometimes-price-is-an-attitude/
SAVED https://seths.blog/2010/09/checkin-chicken/
SAVED https://seths.blog/2010/09/better-than-nothing-is-harder-than-you-think/
SAVED https://seths.blog/2010/09/launching-the-shipit-workbook/
SAVED https://seths.blog/2010/09/responsibility-and-authority-1/
SAVED https://seths.blog/2010/08/just-launched-linchpin-on-the-vook-on-the-ipad/
SAVED https://seths.blog/2010/08/the-corporate-conscience/
SAVED https://seths.blog/2010/08/professionals-amateurs-and-the-great-unwashed/
SAVED https://seths.blog/2010/08/dont-forget-about-color/
SAVED https://seths.blog/2010/08/a-little-out-of-sync/
SAVED https://seths.blog/2010/08/the-blizzard-of-noise-and-the-good-news/
SAVED https://seths.blog/2010/08/senior-management/
SAVED https://seths.blog/2010/08/sell-the-problem/
SAVED https://seths.blog/2010/08/little-lies-and-small-promises/
SAVED https://seths.blog/2010/08/the-secret-of-the-roush-effect/
SAVED https://seths.blog/2010/08/moving-on/
SAVED https://seths.blog/2010/08/monitoring-your-internal-monologue/
SAVED https://seths.blog/2010/08/drop-everything-we-need-you-to-perform-in-our-circus/
SAVED https://seths.blog/2010/08/finding-inspiration-instead-of-it-finding-you/
SAVED https://seths.blog/2010/08/splitting-wood/
SAVED https://seths.blog/2010/08/subtlety-deconstructed/
SAVED https://seths.blog/2010/08/the-road-trip-continues/
SAVED https://seths.blog/2010/08/avoidingmomentum/
SAVED https://seths.blog/2010/08/the-fear-tax/
SAVED https://seths.blog/2010/08/how-long-before-you-run-out-of-talking-points/
SAVED https://seths.blog/2010/08/how-big-is-your-red-zone/
SAVED https://seths.blog/2010/08/the-right-price-the-first-time/
SAVED https://seths.blog/2010/08/resilience-and-the-incredible-power-of-slow-change/
SAVED https://seths.blog/2010/08/foundation-elements-for-modern-businesses/
SAVED https://seths.blog/2010/08/exploration-and-the-risk-of-failure/
SAVED https://seths.blog/2010/08/when-technology-and-tradition-diverge/
SAVED https://seths.blog/2010/08/the-places-you-go/
SAVED https://seths.blog/2010/08/competition/
SAVED https://seths.blog/2010/08/the-decision-before-the-decisio/
SAVED https://seths.blog/2010/08/sleeping-funny/
SAVED https://seths.blog/2010/08/choosing-your-customers/
SAVED https://seths.blog/2010/08/are-you-a-bullfrog-in-a-china-shop/
SAVED https://seths.blog/2010/08/train-your-customers/
SAVED https://seths.blog/2010/08/accept-all-substitutes/
SAVED https://seths.blog/2010/08/a-postindustrial-a-to-z/
SAVED https://seths.blog/2010/08/intolerance-and-xenophobia-as-a-shortterm-marketing-strategy/
SAVED https://seths.blog/2010/08/i-thought-youd-be-taller/
SAVED https://seths.blog/2010/07/sabotage/
SAVED https://seths.blog/2010/07/every-monster-has-a-big-shadow/
SAVED https://seths.blog/2010/07/a-few-books-for-summer-reading/
SAVED https://seths.blog/2010/07/the-power-of-sync/
SAVED https://seths.blog/2010/07/here-comes-the-paperback-kindle-as-promised/
SAVED https://seths.blog/2010/07/its-always-too-soon-to-know-for-sure/
SAVED https://seths.blog/2010/07/the-problem-with-unlimited/
SAVED https://seths.blog/2010/07/getting-unstuck-solving-the-perfect-proble/
SAVED https://seths.blog/2010/07/15-changes-everything/
SAVED https://seths.blog/2010/07/running-away-vs-running-toward/
SAVED https://seths.blog/2010/07/but-who-will-speak-for-the-trees/
SAVED https://seths.blog/2010/07/the-art-of-seduction/
SAVED https://seths.blog/2010/07/getting-to-scale-direct-marketing-vs-mass-market-thinking/
SAVED https://seths.blog/2010/07/the-paradox-of-promises-in-the-age-of-word-of-mouth/
SAVED https://seths.blog/2010/07/the-new-dynamics-of-book-publishing/
SAVED https://seths.blog/2010/07/self-marketing-might-be-the-most-important-kind/
SAVED https://seths.blog/2010/07/is-everything-perfect/
SAVED https://seths.blog/2010/07/the-only-possible-response/
SAVED https://seths.blog/2010/07/the-management-of-signals/
SAVED https://seths.blog/2010/07/a-hierarchy-of-failure/
SAVED https://seths.blog/2010/07/information-about-information/
SAVED https://seths.blog/2010/07/upstream-and-downstream/
SAVED https://seths.blog/2010/07/two-kinds-of-schooling/
SAVED https://seths.blog/2010/07/the-big-sort/
SAVED https://seths.blog/2010/07/so-easy-to-talk-about-lunch/
SAVED https://seths.blog/2010/07/insubordinate-50th-anniverary-free-ebook/
SAVED https://seths.blog/2010/07/its-not-my-birthday/
SAVED https://seths.blog/2010/07/fans-participants-and-spectators/
SAVED https://seths.blog/2010/07/the-power-of-digital-leverage/
SAVED https://seths.blog/2010/07/low-esteem-and-the-factory/
SAVED https://seths.blog/2010/07/payola/
SAVED https://seths.blog/2010/07/betting-on-smarter-or-betting-on-dumber/
SAVED https://seths.blog/2010/07/whats-the-point/
SAVED https://seths.blog/2010/07/the-theory-of-the-case/
SAVED https://seths.blog/2010/07/the-nonoptimized-life/
SAVED https://seths.blog/2010/07/the-difference-between-running-and-managing-a-project/
SAVED https://seths.blog/2010/07/the-200-slide-solution/
SAVED https://seths.blog/2010/06/the-sugar-cane-machine/
SAVED https://seths.blog/2010/06/winning/
SAVED https://seths.blog/2010/06/baco-and-your-career/
SAVED https://seths.blog/2010/06/validation-might-be-overrated/
SAVED https://seths.blog/2010/06/do-you-have-the-right-to-be-heard/
SAVED https://seths.blog/2010/06/a-bias-for-scamminess/
SAVED https://seths.blog/2010/06/whats-included/
SAVED https://seths.blog/2010/06/youre-already-self-employed/
SAVED https://seths.blog/2010/06/a-car-is-not-merely-a-faster-horse/
SAVED https://seths.blog/2010/06/dont-snowglobe-me-bro/
SAVED https://seths.blog/2010/06/a-sad-truth-about-most-traditional-b2b-marketing/
SAVED https://seths.blog/2010/06/archetypes-at-work/
SAVED https://seths.blog/2010/06/gifts-misunderstood/
SAVED https://seths.blog/2010/06/slick/
SAVED https://seths.blog/2010/06/amplifying-the-lizard-brain/
SAVED https://seths.blog/2010/06/goodbye-to-the-office/
SAVED https://seths.blog/2010/06/benefit-eventhelp-wanted-in-hyderabad-india/
SAVED https://seths.blog/2010/06/this-better-work/
SAVED https://seths.blog/2010/06/trying-to-please/
SAVED https://seths.blog/2010/06/hope-and-the-magic-lottery/
SAVED https://seths.blog/2010/06/lulas-logic/
SAVED https://seths.blog/2010/06/fear-of-shipping/
SAVED https://seths.blog/2010/06/the-wrapper-matters/
SAVED https://seths.blog/2010/06/cheating-the-clock/
SAVED https://seths.blog/2010/06/hourly-work-vs-linchpin-work/
SAVED https://seths.blog/2010/06/spending-money-to-makelose-money/
SAVED https://seths.blog/2010/06/paperback-kindle/
SAVED https://seths.blog/2010/06/six-things-about-deadlines/
SAVED https://seths.blog/2010/06/organizing-the-disorganized/
SAVED https://seths.blog/2010/06/drill-baby-dril/
SAVED https://seths.blog/2010/06/seized-of-the-matter/
SAVED https://seths.blog/2010/06/ism-schism/
SAVED https://seths.blog/2010/06/but-youre-not-saying-anything/
SAVED https://seths.blog/2010/06/surely-not-everyone/
SAVED https://seths.blog/2010/06/16-questions-for-free-agents/
SAVED https://seths.blog/2010/06/reminders/
SAVED https://seths.blog/2010/06/is-this-noise-inside-my-head-bothering-you/
SAVED https://seths.blog/2010/05/redoubling-to-system-failure/
SAVED https://seths.blog/2010/05/but-what-have-you-shipped/
SAVED https://seths.blog/2010/05/the-distraction/
SAVED https://seths.blog/2010/05/were-the-same-were-the-same-were/
SAVED https://seths.blog/2010/05/made-by-hand/
SAVED https://seths.blog/2010/05/ipad-killer-app-2-fixing-meetings/
SAVED https://seths.blog/2010/05/pfffft-the-danger-of-premature-shipment/
SAVED https://seths.blog/2010/05/simple-five-step-plan-for-just-about-everyone-and-everything/
SAVED https://seths.blog/2010/05/the-modern-business-plan/
SAVED https://seths.blog/2010/05/linchpins-are-everywhere-raise-the-flag/
SAVED https://seths.blog/2010/05/on-finding-referrals/
SAVED https://seths.blog/2010/05/multiple-dumbnesses/
SAVED https://seths.blog/2010/05/you-can-see-the-determination-in-his-eyes/
SAVED https://seths.blog/2010/05/sort-of-private/
SAVED https://seths.blog/2010/05/good-at-talking-vs-good-at-doing/
SAVED https://seths.blog/2010/05/hardly-worth-the-effort/
SAVED https://seths.blog/2010/05/are-you-easily-manipulated/
SAVED https://seths.blog/2010/05/the-circles-no-more-strangers/
SAVED https://seths.blog/2010/05/arrogant/
SAVED https://seths.blog/2010/05/who-do-you-work-for-and-who-works-for-you/
SAVED https://seths.blog/2010/05/don-quijote-didnt-ship/
SAVED https://seths.blog/2010/05/all-you-need-to-know/
SAVED https://seths.blog/2010/05/will-you-miss-them-if-they-leave-call-for-linchpins/
SAVED https://seths.blog/2010/05/sentences-paragraphs-and-chapters/
SAVED https://seths.blog/2010/05/are-you-an-elite/
SAVED https://seths.blog/2010/05/surfing-is-the-new-career/
SAVED https://seths.blog/2010/05/where-do-you-find-good-ideas/
SAVED https://seths.blog/2010/05/becoming-a-bus-company/
SAVED https://seths.blog/2010/05/mentoring-platforms-and-taking-a-leap/
SAVED https://seths.blog/2010/05/micro-magazines-and-a-future-of-media/
SAVED https://seths.blog/2010/05/consumer-debt-is-not-your-friend/
SAVED https://seths.blog/2010/05/all-the-news-that-fits/
SAVED https://seths.blog/2010/05/announcing-first-dates-for-the-road-trip/
SAVED https://seths.blog/2010/05/no-new-customers/
SAVED https://seths.blog/2010/05/do-you-have-a-media-channel-strategy-you-should/
SAVED https://seths.blog/2010/05/odds-and-ends/
SAVED https://seths.blog/2010/05/bad-behavior/
SAVED https://seths.blog/2010/04/david-byrne-is-angry-with-me/
SAVED https://seths.blog/2010/04/the-coming-meltdown-in-higher-education-as-seen-by-a-marketer/
SAVED https://seths.blog/2010/04/carrying-capacity/
SAVED https://seths.blog/2010/04/powerpoint-makes-us-stupidthese-bullets-can-kill/
SAVED https://seths.blog/2010/04/the-paralysis-of-unlimited-opportunity/
SAVED https://seths.blog/2010/04/quid-pro-quo/
SAVED https://seths.blog/2010/04/empty-your-library/
SAVED https://seths.blog/2010/04/deniability/
SAVED https://seths.blog/2010/04/who-judges-your-work/
SAVED https://seths.blog/2010/04/8-things-i-wish-everyone-knew-about-email/
SAVED https://seths.blog/2010/04/aprillinchpin/
SAVED https://seths.blog/2010/04/sad-tim/
SAVED https://seths.blog/2010/04/i-quilt/
SAVED https://seths.blog/2010/04/how-to-buy-a-house/
SAVED https://seths.blog/2010/04/giving-away-a-magicians-secrets/
SAVED https://seths.blog/2010/04/in-search-of-a-jealous-chipmunk/
SAVED https://seths.blog/2010/04/incoming/
SAVED https://seths.blog/2010/04/when-a-stranger-reads-your-blog/
SAVED https://seths.blog/2010/04/the-inefficiency-of-the-all-call/
SAVED https://seths.blog/2010/04/cannibailsm-and-spam/
SAVED https://seths.blog/2010/04/expose-yourself/
SAVED https://seths.blog/2010/04/define-margin/
SAVED https://seths.blog/2010/04/there-is-no-tribe-of-normal/
SAVED https://seths.blog/2010/04/when-in-doubt-disaggregate/
SAVED https://seths.blog/2010/04/breaking-news/
SAVED https://seths.blog/2010/04/rights-and-responsibilities/
SAVED https://seths.blog/2010/04/the-levy-flight/
SAVED https://seths.blog/2010/04/secrets-of-the-biggest-selling-launch-ever/
SAVED https://seths.blog/2010/04/the-linchpin-index-is-now-available-free/
SAVED https://seths.blog/2010/04/revisiting-conspicuous-consumption/
SAVED https://seths.blog/2010/04/accepting-limits/
SAVED https://seths.blog/2010/04/high-praise-indeed/
SAVED https://seths.blog/2010/04/one-in-a-million/
SAVED https://seths.blog/2010/04/road-trip/
SAVED https://seths.blog/2010/04/failure-success-and-neither/
SAVED https://seths.blog/2010/04/are-you-rational/
SAVED https://seths.blog/2010/03/selfhelp/
SAVED https://seths.blog/2010/03/maybe-you-need-new-friends/
SAVED https://seths.blog/2010/03/the-reality-of-digital-content-lose-the-cookie-lose-the-fortune/
SAVED https://seths.blog/2010/03/publishing-books-to-make-money/
SAVED https://seths.blog/2010/03/what-teachers-make/
SAVED https://seths.blog/2010/03/finding-your-brand-essence/
SAVED https://seths.blog/2010/03/fear-of-philanthropy/
SAVED https://seths.blog/2010/03/what-you-can-learn-from-a-lousy-teacher/
SAVED https://seths.blog/2010/03/telling-a-story-on-the-label/
SAVED https://seths.blog/2010/03/im-mad-at-everyone/
SAVED https://seths.blog/2010/03/lets-spend-a-week-together/
SAVED https://seths.blog/2010/03/sfw/
SAVED https://seths.blog/2010/03/do-you-make-slush/
SAVED https://seths.blog/2010/03/when-a-freelancer-changes-the-game/
SAVED https://seths.blog/2010/03/first-and-never/
SAVED https://seths.blog/2010/03/anxiety-is-nothing-but-repeatedly-experiencing-failure-in-advance/
SAVED https://seths.blog/2010/03/not-for-me/
SAVED https://seths.blog/2010/03/driveby-culture-and-the-endless-search-for-wow/
SAVED https://seths.blog/2010/03/but-its-better-than-tv/
SAVED https://seths.blog/2010/03/books-you-dont-need-in-a-place-you-cant-find/
SAVED https://seths.blog/2010/03/we-can-do-it/
SAVED https://seths.blog/2010/03/naming-tool-of-the-week/
SAVED https://seths.blog/2010/03/wondering-around/
SAVED https://seths.blog/2010/03/helping-spread-the-word/
SAVED https://seths.blog/2010/03/creating-the-list/
SAVED https://seths.blog/2010/03/the-wordperfect-axiom/
SAVED https://seths.blog/2010/03/the-factory-in-the-center/
SAVED https://seths.blog/2010/03/you-rock/
SAVED https://seths.blog/2010/03/losing-andrew-carnegie/
SAVED https://seths.blog/2010/03/spring-reading-listbig-ideas-for-idea-people/
SAVED https://seths.blog/2010/03/pulitzer-prizefighting/
SAVED https://seths.blog/2010/03/on-self-determination/
SAVED https://seths.blog/2010/03/open-buying-and-open-selling/
SAVED https://seths.blog/2010/03/try-different/
SAVED https://seths.blog/2010/03/be-what-losers-call-a-loser/
SAVED https://seths.blog/2010/03/sprezzatura/
SAVED https://seths.blog/2010/03/i-dont-feel-like-it/
SAVED https://seths.blog/2010/02/everyones-model-of-work-is-a-job/
SAVED https://seths.blog/2010/02/genius-is-misunderstood-as-a-bolt-of-lighting/
SAVED https://seths.blog/2010/02/its-easier-to-teach-compliance-than-initiative/
SAVED https://seths.blog/2010/02/two-quotes-for-a-snow-day/
SAVED https://seths.blog/2010/02/why-are-you-apologizing/
SAVED https://seths.blog/2010/02/once-in-a-lifetime/
SAVED https://seths.blog/2010/02/the-doormat-the-jerk-and-the-lizard-brain/
SAVED https://seths.blog/2010/02/pennies-and-dollars-investing-and-belief/
SAVED https://seths.blog/2010/02/last-chance-for-bonus-prizes/
SAVED https://seths.blog/2010/02/your-most-vivid-fears/
SAVED https://seths.blog/2010/02/moving-the-line-the-power-of-a-zealot/
SAVED https://seths.blog/2010/02/jacqueline-novogratz-on-recognizing-a-linchpin/
SAVED https://seths.blog/2010/02/more-more-more/
SAVED https://seths.blog/2010/02/the-best-reason-for-a-big-event/
SAVED https://seths.blog/2010/02/no-more-big-events/
SAVED https://seths.blog/2010/02/how-to-use-cliches/
SAVED https://seths.blog/2010/02/viral-growth-trumps-lots-of-faux-followers/
SAVED https://seths.blog/2010/02/invent-a-holiday/
SAVED https://seths.blog/2010/02/phoning-it-in/
SAVED https://seths.blog/2010/02/friday-linchpin-bonus-video-sunny-bates-on-passion-fear-and-balance/
SAVED https://seths.blog/2010/02/the-brand-the-package-the-story-and-the-worldview/
SAVED https://seths.blog/2010/02/the-hidden-power-of-a-gift/
SAVED https://seths.blog/2010/02/when-i-want-your-opinion-ill-ask-for-it-2/
SAVED https://seths.blog/2010/02/tedthink/
SAVED https://seths.blog/2010/02/frightenedcluelessuninformed/
SAVED https://seths.blog/2010/02/the-least-i-could-do/
SAVED https://seths.blog/2010/02/ipad-app-of-my-dreams-the-digital-talking-pad/
SAVED https://seths.blog/2010/02/the-relentless-search-for-tell-me-what-to-do/
SAVED https://seths.blog/2010/02/linchpin-videos-first-in-a-series/
SAVED https://seths.blog/2010/02/shiny-objects/
SAVED https://seths.blog/2010/02/whats-expected-vs-whats-amazing/
SAVED https://seths.blog/2010/02/hunters-and-farmers/
SAVED https://seths.blog/2010/02/bonus-inspiration-and-insight/
SAVED https://seths.blog/2010/02/who-will-save-us/
SAVED https://seths.blog/2010/02/modern-procrastination/
SAVED https://seths.blog/2010/01/random-rules-for-ideas-worth-spreading/
SAVED https://seths.blog/2010/01/upcoming-events/
SAVED https://seths.blog/2010/01/ogori-and-generosity/
SAVED https://seths.blog/2010/01/strangers-critics-friends-or-fans/
SAVED https://seths.blog/2010/01/finding-people-who-make-a-difference/
SAVED https://seths.blog/2010/01/quieting-the-lizard-brain/
SAVED https://seths.blog/2010/01/the-difference-between-a-bonus-and-free/
SAVED https://seths.blog/2010/01/jumping-the-gun/
SAVED https://seths.blog/2010/01/the-20-media-tour/
SAVED https://seths.blog/2010/01/why-write-a-book/
SAVED https://seths.blog/2010/01/making-art/
SAVED https://seths.blog/2010/01/the-ubiquity-of-competition/
SAVED https://seths.blog/2010/01/the-false-solace-of-vilification/
SAVED https://seths.blog/2010/01/no-everything-is-not-going-to-be-okay/
SAVED https://seths.blog/2010/01/too-much-data-leads-to-not-enough-belief/
SAVED https://seths.blog/2010/01/in-between-frames/
SAVED https://seths.blog/2010/01/type-tells-a-story/
SAVED https://seths.blog/2010/01/craftsmanship/
SAVED https://seths.blog/2010/01/unrealized-projects/
SAVED https://seths.blog/2010/01/multiple-minds/
SAVED https://seths.blog/2010/01/why-you-why-now/
SAVED https://seths.blog/2010/01/what-the-industry-wants/
SAVED https://seths.blog/2010/01/update-on-the-linchpin-reviews/
SAVED https://seths.blog/2010/01/maneuverability/
SAVED https://seths.blog/2010/01/amplifying-complaints/
SAVED https://seths.blog/2010/01/career-fairs/
SAVED https://seths.blog/2010/01/the-lesson-from-two-lemonade-stands/
SAVED https://seths.blog/2010/01/neat-resource-of-vintage-ads/
SAVED https://seths.blog/2010/01/the-future-of-the-library-2/
SAVED https://seths.blog/2010/01/the-victim/
SAVED https://seths.blog/2010/01/last-chance-for-january-15-talk-in-new-york/
SAVED https://seths.blog/2010/01/why-ask-why-2/
SAVED https://seths.blog/2010/01/what-every-marketer-needs-to-learn-from-groucho-marx/
SAVED https://seths.blog/2010/01/bullhorns-are-overrated/
SAVED https://seths.blog/2010/01/now-available-on-an-iphone-app/
SAVED https://seths.blog/2010/01/is-there-a-fear-shortage/
SAVED https://seths.blog/2010/01/without-them/
SAVED https://seths.blog/2010/01/evolution-of-every-medium/
SAVED https://seths.blog/2010/01/welcome-to-the-frustration-decade-and-the-decade-of-change/
SAVED https://seths.blog/2009/12/seven-years-gone/
SAVED https://seths.blog/2009/12/cheapest-reliable-alternative/
SAVED https://seths.blog/2009/12/put-a-name-on-it/
SAVED https://seths.blog/2009/12/its-not-the-rats-you-need-to-worry-about/
SAVED https://seths.blog/2009/12/how-far-away-is-your-future/
SAVED https://seths.blog/2009/12/represent/
SAVED https://seths.blog/2009/12/learning-from-bad-graphs-and-weak-analysis/
SAVED https://seths.blog/2009/12/why-you-why-now-2/
SAVED https://seths.blog/2009/12/the-difference-between-hiring-and-recruiting/
SAVED https://seths.blog/2009/12/first-organize-1000/
SAVED https://seths.blog/2009/12/its-no-wonder-they-dont-trust-you/
SAVED https://seths.blog/2009/12/fear-of-bad-ideas/
SAVED https://seths.blog/2009/12/in-search-of-customer-intimacy/
SAVED https://seths.blog/2009/12/you-dont-have-the-power/
SAVED https://seths.blog/2009/12/think-like-me-agree-with-me/
SAVED https://seths.blog/2009/12/different-kinds-of-work/
SAVED https://seths.blog/2009/12/save-the-date-january-15-in-new-york-for-the-book-launch/
SAVED https://seths.blog/2009/12/dancing-with-entropy/
SAVED https://seths.blog/2009/12/8-questions-and-a-why/
SAVED https://seths.blog/2009/12/its-still-too-difficult/
SAVED https://seths.blog/2009/12/what-matters-now-get-the-free-ebook/
SAVED https://seths.blog/2009/12/define-brand/
SAVED https://seths.blog/2009/12/a-free-supersimple-todo-list-tool/
SAVED https://seths.blog/2009/12/discoverthetruth/
SAVED https://seths.blog/2009/12/who-controls-your-media/
SAVED https://seths.blog/2009/12/the-magic-of-dynamic-pricing/
SAVED https://seths.blog/2009/12/the-reason-social-media-is-so-difficult-for-most-organizations/
SAVED https://seths.blog/2009/12/lead-with-your-glass-jaw/
SAVED https://seths.blog/2009/12/fallback-for-the-2/
SAVED https://seths.blog/2009/12/how-to-protect-your-ideas-in-the-digital-age/
SAVED https://seths.blog/2009/12/whats-it-like-the-sad-story-of-the-hot-pepper/
SAVED https://seths.blog/2009/12/the-first-transaction/
SAVED https://seths.blog/2009/12/over-the-top/
SAVED https://seths.blog/2009/12/within-reason/
SAVED https://seths.blog/2009/12/is-it-too-late-to-catch-up/
SAVED https://seths.blog/2009/12/preview-copy-of-my-new-book/
SAVED https://seths.blog/2009/12/how-to-be-a-great-client/
SAVED https://seths.blog/2009/12/shocking-tiger-woods-video-exclusive/
SAVED https://seths.blog/2009/11/watch-the-money/
SAVED https://seths.blog/2009/11/getting-meta/
SAVED https://seths.blog/2009/11/boundary-makers/
SAVED https://seths.blog/2009/11/the-people-you-should-listen-to/
SAVED https://seths.blog/2009/11/the-only-holiday-that-really-matters/
SAVED https://seths.blog/2009/11/thirsty/
SAVED https://seths.blog/2009/11/what-sort-of-accent-do-you-have/
SAVED https://seths.blog/2009/11/rupert-murdoch-has-it-backwards/
SAVED https://seths.blog/2009/11/delivering-blogs-via-twitter/
SAVED https://seths.blog/2009/11/how-to-lose-an-argument-online/
SAVED https://seths.blog/2009/11/the-magic-rule-of-seven-and-the-banality-of-alphabetical-order/
SAVED https://seths.blog/2009/11/benefit-of-the-doubt/
SAVED https://seths.blog/2009/11/the-amateur-scientist-thats-us/
SAVED https://seths.blog/2009/11/embracing-lifetime-value/
SAVED https://seths.blog/2009/11/some-books-for-november/
SAVED https://seths.blog/2009/11/the-reason-they-want-you-to-fit-in/
SAVED https://seths.blog/2009/11/breakthroughs-and-drips/
SAVED https://seths.blog/2009/11/debt-equity-and-a-third-thing-that-mightworkbetter/
SAVED https://seths.blog/2009/11/learning-by-analogy-2/
SAVED https://seths.blog/2009/11/teaching-the-market-a-lesson/
SAVED https://seths.blog/2009/11/hammer-time/
SAVED https://seths.blog/2009/11/cant-top-this/
SAVED https://seths.blog/2009/11/worldview-neuralgia-dont-call-your-customers-liars/
SAVED https://seths.blog/2009/11/choose-your-customers-choose-your-future/
SAVED https://seths.blog/2009/11/the-why-imperative/
SAVED https://seths.blog/2009/11/upside-vs-downside/
SAVED https://seths.blog/2009/11/fabulous/
SAVED https://seths.blog/2009/11/take-what-you-can-get/
SAVED https://seths.blog/2009/11/everyone-is-clueless/
SAVED https://seths.blog/2009/11/the-unclicking-84/
SAVED https://seths.blog/2009/11/when-data-and-decisions-collide/
SAVED https://seths.blog/2009/11/limited-edition-boxed-set-available-today/
SAVED https://seths.blog/2009/11/ms-inbetween/
SAVED https://seths.blog/2009/11/the-bitter-taste-of-taking-responsibility/
SAVED https://seths.blog/2009/11/attention-lust-and-olympic-stupidity/
SAVED https://seths.blog/2009/10/why-celebrate-halloween/
SAVED https://seths.blog/2009/10/opt-in-and-opt-out/
SAVED https://seths.blog/2009/10/big-ideas/
SAVED https://seths.blog/2009/10/what-you-buy-when-you-buy-a-lottery-ticket/
SAVED https://seths.blog/2009/10/some-people-are-better-than-others/
SAVED https://seths.blog/2009/10/the-penalty-for-violating-dunbars-law/
SAVED https://seths.blog/2009/10/begrudging/
SAVED https://seths.blog/2009/10/the-best-podcastradio-show-of-all-time/
SAVED https://seths.blog/2009/10/trolls/
SAVED https://seths.blog/2009/10/the-joy-of-quitting/
SAVED https://seths.blog/2009/10/consistent-persistent-generosity/
SAVED https://seths.blog/2009/10/top-this/
SAVED https://seths.blog/2009/10/empathy-3/
SAVED https://seths.blog/2009/10/true-believers-and-the-truth/
SAVED https://seths.blog/2009/10/fear-of-apples/
SAVED https://seths.blog/2009/10/notice-me/
SAVED https://seths.blog/2009/10/the-rule-of-high-school/
SAVED https://seths.blog/2009/10/the-problem-with-cable-news/
SAVED https://seths.blog/2009/10/creating-sustainable-competitive-advantage/
SAVED https://seths.blog/2009/10/make-a-decision/
SAVED https://seths.blog/2009/10/two-seminars-in-november/
SAVED https://seths.blog/2009/10/apparent-risk-and-actual-risk/
SAVED https://seths.blog/2009/10/traction-and-friction/
SAVED https://seths.blog/2009/10/when-will-the-world-make-fun-of-you/
SAVED https://seths.blog/2009/10/the-three-elements-of-full-employment/
SAVED https://seths.blog/2009/10/what-do-you-need-me-to-do/
SAVED https://seths.blog/2009/10/the-tacky-techie-conundrum/
SAVED https://seths.blog/2009/10/promiscuous-dispersal-of-your-email-address/
SAVED https://seths.blog/2009/10/crowded-at-the-top/
SAVED https://seths.blog/2009/10/less-than-zero/
SAVED https://seths.blog/2009/10/sinusitus-relief/
SAVED https://seths.blog/2009/10/building-books-that-sell-in-the-digital-age/
SAVED https://seths.blog/2009/10/sell-like-you-buy/
SAVED https://seths.blog/2009/10/hop-in-ill-drive/
SAVED https://seths.blog/2009/09/there-isnt-one-bestseller-list/
SAVED https://seths.blog/2009/09/seminar-for-good-causes/
SAVED https://seths.blog/2009/09/if-craigslist-cost-1/
SAVED https://seths.blog/2009/09/the-future-is-just-like-the-past-but-shinier/
SAVED https://seths.blog/2009/09/the-problem-with-the-transom/
SAVED https://seths.blog/2009/09/do-marketers-have-assets/
SAVED https://seths.blog/2009/09/adjusting-as-we-go/
SAVED https://seths.blog/2009/09/cultural-wisdom/
SAVED https://seths.blog/2009/09/the-platform-vs-the-eyeballs/
SAVED https://seths.blog/2009/09/everyone-gets-paid-on-commission/
SAVED https://seths.blog/2009/09/launching-brands-in-public/
SAVED https://seths.blog/2009/09/win-the-fight-lose-the-customer/
SAVED https://seths.blog/2009/09/understanding-business-development/
SAVED https://seths.blog/2009/09/if-tv-ads-were-free/
SAVED https://seths.blog/2009/09/the-priority-list/
SAVED https://seths.blog/2009/09/things-to-ask-before-you-redo-your-website/
SAVED https://seths.blog/2009/09/chai-wallah/
SAVED https://seths.blog/2009/09/friction/
SAVED https://seths.blog/2009/09/the-problem-with-non/
SAVED https://seths.blog/2009/09/the-hierarchy-of-success/
SAVED https://seths.blog/2009/09/the-end-of-dumb-software/
SAVED https://seths.blog/2009/09/flipping-abundance-and-scarity/
SAVED https://seths.blog/2009/09/taking-the-time-to-teach/
SAVED https://seths.blog/2009/09/the-big-drop-off/
SAVED https://seths.blog/2009/09/righteous-indignation/
SAVED https://seths.blog/2009/09/bonus-a-big-week-for-books/
SAVED https://seths.blog/2009/09/achievable-avalanche-opportunities/
SAVED https://seths.blog/2009/09/clout/
SAVED https://seths.blog/2009/09/pay-for-stuff/
SAVED https://seths.blog/2009/09/square-one-is-underrated/
SAVED https://seths.blog/2009/09/the-problem-with-positive-thinking/
SAVED https://seths.blog/2009/09/help-wanted-squido-is-hiring-a-sales-pro/
SAVED https://seths.blog/2009/09/organizing-customers/
SAVED https://seths.blog/2009/09/enormity/
SAVED https://seths.blog/2009/09/magic-beans-tv-and-the-web/
SAVED https://seths.blog/2009/08/who-gets-to-decide-what-you-want/
SAVED https://seths.blog/2009/08/the-problem-with-doing-it-by-heart/
SAVED https://seths.blog/2009/08/two-ways-to-hire-and-a-wrong-way/
SAVED https://seths.blog/2009/08/spare-no-expense/
SAVED https://seths.blog/2009/08/we-dont-compare-ourselves-to-other-airport-restaurants/
SAVED https://seths.blog/2009/08/competing-with-the-singleminded/
SAVED https://seths.blog/2009/08/add-some-brackets/
SAVED https://seths.blog/2009/08/the-massive-attention-surplus/
SAVED https://seths.blog/2009/08/thanks-for-leading/
SAVED https://seths.blog/2009/08/not-so-good-at-math/
SAVED https://seths.blog/2009/08/brands-that-matter/
SAVED https://seths.blog/2009/08/patient-capital-markets-that-work-and-ending-the-endless-emergency-of-poverty/
SAVED https://seths.blog/2009/08/the-modern-talking-pad/
SAVED https://seths.blog/2009/08/the-talking-pad/
SAVED https://seths.blog/2009/08/the-long-tale/
SAVED https://seths.blog/2009/08/education-at-the-crossroads/
SAVED https://seths.blog/2009/08/drama/
SAVED https://seths.blog/2009/08/willfully-ignorant-vs-aggressively-skeptical/
SAVED https://seths.blog/2009/08/free-work-vs-internships/
SAVED https://seths.blog/2009/08/people-you-cant-live-work-without/
SAVED https://seths.blog/2009/08/critics-that-matter/
SAVED https://seths.blog/2009/08/lessons-from-very-tiny-businesses/
SAVED https://seths.blog/2009/08/the-scientific-method/
SAVED https://seths.blog/2009/08/who-spreads-your-word/
SAVED https://seths.blog/2009/08/the-danger-of-vague-claims/
SAVED https://seths.blog/2009/08/weirdest-billboard-ever-or-brilliant-targeting/
SAVED https://seths.blog/2009/08/when-tactics-drown-out-strategy/
SAVED https://seths.blog/2009/08/are-we-solving-the-same-problem/
SAVED https://seths.blog/2009/08/the-bandwidth-sync-correlation-thats-worth-thinking-about/
SAVED https://seths.blog/2009/08/high-definition/
SAVED https://seths.blog/2009/08/bear-shaving/
SAVED https://seths.blog/2009/08/all-storms-are-perfect/
SAVED https://seths.blog/2009/08/fidelity-vs-convenience/
SAVED https://seths.blog/2009/07/the-initiator-2/
SAVED https://seths.blog/2009/07/ebook-design-and-motion-graphics/
SAVED https://seths.blog/2009/07/all-i-do-is-work-here/
SAVED https://seths.blog/2009/07/win-place-or-show/
SAVED https://seths.blog/2009/07/making-it-up-as-you-go-along/
SAVED https://seths.blog/2009/07/four-videos-about-noise-social-and-decency/
SAVED https://seths.blog/2009/07/the-reason-riding-a-unicycle-is-difficult/
SAVED https://seths.blog/2009/07/am-i-the-only-one-distracted-by-apostrophes-and-weird-quoting/
SAVED https://seths.blog/2009/07/social-norms/
SAVED https://seths.blog/2009/07/welcome-to-island-marketing/
SAVED https://seths.blog/2009/07/when-you-buy-zappos-what-do-you-buy/
SAVED https://seths.blog/2009/07/ishitas-here/
SAVED https://seths.blog/2009/07/death-spiral/
SAVED https://seths.blog/2009/07/winning-on-the-uphills/
SAVED https://seths.blog/2009/07/hes-doing-his-best/
SAVED https://seths.blog/2009/07/dashboards/
SAVED https://seths.blog/2009/07/the-law-of-the-little-shovel/
SAVED https://seths.blog/2009/07/walters-lesson/
SAVED https://seths.blog/2009/07/how-to-make-graphs-that-work/
SAVED https://seths.blog/2009/07/mowing-the-lawn/
SAVED https://seths.blog/2009/07/graduation-day/
SAVED https://seths.blog/2009/07/gotcha/
SAVED https://seths.blog/2009/07/facts-always-win-right/
SAVED https://seths.blog/2009/07/the-cpm-gap/
SAVED https://seths.blog/2009/07/busking-at-the-airport/
SAVED https://seths.blog/2009/07/the-art-and-skill-of-working-with-bureaucrats/
SAVED https://seths.blog/2009/07/quality-scale-and-the-regular-kind/
SAVED https://seths.blog/2009/07/best-new-way-to-make-an-internal-sale/
SAVED https://seths.blog/2009/07/the-fan-chasm/
SAVED https://seths.blog/2009/07/taking-the-leap/
SAVED https://seths.blog/2009/07/the-confusion/
SAVED https://seths.blog/2009/07/everyone-else-reads-it/
SAVED https://seths.blog/2009/07/what-to-do-on-my-birthday/
SAVED https://seths.blog/2009/07/what-to-do-with-special-requests/
SAVED https://seths.blog/2009/07/the-purpose-of-a-book-cover/
SAVED https://seths.blog/2009/07/the-riskreward-confusion/
SAVED https://seths.blog/2009/06/malcolm-is-wrong/
SAVED https://seths.blog/2009/06/theres-always-room-for-jello/
SAVED https://seths.blog/2009/06/how-to-be-a-book-packager/
SAVED https://seths.blog/2009/06/the-paradox-of-the-middle-of-the-market/
SAVED https://seths.blog/2009/06/fast-in-fast-out/
SAVED https://seths.blog/2009/06/can-summer-camp-change-your-life/
SAVED https://seths.blog/2009/06/the-difference-between-strangers-and-friends/
SAVED https://seths.blog/2009/06/priming-the-pump-of-efficiency/
SAVED https://seths.blog/2009/06/magicians-sausage-makers-and-transparency/
SAVED https://seths.blog/2009/06/find-your-voice/
SAVED https://seths.blog/2009/06/learning-from-singer/
SAVED https://seths.blog/2009/06/the-domino-effect/
SAVED https://seths.blog/2009/06/spotto/
SAVED https://seths.blog/2009/06/on-the-road-to-mediocrity/
SAVED https://seths.blog/2009/06/spectacles/
SAVED https://seths.blog/2009/06/two-ways-to-build-trust/
SAVED https://seths.blog/2009/06/circles-of-convenience/
SAVED https://seths.blog/2009/06/scalejacking/
SAVED https://seths.blog/2009/06/whats-off-the-table/
SAVED https://seths.blog/2009/06/you-matter/
SAVED https://seths.blog/2009/06/textbook-rant-2/
SAVED https://seths.blog/2009/06/ruby-slippers/
SAVED https://seths.blog/2009/06/how-big-is-your-farm/
SAVED https://seths.blog/2009/06/should-hugh-swear-so-much/
SAVED https://seths.blog/2009/06/direct-and-useful-project-feedback/
SAVED https://seths.blog/2009/06/guy-3/
SAVED https://seths.blog/2009/06/tough/
SAVED https://seths.blog/2009/06/graduate-school-for-unemployed-college-students/
SAVED https://seths.blog/2009/06/why-am-i-here/
SAVED https://seths.blog/2009/06/harvesting/
SAVED https://seths.blog/2009/06/youre-boring/
SAVED https://seths.blog/2009/06/when-smart-people-are-hard-to-understand/
SAVED https://seths.blog/2009/06/learning-from-the-mba-program/
SAVED https://seths.blog/2009/06/out-of-bounds/
SAVED https://seths.blog/2009/06/thinking-about-the-compromise/
SAVED https://seths.blog/2009/06/why-joint-ventures-fail-so-often/
SAVED https://seths.blog/2009/06/won-by-a-walk/
SAVED https://seths.blog/2009/05/deeper-or-wider/
SAVED https://seths.blog/2009/05/the-next-google/
SAVED https://seths.blog/2009/05/the-troll-that-hates-yes/
SAVED https://seths.blog/2009/05/the-difference-between-marketing-and-sales/
SAVED https://seths.blog/2009/05/prizes-kindles-subscriptions-tweets/
SAVED https://seths.blog/2009/05/challenging-convention/
SAVED https://seths.blog/2009/05/is-marketing-an-art-or-a-science/
SAVED https://seths.blog/2009/05/saying-no/
SAVED https://seths.blog/2009/05/when-the-writer-becomes-the-publisher/
SAVED https://seths.blog/2009/05/on-becoming-a-household-name/
SAVED https://seths.blog/2009/05/nostalgia-is-a-basic-human-emotion/
SAVED https://seths.blog/2009/05/your-world-vs-the-world/
SAVED https://seths.blog/2009/05/want-to-contribute-a-story-to-the-updated-purple-cow/
SAVED https://seths.blog/2009/05/eternal-september/
SAVED https://seths.blog/2009/05/a-clean-sheet-of-paper-2/
SAVED https://seths.blog/2009/05/bravado/
SAVED https://seths.blog/2009/05/it-doesnt-hurt-to-ask/
SAVED https://seths.blog/2009/05/luxury-vs-premium/
SAVED https://seths.blog/2009/05/trouble-accessing-gmail-remotely/
SAVED https://seths.blog/2009/05/the-best-billboard-in-new-york/
SAVED https://seths.blog/2009/05/betting-on-the-wind/
SAVED https://seths.blog/2009/05/marketing-intolerance/
SAVED https://seths.blog/2009/05/what-kind-of-open-are-you-looking-for/
SAVED https://seths.blog/2009/05/ignore-sunk-costs/
SAVED https://seths.blog/2009/05/the-ted-tribes-talk-is-now-live/
SAVED https://seths.blog/2009/05/do-you-have-customers-or-members/
SAVED https://seths.blog/2009/05/what-to-do-with-people-who-arent-going-to-go-away-quietly/
SAVED https://seths.blog/2009/05/two-halves-of-the-value-fraction/
SAVED https://seths.blog/2009/05/too-much-free/
SAVED https://seths.blog/2009/05/strangers-and-friends/
SAVED https://seths.blog/2009/05/ten-years-of-permission-marketing/
SAVED https://seths.blog/2009/05/the-houdini-technique/
SAVED https://seths.blog/2009/05/thinking-about-business-models/
SAVED https://seths.blog/2009/05/can-you-change-everything/
SAVED https://seths.blog/2009/05/friction-saves-the-medium/
SAVED https://seths.blog/2009/05/the-brazen-banality-of-telescammers/
SAVED https://seths.blog/2009/05/mechanics-vs-intent/
SAVED https://seths.blog/2009/04/a-million-blind-squirrels/
SAVED https://seths.blog/2009/04/infinitythey-keep-making-more-of-it/
SAVED https://seths.blog/2009/04/might-as-well-panic/
SAVED https://seths.blog/2009/04/the-collectible-totem/
SAVED https://seths.blog/2009/04/making-commercials-for-the-web/
SAVED https://seths.blog/2009/04/i-need-more-time/
SAVED https://seths.blog/2009/04/thinking-big/
SAVED https://seths.blog/2009/04/youre-nuts-if-you-believe-me/
SAVED https://seths.blog/2009/04/pick-anythingthe-calculus-of-change/
SAVED https://seths.blog/2009/04/what-you-say-what-you-do-and-who-you-are/
SAVED https://seths.blog/2009/04/whether-or-which/
SAVED https://seths.blog/2009/04/this-is-broken/
SAVED https://seths.blog/2009/04/business-rules-of-thumb/
SAVED https://seths.blog/2009/04/sixty-to-zero/
SAVED https://seths.blog/2009/04/how-to-opt-out-of-cookie-sniffing-and-trading/
SAVED https://seths.blog/2009/04/snarky-vs-earnest/
SAVED https://seths.blog/2009/04/blogs-books-and-the-irony-of-short/
SAVED https://seths.blog/2009/04/making-a-living-online/
SAVED https://seths.blog/2009/04/things-to-remember-on-a-job-interview/
SAVED https://seths.blog/2009/04/what-do-you-call-things-you-disagree-with/
SAVED https://seths.blog/2009/04/the-hierarchy-of-presentations/
SAVED https://seths.blog/2009/04/imminent/
SAVED https://seths.blog/2009/04/how-to-make-money-with-seo/
SAVED https://seths.blog/2009/04/so-exclusive-even-you-can-have-one/
SAVED https://seths.blog/2009/04/its-harder-to-hire-great-people-in-a-tough-economy/
SAVED https://seths.blog/2009/04/opening-acts-and-rock-stars/
SAVED https://seths.blog/2009/04/intentionally-building-communities/
SAVED https://seths.blog/2009/04/first-question-every-web-site-designer-must-ask/
SAVED https://seths.blog/2009/04/reinventing-the-conference-call/
SAVED https://seths.blog/2009/04/on-becoming-proactive/
SAVED https://seths.blog/2009/04/what-does-better-mean/
SAVED https://seths.blog/2009/04/the-power-of-a-tiny-picture-how-to-improve-your-social-network-brand/
SAVED https://seths.blog/2009/04/sugarcoated-corporate-speak/
SAVED https://seths.blog/2009/04/poisoning-the-well/
SAVED https://seths.blog/2009/04/first-ten/
SAVED https://seths.blog/2009/04/exceeding-expectations-or-dont-bother/
SAVED https://seths.blog/2009/03/why-arent-you-really-good-at-graphic-design/
SAVED https://seths.blog/2009/03/share-of-wallet-share-of-wall-share-of-voice/
SAVED https://seths.blog/2009/03/ignore-your-critics/
SAVED https://seths.blog/2009/03/wheres-the-baxter/
SAVED https://seths.blog/2009/03/the-high-road-and-the-low-road/
SAVED https://seths.blog/2009/03/getting-serious-about-your-meeting-problem/
SAVED https://seths.blog/2009/03/the-right-size/
SAVED https://seths.blog/2009/03/the-pillars-of-social-media-success/
SAVED https://seths.blog/2009/03/a-chance-to-join-the-online-triiibe/
SAVED https://seths.blog/2009/03/the-myth-of-big-salaries-its-all-marketing/
SAVED https://seths.blog/2009/03/license-to-stall/
SAVED https://seths.blog/2009/03/yeah-but-he-really-knows-his-stuff/
SAVED https://seths.blog/2009/03/fitting-in-vs-standing-out/
SAVED https://seths.blog/2009/03/advice-on-equity/
SAVED https://seths.blog/2009/03/the-benefits-of-history/
SAVED https://seths.blog/2009/03/where-have-all-the-agents-gone/
SAVED https://seths.blog/2009/03/linear-and-parallel/
SAVED https://seths.blog/2009/03/whats-your-super-power/
SAVED https://seths.blog/2009/03/what-do-you-do-when-you-read-kevin-kelly/
SAVED https://seths.blog/2009/03/nothing/
SAVED https://seths.blog/2009/03/demonization/
SAVED https://seths.blog/2009/03/pivots-for-change-swords-and-plowshares/
SAVED https://seths.blog/2009/03/in-search-of-dolphin-leather/
SAVED https://seths.blog/2009/03/the-difference-between-pr-and-publicity/
SAVED https://seths.blog/2009/03/slack/
SAVED https://seths.blog/2009/03/return-on-design/
SAVED https://seths.blog/2009/03/how-far-away-is-your-emergency/
SAVED https://seths.blog/2009/03/direct-from-consumer-marketing/
SAVED https://seths.blog/2009/03/the-two-elements-of-a-great-presenter/
SAVED https://seths.blog/2009/03/three-kinds-of-meetings/
SAVED https://seths.blog/2009/03/how-big-is-your-world/
SAVED https://seths.blog/2009/03/looking-for-yes/
SAVED https://seths.blog/2009/03/beware-of-trade-guilds-maintaining-the-status-quo/
SAVED https://seths.blog/2009/02/personal-branding-in-the-age-of-google/
SAVED https://seths.blog/2009/02/the-panhandlers-secret/
SAVED https://seths.blog/2009/02/three-things-you-need-if-you-want-more-customers/
SAVED https://seths.blog/2009/02/reinventing-the-kindle-part-ii/
SAVED https://seths.blog/2009/02/luckiest-guy/
SAVED https://seths.blog/2009/02/is-marketing-evil/
SAVED https://seths.blog/2009/02/get-rich-quick-2/
SAVED https://seths.blog/2009/02/like-a-dream-come-true/
SAVED https://seths.blog/2009/02/do-you-deserve-it/
SAVED https://seths.blog/2009/02/change/
SAVED https://seths.blog/2009/02/great-job-for-the-right-marketer/
SAVED https://seths.blog/2009/02/sorry-you-cant-be-our-customer/
SAVED https://seths.blog/2009/02/the-rational-marketer-and-the-irrational-customer/
SAVED https://seths.blog/2009/02/authenticity/
SAVED https://seths.blog/2009/02/five-tips-for-better-online-surveys/
SAVED https://seths.blog/2009/02/citizen-reviewer/
SAVED https://seths.blog/2009/02/music-vs-the-music-industry/
SAVED https://seths.blog/2009/02/calling-your-bluff/
SAVED https://seths.blog/2009/02/the-power-of-an-algorithm/
SAVED https://seths.blog/2009/02/make-the-world-smaller/
SAVED https://seths.blog/2009/02/which-parts-are-you-skipping/
SAVED https://seths.blog/2009/02/sprint/
SAVED https://seths.blog/2009/02/learning-all-the-time/
SAVED https://seths.blog/2009/02/the-customer-is-always-wrong/
SAVED https://seths.blog/2009/02/bonus-links-from-all-over/
SAVED https://seths.blog/2009/02/the-difference-between-a-show-and-a-story/
SAVED https://seths.blog/2009/02/solving-a-different-problem/
SAVED https://seths.blog/2009/02/which-comes-first-the-product-or-the-marketing/
SAVED https://seths.blog/2009/02/grave-new-world/
SAVED https://seths.blog/2009/02/im-sorry-were-out-of-time/
SAVED https://seths.blog/2009/02/email-campaign-case-studies-one-good-one-bad/
SAVED https://seths.blog/2009/01/super-bowl-laziness/
SAVED https://seths.blog/2009/01/what-are-you-good-at/
SAVED https://seths.blog/2009/01/what-would-a-professional-do/
SAVED https://seths.blog/2009/01/take-the-ball-and-go-home/
SAVED https://seths.blog/2009/01/creativity-and-stretching-the-sweatshirt/
SAVED https://seths.blog/2009/01/the-goals-you-never-hear-about/
SAVED https://seths.blog/2009/01/jeff-jarvis-new/
SAVED https://seths.blog/2009/01/anatomy-of-a-ca/
SAVED https://seths.blog/2009/01/good-guys-finis/
SAVED https://seths.blog/2009/01/lonely-scared-bitter/
SAVED https://seths.blog/2009/01/easiest-cheap-w/
SAVED https://seths.blog/2009/01/the-london-session/
SAVED https://seths.blog/2009/01/the-four-pillar/
SAVED https://seths.blog/2009/01/thats-a-special/
SAVED https://seths.blog/2009/01/what-marketers/
SAVED https://seths.blog/2009/01/the-best-middle/
SAVED https://seths.blog/2009/01/rubbernecking-2/
SAVED https://seths.blog/2009/01/love-and-annoyi/
SAVED https://seths.blog/2009/01/who-you-are-and/
SAVED https://seths.blog/2009/01/national-day-of/
SAVED https://seths.blog/2009/01/what-tools-shou/
SAVED https://seths.blog/2009/01/youre-boring-2/
SAVED https://seths.blog/2009/01/when-newspapers/
SAVED https://seths.blog/2009/01/traffic-magnets/
SAVED https://seths.blog/2009/01/dont-get-sued/
SAVED https://seths.blog/2009/01/beauty-as-a-sig/
SAVED https://seths.blog/2009/01/in-the-mood/
SAVED https://seths.blog/2009/01/how-to-send-a-p/
SAVED https://seths.blog/2009/01/cash-money-for/
SAVED https://seths.blog/2009/01/the-man-who-inv/
SAVED https://seths.blog/2009/01/time-to-start-a/
SAVED https://seths.blog/2009/01/what-to-do-when/
SAVED https://seths.blog/2009/01/the-thing-about/
SAVED https://seths.blog/2009/01/boundaries/
SAVED https://seths.blog/2009/01/willing-to-be-l/
SAVED https://seths.blog/2009/01/teaching-people/
SAVED https://seths.blog/2009/01/is-everything-o/
SAVED https://seths.blog/2009/01/when-marketing/
SAVED https://seths.blog/2009/01/do-ads-work/
SAVED https://seths.blog/2009/01/change-your-pri/
SAVED https://seths.blog/2009/01/happy-new-year/
SAVED https://seths.blog/2008/12/why-be-good/
SAVED https://seths.blog/2008/12/expertise-and-p/
SAVED https://seths.blog/2008/12/10000-hours/
SAVED https://seths.blog/2008/12/service-worth-p/
SAVED https://seths.blog/2008/12/in-search-of-co/
SAVED https://seths.blog/2008/12/a-years-worth-o/
SAVED https://seths.blog/2008/12/predictions/
SAVED https://seths.blog/2008/12/one-santa-to-ru/
SAVED https://seths.blog/2008/12/hubris-vs-humil/
SAVED https://seths.blog/2008/12/what-is-viral-m/
SAVED https://seths.blog/2008/12/if-you-could-me/
SAVED https://seths.blog/2008/12/two-ways-to-dea/
SAVED https://seths.blog/2008/12/confusing-activ/
SAVED https://seths.blog/2008/12/interesting-new/
SAVED https://seths.blog/2008/12/the-best-and-th/
SAVED https://seths.blog/2008/12/best-free-subsc/
SAVED https://seths.blog/2008/12/brands-social-c/
SAVED https://seths.blog/2008/12/the-power-of-sm/
SAVED https://seths.blog/2008/12/selling-ideas-t/
SAVED https://seths.blog/2008/12/sooner-or-later-2/
SAVED https://seths.blog/2008/12/when-you-notice/
SAVED https://seths.blog/2008/12/dewey-defeats-t/
SAVED https://seths.blog/2008/12/youre-not-going/
SAVED https://seths.blog/2008/12/what-to-do-with/
SAVED https://seths.blog/2008/12/subscribe/
SAVED https://seths.blog/2008/12/warning-the-int/
