SAVED https://www.health.harvard.edu
SAVED https://www.health.harvard.edu/resources
SAVED https://www.health.harvard.edu/newsletters
SAVED https://www.health.harvard.edu/blog
SAVED https://www.health.harvard.edu/pay-bill
SAVED https://www.health.harvard.edu/our-library
SAVED https://www.health.harvard.edu/subscribe
SAVED https://www.health.harvard.edu/permissions
SAVED https://www.health.harvard.edu/customer-service
SAVED https://www.health.harvard.edu/healthbeat
SAVED https://www.health.harvard.edu/healthbeat/archive
SAVED https://www.health.harvard.edu/special-health-reports
SAVED https://www.health.harvard.edu/activate
SAVED https://www.health.harvard.edu/login
SAVED https://www.health.harvard.edu/editorial-board
SAVED https://www.health.harvard.edu/hhp-staff
SAVED https://www.health.harvard.edu/authors
SAVED https://www.health.harvard.edu/topics
SAVED https://www.health.harvard.edu/hho-plus
SAVED https://www.health.harvard.edu/health-decision-guides
SAVED https://www.health.harvard.edu/try-this
SAVED https://www.health.harvard.edu/ask-the-doctor
SAVED https://www.health.harvard.edu/special-health-reports/favorites
SAVED https://www.health.harvard.edu/special-health-reports/new-releases
SAVED https://www.health.harvard.edu/special-health-reports/addiction
SAVED https://www.health.harvard.edu/special-health-reports/bones-and-joints
SAVED https://www.health.harvard.edu/special-health-reports/brain-health
SAVED https://www.health.harvard.edu/special-health-reports/diet-nutrition-and-weight-loss
SAVED https://www.health.harvard.edu/special-health-reports/digestive-health
SAVED https://www.health.harvard.edu/special-health-reports/diseases-and-conditions
SAVED https://www.health.harvard.edu/special-health-reports/dissecting-pain
SAVED https://www.health.harvard.edu/special-health-reports/exercise-and-fitness
SAVED https://www.health.harvard.edu/special-health-reports/healthy-aging
SAVED https://www.health.harvard.edu/special-health-reports/hearing-and-vision
SAVED https://www.health.harvard.edu/special-health-reports/heart-health
SAVED https://www.health.harvard.edu/special-health-reports/mens-health
SAVED https://www.health.harvard.edu/special-health-reports/mind-mood-and-mental-health
SAVED https://www.health.harvard.edu/special-health-reports/staying-healthy
SAVED https://www.health.harvard.edu/special-health-reports/womens-health
SAVED https://www.health.harvard.edu/special-health-reports/inflammation
SAVED https://www.health.harvard.edu/special-health-reports/skin-care
SAVED https://www.health.harvard.edu/authors/marc-b-garnick-md
SAVED https://www.health.harvard.edu/authors/harvey-b-simon-md
SAVED https://www.health.harvard.edu/authors/michael-craig-miller-md
SAVED https://www.health.harvard.edu/authors/peter-wehrwein
SAVED https://www.health.harvard.edu/authors/julie-silver-md
SAVED https://www.health.harvard.edu/authors/julie-corliss
SAVED https://www.health.harvard.edu/authors/howard-lewine-md
SAVED https://www.health.harvard.edu/authors/robert-h-shmerling-md
SAVED https://www.health.harvard.edu/authors/daniel-pendick
SAVED https://www.health.harvard.edu/authors/stephanie-watson
SAVED https://www.health.harvard.edu/authors/heidi-godman
SAVED https://www.health.harvard.edu/authors/reena-pande-md
SAVED https://www.health.harvard.edu/authors/anne-densmore-edd
SAVED https://www.health.harvard.edu/authors/nancy-keating-md
SAVED https://www.health.harvard.edu/authors/edward-phillips-md
SAVED https://www.health.harvard.edu/authors/dennis-rosen-md
SAVED https://www.health.harvard.edu/authors/peter-wayne
SAVED https://www.health.harvard.edu/authors/beverly-merz
SAVED https://www.health.harvard.edu/authors/charlie-schmidt
SAVED https://www.health.harvard.edu/authors/gregory-curfman-md
SAVED https://www.health.harvard.edu/authors/claire-mccarthy-md
SAVED https://www.health.harvard.edu/authors/hope-ricciotti-md
SAVED https://www.health.harvard.edu/authors/anant-mandawat-md
SAVED https://www.health.harvard.edu/authors/deepak-bhatt-md-mph
SAVED https://www.health.harvard.edu/authors/john-ross-md-fidsa
SAVED https://www.health.harvard.edu/authors/stuart-quan-md
SAVED https://www.health.harvard.edu/authors/sara-fazio-md-facp
SAVED https://www.health.harvard.edu/authors/jeffrey-ecker-md
SAVED https://www.health.harvard.edu/authors/nandini-mani-md
SAVED https://www.health.harvard.edu/authors/mallika-marshall-md
SAVED https://www.health.harvard.edu/authors/ronald-d-siegel-psyd
SAVED https://www.health.harvard.edu/authors/bonnie-bermas-md
SAVED https://www.health.harvard.edu/authors/susan-farrell-md
SAVED https://www.health.harvard.edu/authors/ameet-sarpatwari-jd-phd
SAVED https://www.health.harvard.edu/authors/wynne-armand-md
SAVED https://www.health.harvard.edu/authors/james-cartreine-phd
SAVED https://www.health.harvard.edu/authors/sigmund-hough-phd-abpprp
SAVED https://www.health.harvard.edu/authors/eva-selhub-md
SAVED https://www.health.harvard.edu/authors/matthew-solan
SAVED https://www.health.harvard.edu/authors/samuel-z-goldhaber-md
SAVED https://www.health.harvard.edu/authors/ashish-k-jha-md-mph
SAVED https://www.health.harvard.edu/authors/robert-r-edwards-phd
SAVED https://www.health.harvard.edu/authors/joji-suzuki-md
SAVED https://www.health.harvard.edu/authors/mark-proctor-md
SAVED https://www.health.harvard.edu/authors/naomi-d-l-fisher-md
SAVED https://www.health.harvard.edu/authors/srini-pillay-md
SAVED https://www.health.harvard.edu/authors/ellen-braaten-phd
SAVED https://www.health.harvard.edu/authors/michael-bierer-md
SAVED https://www.health.harvard.edu/authors/uma-naidoo-md
SAVED https://www.health.harvard.edu/authors/maneet-kaur-md
SAVED https://www.health.harvard.edu/authors/elizabeth-pegg-frates-md
SAVED https://www.health.harvard.edu/authors/monique-tello-md-mph
SAVED https://www.health.harvard.edu/authors/steven-a-adelman-md
SAVED https://www.health.harvard.edu/authors/steven-j-atlas-md-mph
SAVED https://www.health.harvard.edu/authors/andrea-s-christopher-md
SAVED https://www.health.harvard.edu/authors/leo-newhouse-licsw
SAVED https://www.health.harvard.edu/authors/michaela-kane
SAVED https://www.health.harvard.edu/authors/katherine-d-mcmanus-ms-rd-ldn
SAVED https://www.health.harvard.edu/authors/celia-smoak-spell
SAVED https://www.health.harvard.edu/authors/elizabeth-matzkin-md
SAVED https://www.health.harvard.edu/authors/sarah-wakeman-md-fasam-medical-director-massachusetts-general-hospital-substance-use-disorder-initiative
SAVED https://www.health.harvard.edu/authors/margaret-moore-mba
SAVED https://www.health.harvard.edu/authors/charlotte-s-yeh-md
SAVED https://www.health.harvard.edu/authors/jonathan-nadler-md
SAVED https://www.health.harvard.edu/authors/paul-g-mathew-md-faan-fahs
SAVED https://www.health.harvard.edu/authors/andrea-chisholm-md
SAVED https://www.health.harvard.edu/authors/john-sanford-limouze-md
SAVED https://www.health.harvard.edu/authors/shannon-manzi-pharmd
SAVED https://www.health.harvard.edu/authors/david-scales-mphil-md-phd
SAVED https://www.health.harvard.edu/authors/richard-frank-phd
SAVED https://www.health.harvard.edu/authors/dominic-wu-md
SAVED https://www.health.harvard.edu/authors/meera-sunder-mbbs-mrcog
SAVED https://www.health.harvard.edu/authors/scott-weiner-md
SAVED https://www.health.harvard.edu/authors/peter-grinspoon-md
SAVED https://www.health.harvard.edu/authors/james-s-gessner-md
SAVED https://www.health.harvard.edu/authors/laura-kiesel
SAVED https://www.health.harvard.edu/authors/glen-buchberger-md
SAVED https://www.health.harvard.edu/authors/robert-john-waldinger-md
SAVED https://www.health.harvard.edu/authors/david-r-topor-phd-ms-hped
SAVED https://www.health.harvard.edu/authors/howard-j-shaffer-phd-cas
SAVED https://www.health.harvard.edu/authors/emily-s-ruiz-md-mph
SAVED https://www.health.harvard.edu/authors/john-f-kelly-phd
SAVED https://www.health.harvard.edu/authors/athos-bousvaros-md
SAVED https://www.health.harvard.edu/authors/marcelo-campos-md
SAVED https://www.health.harvard.edu/authors/center-on-media-and-child-health
SAVED https://www.health.harvard.edu/authors/joshua-gagne-pharmd-scd
SAVED https://www.health.harvard.edu/authors/steve-calechman
SAVED https://www.health.harvard.edu/authors/elena-h-chartoff-phd
SAVED https://www.health.harvard.edu/authors/diane-w-shannon-md-mph
SAVED https://www.health.harvard.edu/authors/a-enrique-caballero-md
SAVED https://www.health.harvard.edu/authors/bill-williams
SAVED https://www.health.harvard.edu/authors/scott-shainker-do-ms
SAVED https://www.health.harvard.edu/authors/ted-a-james-md
SAVED https://www.health.harvard.edu/authors/elisabeth-j-ryan-jd-mph
SAVED https://www.health.harvard.edu/authors/wendy-e-parmet-jd
SAVED https://www.health.harvard.edu/authors/helene-langevin-md
SAVED https://www.health.harvard.edu/authors/carolyn-a-bernstein-md-fahs
SAVED https://www.health.harvard.edu/authors/kelly-bilodeau
SAVED https://www.health.harvard.edu/authors/ami-bhatt-md-facc
SAVED https://www.health.harvard.edu/authors/adam-p-stern-md
SAVED https://www.health.harvard.edu/authors/christopher-bullock-md
SAVED https://www.health.harvard.edu/authors/toni-golen-md
SAVED https://www.health.harvard.edu/authors/joyce-gomes-osman-phd-pt
SAVED https://www.health.harvard.edu/authors/margaret-oconnor-phd-abpp
SAVED https://www.health.harvard.edu/authors/daniela-j-lamas-md
SAVED https://www.health.harvard.edu/authors/hilary-connery-md-phd
SAVED https://www.health.harvard.edu/authors/alison-shmerling-md-mph
SAVED https://www.health.harvard.edu/authors/francesca-coltrera
SAVED https://www.health.harvard.edu/authors/stephen-p-wood-ms-acnp-bc
SAVED https://www.health.harvard.edu/authors/jeremy-samuel-faust-md-ms
SAVED https://www.health.harvard.edu/authors/luana-marques-phd
SAVED https://www.health.harvard.edu/authors/david-mischoulon-md-phd
SAVED https://www.health.harvard.edu/authors/sharon-levy-md-mph
SAVED https://www.health.harvard.edu/authors/siva-sundaram-ba
SAVED https://www.health.harvard.edu/authors/rani-polak-md-chef-mba
SAVED https://www.health.harvard.edu/authors/julia-martin-burch-phd
SAVED https://www.health.harvard.edu/authors/lauren-elson-md
SAVED https://www.health.harvard.edu/authors/jeremy-nobel-md-mph
SAVED https://www.health.harvard.edu/authors/medha-munshi-md
SAVED https://www.health.harvard.edu/authors/edward-n-wei-md
SAVED https://www.health.harvard.edu/authors/huma-farid-md
SAVED https://www.health.harvard.edu/authors/neel-shah-md-mpp-facog
SAVED https://www.health.harvard.edu/authors/soo-jeong-youn-phd
SAVED https://www.health.harvard.edu/authors/james-p-ioli-dpm
SAVED https://www.health.harvard.edu/authors/jacqueline-sperling-phd
SAVED https://www.health.harvard.edu/authors/suzanne-bertisch-md-mph
SAVED https://www.health.harvard.edu/authors/adam-landman-md-ms-mis-mhs
SAVED https://www.health.harvard.edu/authors/david-m-vernick-md
SAVED https://www.health.harvard.edu/authors/fatima-cody-stanford-md-mph-mpa-faap-facp-ftos
SAVED https://www.health.harvard.edu/authors/lisa-zakhary-md-phd
SAVED https://www.health.harvard.edu/authors/melissa-brodrick-med
SAVED https://www.health.harvard.edu/authors/elena-toschi-md
SAVED https://www.health.harvard.edu/authors/ellen-s-glazer-licsw
SAVED https://www.health.harvard.edu/authors/zev-schuman-olivier-md
SAVED https://www.health.harvard.edu/authors/eric-holbrook-md
SAVED https://www.health.harvard.edu/authors/eve-valera-phd
SAVED https://www.health.harvard.edu/authors/james-januzzi-md
SAVED https://www.health.harvard.edu/authors/nasrien-ibrahim-md
SAVED https://www.health.harvard.edu/authors/claire-twark-md
SAVED https://www.health.harvard.edu/authors/daniel-kuritzkes-md
SAVED https://www.health.harvard.edu/authors/christian-ruff-md-mph
SAVED https://www.health.harvard.edu/authors/christopher-j-burns-md
SAVED https://www.health.harvard.edu/authors/vasanti-malik-scd
SAVED https://www.health.harvard.edu/authors/alessandro-villa-dds-phd-mph
SAVED https://www.health.harvard.edu/authors/guru-p-sonpavde-md
SAVED https://www.health.harvard.edu/authors/jeremy-whyman-md
SAVED https://www.health.harvard.edu/authors/maria-mavrikaki-phd
SAVED https://www.health.harvard.edu/authors/ann-partridge-md-mph
SAVED https://www.health.harvard.edu/authors/michelle-dossett-md-phd-mph
SAVED https://www.health.harvard.edu/authors/kristina-liu-md-mhs
SAVED https://www.health.harvard.edu/authors/kimberly-blumenthal-md-msc
SAVED https://www.health.harvard.edu/authors/molly-wanner-md
SAVED https://www.health.harvard.edu/authors/neera-nathan-md-mshs
SAVED https://www.health.harvard.edu/authors/david-a-shaye-md-mph
SAVED https://www.health.harvard.edu/authors/daniel-l-hall-phd
SAVED https://www.health.harvard.edu/authors/james-richter-md
SAVED https://www.health.harvard.edu/authors/marwa-a-ahmed-md-ms
SAVED https://www.health.harvard.edu/authors/mark-benson-md-phd
SAVED https://www.health.harvard.edu/authors/paul-rizzoli-md
SAVED https://www.health.harvard.edu/authors/susan-abookire-bsee-md-mph-facp
SAVED https://www.health.harvard.edu/authors/david-ramsey-md-phd-mph
SAVED https://www.health.harvard.edu/authors/nicole-j-leblanc-ma
SAVED https://www.health.harvard.edu/authors/tsuyoshi-kaneko-md
SAVED https://www.health.harvard.edu/authors/pinak-b-shah-md
SAVED https://www.health.harvard.edu/authors/raymond-chung-md
SAVED https://www.health.harvard.edu/authors/gad-marshall-md
SAVED https://www.health.harvard.edu/authors/jessica-allegretti-md-mph
SAVED https://www.health.harvard.edu/authors/allan-walker-md
SAVED https://www.health.harvard.edu/authors/judy-nee-md
SAVED https://www.health.harvard.edu/authors/kevin-r-loughlin-md-mba
SAVED https://www.health.harvard.edu/authors/emma-davies-md
SAVED https://www.health.harvard.edu/authors/robert-c-meisner-md
SAVED https://www.health.harvard.edu/authors/elizabeth-bashoff-md
SAVED https://www.health.harvard.edu/authors/salim-zerriny-md
SAVED https://www.health.harvard.edu/authors/david-boyce-md
SAVED https://www.health.harvard.edu/authors/andrew-e-budson-md
SAVED https://www.health.harvard.edu/authors/aneesh-singhal-md
SAVED https://www.health.harvard.edu/authors/andrew-chan-md-mph
SAVED https://www.health.harvard.edu/authors/emily-gelsomin-mla-rd-ldn
SAVED https://www.health.harvard.edu/authors/shafik-boyaji-md
SAVED https://www.health.harvard.edu/authors/may-wakamatsu-md
SAVED https://www.health.harvard.edu/authors/ilona-t-goldfarb-md-mph
SAVED https://www.health.harvard.edu/authors/david-m-slovik-md
SAVED https://www.health.harvard.edu/authors/florencia-halperin-md
SAVED https://www.health.harvard.edu/authors/james-yeh-md-mph
SAVED https://www.health.harvard.edu/authors/jeffrey-garber-md-facp-mace
SAVED https://www.health.harvard.edu/authors/peter-gonzalez-md
SAVED https://www.health.harvard.edu/authors/cecil-r-webster-jr-md
SAVED https://www.health.harvard.edu/authors/george-king-md
SAVED https://www.health.harvard.edu/authors/marc-gregory-yu-md
SAVED https://www.health.harvard.edu/authors/chirag-patel-phd
SAVED https://www.health.harvard.edu/authors/alice-maxfield-md
SAVED https://www.health.harvard.edu/authors/janelle-nassim-md
SAVED https://www.health.harvard.edu/authors/dara-k-lee-lewis-md
SAVED https://www.health.harvard.edu/authors/robert-goldstein-md-phd
SAVED https://www.health.harvard.edu/authors/bruce-m-cohen-md-phd
SAVED https://www.health.harvard.edu/authors/george-s-zubenko-md-phd
SAVED https://www.health.harvard.edu/authors/hicham-skali-md-msc-facc
SAVED https://www.health.harvard.edu/authors/lisa-bebell-md
SAVED https://www.health.harvard.edu/authors/brad-manor-phd
SAVED https://www.health.harvard.edu/authors/aaron-bernstein-md-mph
SAVED https://www.health.harvard.edu/authors/john-j-ratey-md
SAVED https://www.health.harvard.edu/authors/sabra-l-katz-wise-phd
SAVED https://www.health.harvard.edu/authors/sait-ashina-md
SAVED https://www.health.harvard.edu/authors/ashwini-bapat-md
SAVED https://www.health.harvard.edu/authors/rose-mckeon-olson-md
SAVED https://www.health.harvard.edu/authors/eve-rittenberg-md
SAVED https://www.health.harvard.edu/authors/jorg-dietrich-md-phd
SAVED https://www.health.harvard.edu/authors/john-garber-md
SAVED https://www.health.harvard.edu/authors/alyson-kelley-hedgepeth-md
SAVED https://www.health.harvard.edu/authors/eric-a-meyerowitz-md
SAVED https://www.health.harvard.edu/authors/peter-zimetbaum-md
SAVED https://www.health.harvard.edu/authors/tien-jiang-dmd-med
SAVED https://www.health.harvard.edu/authors/melissa-bartick-md
SAVED https://www.health.harvard.edu/authors/johanna-calderon-phd
SAVED https://www.health.harvard.edu/authors/brandi-henson-psyd
SAVED https://www.health.harvard.edu/authors/janice-ware-phd
SAVED https://www.health.harvard.edu/authors/william-renthal-md-phd
SAVED https://www.health.harvard.edu/authors/david-hepner-md-mph
SAVED https://www.health.harvard.edu/authors/leo-kim-md-phd
SAVED https://www.health.harvard.edu/authors/todd-ellerin-md
SAVED https://www.health.harvard.edu/authors/irun-bhan-md
SAVED https://www.health.harvard.edu/authors/emily-reiff-md
SAVED https://www.health.harvard.edu/authors/james-naples-md
SAVED https://www.health.harvard.edu/authors/jennifer-lin-md
SAVED https://www.health.harvard.edu/authors/balachundhar-subramaniam-md-mph-fasa
SAVED https://www.health.harvard.edu/authors/preeti-upadhyay-mbbs-mph
SAVED https://www.health.harvard.edu/authors/stephanie-collier-md-mph
SAVED https://www.health.harvard.edu/authors/elizabeth-liebson-md
SAVED https://www.health.harvard.edu/authors/lou-ann-bruno-murtha-do
SAVED https://www.health.harvard.edu/authors/amy-leigh-miller-md-phd
SAVED https://www.health.harvard.edu/authors/pritesh-topiwala-md
SAVED https://www.health.harvard.edu/authors/john-sharp-md
SAVED https://www.health.harvard.edu/authors/dieter-manstein-md-phd
SAVED https://www.health.harvard.edu/authors/babar-memon-md-msc
SAVED https://www.health.harvard.edu/authors/robyn-thom-md
SAVED https://www.health.harvard.edu/authors/chris-mcdougle-md
SAVED https://www.health.harvard.edu/authors/lee-h-schwamm-md
SAVED https://www.health.harvard.edu/authors/molly-wolf-md
SAVED https://www.health.harvard.edu/authors/laura-k-rock-md
SAVED https://www.health.harvard.edu/authors/debi-laplante-phd
SAVED https://www.health.harvard.edu/authors/anna-r-wolfson-md
SAVED https://www.health.harvard.edu/authors/angela-fitch-md
SAVED https://www.health.harvard.edu/authors/robert-gabbay-md-phd-facp
SAVED https://www.health.harvard.edu/authors/emeric-bojarski-md
SAVED https://www.health.harvard.edu/authors/elise-merchant-md
SAVED https://www.health.harvard.edu/authors/wendy-stead-md
SAVED https://www.health.harvard.edu/authors/darshan-doshi-md-ms
SAVED https://www.health.harvard.edu/authors/hsinlin-thomas-cheng-md-phd
SAVED https://www.health.harvard.edu/authors/maryanne-makredes-senna-md
SAVED https://www.health.harvard.edu/authors/sara-w-dong-md
SAVED https://www.health.harvard.edu/authors/lawrence-epstein-md
SAVED https://www.health.harvard.edu/authors/syed-moin-hassan-md
SAVED https://www.health.harvard.edu/authors/kathryn-hatch-md
SAVED https://www.health.harvard.edu/authors/maureen-leonard-md-mmsc
SAVED https://www.health.harvard.edu/authors/julia-marcus-phd-mph
SAVED https://www.health.harvard.edu/authors/karen-turner-otrl
SAVED https://www.health.harvard.edu/authors/melanie-pogach-md
SAVED https://www.health.harvard.edu/authors/vikram-patel-mbbs-phd
SAVED https://www.health.harvard.edu/authors/kathryn-d-boger-phd-abpp
SAVED https://www.health.harvard.edu/authors/anthony-lembo-md
SAVED https://www.health.harvard.edu/authors/paul-f-dellaripa-md
SAVED https://www.health.harvard.edu/authors/vikram-rangan-md
SAVED https://www.health.harvard.edu/authors/parul-kothari-md
SAVED https://www.health.harvard.edu/authors/sara-n-bleich-phd
SAVED https://www.health.harvard.edu/authors/andrew-oseran-md-mba
SAVED https://www.health.harvard.edu/authors/shiv-pillai-phd-mbbs
SAVED https://www.health.harvard.edu/authors/valeria-duque-aud-ccc-a
SAVED https://www.health.harvard.edu/authors/shinjita-das-md
SAVED https://www.health.harvard.edu/authors/hyun-jung-kim-md
SAVED https://www.health.harvard.edu/authors/jeannine-miranne-md-ms
SAVED https://www.health.harvard.edu/authors/daniel-kirshenbaum-md
SAVED https://www.health.harvard.edu/authors/kathleen-haley-md
SAVED https://www.health.harvard.edu/authors/inga-lennes-md-mph-mba
SAVED https://www.health.harvard.edu/authors/alan-geller-mph-rn
SAVED https://www.health.harvard.edu/authors/jennifer-crystal-mfa
SAVED https://www.health.harvard.edu/authors/alice-cai-md
SAVED https://www.health.harvard.edu/authors/chester-hedgepeth-iii-md-phd
SAVED https://www.health.harvard.edu/authors/rose-l-molina-md-mph
SAVED https://www.health.harvard.edu/authors/sarah-flier-md
SAVED https://www.health.harvard.edu/authors/joseph-r-betancourt-md-mph
SAVED https://www.health.harvard.edu/authors/sarah-wilkie-ms
SAVED https://www.health.harvard.edu/authors/catherine-ullman-shade-phd-med
SAVED https://www.health.harvard.edu/authors/lauren-ko-md-med
SAVED https://www.health.harvard.edu/authors/samar-hafida-md
SAVED https://www.health.harvard.edu/authors/kemar-brown-md
SAVED https://www.health.harvard.edu/authors/aswita-tan-mcgrory-mba-msph
SAVED https://www.health.harvard.edu/authors/anthony-joseph-md
SAVED https://www.health.harvard.edu/authors/justin-neiman
SAVED https://www.health.harvard.edu/authors/elizabeth-boskey-phd
SAVED https://www.health.harvard.edu/authors/kathryn-rexrode-md-mph
SAVED https://www.health.harvard.edu/authors/miriam-barshak-md
SAVED https://www.health.harvard.edu/authors/j-kevin-tucker-md
SAVED https://www.health.harvard.edu/authors/suzanne-koven-md-mfa
SAVED https://www.health.harvard.edu/authors/david-c-grabowski-phd
SAVED https://www.health.harvard.edu/authors/chika-anekwe-md-mph
SAVED https://www.health.harvard.edu/authors/davis-kimaiyo-md
SAVED https://www.health.harvard.edu/authors/amy-c-sherman-md
SAVED https://www.health.harvard.edu/authors/arianne-shadi-kourosh-md-mph
SAVED https://www.health.harvard.edu/authors/shauna-rice-bs
SAVED https://www.health.harvard.edu/authors/carol-sullivan-ms-rd-cso-ldn
SAVED https://www.health.harvard.edu/authors/joan-miller-md
SAVED https://www.health.harvard.edu/authors/bobbi-wegner-psyd
SAVED https://www.health.harvard.edu/authors/richard-f-mollica-md
SAVED https://www.health.harvard.edu/authors/thomas-hubl
SAVED https://www.health.harvard.edu/authors/dawn-sugarman-phd
SAVED https://www.health.harvard.edu/authors/shelly-greenfield-md-mph
SAVED https://www.health.harvard.edu/authors/valeria-chambers-edm-cas-cps
SAVED https://www.health.harvard.edu/authors/pushpa-narayanaswami-md-faan
SAVED https://www.health.harvard.edu/authors/t-salewa-oseni-md
SAVED https://www.health.harvard.edu/authors/justin-chen-md-mph
SAVED https://www.health.harvard.edu/authors/sue-ellen-anderson-haynes-ms-rdn-cdces-ldn-nasm-cpt
SAVED https://www.health.harvard.edu/authors/numa-perez-md
SAVED https://www.health.harvard.edu/authors/peter-t-masiakos-ms-md-facs-faap
SAVED https://www.health.harvard.edu/authors/kristin-moffitt-md
SAVED https://www.health.harvard.edu/authors/adjoa-anyane-yeboa-md-mph
SAVED https://www.health.harvard.edu/authors/christopher-d-anderson-md-msc
SAVED https://www.health.harvard.edu/authors/victor-a-lopez-carmen-mph
SAVED https://www.health.harvard.edu/authors/nicole-baumer-md-med
SAVED https://www.health.harvard.edu/authors/anthony-l-komaroff-md
SAVED https://www.health.harvard.edu/authors/isioma-d-okolo-mbchb-mrcog-dtmh-contributor
SAVED https://www.health.harvard.edu/authors/celeste-robb-nicholson-md
SAVED https://www.health.harvard.edu/authors/kathleen-w-miller-md
SAVED https://www.health.harvard.edu/authors/jo-shapiro-md
SAVED https://www.health.harvard.edu/authors/isabelle-chase-dds-frcdc
SAVED https://www.health.harvard.edu/authors/christy-n-taylor-md-mph
SAVED https://www.health.harvard.edu/authors/hanna-gaggin-md-mph
SAVED https://www.health.harvard.edu/authors/barbara-okun-phd
SAVED https://www.health.harvard.edu/authors/annie-brewster-md
SAVED https://www.health.harvard.edu/authors/daniel-amponsah-md
SAVED https://www.health.harvard.edu/authors/julia-frueh-md
SAVED https://www.health.harvard.edu/authors/katsiaryna-bykov-pharmd-scd
SAVED https://www.health.harvard.edu/authors/rachel-a-blake-md
SAVED https://www.health.harvard.edu/authors/heather-potts-phd
SAVED https://www.health.harvard.edu/authors/payal-patel-md
SAVED https://www.health.harvard.edu/authors/eric-zhou-phd
SAVED https://www.health.harvard.edu/authors/jill-m-goldstein-phd
SAVED https://www.health.harvard.edu/authors/christopher-d-velez-md
SAVED https://www.health.harvard.edu/authors/niyoti-reddy-md
SAVED https://www.health.harvard.edu/authors/neelam-v-desai-md
SAVED https://www.health.harvard.edu/authors/teresa-fung-ms-rd-scd
SAVED https://www.health.harvard.edu/authors/soo-youn-phd
SAVED https://www.health.harvard.edu/authors/marissa-hauptman-md-mph
SAVED https://www.health.harvard.edu/authors/ryan-brewster-md
SAVED https://www.health.harvard.edu/authors/erica-h-lee-phd
SAVED https://www.health.harvard.edu/authors/maureen-salamon
SAVED https://www.health.harvard.edu/authors/tamara-fong-md-phd
SAVED https://www.health.harvard.edu/authors/lisa-i-iezzoni-md-msc
SAVED https://www.health.harvard.edu/authors/nicole-stern-md
SAVED https://www.health.harvard.edu/authors/stephen-chen-md
SAVED https://www.health.harvard.edu/authors/lais-lopes-almeida-gomes
SAVED https://www.health.harvard.edu/authors/adaira-landry-md-med
SAVED https://www.health.harvard.edu/authors/richard-joseph-md
SAVED https://www.health.harvard.edu/authors/christopher-estiverne-md
SAVED https://www.health.harvard.edu/authors/kevin-hill-md-mhs
SAVED https://www.health.harvard.edu/authors/michael-hsu-md
SAVED https://www.health.harvard.edu/authors/nisa-desai-md
SAVED https://www.health.harvard.edu/authors/loren-rabinowitz-md
SAVED https://www.health.harvard.edu/authors/danielle-l-sarno-md
SAVED https://www.health.harvard.edu/authors/martha-e-shenton-phd
SAVED https://www.health.harvard.edu/authors/lilit-garibyan-md-phd
SAVED https://www.health.harvard.edu/authors/sara-moradi-tuchayi-md-mph
SAVED https://www.health.harvard.edu/authors/lorrie-kubicek-mt-bc
SAVED https://www.health.harvard.edu/authors/haider-warraich-md
SAVED https://www.health.harvard.edu/authors/daniel-m-vu-md
SAVED https://www.health.harvard.edu/authors/david-j-einstein-md
SAVED https://www.health.harvard.edu/authors/emily-stern-gatof-md
SAVED https://www.health.harvard.edu/authors/trisha-pasricha-md-mph
SAVED https://www.health.harvard.edu/authors/lawrence-s-friedman-md
SAVED https://www.health.harvard.edu/authors/perihan-esra-guvenek-cokol
SAVED https://www.health.harvard.edu/authors/joseph-allen-dsc-mph-cih
SAVED https://www.health.harvard.edu/authors/parham-azimi-phd-scd-msc
SAVED https://www.health.harvard.edu/authors/christopher-p-cannon-md
SAVED https://www.health.harvard.edu/authors/caleb-dresser-md-mph
SAVED https://www.health.harvard.edu/authors/kimberly-humphrey-md-mph
SAVED https://www.health.harvard.edu/authors/sara-neill-md-mph
SAVED https://www.health.harvard.edu/authors/eric-rimm-scd
SAVED https://www.health.harvard.edu/authors/joann-manson-md-drph
SAVED https://www.health.harvard.edu/authors/suzanne-salamon-md
SAVED https://www.health.harvard.edu/authors/adam-kibel-md-mhcm
SAVED https://www.health.harvard.edu/authors/david-m-nathan-md
SAVED https://www.health.harvard.edu/authors/megan-noe-md-mph-msce
SAVED https://www.health.harvard.edu/authors/nancy-oliveira-ms-rd-ldn-cdces
SAVED https://www.health.harvard.edu/authors/jenette-restivo
SAVED https://www.health.harvard.edu/authors/kathleen-viveiros-md
SAVED https://www.health.harvard.edu/authors/sydney-reynders-scb
SAVED https://www.health.harvard.edu/authors/andrew-eidelberg-md
SAVED https://www.health.harvard.edu/authors/sogol-javaheri-md-mph
SAVED https://www.health.harvard.edu/authors/candice-mazon-md
SAVED https://www.health.harvard.edu/authors/amy-desrochers-divasta-md-mmsc
SAVED https://www.health.harvard.edu/authors/lisa-catanese-els
SAVED https://www.health.harvard.edu/authors/randie-black-schaffer-md
SAVED https://www.health.harvard.edu/authors/rachelle-bernacki-md
SAVED https://www.health.harvard.edu/authors/susan-d-block-md
SAVED https://www.health.harvard.edu/authors/adam-s-cheifetz-md
SAVED https://www.health.harvard.edu/authors/amy-comander-md
SAVED https://www.health.harvard.edu/authors/gregory-fricchione-md
SAVED https://www.health.harvard.edu/authors/seth-gale-md
SAVED https://www.health.harvard.edu/authors/matthew-hamilton-md
SAVED https://www.health.harvard.edu/authors/jeffrey-s-heier-md
SAVED https://www.health.harvard.edu/authors/frank-hu-md-mph-phd
SAVED https://www.health.harvard.edu/authors/martin-kathrins-md
SAVED https://www.health.harvard.edu/authors/jeffrey-katz-md-ms
SAVED https://www.health.harvard.edu/authors/sat-bir-singh-khalsa-phd
SAVED https://www.health.harvard.edu/authors/darshan-mehta-md-mph
SAVED https://www.health.harvard.edu/authors/michael-oleary-md
SAVED https://www.health.harvard.edu/authors/jorge-plutzky-md
SAVED https://www.health.harvard.edu/authors/natalia-s-rost-md-mph-faan-faha
SAVED https://www.health.harvard.edu/authors/howard-d-sesso-scd-mph-faha
SAVED https://www.health.harvard.edu/authors/jan-l-shifren-md
SAVED https://www.health.harvard.edu/authors/jon-warner-md
SAVED https://www.health.harvard.edu/authors/kim-willment-phd
SAVED https://www.health.harvard.edu/authors/elaine-w-yu-md-mmsc
SAVED https://www.health.harvard.edu/authors/randall-m-zusman-md
SAVED https://www.health.harvard.edu/authors/jennifer-fisher-mmsc-pa-c
SAVED https://www.health.harvard.edu/authors/rebecca-kranz
SAVED https://www.health.harvard.edu/authors/amy-s-colwell-md-facs
SAVED https://www.health.harvard.edu/authors/laura-c-fine-md
SAVED https://www.health.harvard.edu/authors/staci-gruber-phd
SAVED https://www.health.harvard.edu/authors/gayle-lang-otrl-cht-ms
SAVED https://www.health.harvard.edu/authors/anthony-prince-md
SAVED https://www.health.harvard.edu/authors/lindsay-warner
SAVED https://www.health.harvard.edu/authors/alessio-fasano-md
SAVED https://www.health.harvard.edu/authors/kristin-hung-md
SAVED https://www.health.harvard.edu/authors/sunil-kapur-md
SAVED https://www.health.harvard.edu/authors/megan-a-koster-md-pharmd
SAVED https://www.health.harvard.edu/authors/caroline-sokol-md
SAVED https://www.health.harvard.edu/authors/michelle-chan-md
SAVED https://www.health.harvard.edu/authors/hallie-levine
SAVED https://www.health.harvard.edu/authors/corporate-learning-staff
SAVED https://www.health.harvard.edu/authors/christina-frank
SAVED https://www.health.harvard.edu/authors/sarah-klein
SAVED https://www.health.harvard.edu/authors/kathyana-p-santiago-mangual
SAVED https://www.health.harvard.edu/authors/rebecca-gaffney-md
SAVED https://www.health.harvard.edu/authors/jake-dockterman-md
SAVED https://www.health.harvard.edu/authors/jessica-solodar
SAVED https://www.health.harvard.edu/authors/joyce-hendley
SAVED https://www.health.harvard.edu/authors/rachel-reiff-ellis
SAVED https://www.health.harvard.edu/authors/rachael-moeller-gorman
SAVED https://www.health.harvard.edu/authors/ashley-b-parker-md-ms
SAVED https://www.health.harvard.edu/authors/martina-porter-md
SAVED https://www.health.harvard.edu/authors/carol-weitzman-md
SAVED https://www.health.harvard.edu/authors/alina-von-korff-md
SAVED https://www.health.harvard.edu/authors/leslie-goldman-mph
SAVED https://www.health.harvard.edu/authors/rebecca-p-thomas-phd
SAVED https://www.health.harvard.edu/authors/deborah-gomez-kwolek-md-facp-famwa-mscp
SAVED https://www.health.harvard.edu/topics/alzheimers-disease
SAVED https://www.health.harvard.edu/topics/alzheimers-disease/all
SAVED https://www.health.harvard.edu/topics/anxiety
SAVED https://www.health.harvard.edu/topics/anxiety/all
SAVED https://www.health.harvard.edu/topics/arthritis
SAVED https://www.health.harvard.edu/topics/arthritis/all
SAVED https://www.health.harvard.edu/topics/back-pain
SAVED https://www.health.harvard.edu/topics/back-pain/all
SAVED https://www.health.harvard.edu/topics/cancer
SAVED https://www.health.harvard.edu/topics/cancer/all
SAVED https://www.health.harvard.edu/topics/cholesterol
SAVED https://www.health.harvard.edu/topics/cholesterol/all
SAVED https://www.health.harvard.edu/topics/depression
SAVED https://www.health.harvard.edu/topics/depression/all
SAVED https://www.health.harvard.edu/topics/diabetes
SAVED https://www.health.harvard.edu/topics/diabetes/all
SAVED https://www.health.harvard.edu/topics/exercise-and-fitness
SAVED https://www.health.harvard.edu/topics/exercise-and-fitness/all
SAVED https://www.health.harvard.edu/topics/headache
SAVED https://www.health.harvard.edu/topics/headache/all
SAVED https://www.health.harvard.edu/topics/heart-health
SAVED https://www.health.harvard.edu/topics/heart-health/all
SAVED https://www.health.harvard.edu/topics/blood-pressure
SAVED https://www.health.harvard.edu/topics/blood-pressure/all
SAVED https://www.health.harvard.edu/topics/nutrition
SAVED https://www.health.harvard.edu/topics/nutrition/all
SAVED https://www.health.harvard.edu/topics/prostate-health
SAVED https://www.health.harvard.edu/topics/prostate-health/all
SAVED https://www.health.harvard.edu/topics/sleep
SAVED https://www.health.harvard.edu/topics/sleep/all
SAVED https://www.health.harvard.edu/topics/stress
SAVED https://www.health.harvard.edu/topics/stress/all
SAVED https://www.health.harvard.edu/topics/stroke
SAVED https://www.health.harvard.edu/topics/stroke/all
SAVED https://www.health.harvard.edu/topics/autism
SAVED https://www.health.harvard.edu/topics/autism/all
SAVED https://www.health.harvard.edu/topics/balance
SAVED https://www.health.harvard.edu/topics/balance/all
SAVED https://www.health.harvard.edu/topics/child-and-teen-health
SAVED https://www.health.harvard.edu/topics/child-and-teen-health/all
SAVED https://www.health.harvard.edu/topics/diet-and-weight-loss
SAVED https://www.health.harvard.edu/topics/diet-and-weight-loss/all
SAVED https://www.health.harvard.edu/topics/diseases-and-conditions
SAVED https://www.health.harvard.edu/topics/diseases-and-conditions/all
SAVED https://www.health.harvard.edu/topics/erectile-dysfunction
SAVED https://www.health.harvard.edu/topics/erectile-dysfunction/all
SAVED https://www.health.harvard.edu/topics/heart-attack
SAVED https://www.health.harvard.edu/topics/heart-attack/all
SAVED https://www.health.harvard.edu/topics/heart-failure
SAVED https://www.health.harvard.edu/topics/heart-failure/all
SAVED https://www.health.harvard.edu/topics/mens-health
SAVED https://www.health.harvard.edu/topics/mens-health/all
SAVED https://www.health.harvard.edu/topics/mind-and-mood
SAVED https://www.health.harvard.edu/topics/mind-and-mood/all
SAVED https://www.health.harvard.edu/topics/pain
SAVED https://www.health.harvard.edu/topics/pain/all
SAVED https://www.health.harvard.edu/topics/positive-psychology
SAVED https://www.health.harvard.edu/topics/positive-psychology/all
SAVED https://www.health.harvard.edu/topics/staying-healthy
SAVED https://www.health.harvard.edu/topics/staying-healthy/all
SAVED https://www.health.harvard.edu/topics/vaccinations
SAVED https://www.health.harvard.edu/topics/vaccinations/all
SAVED https://www.health.harvard.edu/topics/womens-health
SAVED https://www.health.harvard.edu/topics/womens-health/all
SAVED https://www.health.harvard.edu/topics/breast-cancer
SAVED https://www.health.harvard.edu/topics/breast-cancer/all
SAVED https://www.health.harvard.edu/topics/prostate-cancer
SAVED https://www.health.harvard.edu/topics/prostate-cancer/all
SAVED https://www.health.harvard.edu/topics/skin-cancer
SAVED https://www.health.harvard.edu/topics/skin-cancer/all
SAVED https://www.health.harvard.edu/topics/colorectal-cancer
SAVED https://www.health.harvard.edu/topics/colorectal-cancer/all
SAVED https://www.health.harvard.edu/topics/memory
SAVED https://www.health.harvard.edu/topics/memory/all
SAVED https://www.health.harvard.edu/topics/digestive-health
SAVED https://www.health.harvard.edu/topics/digestive-health/all
SAVED https://www.health.harvard.edu/topics/thyroid
SAVED https://www.health.harvard.edu/topics/thyroid/all
SAVED https://www.health.harvard.edu/topics/hearing
SAVED https://www.health.harvard.edu/topics/hearing/all
SAVED https://www.health.harvard.edu/topics/eye-health
SAVED https://www.health.harvard.edu/topics/eye-health/all
SAVED https://www.health.harvard.edu/topics/medications
SAVED https://www.health.harvard.edu/topics/medications/all
SAVED https://www.health.harvard.edu/topics/skin-and-hair
SAVED https://www.health.harvard.edu/topics/skin-and-hair/all
SAVED https://www.health.harvard.edu/topics/allergies
SAVED https://www.health.harvard.edu/topics/allergies/all
SAVED https://www.health.harvard.edu/topics/vitamins-and-supplements
SAVED https://www.health.harvard.edu/topics/vitamins-and-supplements/all
SAVED https://www.health.harvard.edu/topics/medical-tests-and-procedures
SAVED https://www.health.harvard.edu/topics/medical-tests-and-procedures/all
SAVED https://www.health.harvard.edu/topics/cold-and-flu
SAVED https://www.health.harvard.edu/topics/cold-and-flu/all
SAVED https://www.health.harvard.edu/topics/immune-system
SAVED https://www.health.harvard.edu/topics/immune-system/all
SAVED https://www.health.harvard.edu/topics/dental-health
SAVED https://www.health.harvard.edu/topics/dental-health/all
SAVED https://www.health.harvard.edu/topics/addiction
SAVED https://www.health.harvard.edu/topics/addiction/all
SAVED https://www.health.harvard.edu/topics/kidney-disease-and-health
SAVED https://www.health.harvard.edu/topics/kidney-disease-and-health/all
SAVED https://www.health.harvard.edu/topics/medical-devices-and-technology
SAVED https://www.health.harvard.edu/topics/medical-devices-and-technology/all
SAVED https://www.health.harvard.edu/topics/osteoporosis
SAVED https://www.health.harvard.edu/topics/osteoporosis/all
SAVED https://www.health.harvard.edu/topics/mental-health
SAVED https://www.health.harvard.edu/topics/mental-health/all
SAVED https://www.health.harvard.edu/topics/foot-care
SAVED https://www.health.harvard.edu/topics/foot-care/all
SAVED https://www.health.harvard.edu/topics/knees
SAVED https://www.health.harvard.edu/topics/knees/all
SAVED https://www.health.harvard.edu/topics/hips
SAVED https://www.health.harvard.edu/topics/hips/all
SAVED https://www.health.harvard.edu/topics/neck
SAVED https://www.health.harvard.edu/topics/neck/all
SAVED https://www.health.harvard.edu/topics/shoulder-pain
SAVED https://www.health.harvard.edu/topics/shoulder-pain/all
SAVED https://www.health.harvard.edu/topics/hands
SAVED https://www.health.harvard.edu/topics/hands/all
SAVED https://www.health.harvard.edu/topics/bladder-and-bowel
SAVED https://www.health.harvard.edu/topics/bladder-and-bowel/all
SAVED https://www.health.harvard.edu/topics/lung-health
SAVED https://www.health.harvard.edu/topics/lung-health/all
SAVED https://www.health.harvard.edu/topics/healthcare
SAVED https://www.health.harvard.edu/topics/healthcare/all
SAVED https://www.health.harvard.edu/topics/alternative-and-integrative-health
SAVED https://www.health.harvard.edu/topics/alternative-and-integrative-health/all
SAVED https://www.health.harvard.edu/topics/bone-joint-and-muscle-health
SAVED https://www.health.harvard.edu/topics/bone-joint-and-muscle-health/all
SAVED https://www.health.harvard.edu/topics/nerve-disorders
SAVED https://www.health.harvard.edu/topics/nerve-disorders/all
SAVED https://www.health.harvard.edu/topics/energy-and-fatigue
SAVED https://www.health.harvard.edu/topics/energy-and-fatigue/all
SAVED https://www.health.harvard.edu/topics/smoking-vaping-and-quitting
SAVED https://www.health.harvard.edu/topics/smoking-vaping-and-quitting/all
SAVED https://www.health.harvard.edu/topics/caregiving
SAVED https://www.health.harvard.edu/topics/caregiving/all
SAVED https://www.health.harvard.edu/topics/surgery
SAVED https://www.health.harvard.edu/topics/surgery/all
SAVED https://www.health.harvard.edu/topics/relationships-connections
SAVED https://www.health.harvard.edu/topics/relationships-connections/all
SAVED https://www.health.harvard.edu/topics/emergency-planning
SAVED https://www.health.harvard.edu/topics/emergency-planning/all
SAVED https://www.health.harvard.edu/topics/safety-injuries
SAVED https://www.health.harvard.edu/topics/safety-injuries/all
SAVED https://www.health.harvard.edu/topics/infectious-diseases
SAVED https://www.health.harvard.edu/topics/infectious-diseases/all
SAVED https://www.health.harvard.edu/topics/prostate-knowledge
SAVED https://www.health.harvard.edu/topics/prostate-knowledge/all
SAVED https://www.health.harvard.edu/topics/medical-research
SAVED https://www.health.harvard.edu/topics/medical-research/all
SAVED https://www.health.harvard.edu/topics/genes
SAVED https://www.health.harvard.edu/topics/genes/all
SAVED https://www.health.harvard.edu/topics/environmental-health
SAVED https://www.health.harvard.edu/topics/environmental-health/all
SAVED https://www.health.harvard.edu/topics/probiotics
SAVED https://www.health.harvard.edu/topics/probiotics/all
SAVED https://www.health.harvard.edu/topics/autoimmune-diseases
SAVED https://www.health.harvard.edu/topics/autoimmune-diseases/all
SAVED https://www.health.harvard.edu/topics/sexual-health
SAVED https://www.health.harvard.edu/topics/sexual-health/all
SAVED https://www.health.harvard.edu/topics/concussions
SAVED https://www.health.harvard.edu/topics/concussions/all
SAVED https://www.health.harvard.edu/topics/health-policy
SAVED https://www.health.harvard.edu/topics/health-policy/all
SAVED https://www.health.harvard.edu/topics/marijuana-cbd
SAVED https://www.health.harvard.edu/topics/marijuana-cbd/all
SAVED https://www.health.harvard.edu/topics/inflammation
SAVED https://www.health.harvard.edu/topics/inflammation/all
SAVED https://www.health.harvard.edu/topics/covid-19
SAVED https://www.health.harvard.edu/topics/covid-19/all
SAVED https://www.health.harvard.edu/topics/lgbtq
SAVED https://www.health.harvard.edu/topics/lgbtq/all
SAVED https://www.health.harvard.edu/topics/concentration-focus
SAVED https://www.health.harvard.edu/topics/concentration-focus/all
SAVED https://www.health.harvard.edu/topics/healthcare-disparities
SAVED https://www.health.harvard.edu/topics/healthcare-disparities/all
SAVED https://www.health.harvard.edu/topics/life-decisions
SAVED https://www.health.harvard.edu/topics/life-decisions/all
SAVED https://www.health.harvard.edu/topics/independent-living
SAVED https://www.health.harvard.edu/topics/independent-living/all
SAVED https://www.health.harvard.edu/topics/mobility
SAVED https://www.health.harvard.edu/topics/mobility/all
SAVED https://www.health.harvard.edu/topics/neurological-conditions
SAVED https://www.health.harvard.edu/topics/neurological-conditions/all
SAVED https://www.health.harvard.edu/topics/nose
SAVED https://www.health.harvard.edu/topics/nose/all
SAVED https://www.health.harvard.edu/topics/throat
SAVED https://www.health.harvard.edu/topics/throat/all
SAVED https://www.health.harvard.edu/topics/pregnancy
SAVED https://www.health.harvard.edu/topics/pregnancy/all
SAVED https://www.health.harvard.edu/topics/brain-and-cognitive-health
SAVED https://www.health.harvard.edu/topics/brain-and-cognitive-health/all
SAVED https://www.health.harvard.edu/topics/healthy-eating
SAVED https://www.health.harvard.edu/topics/healthy-eating/all
SAVED https://www.health.harvard.edu/topics/parenting
SAVED https://www.health.harvard.edu/topics/parenting/all
SAVED https://www.health.harvard.edu/topics/physical-activity
SAVED https://www.health.harvard.edu/topics/physical-activity/all
SAVED https://www.health.harvard.edu/topics/alcohol
SAVED https://www.health.harvard.edu/topics/alcohol/all
SAVED https://www.health.harvard.edu/topics/fibromyalgia
SAVED https://www.health.harvard.edu/topics/fibromyalgia/all
SAVED https://www.health.harvard.edu/topics/dementia
SAVED https://www.health.harvard.edu/topics/dementia/all
SAVED https://www.health.harvard.edu/topics/bladder-problems
SAVED https://www.health.harvard.edu/topics/bladder-problems/all
SAVED https://www.health.harvard.edu/topics/heart-disease
SAVED https://www.health.harvard.edu/topics/heart-disease/all
SAVED https://www.health.harvard.edu/topics/glaucoma
SAVED https://www.health.harvard.edu/topics/glaucoma/all
SAVED https://www.health.harvard.edu/topics/macular-degeneration
SAVED https://www.health.harvard.edu/topics/macular-degeneration/all
SAVED https://www.health.harvard.edu/topics/bowel-problems
SAVED https://www.health.harvard.edu/topics/bowel-problems/all
SAVED https://www.health.harvard.edu/topics/tinnitus
SAVED https://www.health.harvard.edu/topics/tinnitus/all
SAVED https://www.health.harvard.edu/topics/lupus
SAVED https://www.health.harvard.edu/topics/lupus/all
SAVED https://www.health.harvard.edu/topics/rheumatoid-arthritis
SAVED https://www.health.harvard.edu/topics/rheumatoid-arthritis/all
SAVED https://www.health.harvard.edu/topics/asthma
SAVED https://www.health.harvard.edu/topics/asthma/all
SAVED https://www.health.harvard.edu/topics/copd
SAVED https://www.health.harvard.edu/topics/copd/all
SAVED https://www.health.harvard.edu/topics/neck-pain
SAVED https://www.health.harvard.edu/topics/neck-pain/all
SAVED https://www.health.harvard.edu/topics/multiple-sclerosis
SAVED https://www.health.harvard.edu/topics/multiple-sclerosis/all
SAVED https://www.health.harvard.edu/topics/Irritable-Bowel-Syndrome
SAVED https://www.health.harvard.edu/topics/Irritable-Bowel-Syndrome/all
SAVED https://www.health.harvard.edu/topics/pneumonia
SAVED https://www.health.harvard.edu/topics/pneumonia/all
SAVED https://www.health.harvard.edu/topics/sinusitis
SAVED https://www.health.harvard.edu/topics/sinusitis/all
SAVED https://www.health.harvard.edu/topics/blood-pressure-2
SAVED https://www.health.harvard.edu/topics/blood-pressure-2/all
SAVED https://www.health.harvard.edu/topics/breast-health-and-disease
SAVED https://www.health.harvard.edu/topics/breast-health-and-disease/all
SAVED https://www.health.harvard.edu/topics/energy-and-fatigue-2
SAVED https://www.health.harvard.edu/topics/energy-and-fatigue-2/all
SAVED https://www.health.harvard.edu/topics/hearing-2
SAVED https://www.health.harvard.edu/topics/hearing-2/all
SAVED https://www.health.harvard.edu/topics/shoulders
SAVED https://www.health.harvard.edu/topics/shoulders/all
SAVED https://www.health.harvard.edu/topics/sciatica
SAVED https://www.health.harvard.edu/topics/sciatica/all
SAVED https://www.health.harvard.edu/topics/alzheimers-dementia
SAVED https://www.health.harvard.edu/topics/alzheimers-dementia/all
SAVED https://www.health.harvard.edu/topics/menopause
SAVED https://www.health.harvard.edu/topics/menopause/all
SAVED https://www.health.harvard.edu/topics/treatments
SAVED https://www.health.harvard.edu/topics/treatments/all
SAVED https://www.health.harvard.edu/topics/circulatory-system
SAVED https://www.health.harvard.edu/topics/circulatory-system/all
SAVED https://www.health.harvard.edu/topics/healthy-aging
SAVED https://www.health.harvard.edu/topics/healthy-aging/all
SAVED https://www.health.harvard.edu/topics/heart-medications
SAVED https://www.health.harvard.edu/topics/heart-medications/all
SAVED https://www.health.harvard.edu/topics/artificial-intelligence
SAVED https://www.health.harvard.edu/topics/artificial-intelligence/all
SAVED https://www.health.harvard.edu/topics/womens-sexual-health
SAVED https://www.health.harvard.edu/topics/womens-sexual-health/all
SAVED https://www.health.harvard.edu/topics/shingles
SAVED https://www.health.harvard.edu/topics/shingles/all
SAVED https://www.health.harvard.edu/harvard-health-online/harvard-health-online
SAVED https://www.health.harvard.edu/newsletters/harvard_health_letter
SAVED https://www.health.harvard.edu/newsletters/harvard_heart_letter
SAVED https://www.health.harvard.edu/newsletters/harvard_womens_health_watch
SAVED https://www.health.harvard.edu/newsletters/harvard_mens_health_watch
SAVED https://www.health.harvard.edu/newsletters/harvard_health_letter/2006/1
SAVED https://www.health.harvard.edu/newsletters/harvard_health_letter/2006/2
SAVED https://www.health.harvard.edu/newsletters/harvard_health_letter/2006/3
SAVED https://www.health.harvard.edu/newsletters/harvard_health_letter/2006/4
SAVED https://www.health.harvard.edu/newsletters/harvard_health_letter/2006/5
SAVED https://www.health.harvard.edu/newsletters/harvard_health_letter/2006/6
SAVED https://www.health.harvard.edu/newsletters/harvard_health_letter/2006/7
SAVED https://www.health.harvard.edu/newsletters/harvard_health_letter/2006/8
SAVED https://www.health.harvard.edu/newsletters/harvard_health_letter/2006/9
SAVED https://www.health.harvard.edu/newsletters/harvard_health_letter/2006/10
SAVED https://www.health.harvard.edu/newsletters/harvard_health_letter/2006/11
SAVED https://www.health.harvard.edu/newsletters/harvard_health_letter/2006/12
SAVED https://www.health.harvard.edu/newsletters/harvard_health_letter/2007/1
SAVED https://www.health.harvard.edu/newsletters/harvard_health_letter/2007/2
SAVED https://www.health.harvard.edu/newsletters/harvard_health_letter/2007/3
SAVED https://www.health.harvard.edu/newsletters/harvard_health_letter/2007/4
SAVED https://www.health.harvard.edu/newsletters/harvard_health_letter/2007/5
SAVED https://www.health.harvard.edu/newsletters/harvard_health_letter/2007/6
SAVED https://www.health.harvard.edu/newsletters/harvard_health_letter/2007/7
SAVED https://www.health.harvard.edu/newsletters/harvard_health_letter/2007/8
SAVED https://www.health.harvard.edu/newsletters/harvard_health_letter/2007/9
SAVED https://www.health.harvard.edu/newsletters/harvard_health_letter/2007/10
SAVED https://www.health.harvard.edu/newsletters/harvard_health_letter/2007/11
SAVED https://www.health.harvard.edu/newsletters/harvard_health_letter/2007/12
SAVED https://www.health.harvard.edu/newsletters/harvard_health_letter/2008/1
SAVED https://www.health.harvard.edu/newsletters/harvard_health_letter/2008/2
SAVED https://www.health.harvard.edu/newsletters/harvard_health_letter/2008/3
SAVED https://www.health.harvard.edu/newsletters/harvard_health_letter/2008/4
SAVED https://www.health.harvard.edu/newsletters/harvard_health_letter/2008/5
SAVED https://www.health.harvard.edu/newsletters/harvard_health_letter/2008/6
SAVED https://www.health.harvard.edu/newsletters/harvard_health_letter/2008/7
SAVED https://www.health.harvard.edu/newsletters/harvard_health_letter/2008/8
SAVED https://www.health.harvard.edu/newsletters/harvard_health_letter/2008/10
SAVED https://www.health.harvard.edu/newsletters/harvard_health_letter/2008/11
SAVED https://www.health.harvard.edu/newsletters/harvard_health_letter/2008/12
SAVED https://www.health.harvard.edu/newsletters/harvard_heart_letter/2006/1
SAVED https://www.health.harvard.edu/newsletters/harvard_heart_letter/2006/2
SAVED https://www.health.harvard.edu/newsletters/harvard_heart_letter/2006/3
SAVED https://www.health.harvard.edu/newsletters/harvard_heart_letter/2006/4
SAVED https://www.health.harvard.edu/newsletters/harvard_heart_letter/2006/5
SAVED https://www.health.harvard.edu/newsletters/harvard_heart_letter/2006/6
SAVED https://www.health.harvard.edu/newsletters/harvard_heart_letter/2006/7
SAVED https://www.health.harvard.edu/newsletters/harvard_heart_letter/2006/8
SAVED https://www.health.harvard.edu/newsletters/harvard_heart_letter/2006/9
SAVED https://www.health.harvard.edu/newsletters/harvard_heart_letter/2006/10
SAVED https://www.health.harvard.edu/newsletters/harvard_heart_letter/2006/11
SAVED https://www.health.harvard.edu/newsletters/harvard_heart_letter/2006/12
SAVED https://www.health.harvard.edu/newsletters/harvard_heart_letter/2007/1
SAVED https://www.health.harvard.edu/newsletters/harvard_heart_letter/2007/2
SAVED https://www.health.harvard.edu/newsletters/harvard_heart_letter/2007/3
SAVED https://www.health.harvard.edu/newsletters/harvard_heart_letter/2007/4
SAVED https://www.health.harvard.edu/newsletters/harvard_heart_letter/2007/5
SAVED https://www.health.harvard.edu/newsletters/harvard_heart_letter/2007/6
SAVED https://www.health.harvard.edu/newsletters/harvard_heart_letter/2007/7
SAVED https://www.health.harvard.edu/newsletters/harvard_heart_letter/2007/8
SAVED https://www.health.harvard.edu/newsletters/harvard_heart_letter/2007/9
SAVED https://www.health.harvard.edu/newsletters/harvard_heart_letter/2007/10
SAVED https://www.health.harvard.edu/newsletters/harvard_heart_letter/2007/11
SAVED https://www.health.harvard.edu/newsletters/harvard_heart_letter/2007/12
SAVED https://www.health.harvard.edu/newsletters/harvard_heart_letter/2008/1
SAVED https://www.health.harvard.edu/newsletters/harvard_heart_letter/2008/2
SAVED https://www.health.harvard.edu/newsletters/harvard_heart_letter/2008/3
SAVED https://www.health.harvard.edu/newsletters/harvard_heart_letter/2008/4
SAVED https://www.health.harvard.edu/newsletters/harvard_heart_letter/2008/5
SAVED https://www.health.harvard.edu/newsletters/harvard_heart_letter/2008/6
SAVED https://www.health.harvard.edu/newsletters/harvard_heart_letter/2008/7
SAVED https://www.health.harvard.edu/newsletters/harvard_heart_letter/2008/8
SAVED https://www.health.harvard.edu/newsletters/harvard_heart_letter/2008/9
SAVED https://www.health.harvard.edu/newsletters/harvard_heart_letter/2008/10
SAVED https://www.health.harvard.edu/newsletters/harvard_heart_letter/2008/11
SAVED https://www.health.harvard.edu/newsletters/harvard_heart_letter/2008/12
SAVED https://www.health.harvard.edu/newsletters/harvard_womens_health_watch/2006/1
SAVED https://www.health.harvard.edu/newsletters/harvard_womens_health_watch/2006/2
SAVED https://www.health.harvard.edu/newsletters/harvard_womens_health_watch/2006/3
SAVED https://www.health.harvard.edu/newsletters/harvard_womens_health_watch/2006/4
SAVED https://www.health.harvard.edu/newsletters/harvard_womens_health_watch/2006/5
SAVED https://www.health.harvard.edu/newsletters/harvard_womens_health_watch/2006/6
SAVED https://www.health.harvard.edu/newsletters/harvard_womens_health_watch/2006/7
SAVED https://www.health.harvard.edu/newsletters/harvard_womens_health_watch/2006/8
SAVED https://www.health.harvard.edu/newsletters/harvard_womens_health_watch/2006/9
SAVED https://www.health.harvard.edu/newsletters/harvard_womens_health_watch/2006/10
SAVED https://www.health.harvard.edu/newsletters/harvard_womens_health_watch/2006/11
SAVED https://www.health.harvard.edu/newsletters/harvard_womens_health_watch/2006/12
SAVED https://www.health.harvard.edu/newsletters/harvard_womens_health_watch/2007/1
SAVED https://www.health.harvard.edu/newsletters/harvard_womens_health_watch/2007/2
SAVED https://www.health.harvard.edu/newsletters/harvard_womens_health_watch/2007/3
SAVED https://www.health.harvard.edu/newsletters/harvard_womens_health_watch/2007/4
SAVED https://www.health.harvard.edu/newsletters/harvard_womens_health_watch/2007/5
SAVED https://www.health.harvard.edu/newsletters/harvard_womens_health_watch/2007/6
SAVED https://www.health.harvard.edu/newsletters/harvard_womens_health_watch/2007/7
SAVED https://www.health.harvard.edu/newsletters/harvard_womens_health_watch/2007/8
SAVED https://www.health.harvard.edu/newsletters/harvard_womens_health_watch/2007/9
SAVED https://www.health.harvard.edu/newsletters/harvard_womens_health_watch/2007/10
SAVED https://www.health.harvard.edu/newsletters/harvard_womens_health_watch/2007/11
SAVED https://www.health.harvard.edu/newsletters/harvard_womens_health_watch/2007/12
SAVED https://www.health.harvard.edu/newsletters/harvard_womens_health_watch/2008/1
SAVED https://www.health.harvard.edu/newsletters/harvard_womens_health_watch/2008/2
SAVED https://www.health.harvard.edu/newsletters/harvard_womens_health_watch/2008/3
SAVED https://www.health.harvard.edu/newsletters/harvard_womens_health_watch/2008/4
SAVED https://www.health.harvard.edu/newsletters/harvard_womens_health_watch/2008/5
SAVED https://www.health.harvard.edu/newsletters/harvard_womens_health_watch/2008/6
SAVED https://www.health.harvard.edu/newsletters/harvard_womens_health_watch/2008/7
SAVED https://www.health.harvard.edu/newsletters/harvard_womens_health_watch/2008/8
SAVED https://www.health.harvard.edu/newsletters/harvard_womens_health_watch/2008/9
SAVED https://www.health.harvard.edu/newsletters/harvard_womens_health_watch/2008/10
SAVED https://www.health.harvard.edu/newsletters/harvard_womens_health_watch/2008/11
SAVED https://www.health.harvard.edu/newsletters/harvard_womens_health_watch/2008/12
SAVED https://www.health.harvard.edu/newsletters/harvard_mens_health_watch/2006/1
SAVED https://www.health.harvard.edu/newsletters/harvard_mens_health_watch/2006/2
SAVED https://www.health.harvard.edu/newsletters/harvard_mens_health_watch/2006/3
SAVED https://www.health.harvard.edu/newsletters/harvard_mens_health_watch/2006/4
SAVED https://www.health.harvard.edu/newsletters/harvard_mens_health_watch/2006/5
SAVED https://www.health.harvard.edu/newsletters/harvard_mens_health_watch/2006/6
SAVED https://www.health.harvard.edu/newsletters/harvard_mens_health_watch/2006/7
SAVED https://www.health.harvard.edu/newsletters/harvard_mens_health_watch/2006/8
SAVED https://www.health.harvard.edu/newsletters/harvard_mens_health_watch/2006/9
SAVED https://www.health.harvard.edu/newsletters/harvard_mens_health_watch/2006/10
SAVED https://www.health.harvard.edu/newsletters/harvard_mens_health_watch/2006/11
SAVED https://www.health.harvard.edu/newsletters/harvard_mens_health_watch/2006/12
SAVED https://www.health.harvard.edu/newsletters/harvard_mens_health_watch/2007/1
SAVED https://www.health.harvard.edu/newsletters/harvard_mens_health_watch/2007/2
SAVED https://www.health.harvard.edu/newsletters/harvard_mens_health_watch/2007/3
SAVED https://www.health.harvard.edu/newsletters/harvard_mens_health_watch/2007/4
SAVED https://www.health.harvard.edu/newsletters/harvard_mens_health_watch/2007/5
SAVED https://www.health.harvard.edu/newsletters/harvard_mens_health_watch/2007/6
SAVED https://www.health.harvard.edu/newsletters/harvard_mens_health_watch/2007/7
SAVED https://www.health.harvard.edu/newsletters/harvard_mens_health_watch/2007/8
SAVED https://www.health.harvard.edu/newsletters/harvard_mens_health_watch/2007/9
SAVED https://www.health.harvard.edu/newsletters/harvard_mens_health_watch/2007/10
SAVED https://www.health.harvard.edu/newsletters/harvard_mens_health_watch/2007/11
SAVED https://www.health.harvard.edu/newsletters/harvard_mens_health_watch/2007/12
SAVED https://www.health.harvard.edu/newsletters/harvard_mens_health_watch/2008/1
SAVED https://www.health.harvard.edu/newsletters/harvard_mens_health_watch/2008/2
SAVED https://www.health.harvard.edu/newsletters/harvard_mens_health_watch/2008/3
SAVED https://www.health.harvard.edu/newsletters/harvard_mens_health_watch/2008/4
SAVED https://www.health.harvard.edu/newsletters/harvard_mens_health_watch/2008/5
SAVED https://www.health.harvard.edu/newsletters/harvard_mens_health_watch/2008/6
SAVED https://www.health.harvard.edu/newsletters/harvard_mens_health_watch/2008/7
SAVED https://www.health.harvard.edu/newsletters/harvard_mens_health_watch/2008/8
SAVED https://www.health.harvard.edu/newsletters/harvard_mens_health_watch/2008/9
SAVED https://www.health.harvard.edu/newsletters/harvard_mens_health_watch/2008/10
SAVED https://www.health.harvard.edu/newsletters/harvard_mens_health_watch/2008/11
SAVED https://www.health.harvard.edu/newsletters/harvard_mens_health_watch/2008/12
SAVED https://www.health.harvard.edu/newsletters/harvard_health_letter/2008/9
SAVED https://www.health.harvard.edu/newsletters/harvard_heart_letter/2009/1
SAVED https://www.health.harvard.edu/newsletters/harvard_mens_health_watch/2009/1
SAVED https://www.health.harvard.edu/newsletters/harvard_health_letter/2009/1
SAVED https://www.health.harvard.edu/newsletters/harvard_womens_health_watch/2002/1
SAVED https://www.health.harvard.edu/newsletters/harvard_health_letter/2009/2
SAVED https://www.health.harvard.edu/newsletters/harvard_heart_letter/2009/2
SAVED https://www.health.harvard.edu/newsletters/harvard_mens_health_watch/2009/2
SAVED https://www.health.harvard.edu/newsletters/harvard_womens_health_watch/2009/2
SAVED https://www.health.harvard.edu/newsletters/harvard_womens_health_watch/2009/1
SAVED https://www.health.harvard.edu/newsletters/harvard_heart_letter/2009/3
SAVED https://www.health.harvard.edu/newsletters/harvard_health_letter/2009/3
SAVED https://www.health.harvard.edu/newsletters/harvard_mens_health_watch/2009/3
SAVED https://www.health.harvard.edu/newsletters/harvard_womens_health_watch/2009/3
SAVED https://www.health.harvard.edu/newsletters/harvard_health_letter/2009/4
SAVED https://www.health.harvard.edu/newsletters/harvard_mens_health_watch/2009/4
SAVED https://www.health.harvard.edu/newsletters/harvard_womens_health_watch/2009/4
SAVED https://www.health.harvard.edu/newsletters/harvard_heart_letter/2009/4
SAVED https://www.health.harvard.edu/newsletters/harvard_heart_letter/2009/5
SAVED https://www.health.harvard.edu/newsletters/harvard_health_letter/2009/5
SAVED https://www.health.harvard.edu/newsletters/harvard_mens_health_watch/2009/5
SAVED https://www.health.harvard.edu/newsletters/harvard_womens_health_watch/2009/5
SAVED https://www.health.harvard.edu/newsletters/harvard_heart_letter/2009/6
SAVED https://www.health.harvard.edu/newsletters/harvard_health_letter/2009/6
SAVED https://www.health.harvard.edu/newsletters/harvard_mens_health_watch/2009/6
SAVED https://www.health.harvard.edu/newsletters/harvard_womens_health_watch/2009/6
SAVED https://www.health.harvard.edu/newsletters/harvard_health_letter/2009/7
SAVED https://www.health.harvard.edu/newsletters/harvard_heart_letter/2009/7
SAVED https://www.health.harvard.edu/newsletters/harvard_mens_health_watch/2009/7
SAVED https://www.health.harvard.edu/newsletters/harvard_womens_health_watch/2009/7
SAVED https://www.health.harvard.edu/newsletters/harvard_health_letter/2009/8
SAVED https://www.health.harvard.edu/newsletters/harvard_heart_letter/2009/8
SAVED https://www.health.harvard.edu/newsletters/harvard_mens_health_watch/2009/8
SAVED https://www.health.harvard.edu/newsletters/harvard_womens_health_watch/2009/8
SAVED https://www.health.harvard.edu/newsletters/harvard_health_letter/2009/9
SAVED https://www.health.harvard.edu/newsletters/harvard_heart_letter/2009/9
SAVED https://www.health.harvard.edu/newsletters/harvard_mens_health_watch/2009/9
SAVED https://www.health.harvard.edu/newsletters/harvard_womens_health_watch/2009/9
SAVED https://www.health.harvard.edu/newsletters/harvard_health_letter/2009/10
SAVED https://www.health.harvard.edu/newsletters/harvard_heart_letter/2009/10
SAVED https://www.health.harvard.edu/newsletters/harvard_mens_health_watch/2009/10
SAVED https://www.health.harvard.edu/newsletters/harvard_womens_health_watch/2009/10
SAVED https://www.health.harvard.edu/newsletters/harvard_health_letter/2009/11
SAVED https://www.health.harvard.edu/newsletters/harvard_heart_letter/2009/11
SAVED https://www.health.harvard.edu/newsletters/harvard_mens_health_watch/2009/11
SAVED https://www.health.harvard.edu/newsletters/harvard_womens_health_watch/2009/11
SAVED https://www.health.harvard.edu/newsletters/harvard_health_letter/2009/12
SAVED https://www.health.harvard.edu/newsletters/harvard_heart_letter/2009/12
SAVED https://www.health.harvard.edu/newsletters/harvard_mens_health_watch/2009/12
SAVED https://www.health.harvard.edu/newsletters/harvard_womens_health_watch/2009/12
SAVED https://www.health.harvard.edu/newsletters/harvard_health_letter/2010/1
SAVED https://www.health.harvard.edu/newsletters/harvard_heart_letter/2010/1
SAVED https://www.health.harvard.edu/newsletters/harvard_mens_health_watch/2010/1
SAVED https://www.health.harvard.edu/newsletters/harvard_womens_health_watch/2010/1
SAVED https://www.health.harvard.edu/newsletters/harvard_health_letter/2010/2
SAVED https://www.health.harvard.edu/newsletters/harvard_heart_letter/2010/2
SAVED https://www.health.harvard.edu/newsletters/harvard_mens_health_watch/2010/2
SAVED https://www.health.harvard.edu/newsletters/harvard_womens_health_watch/2010/2
SAVED https://www.health.harvard.edu/newsletters/harvard_health_letter/2010/3
SAVED https://www.health.harvard.edu/newsletters/harvard_heart_letter/2010/3
SAVED https://www.health.harvard.edu/newsletters/harvard_mens_health_watch/2010/3
SAVED https://www.health.harvard.edu/newsletters/harvard_womens_health_watch/2010/3
SAVED https://www.health.harvard.edu/newsletters/harvard_health_letter/2010/4
SAVED https://www.health.harvard.edu/newsletters/harvard_heart_letter/2010/4
SAVED https://www.health.harvard.edu/newsletters/harvard_mens_health_watch/2010/4
SAVED https://www.health.harvard.edu/newsletters/harvard_womens_health_watch/2010/4
SAVED https://www.health.harvard.edu/newsletters/harvard_health_letter/2010/5
SAVED https://www.health.harvard.edu/newsletters/harvard_heart_letter/2010/5
SAVED https://www.health.harvard.edu/newsletters/harvard_mens_health_watch/2010/5
SAVED https://www.health.harvard.edu/newsletters/harvard_womens_health_watch/2010/5
SAVED https://www.health.harvard.edu/newsletters/harvard_health_letter/2010/6
SAVED https://www.health.harvard.edu/newsletters/harvard_heart_letter/2010/6
SAVED https://www.health.harvard.edu/newsletters/harvard_mens_health_watch/2010/6
SAVED https://www.health.harvard.edu/newsletters/harvard_womens_health_watch/2010/6
SAVED https://www.health.harvard.edu/newsletters/harvard_health_letter/2010/7
SAVED https://www.health.harvard.edu/newsletters/harvard_heart_letter/2010/7
SAVED https://www.health.harvard.edu/newsletters/harvard_mens_health_watch/2010/7
SAVED https://www.health.harvard.edu/newsletters/harvard_womens_health_watch/2010/7
SAVED https://www.health.harvard.edu/newsletters/harvard_health_letter/2010/8
SAVED https://www.health.harvard.edu/newsletters/harvard_heart_letter/2010/8
SAVED https://www.health.harvard.edu/newsletters/harvard_mens_health_watch/2010/8
SAVED https://www.health.harvard.edu/newsletters/harvard_womens_health_watch/2010/8
SAVED https://www.health.harvard.edu/newsletters/harvard_health_letter/2010/9
SAVED https://www.health.harvard.edu/newsletters/harvard_heart_letter/2010/9
SAVED https://www.health.harvard.edu/newsletters/harvard_mens_health_watch/2010/9
SAVED https://www.health.harvard.edu/newsletters/harvard_womens_health_watch/2010/9
SAVED https://www.health.harvard.edu/newsletters/harvard_health_letter/2010/10
SAVED https://www.health.harvard.edu/newsletters/harvard_heart_letter/2010/10
SAVED https://www.health.harvard.edu/newsletters/harvard_mens_health_watch/2010/10
SAVED https://www.health.harvard.edu/newsletters/harvard_womens_health_watch/2010/10
SAVED https://www.health.harvard.edu/newsletters/harvard_health_letter/2010/11
SAVED https://www.health.harvard.edu/newsletters/harvard_heart_letter/2010/11
SAVED https://www.health.harvard.edu/newsletters/harvard_mens_health_watch/2010/11
SAVED https://www.health.harvard.edu/newsletters/harvard_womens_health_watch/2010/11
SAVED https://www.health.harvard.edu/newsletters/harvard_health_letter/2010/12
SAVED https://www.health.harvard.edu/newsletters/harvard_heart_letter/2010/12
SAVED https://www.health.harvard.edu/newsletters/harvard_mens_health_watch/2010/12
SAVED https://www.health.harvard.edu/newsletters/harvard_womens_health_watch/2010/12
SAVED https://www.health.harvard.edu/newsletters/harvard_health_letter/2011/1
