SKIP robots https://www.dictionary.com
SKIP robots https://www.dictionary.com/e/crossword/
SKIP robots https://www.dictionary.com/games/word-puzzle/
SKIP robots https://www.dictionary.com/e/word-finder/
SKIP robots https://www.dictionary.com/e/word-of-the-day/
SKIP robots https://www.dictionary.com/e/word-of-the-year-2024/
SKIP robots https://www.dictionary.com/e/c/new-words/
SKIP robots https://www.dictionary.com/e/c/language-stories/
SKIP robots https://www.dictionary.com/e/
SKIP robots https://www.dictionary.com/e/slang/
SKIP robots https://www.dictionary.com/e/emoji/
SKIP robots https://www.dictionary.com/e/memes/
SKIP robots https://www.dictionary.com/e/acronyms/
SKIP robots https://www.dictionary.com/e/gender-sexuality/
SKIP robots https://www.dictionary.com/e/all-the-words/
SKIP robots https://www.dictionary.com/e/c/language-stories/commonly-confused/
SKIP robots https://www.dictionary.com/browse/soporific
SKIP robots https://www.dictionary.com/e/supposedly-vs-supposably/
SKIP robots https://www.dictionary.com/games/word-puzzle
SKIP robots https://www.dictionary.com/e/news-from-august-2-august-8-2025/
SKIP robots https://www.dictionary.com/e/summer-vocabulary/
SKIP robots https://www.dictionary.com/e/oof-meaning-interjection/
SKIP robots https://www.dictionary.com/e/words-for-leos/
SKIP robots https://www.dictionary.com/e/july/
SKIP robots https://www.dictionary.com/e/space-words/
SKIP robots https://www.dictionary.com/list/0
SKIP robots https://www.dictionary.com/list/a
SKIP robots https://www.dictionary.com/list/b
SKIP robots https://www.dictionary.com/list/c
SKIP robots https://www.dictionary.com/list/d
SKIP robots https://www.dictionary.com/list/e
SKIP robots https://www.dictionary.com/list/f
SKIP robots https://www.dictionary.com/list/g
SKIP robots https://www.dictionary.com/list/h
SKIP robots https://www.dictionary.com/list/i
SKIP robots https://www.dictionary.com/list/j
SKIP robots https://www.dictionary.com/list/k
SKIP robots https://www.dictionary.com/list/l
SKIP robots https://www.dictionary.com/list/m
SKIP robots https://www.dictionary.com/list/n
SKIP robots https://www.dictionary.com/list/o
SKIP robots https://www.dictionary.com/list/p
SKIP robots https://www.dictionary.com/list/q
SKIP robots https://www.dictionary.com/list/r
SKIP robots https://www.dictionary.com/list/s
SKIP robots https://www.dictionary.com/list/t
SKIP robots https://www.dictionary.com/list/u
SKIP robots https://www.dictionary.com/list/v
SKIP robots https://www.dictionary.com/list/w
SKIP robots https://www.dictionary.com/list/x
SKIP robots https://www.dictionary.com/list/y
SKIP robots https://www.dictionary.com/list/z
SKIP robots https://www.dictionary.com/cdn-cgi/l/email-protection#394a4c4949564b4d795d505a4d505657584b40175a5654
