SAVED https://ahrefs.com/academy/how-to-use-ahrefs
SAVED https://ahrefs.com/academy/blogging-for-business
SAVED https://ahrefs.com/academy/seo-training-course
SAVED https://ahrefs.com/academy/link-building-course
SAVED https://ahrefs.com/academy/affiliate-marketing-course
SAVED https://ahrefs.com/academy/ahrefs-youtube
SAVED https://ahrefs.com/academy/api-course
SAVED https://ahrefs.com/academy/how-to-use-ahrefs/ahrefs-crawler/overview
SAVED https://ahrefs.com/academy/how-to-use-ahrefs/ahrefs-crawler/crawl-budget
SAVED https://ahrefs.com/academy/how-to-use-ahrefs/ahrefs-crawler/crawler-faqs
SAVED https://ahrefs.com/academy/how-to-use-ahrefs/ahrefs-seo-metrics/overview
SAVED https://ahrefs.com/academy/how-to-use-ahrefs/ahrefs-seo-metrics/backlink
SAVED https://ahrefs.com/academy/how-to-use-ahrefs/ahrefs-seo-metrics/keyword-and-search-traffic
SAVED https://ahrefs.com/academy/how-to-use-ahrefs/account/navigating
SAVED https://ahrefs.com/academy/how-to-use-ahrefs/account/add-first-project
SAVED https://ahrefs.com/academy/how-to-use-ahrefs/account/add-first-portfolio
SAVED https://ahrefs.com/academy/how-to-use-ahrefs/dashboard/overview
SAVED https://ahrefs.com/academy/how-to-use-ahrefs/site-explorer/intro
SAVED https://ahrefs.com/academy/how-to-use-ahrefs/site-explorer/overview
SAVED https://ahrefs.com/academy/how-to-use-ahrefs/site-explorer/page-inspect
SAVED https://ahrefs.com/academy/how-to-use-ahrefs/site-explorer/site-structure
SAVED https://ahrefs.com/academy/how-to-use-ahrefs/site-explorer/calendar
SAVED https://ahrefs.com/academy/how-to-use-ahrefs/site-explorer/backlinks
SAVED https://ahrefs.com/academy/how-to-use-ahrefs/site-explorer/broken-backlinks
SAVED https://ahrefs.com/academy/how-to-use-ahrefs/site-explorer/referring-domains
SAVED https://ahrefs.com/academy/how-to-use-ahrefs/site-explorer/anchors
SAVED https://ahrefs.com/academy/how-to-use-ahrefs/site-explorer/internal-backlinks
SAVED https://ahrefs.com/academy/how-to-use-ahrefs/site-explorer/organic-keywords
SAVED https://ahrefs.com/academy/how-to-use-ahrefs/site-explorer/organic-competitors
SAVED https://ahrefs.com/academy/how-to-use-ahrefs/site-explorer/top-pages
SAVED https://ahrefs.com/academy/how-to-use-ahrefs/site-explorer/paid-keywords
SAVED https://ahrefs.com/academy/how-to-use-ahrefs/site-explorer/ads
SAVED https://ahrefs.com/academy/how-to-use-ahrefs/site-explorer/paid-pages
SAVED https://ahrefs.com/academy/how-to-use-ahrefs/site-explorer/best-by-links
SAVED https://ahrefs.com/academy/how-to-use-ahrefs/site-explorer/linked-domains
SAVED https://ahrefs.com/academy/how-to-use-ahrefs/site-explorer/outgoing-anchors
SAVED https://ahrefs.com/academy/how-to-use-ahrefs/site-explorer/outgoing-links
SAVED https://ahrefs.com/academy/how-to-use-ahrefs/keywords-explorer/intro
SAVED https://ahrefs.com/academy/how-to-use-ahrefs/keywords-explorer/overview
SAVED https://ahrefs.com/academy/how-to-use-ahrefs/keywords-explorer/ads-history
SAVED https://ahrefs.com/academy/how-to-use-ahrefs/keywords-explorer/matching-terms
SAVED https://ahrefs.com/academy/how-to-use-ahrefs/keywords-explorer/related-terms
SAVED https://ahrefs.com/academy/how-to-use-ahrefs/keywords-explorer/search-suggestions
SAVED https://ahrefs.com/academy/how-to-use-ahrefs/keywords-explorer/traffic-share-domains
SAVED https://ahrefs.com/academy/how-to-use-ahrefs/keywords-explorer/traffic-share-pages
SAVED https://ahrefs.com/academy/how-to-use-ahrefs/site-audit/introduction
SAVED https://ahrefs.com/academy/how-to-use-ahrefs/site-audit/overview
SAVED https://ahrefs.com/academy/how-to-use-ahrefs/site-audit/page-explorer
SAVED https://ahrefs.com/academy/how-to-use-ahrefs/site-audit/page-explorer-adv-filters
SAVED https://ahrefs.com/academy/how-to-use-ahrefs/site-audit/link-opportunities
SAVED https://ahrefs.com/academy/how-to-use-ahrefs/site-audit/link-explorer
SAVED https://ahrefs.com/academy/how-to-use-ahrefs/site-audit/structure-explorer
SAVED https://ahrefs.com/academy/how-to-use-ahrefs/rank-tracker/overview
SAVED https://ahrefs.com/academy/how-to-use-ahrefs/rank-tracker/tags
SAVED https://ahrefs.com/academy/how-to-use-ahrefs/rank-tracker/pages
SAVED https://ahrefs.com/academy/how-to-use-ahrefs/rank-tracker/grossing
SAVED https://ahrefs.com/academy/how-to-use-ahrefs/rank-tracker/metrics
SAVED https://ahrefs.com/academy/how-to-use-ahrefs/rank-tracker/competitors-overview
SAVED https://ahrefs.com/academy/how-to-use-ahrefs/rank-tracker/competitors-tags
SAVED https://ahrefs.com/academy/how-to-use-ahrefs/rank-tracker/competitors-traffic-share
SAVED https://ahrefs.com/academy/how-to-use-ahrefs/content-explorer/overview
SAVED https://ahrefs.com/academy/how-to-use-ahrefs/content-explorer/use-cases
SAVED https://ahrefs.com/academy/how-to-use-ahrefs/content-explorer/lb-use-cases
SAVED https://ahrefs.com/academy/how-to-use-ahrefs/competitive-analysis/content-gap
SAVED https://ahrefs.com/academy/how-to-use-ahrefs/competitive-analysis/link-intersect
SAVED https://ahrefs.com/academy/how-to-use-ahrefs/alerts/backlinks
SAVED https://ahrefs.com/academy/how-to-use-ahrefs/alerts/new-keywords
SAVED https://ahrefs.com/academy/how-to-use-ahrefs/alerts/mentions
SAVED https://ahrefs.com/academy/how-to-use-ahrefs/toolbar/overview
SAVED https://ahrefs.com/academy/blogging-for-business/lesson-1-1
SAVED https://ahrefs.com/academy/blogging-for-business/lesson-1-2
SAVED https://ahrefs.com/academy/blogging-for-business/lesson-1-3
SAVED https://ahrefs.com/academy/blogging-for-business/lesson-2-1
SAVED https://ahrefs.com/academy/blogging-for-business/lesson-2-2
SAVED https://ahrefs.com/academy/blogging-for-business/lesson-2-3
SAVED https://ahrefs.com/academy/blogging-for-business/lesson-2-4
SAVED https://ahrefs.com/academy/blogging-for-business/lesson-3-1
SAVED https://ahrefs.com/academy/blogging-for-business/lesson-3-2
SAVED https://ahrefs.com/academy/blogging-for-business/lesson-3-3
SAVED https://ahrefs.com/academy/blogging-for-business/lesson-3-4
SAVED https://ahrefs.com/academy/blogging-for-business/lesson-3-5
SAVED https://ahrefs.com/academy/blogging-for-business/lesson-4-1
SAVED https://ahrefs.com/academy/blogging-for-business/lesson-4-2
SAVED https://ahrefs.com/academy/blogging-for-business/lesson-4-3
SAVED https://ahrefs.com/academy/blogging-for-business/lesson-4-4
SAVED https://ahrefs.com/academy/blogging-for-business/lesson-4-5
SAVED https://ahrefs.com/academy/blogging-for-business/lesson-5-1
SAVED https://ahrefs.com/academy/blogging-for-business/lesson-5-2
SAVED https://ahrefs.com/academy/blogging-for-business/lesson-5-3
SAVED https://ahrefs.com/academy/blogging-for-business/lesson-5-4
SAVED https://ahrefs.com/academy/blogging-for-business/lesson-6-1
SAVED https://ahrefs.com/academy/blogging-for-business/lesson-6-2
SAVED https://ahrefs.com/academy/blogging-for-business/lesson-6-3
SAVED https://ahrefs.com/academy/blogging-for-business/lesson-7-1
SAVED https://ahrefs.com/academy/blogging-for-business/lesson-7-2
SAVED https://ahrefs.com/academy/blogging-for-business/lesson-7-3
SAVED https://ahrefs.com/academy/blogging-for-business/lesson-8-1
SAVED https://ahrefs.com/academy/blogging-for-business/lesson-8-2
SAVED https://ahrefs.com/academy/blogging-for-business/lesson-8-3
SAVED https://ahrefs.com/academy/blogging-for-business/lesson-9-1
SAVED https://ahrefs.com/academy/blogging-for-business/lesson-9-2
SAVED https://ahrefs.com/academy/blogging-for-business/lesson-9-3
SAVED https://ahrefs.com/academy/blogging-for-business/lesson-9-4
SAVED https://ahrefs.com/academy/blogging-for-business/lesson-10-1
SAVED https://ahrefs.com/academy/blogging-for-business/lesson-10-2
SAVED https://ahrefs.com/academy/blogging-for-business/lesson-10-3
SAVED https://ahrefs.com/academy/blogging-for-business/lesson-11-1
SAVED https://ahrefs.com/academy/blogging-for-business/lesson-11-2
SAVED https://ahrefs.com/academy/blogging-for-business/lesson-11-3
SAVED https://ahrefs.com/academy/seo-training-course/lesson-0-1
SAVED https://ahrefs.com/academy/seo-training-course/lesson-1-1
SAVED https://ahrefs.com/academy/seo-training-course/lesson-1-2
SAVED https://ahrefs.com/academy/seo-training-course/lesson-1-3
SAVED https://ahrefs.com/academy/seo-training-course/lesson-1-4
SAVED https://ahrefs.com/academy/seo-training-course/lesson-2-1
SAVED https://ahrefs.com/academy/seo-training-course/lesson-2-2
SAVED https://ahrefs.com/academy/seo-training-course/lesson-3-1
SAVED https://ahrefs.com/academy/seo-training-course/lesson-3-2
SAVED https://ahrefs.com/academy/seo-training-course/lesson-3-3
SAVED https://ahrefs.com/academy/seo-training-course/lesson-3-4
SAVED https://ahrefs.com/academy/seo-training-course/lesson-3-5
SAVED https://ahrefs.com/academy/seo-training-course/lesson-4-1
SAVED https://ahrefs.com/academy/seo-training-course/lesson-4-2
SAVED https://ahrefs.com/academy/link-building-course/lesson-0-1
SAVED https://ahrefs.com/academy/link-building-course/lesson-1-1
SAVED https://ahrefs.com/academy/link-building-course/lesson-1-2
SAVED https://ahrefs.com/academy/link-building-course/lesson-2-1
SAVED https://ahrefs.com/academy/link-building-course/lesson-2-2
SAVED https://ahrefs.com/academy/link-building-course/lesson-2-3
SAVED https://ahrefs.com/academy/link-building-course/lesson-3-1
SAVED https://ahrefs.com/academy/link-building-course/lesson-3-2
SAVED https://ahrefs.com/academy/link-building-course/lesson-3-3
SAVED https://ahrefs.com/academy/link-building-course/lesson-4-1
SAVED https://ahrefs.com/academy/link-building-course/lesson-4-2
SAVED https://ahrefs.com/academy/link-building-course/lesson-4-3
SAVED https://ahrefs.com/academy/link-building-course/lesson-5-1
SAVED https://ahrefs.com/academy/link-building-course/lesson-5-2
SAVED https://ahrefs.com/academy/link-building-course/lesson-5-3
SAVED https://ahrefs.com/academy/affiliate-marketing-course/lesson-1-1
SAVED https://ahrefs.com/academy/affiliate-marketing-course/lesson-1-2
SAVED https://ahrefs.com/academy/affiliate-marketing-course/lesson-1-3
SAVED https://ahrefs.com/academy/affiliate-marketing-course/lesson-1-4
SAVED https://ahrefs.com/academy/affiliate-marketing-course/lesson-2-1
SAVED https://ahrefs.com/academy/affiliate-marketing-course/lesson-2-2
SAVED https://ahrefs.com/academy/affiliate-marketing-course/lesson-2-3
SAVED https://ahrefs.com/academy/affiliate-marketing-course/lesson-3-1
SAVED https://ahrefs.com/academy/affiliate-marketing-course/lesson-3-2
SAVED https://ahrefs.com/academy/affiliate-marketing-course/lesson-3-3
SAVED https://ahrefs.com/academy/affiliate-marketing-course/lesson-3-4
SAVED https://ahrefs.com/academy/affiliate-marketing-course/lesson-4-1
SAVED https://ahrefs.com/academy/affiliate-marketing-course/lesson-4-2
SAVED https://ahrefs.com/academy/affiliate-marketing-course/lesson-4-3
SAVED https://ahrefs.com/academy/affiliate-marketing-course/lesson-5-1
SAVED https://ahrefs.com/academy/affiliate-marketing-course/lesson-5-2
SAVED https://ahrefs.com/academy/ahrefs-youtube/keyword-research
SAVED https://ahrefs.com/academy/ahrefs-youtube/searcher-intent
SAVED https://ahrefs.com/academy/ahrefs-youtube/low-competition-keywords
SAVED https://ahrefs.com/academy/ahrefs-youtube/keyword-research-tips
SAVED https://ahrefs.com/academy/ahrefs-youtube/keyword-difficulty
SAVED https://ahrefs.com/academy/ahrefs-youtube/advanced-keyword-research
SAVED https://ahrefs.com/academy/ahrefs-youtube/link-building
SAVED https://ahrefs.com/academy/ahrefs-youtube/high-quality-backlinks
SAVED https://ahrefs.com/academy/ahrefs-youtube/internal-linking
SAVED https://ahrefs.com/academy/ahrefs-youtube/first-100-backlinks
SAVED https://ahrefs.com/academy/ahrefs-youtube/local-link-building
SAVED https://ahrefs.com/academy/ahrefs-youtube/resource-page-link-building
SAVED https://ahrefs.com/academy/ahrefs-youtube/guest-posting
SAVED https://ahrefs.com/academy/ahrefs-youtube/link-building-google-sheets
SAVED https://ahrefs.com/academy/ahrefs-youtube/link-building-case-study
SAVED https://ahrefs.com/academy/ahrefs-youtube/link-building-google-ads
SAVED https://ahrefs.com/academy/ahrefs-youtube/link-building-system
SAVED https://ahrefs.com/academy/ahrefs-youtube/what-is-content-marketing
SAVED https://ahrefs.com/academy/ahrefs-youtube/content-marketing
SAVED https://ahrefs.com/academy/ahrefs-youtube/content-writing-seo
SAVED https://ahrefs.com/academy/ahrefs-youtube/content-hubs
SAVED https://ahrefs.com/academy/ahrefs-youtube/republishing-content
SAVED https://ahrefs.com/academy/ahrefs-youtube/create-better-content
SAVED https://ahrefs.com/academy/ahrefs-youtube/blogging-tips-beginners
SAVED https://ahrefs.com/academy/ahrefs-youtube/scale-content
SAVED https://ahrefs.com/academy/ahrefs-youtube/technical-seo
SAVED https://ahrefs.com/academy/ahrefs-youtube/wordpress-page-speed
SAVED https://ahrefs.com/academy/ahrefs-youtube/core-web-vitals
SAVED https://ahrefs.com/academy/api-course/lesson-1
SAVED https://ahrefs.com/academy/api-course/lesson-2
SAVED https://ahrefs.com/academy/api-course/lesson-3
SAVED https://ahrefs.com/academy/api-course/lesson-4
SAVED https://ahrefs.com/academy/api-course/lesson-5
SAVED https://ahrefs.com/academy/api-course/lesson-6
SAVED https://ahrefs.com/academy/api-course/lesson-7
SAVED https://ahrefs.com/academy/content-marketing-course
SAVED https://ahrefs.com/academy/digital-marketing-course
SAVED https://ahrefs.com/academy/keyword-research-course
SAVED https://ahrefs.com/academy/local-seo-course
SAVED https://ahrefs.com/academy/technical-seo-course
SAVED https://ahrefs.com/academy/video-marketing-course
SAVED https://ahrefs.com/certification
SAVED https://ahrefs.com/webinars
SAVED https://ahrefs.com/webinars/getting-started-ahrefs
SAVED https://ahrefs.com/webinars/advanced-site-explorer
SAVED https://ahrefs.com/project-boosts
SAVED https://ahrefs.com/patches
SAVED https://ahrefs.com/education
SAVED https://ahrefs.com/web-analytics
SAVED https://ahrefs.com/report-builder
SAVED https://ahrefs.com/index-now
SAVED https://ahrefs.com/ai-content-helper
SAVED https://ahrefs.com/portfolios
SAVED https://ahrefs.com/seo/for/medical-practices
SAVED https://ahrefs.com/seo/for/plastic-surgeons
SAVED https://ahrefs.com/seo/for/dentists
SAVED https://ahrefs.com/seo/for/seo-for-hospitals
SAVED https://ahrefs.com/seo/for/doctors
SAVED https://ahrefs.com/seo/for/therapists
SAVED https://ahrefs.com/seo/for/orthodontists
SAVED https://ahrefs.com/seo/for/chiropractors
SAVED https://ahrefs.com/seo/for/contractors
SAVED https://ahrefs.com/seo/for/realtors
SAVED https://ahrefs.com/seo/for/construction-companies
SAVED https://ahrefs.com/seo/for/property-management
SAVED https://ahrefs.com/seo/for/home-builders
SAVED https://ahrefs.com/seo/for/home-improvement
SAVED https://ahrefs.com/seo/for/wedding-photographers
SAVED https://ahrefs.com/seo/for/wedding-planners
SAVED https://ahrefs.com/seo/for/moving-companies
SAVED https://ahrefs.com/seo/for/driving-instructors
SAVED https://ahrefs.com/seo/for/veterinarians
SAVED https://ahrefs.com/seo/for/financial-advisors
SAVED https://ahrefs.com/seo/for/beauty-salons
SAVED https://ahrefs.com/seo/for/window-cleaning-companies
SAVED https://ahrefs.com/seo/for/bankruptcy-lawyers
SAVED https://ahrefs.com/seo/for/photographers
SAVED https://ahrefs.com/seo/for/family-law
SAVED https://ahrefs.com/seo/for/hvac
SAVED https://ahrefs.com/seo/for/jewelers
SAVED https://ahrefs.com/seo/for/gyms
SAVED https://ahrefs.com/seo/for/roofers
SAVED https://ahrefs.com/seo/for/immigration-lawyers
SAVED https://ahrefs.com/seo/for/car-dealerships
SAVED https://ahrefs.com/seo/for/accountants
SAVED https://ahrefs.com/seo/for/carpet-cleaners
SAVED https://ahrefs.com/seo/for/pest-control
SAVED https://ahrefs.com/seo/for/locksmiths
SAVED https://ahrefs.com/seo/for/landscapers
SAVED https://ahrefs.com/seo/for/tree-surgeons
SAVED https://ahrefs.com/seo/for/insurance-agents
SAVED https://ahrefs.com/seo/for/note-brokers
SAVED https://ahrefs.com/seo/for/manufacturing
SAVED https://ahrefs.com/seo/for/hotels
SAVED https://ahrefs.com/seo/for/spas
SAVED https://ahrefs.com/seo/for/tour-operators
SAVED https://ahrefs.com/seo/for/travel-agencies
SAVED https://ahrefs.com/seo/for/wine-estates
SAVED https://ahrefs.com/seo/for/banks
SAVED https://ahrefs.com/seo/for/caterers
SAVED https://ahrefs.com/seo/for/restaurants
SAVED https://ahrefs.com/seo/for/electricians
SAVED https://ahrefs.com/seo/for/recruiters
SAVED https://ahrefs.com/seo/for/lawn-care-companies
SAVED https://ahrefs.com/seo/for/personal-injury-lawyers
SAVED https://ahrefs.com/webinars/advanced-site-audit
SAVED https://ahrefs.com/webinars/office-hours-april
SAVED https://ahrefs.com/webinars/ai-tools
SAVED https://ahrefs.com/webinars/japan_webinar_lany
SAVED https://ahrefs.com/webinars/ai-traffic
SAVED https://ahrefs.com/mattress
SAVED https://ahrefs.com/webinars/ai-seo-patrick-webinar
SAVED https://ahrefs.com/webinars/win-in-search-and-ai-with-ahrefs
SAVED https://ahrefs.com/seo/glossary
SAVED https://ahrefs.com/seo/glossary/10x-content
SAVED https://ahrefs.com/seo/glossary/301-redirect
SAVED https://ahrefs.com/seo/glossary/302-redirect
SAVED https://ahrefs.com/seo/glossary/304-not-modified
SAVED https://ahrefs.com/seo/glossary/404-error
SAVED https://ahrefs.com/seo/glossary/410-gone
SAVED https://ahrefs.com/seo/glossary/accelerated-mobile-pages
SAVED https://ahrefs.com/seo/glossary/ad-impressions
SAVED https://ahrefs.com/seo/glossary/ada-website-compliance
SAVED https://ahrefs.com/seo/glossary/ahrefsbot
SAVED https://ahrefs.com/seo/glossary/alt-text
SAVED https://ahrefs.com/seo/glossary/anchor-text
SAVED https://ahrefs.com/seo/glossary/article-spinning
SAVED https://ahrefs.com/seo/glossary/article-syndication
SAVED https://ahrefs.com/seo/glossary/auto-generated-content
SAVED https://ahrefs.com/seo/glossary/backlinks
SAVED https://ahrefs.com/seo/glossary/bing-webmaster-tools
SAVED https://ahrefs.com/seo/glossary/bingbot
SAVED https://ahrefs.com/seo/glossary/black-hat-seo
SAVED https://ahrefs.com/seo/glossary/bounce-rate
SAVED https://ahrefs.com/seo/glossary/branded-content
SAVED https://ahrefs.com/seo/glossary/branded-keywords
SAVED https://ahrefs.com/seo/glossary/breadcrumb-navigation
SAVED https://ahrefs.com/seo/glossary/bridge-page
SAVED https://ahrefs.com/seo/glossary/broken-link
SAVED https://ahrefs.com/seo/glossary/cached-page
SAVED https://ahrefs.com/seo/glossary/canonical-tag
SAVED https://ahrefs.com/seo/glossary/canonical-url
SAVED https://ahrefs.com/seo/glossary/cloaking
SAVED https://ahrefs.com/seo/glossary/co-citation
SAVED https://ahrefs.com/seo/glossary/co-occurrence
SAVED https://ahrefs.com/seo/glossary/computer-generated-content
SAVED https://ahrefs.com/seo/glossary/content-delivery-network
SAVED https://ahrefs.com/seo/glossary/content-gap-analysis
SAVED https://ahrefs.com/seo/glossary/content-hub
SAVED https://ahrefs.com/seo/glossary/content-relevance
SAVED https://ahrefs.com/seo/glossary/core-web-vitals
SAVED https://ahrefs.com/seo/glossary/cornerstone-content
SAVED https://ahrefs.com/seo/glossary/crawl-budget
SAVED https://ahrefs.com/seo/glossary/crawlability
SAVED https://ahrefs.com/seo/glossary/crawler
SAVED https://ahrefs.com/seo/glossary/customer-journey
SAVED https://ahrefs.com/seo/glossary/dofollow-link
SAVED https://ahrefs.com/seo/glossary/domain-rating
SAVED https://ahrefs.com/seo/glossary/domain-structure
SAVED https://ahrefs.com/seo/glossary/doorway-page
SAVED https://ahrefs.com/seo/glossary/duplicate-content
SAVED https://ahrefs.com/seo/glossary/dwell-time
SAVED https://ahrefs.com/seo/glossary/dynamic-url
SAVED https://ahrefs.com/seo/glossary/editorial-link
SAVED https://ahrefs.com/seo/glossary/ego-bait
SAVED https://ahrefs.com/seo/glossary/email-outreach
SAVED https://ahrefs.com/seo/glossary/entity-based-seo
SAVED https://ahrefs.com/seo/glossary/entry-page
SAVED https://ahrefs.com/seo/glossary/evergreen-content
SAVED https://ahrefs.com/seo/glossary/external-link
SAVED https://ahrefs.com/seo/glossary/faceted-navigation
SAVED https://ahrefs.com/seo/glossary/gated-content
SAVED https://ahrefs.com/seo/glossary/gateway-page
SAVED https://ahrefs.com/seo/glossary/google-alerts
SAVED https://ahrefs.com/seo/glossary/google-algorithm
SAVED https://ahrefs.com/seo/glossary/google-analytics
SAVED https://ahrefs.com/seo/glossary/google-autocomplete
SAVED https://ahrefs.com/seo/glossary/google-bombing
SAVED https://ahrefs.com/seo/glossary/google-business-profile
SAVED https://ahrefs.com/seo/glossary/google-caffeine
SAVED https://ahrefs.com/seo/glossary/google-dance
SAVED https://ahrefs.com/seo/glossary/google-hummingbird
SAVED https://ahrefs.com/seo/glossary/google-knowledge-graph
SAVED https://ahrefs.com/seo/glossary/google-knowledge-panel
SAVED https://ahrefs.com/seo/glossary/google-panda
SAVED https://ahrefs.com/seo/glossary/google-penalty
SAVED https://ahrefs.com/seo/glossary/google-penguin
SAVED https://ahrefs.com/seo/glossary/google-pigeon
SAVED https://ahrefs.com/seo/glossary/google-sandbox
SAVED https://ahrefs.com/seo/glossary/google-search-console
SAVED https://ahrefs.com/seo/glossary/google-top-heavy-update
SAVED https://ahrefs.com/seo/glossary/google-webmaster-guidelines
SAVED https://ahrefs.com/seo/glossary/google-webmaster-tools
SAVED https://ahrefs.com/seo/glossary/googlebot
SAVED https://ahrefs.com/seo/glossary/grey-hat-seo
SAVED https://ahrefs.com/seo/glossary/guest-blogging
SAVED https://ahrefs.com/seo/glossary/guestographic
SAVED https://ahrefs.com/seo/glossary/h1-tag
SAVED https://ahrefs.com/seo/glossary/header-tags
SAVED https://ahrefs.com/seo/glossary/hilltop-algorithm
SAVED https://ahrefs.com/seo/glossary/holistic-seo
SAVED https://ahrefs.com/seo/glossary/hreflang
SAVED https://ahrefs.com/seo/glossary/http-200
SAVED https://ahrefs.com/seo/glossary/https
SAVED https://ahrefs.com/seo/glossary/inbound-link
SAVED https://ahrefs.com/seo/glossary/index-bloat
SAVED https://ahrefs.com/seo/glossary/indexability
SAVED https://ahrefs.com/seo/glossary/informational-query
SAVED https://ahrefs.com/seo/glossary/internal-link
SAVED https://ahrefs.com/seo/glossary/interstitial-ad
SAVED https://ahrefs.com/seo/glossary/javascript-seo
SAVED https://ahrefs.com/seo/glossary/keyword-cannibalization
SAVED https://ahrefs.com/seo/glossary/keyword-clustering
SAVED https://ahrefs.com/seo/glossary/keyword-density
SAVED https://ahrefs.com/seo/glossary/keyword-difficulty
SAVED https://ahrefs.com/seo/glossary/keyword-ranking
SAVED https://ahrefs.com/seo/glossary/keyword-stemming
SAVED https://ahrefs.com/seo/glossary/keyword-stuffing
SAVED https://ahrefs.com/seo/glossary/keywords
SAVED https://ahrefs.com/seo/glossary/landing-page
SAVED https://ahrefs.com/seo/glossary/latent-semantic-analysis-lsa
SAVED https://ahrefs.com/seo/glossary/link-bait
SAVED https://ahrefs.com/seo/glossary/link-building
SAVED https://ahrefs.com/seo/glossary/link-equity
SAVED https://ahrefs.com/seo/glossary/link-exchange
SAVED https://ahrefs.com/seo/glossary/link-farm
SAVED https://ahrefs.com/seo/glossary/link-juice
SAVED https://ahrefs.com/seo/glossary/link-popularity
SAVED https://ahrefs.com/seo/glossary/link-profile
SAVED https://ahrefs.com/seo/glossary/link-reclamation
SAVED https://ahrefs.com/seo/glossary/link-rot
SAVED https://ahrefs.com/seo/glossary/link-scheme
SAVED https://ahrefs.com/seo/glossary/link-spam
SAVED https://ahrefs.com/seo/glossary/link-text
SAVED https://ahrefs.com/seo/glossary/link-velocity
SAVED https://ahrefs.com/seo/glossary/local-business-schema
SAVED https://ahrefs.com/seo/glossary/local-citation
SAVED https://ahrefs.com/seo/glossary/local-pack
SAVED https://ahrefs.com/seo/glossary/local-search-marketing
SAVED https://ahrefs.com/seo/glossary/local-seo
SAVED https://ahrefs.com/seo/glossary/log-file-analysis
SAVED https://ahrefs.com/seo/glossary/long-tail-keyword
SAVED https://ahrefs.com/seo/glossary/lsi-keywords
SAVED https://ahrefs.com/seo/glossary/manual-action
SAVED https://ahrefs.com/seo/glossary/meta-description
SAVED https://ahrefs.com/seo/glossary/meta-keywords
SAVED https://ahrefs.com/seo/glossary/meta-redirect
SAVED https://ahrefs.com/seo/glossary/meta-robots-tag
SAVED https://ahrefs.com/seo/glossary/meta-tags
SAVED https://ahrefs.com/seo/glossary/mirror-site
SAVED https://ahrefs.com/seo/glossary/mobile-first-indexing
SAVED https://ahrefs.com/seo/glossary/nap
SAVED https://ahrefs.com/seo/glossary/natural-language-understanding
SAVED https://ahrefs.com/seo/glossary/natural-link
SAVED https://ahrefs.com/seo/glossary/navigational-query
SAVED https://ahrefs.com/seo/glossary/negative-seo
SAVED https://ahrefs.com/seo/glossary/nofollow
SAVED https://ahrefs.com/seo/glossary/noindex-tag
SAVED https://ahrefs.com/seo/glossary/noopener
SAVED https://ahrefs.com/seo/glossary/noreferrer
SAVED https://ahrefs.com/seo/glossary/not-provided
SAVED https://ahrefs.com/seo/glossary/off-page-seo
SAVED https://ahrefs.com/seo/glossary/on-page-seo
SAVED https://ahrefs.com/seo/glossary/open-graph-meta-tags
SAVED https://ahrefs.com/seo/glossary/organic-search-results
SAVED https://ahrefs.com/seo/glossary/organic-traffic
SAVED https://ahrefs.com/seo/glossary/orphan-page
SAVED https://ahrefs.com/seo/glossary/outbound-link
SAVED https://ahrefs.com/seo/glossary/page-speed
SAVED https://ahrefs.com/seo/glossary/pagerank
SAVED https://ahrefs.com/seo/glossary/paid-link
SAVED https://ahrefs.com/seo/glossary/people-also-ask
SAVED https://ahrefs.com/seo/glossary/pillar-page
SAVED https://ahrefs.com/seo/glossary/pogo-sticking
SAVED https://ahrefs.com/seo/glossary/primary-keyword
SAVED https://ahrefs.com/seo/glossary/private-blog-network
SAVED https://ahrefs.com/seo/glossary/query-deserves-freshness-qdf
SAVED https://ahrefs.com/seo/glossary/rankbrain
SAVED https://ahrefs.com/seo/glossary/reciprocal-link
SAVED https://ahrefs.com/seo/glossary/reconsideration-request
SAVED https://ahrefs.com/seo/glossary/related-searches
SAVED https://ahrefs.com/seo/glossary/relative-url
SAVED https://ahrefs.com/seo/glossary/resource-pages
SAVED https://ahrefs.com/seo/glossary/rich-snippet
SAVED https://ahrefs.com/seo/glossary/robots-txt
SAVED https://ahrefs.com/seo/glossary/schema-markup
SAVED https://ahrefs.com/seo/glossary/search-algorithm
SAVED https://ahrefs.com/seo/glossary/search-engine-poisoning
SAVED https://ahrefs.com/seo/glossary/search-engine-results-pages
SAVED https://ahrefs.com/seo/glossary/search-intent
SAVED https://ahrefs.com/seo/glossary/search-results
SAVED https://ahrefs.com/seo/glossary/search-term
SAVED https://ahrefs.com/seo/glossary/search-visibility
SAVED https://ahrefs.com/seo/glossary/search-volume
SAVED https://ahrefs.com/seo/glossary/secondary-keywords
SAVED https://ahrefs.com/seo/glossary/secure-sockets-layer
SAVED https://ahrefs.com/seo/glossary/seed-keywords
SAVED https://ahrefs.com/seo/glossary/seo
SAVED https://ahrefs.com/seo/glossary/seo-audit
SAVED https://ahrefs.com/seo/glossary/seo-silo
SAVED https://ahrefs.com/seo/glossary/serp-features
SAVED https://ahrefs.com/seo/glossary/share-of-voice
SAVED https://ahrefs.com/seo/glossary/short-tail-keywords
SAVED https://ahrefs.com/seo/glossary/sitelinks
SAVED https://ahrefs.com/seo/glossary/sitemap
SAVED https://ahrefs.com/seo/glossary/sitewide-link
SAVED https://ahrefs.com/seo/glossary/spamdexing
SAVED https://ahrefs.com/seo/glossary/sponsored-link-attribute
SAVED https://ahrefs.com/seo/glossary/srcset
SAVED https://ahrefs.com/seo/glossary/structured-data
SAVED https://ahrefs.com/seo/glossary/subdomain
SAVED https://ahrefs.com/seo/glossary/taxonomy-seo
SAVED https://ahrefs.com/seo/glossary/technical-seo
SAVED https://ahrefs.com/seo/glossary/td-idf
SAVED https://ahrefs.com/seo/glossary/thin-content
SAVED https://ahrefs.com/seo/glossary/tiered-link-building
SAVED https://ahrefs.com/seo/glossary/title-tag
SAVED https://ahrefs.com/seo/glossary/top-level-domain
SAVED https://ahrefs.com/seo/glossary/topical-relevance
SAVED https://ahrefs.com/seo/glossary/transactional-query
SAVED https://ahrefs.com/seo/glossary/transport-layer-security
SAVED https://ahrefs.com/seo/glossary/trustrank
SAVED https://ahrefs.com/seo/glossary/ugc-link-attribute
SAVED https://ahrefs.com/seo/glossary/universal-search
SAVED https://ahrefs.com/seo/glossary/unnatural-links
SAVED https://ahrefs.com/seo/glossary/url-rating
SAVED https://ahrefs.com/seo/glossary/url-slug
SAVED https://ahrefs.com/seo/glossary/user-intent
SAVED https://ahrefs.com/seo/glossary/vertical-search
SAVED https://ahrefs.com/seo/glossary/voice-search
SAVED https://ahrefs.com/seo/glossary/website-authority
SAVED https://ahrefs.com/seo/glossary/website-hit
SAVED https://ahrefs.com/seo/glossary/website-structure
SAVED https://ahrefs.com/seo/glossary/webspam
SAVED https://ahrefs.com/seo/glossary/white-hat-seo
SAVED https://ahrefs.com/seo/glossary/x-robots-tag
SAVED https://ahrefs.com/seo/glossary/ymyl-pages
SAVED https://ahrefs.com/nl/writing-tools
SAVED https://ahrefs.com/writing-tools
SAVED https://ahrefs.com/es/writing-tools
SAVED https://ahrefs.com/fr/writing-tools
SAVED https://ahrefs.com/de/writing-tools
SAVED https://ahrefs.com/id/writing-tools
SAVED https://ahrefs.com/it/writing-tools
SAVED https://ahrefs.com/ja/writing-tools
SAVED https://ahrefs.com/ko/writing-tools
SAVED https://ahrefs.com/pl/writing-tools
SAVED https://ahrefs.com/pt/writing-tools
SAVED https://ahrefs.com/sv/writing-tools
SAVED https://ahrefs.com/tr/writing-tools
SAVED https://ahrefs.com/uk/writing-tools
SAVED https://ahrefs.com/zh/writing-tools
SAVED https://ahrefs.com/nl/writing-tools/paragraph-generator
SAVED https://ahrefs.com/writing-tools/paragraph-generator
SAVED https://ahrefs.com/es/writing-tools/paragraph-generator
SAVED https://ahrefs.com/fr/writing-tools/paragraph-generator
SAVED https://ahrefs.com/de/writing-tools/paragraph-generator
SAVED https://ahrefs.com/id/writing-tools/paragraph-generator
SAVED https://ahrefs.com/it/writing-tools/paragraph-generator
SAVED https://ahrefs.com/ja/writing-tools/paragraph-generator
SAVED https://ahrefs.com/ko/writing-tools/paragraph-generator
SAVED https://ahrefs.com/pl/writing-tools/paragraph-generator
SAVED https://ahrefs.com/pt/writing-tools/paragraph-generator
SAVED https://ahrefs.com/sv/writing-tools/paragraph-generator
SAVED https://ahrefs.com/tr/writing-tools/paragraph-generator
SAVED https://ahrefs.com/uk/writing-tools/paragraph-generator
SAVED https://ahrefs.com/zh/writing-tools/paragraph-generator
SAVED https://ahrefs.com/nl/writing-tools/paragraph-rewriter
SAVED https://ahrefs.com/writing-tools/paragraph-rewriter
SAVED https://ahrefs.com/es/writing-tools/paragraph-rewriter
SAVED https://ahrefs.com/fr/writing-tools/paragraph-rewriter
SAVED https://ahrefs.com/de/writing-tools/paragraph-rewriter
SAVED https://ahrefs.com/id/writing-tools/paragraph-rewriter
SAVED https://ahrefs.com/it/writing-tools/paragraph-rewriter
SAVED https://ahrefs.com/ja/writing-tools/paragraph-rewriter
SAVED https://ahrefs.com/ko/writing-tools/paragraph-rewriter
SAVED https://ahrefs.com/pl/writing-tools/paragraph-rewriter
SAVED https://ahrefs.com/pt/writing-tools/paragraph-rewriter
SAVED https://ahrefs.com/sv/writing-tools/paragraph-rewriter
SAVED https://ahrefs.com/tr/writing-tools/paragraph-rewriter
SAVED https://ahrefs.com/uk/writing-tools/paragraph-rewriter
SAVED https://ahrefs.com/zh/writing-tools/paragraph-rewriter
SAVED https://ahrefs.com/nl/writing-tools/paraphrasing-tool
SAVED https://ahrefs.com/writing-tools/paraphrasing-tool
SAVED https://ahrefs.com/es/writing-tools/paraphrasing-tool
SAVED https://ahrefs.com/fr/writing-tools/paraphrasing-tool
SAVED https://ahrefs.com/de/writing-tools/paraphrasing-tool
SAVED https://ahrefs.com/id/writing-tools/paraphrasing-tool
SAVED https://ahrefs.com/it/writing-tools/paraphrasing-tool
SAVED https://ahrefs.com/ja/writing-tools/paraphrasing-tool
SAVED https://ahrefs.com/ko/writing-tools/paraphrasing-tool
SAVED https://ahrefs.com/pl/writing-tools/paraphrasing-tool
SAVED https://ahrefs.com/pt/writing-tools/paraphrasing-tool
SAVED https://ahrefs.com/sv/writing-tools/paraphrasing-tool
SAVED https://ahrefs.com/tr/writing-tools/paraphrasing-tool
SAVED https://ahrefs.com/uk/writing-tools/paraphrasing-tool
SAVED https://ahrefs.com/zh/writing-tools/paraphrasing-tool
SAVED https://ahrefs.com/nl/writing-tools/sentence-rewriter
SAVED https://ahrefs.com/writing-tools/sentence-rewriter
SAVED https://ahrefs.com/es/writing-tools/sentence-rewriter
SAVED https://ahrefs.com/fr/writing-tools/sentence-rewriter
SAVED https://ahrefs.com/de/writing-tools/sentence-rewriter
SAVED https://ahrefs.com/id/writing-tools/sentence-rewriter
SAVED https://ahrefs.com/it/writing-tools/sentence-rewriter
SAVED https://ahrefs.com/ja/writing-tools/sentence-rewriter
SAVED https://ahrefs.com/ko/writing-tools/sentence-rewriter
SAVED https://ahrefs.com/pl/writing-tools/sentence-rewriter
SAVED https://ahrefs.com/pt/writing-tools/sentence-rewriter
SAVED https://ahrefs.com/sv/writing-tools/sentence-rewriter
SAVED https://ahrefs.com/tr/writing-tools/sentence-rewriter
SAVED https://ahrefs.com/uk/writing-tools/sentence-rewriter
SAVED https://ahrefs.com/zh/writing-tools/sentence-rewriter
SAVED https://ahrefs.com/nl/writing-tools/outline-generator
SAVED https://ahrefs.com/writing-tools/outline-generator
SAVED https://ahrefs.com/es/writing-tools/outline-generator
SAVED https://ahrefs.com/fr/writing-tools/outline-generator
SAVED https://ahrefs.com/de/writing-tools/outline-generator
SAVED https://ahrefs.com/id/writing-tools/outline-generator
SAVED https://ahrefs.com/it/writing-tools/outline-generator
SAVED https://ahrefs.com/ja/writing-tools/outline-generator
SAVED https://ahrefs.com/ko/writing-tools/outline-generator
SAVED https://ahrefs.com/pl/writing-tools/outline-generator
SAVED https://ahrefs.com/pt/writing-tools/outline-generator
SAVED https://ahrefs.com/sv/writing-tools/outline-generator
SAVED https://ahrefs.com/tr/writing-tools/outline-generator
SAVED https://ahrefs.com/uk/writing-tools/outline-generator
SAVED https://ahrefs.com/zh/writing-tools/outline-generator
SAVED https://ahrefs.com/nl/writing-tools/seo-title-generator
SAVED https://ahrefs.com/writing-tools/seo-title-generator
SAVED https://ahrefs.com/es/writing-tools/seo-title-generator
SAVED https://ahrefs.com/fr/writing-tools/seo-title-generator
SAVED https://ahrefs.com/de/writing-tools/seo-title-generator
SAVED https://ahrefs.com/id/writing-tools/seo-title-generator
SAVED https://ahrefs.com/it/writing-tools/seo-title-generator
SAVED https://ahrefs.com/ja/writing-tools/seo-title-generator
SAVED https://ahrefs.com/ko/writing-tools/seo-title-generator
SAVED https://ahrefs.com/pl/writing-tools/seo-title-generator
SAVED https://ahrefs.com/pt/writing-tools/seo-title-generator
SAVED https://ahrefs.com/sv/writing-tools/seo-title-generator
SAVED https://ahrefs.com/tr/writing-tools/seo-title-generator
SAVED https://ahrefs.com/uk/writing-tools/seo-title-generator
SAVED https://ahrefs.com/zh/writing-tools/seo-title-generator
SAVED https://ahrefs.com/nl/writing-tools/meta-description-generator
SAVED https://ahrefs.com/writing-tools/meta-description-generator
SAVED https://ahrefs.com/es/writing-tools/meta-description-generator
SAVED https://ahrefs.com/fr/writing-tools/meta-description-generator
SAVED https://ahrefs.com/de/writing-tools/meta-description-generator
SAVED https://ahrefs.com/id/writing-tools/meta-description-generator
SAVED https://ahrefs.com/it/writing-tools/meta-description-generator
SAVED https://ahrefs.com/ja/writing-tools/meta-description-generator
SAVED https://ahrefs.com/ko/writing-tools/meta-description-generator
SAVED https://ahrefs.com/pl/writing-tools/meta-description-generator
SAVED https://ahrefs.com/pt/writing-tools/meta-description-generator
SAVED https://ahrefs.com/sv/writing-tools/meta-description-generator
SAVED https://ahrefs.com/tr/writing-tools/meta-description-generator
SAVED https://ahrefs.com/uk/writing-tools/meta-description-generator
SAVED https://ahrefs.com/zh/writing-tools/meta-description-generator
SAVED https://ahrefs.com/nl/writing-tools/ai-content-detector
SAVED https://ahrefs.com/writing-tools/ai-content-detector
SAVED https://ahrefs.com/es/writing-tools/ai-content-detector
SAVED https://ahrefs.com/fr/writing-tools/ai-content-detector
SAVED https://ahrefs.com/de/writing-tools/ai-content-detector
SAVED https://ahrefs.com/id/writing-tools/ai-content-detector
SAVED https://ahrefs.com/it/writing-tools/ai-content-detector
SAVED https://ahrefs.com/ja/writing-tools/ai-content-detector
SAVED https://ahrefs.com/ko/writing-tools/ai-content-detector
SAVED https://ahrefs.com/pl/writing-tools/ai-content-detector
SAVED https://ahrefs.com/pt/writing-tools/ai-content-detector
SAVED https://ahrefs.com/sv/writing-tools/ai-content-detector
SAVED https://ahrefs.com/tr/writing-tools/ai-content-detector
SAVED https://ahrefs.com/uk/writing-tools/ai-content-detector
SAVED https://ahrefs.com/zh/writing-tools/ai-content-detector
SAVED https://ahrefs.com/nl/writing-tools/ai-humanizer
SAVED https://ahrefs.com/writing-tools/ai-humanizer
SAVED https://ahrefs.com/es/writing-tools/ai-humanizer
SAVED https://ahrefs.com/fr/writing-tools/ai-humanizer
SAVED https://ahrefs.com/de/writing-tools/ai-humanizer
SAVED https://ahrefs.com/id/writing-tools/ai-humanizer
SAVED https://ahrefs.com/it/writing-tools/ai-humanizer
SAVED https://ahrefs.com/ja/writing-tools/ai-humanizer
SAVED https://ahrefs.com/ko/writing-tools/ai-humanizer
SAVED https://ahrefs.com/pl/writing-tools/ai-humanizer
SAVED https://ahrefs.com/pt/writing-tools/ai-humanizer
SAVED https://ahrefs.com/sv/writing-tools/ai-humanizer
SAVED https://ahrefs.com/tr/writing-tools/ai-humanizer
SAVED https://ahrefs.com/uk/writing-tools/ai-humanizer
SAVED https://ahrefs.com/zh/writing-tools/ai-humanizer
SAVED https://ahrefs.com/nl/writing-tools/content-idea-generator
SAVED https://ahrefs.com/writing-tools/content-idea-generator
SAVED https://ahrefs.com/es/writing-tools/content-idea-generator
SAVED https://ahrefs.com/fr/writing-tools/content-idea-generator
SAVED https://ahrefs.com/de/writing-tools/content-idea-generator
SAVED https://ahrefs.com/id/writing-tools/content-idea-generator
SAVED https://ahrefs.com/it/writing-tools/content-idea-generator
SAVED https://ahrefs.com/ja/writing-tools/content-idea-generator
SAVED https://ahrefs.com/ko/writing-tools/content-idea-generator
SAVED https://ahrefs.com/pl/writing-tools/content-idea-generator
SAVED https://ahrefs.com/pt/writing-tools/content-idea-generator
SAVED https://ahrefs.com/sv/writing-tools/content-idea-generator
SAVED https://ahrefs.com/tr/writing-tools/content-idea-generator
SAVED https://ahrefs.com/uk/writing-tools/content-idea-generator
SAVED https://ahrefs.com/zh/writing-tools/content-idea-generator
SAVED https://ahrefs.com/nl/writing-tools/instagram-caption-generator
SAVED https://ahrefs.com/writing-tools/instagram-caption-generator
SAVED https://ahrefs.com/es/writing-tools/instagram-caption-generator
SAVED https://ahrefs.com/fr/writing-tools/instagram-caption-generator
SAVED https://ahrefs.com/de/writing-tools/instagram-caption-generator
SAVED https://ahrefs.com/id/writing-tools/instagram-caption-generator
SAVED https://ahrefs.com/it/writing-tools/instagram-caption-generator
SAVED https://ahrefs.com/ja/writing-tools/instagram-caption-generator
SAVED https://ahrefs.com/ko/writing-tools/instagram-caption-generator
SAVED https://ahrefs.com/pl/writing-tools/instagram-caption-generator
SAVED https://ahrefs.com/pt/writing-tools/instagram-caption-generator
SAVED https://ahrefs.com/sv/writing-tools/instagram-caption-generator
SAVED https://ahrefs.com/tr/writing-tools/instagram-caption-generator
SAVED https://ahrefs.com/uk/writing-tools/instagram-caption-generator
SAVED https://ahrefs.com/zh/writing-tools/instagram-caption-generator
SAVED https://ahrefs.com/nl/writing-tools/instagram-hashtag-generator
SAVED https://ahrefs.com/writing-tools/instagram-hashtag-generator
SAVED https://ahrefs.com/es/writing-tools/instagram-hashtag-generator
SAVED https://ahrefs.com/fr/writing-tools/instagram-hashtag-generator
SAVED https://ahrefs.com/de/writing-tools/instagram-hashtag-generator
SAVED https://ahrefs.com/id/writing-tools/instagram-hashtag-generator
SAVED https://ahrefs.com/it/writing-tools/instagram-hashtag-generator
SAVED https://ahrefs.com/ja/writing-tools/instagram-hashtag-generator
SAVED https://ahrefs.com/ko/writing-tools/instagram-hashtag-generator
SAVED https://ahrefs.com/pl/writing-tools/instagram-hashtag-generator
SAVED https://ahrefs.com/pt/writing-tools/instagram-hashtag-generator
SAVED https://ahrefs.com/sv/writing-tools/instagram-hashtag-generator
SAVED https://ahrefs.com/tr/writing-tools/instagram-hashtag-generator
SAVED https://ahrefs.com/uk/writing-tools/instagram-hashtag-generator
SAVED https://ahrefs.com/zh/writing-tools/instagram-hashtag-generator
SAVED https://ahrefs.com/nl/writing-tools/hook-generator
SAVED https://ahrefs.com/writing-tools/hook-generator
SAVED https://ahrefs.com/es/writing-tools/hook-generator
SAVED https://ahrefs.com/fr/writing-tools/hook-generator
SAVED https://ahrefs.com/de/writing-tools/hook-generator
SAVED https://ahrefs.com/id/writing-tools/hook-generator
SAVED https://ahrefs.com/it/writing-tools/hook-generator
SAVED https://ahrefs.com/ja/writing-tools/hook-generator
SAVED https://ahrefs.com/ko/writing-tools/hook-generator
SAVED https://ahrefs.com/pl/writing-tools/hook-generator
SAVED https://ahrefs.com/pt/writing-tools/hook-generator
SAVED https://ahrefs.com/sv/writing-tools/hook-generator
SAVED https://ahrefs.com/tr/writing-tools/hook-generator
SAVED https://ahrefs.com/uk/writing-tools/hook-generator
SAVED https://ahrefs.com/zh/writing-tools/hook-generator
SAVED https://ahrefs.com/nl/writing-tools/bio-generator
SAVED https://ahrefs.com/writing-tools/bio-generator
SAVED https://ahrefs.com/es/writing-tools/bio-generator
SAVED https://ahrefs.com/fr/writing-tools/bio-generator
SAVED https://ahrefs.com/de/writing-tools/bio-generator
SAVED https://ahrefs.com/id/writing-tools/bio-generator
SAVED https://ahrefs.com/it/writing-tools/bio-generator
SAVED https://ahrefs.com/ja/writing-tools/bio-generator
SAVED https://ahrefs.com/ko/writing-tools/bio-generator
SAVED https://ahrefs.com/pl/writing-tools/bio-generator
SAVED https://ahrefs.com/pt/writing-tools/bio-generator
SAVED https://ahrefs.com/sv/writing-tools/bio-generator
SAVED https://ahrefs.com/tr/writing-tools/bio-generator
SAVED https://ahrefs.com/uk/writing-tools/bio-generator
SAVED https://ahrefs.com/zh/writing-tools/bio-generator
SAVED https://ahrefs.com/nl/writing-tools/acronym-generator
SAVED https://ahrefs.com/writing-tools/acronym-generator
SAVED https://ahrefs.com/es/writing-tools/acronym-generator
SAVED https://ahrefs.com/fr/writing-tools/acronym-generator
SAVED https://ahrefs.com/de/writing-tools/acronym-generator
SAVED https://ahrefs.com/id/writing-tools/acronym-generator
SAVED https://ahrefs.com/it/writing-tools/acronym-generator
SAVED https://ahrefs.com/ja/writing-tools/acronym-generator
SAVED https://ahrefs.com/ko/writing-tools/acronym-generator
SAVED https://ahrefs.com/pl/writing-tools/acronym-generator
SAVED https://ahrefs.com/pt/writing-tools/acronym-generator
SAVED https://ahrefs.com/sv/writing-tools/acronym-generator
SAVED https://ahrefs.com/tr/writing-tools/acronym-generator
SAVED https://ahrefs.com/uk/writing-tools/acronym-generator
SAVED https://ahrefs.com/zh/writing-tools/acronym-generator
SAVED https://ahrefs.com/nl/writing-tools/blog-title-generator
SAVED https://ahrefs.com/writing-tools/blog-title-generator
SAVED https://ahrefs.com/es/writing-tools/blog-title-generator
SAVED https://ahrefs.com/fr/writing-tools/blog-title-generator
SAVED https://ahrefs.com/de/writing-tools/blog-title-generator
SAVED https://ahrefs.com/id/writing-tools/blog-title-generator
SAVED https://ahrefs.com/it/writing-tools/blog-title-generator
SAVED https://ahrefs.com/ja/writing-tools/blog-title-generator
SAVED https://ahrefs.com/ko/writing-tools/blog-title-generator
SAVED https://ahrefs.com/pl/writing-tools/blog-title-generator
SAVED https://ahrefs.com/pt/writing-tools/blog-title-generator
SAVED https://ahrefs.com/sv/writing-tools/blog-title-generator
SAVED https://ahrefs.com/tr/writing-tools/blog-title-generator
SAVED https://ahrefs.com/uk/writing-tools/blog-title-generator
SAVED https://ahrefs.com/zh/writing-tools/blog-title-generator
SAVED https://ahrefs.com/nl/writing-tools/blog-post-ideas
SAVED https://ahrefs.com/writing-tools/blog-post-ideas
SAVED https://ahrefs.com/es/writing-tools/blog-post-ideas
SAVED https://ahrefs.com/fr/writing-tools/blog-post-ideas
SAVED https://ahrefs.com/de/writing-tools/blog-post-ideas
SAVED https://ahrefs.com/id/writing-tools/blog-post-ideas
SAVED https://ahrefs.com/it/writing-tools/blog-post-ideas
SAVED https://ahrefs.com/ja/writing-tools/blog-post-ideas
SAVED https://ahrefs.com/ko/writing-tools/blog-post-ideas
SAVED https://ahrefs.com/pl/writing-tools/blog-post-ideas
SAVED https://ahrefs.com/pt/writing-tools/blog-post-ideas
SAVED https://ahrefs.com/sv/writing-tools/blog-post-ideas
SAVED https://ahrefs.com/tr/writing-tools/blog-post-ideas
SAVED https://ahrefs.com/uk/writing-tools/blog-post-ideas
SAVED https://ahrefs.com/zh/writing-tools/blog-post-ideas
SAVED https://ahrefs.com/nl/writing-tools/slogan-generator
SAVED https://ahrefs.com/writing-tools/slogan-generator
SAVED https://ahrefs.com/es/writing-tools/slogan-generator
SAVED https://ahrefs.com/fr/writing-tools/slogan-generator
SAVED https://ahrefs.com/de/writing-tools/slogan-generator
SAVED https://ahrefs.com/id/writing-tools/slogan-generator
SAVED https://ahrefs.com/it/writing-tools/slogan-generator
SAVED https://ahrefs.com/ja/writing-tools/slogan-generator
SAVED https://ahrefs.com/ko/writing-tools/slogan-generator
SAVED https://ahrefs.com/pl/writing-tools/slogan-generator
SAVED https://ahrefs.com/pt/writing-tools/slogan-generator
SAVED https://ahrefs.com/sv/writing-tools/slogan-generator
SAVED https://ahrefs.com/tr/writing-tools/slogan-generator
SAVED https://ahrefs.com/uk/writing-tools/slogan-generator
SAVED https://ahrefs.com/zh/writing-tools/slogan-generator
SAVED https://ahrefs.com/nl/writing-tools/product-description-generator
SAVED https://ahrefs.com/writing-tools/product-description-generator
SAVED https://ahrefs.com/es/writing-tools/product-description-generator
SAVED https://ahrefs.com/fr/writing-tools/product-description-generator
SAVED https://ahrefs.com/de/writing-tools/product-description-generator
SAVED https://ahrefs.com/id/writing-tools/product-description-generator
SAVED https://ahrefs.com/it/writing-tools/product-description-generator
SAVED https://ahrefs.com/ja/writing-tools/product-description-generator
SAVED https://ahrefs.com/ko/writing-tools/product-description-generator
SAVED https://ahrefs.com/pl/writing-tools/product-description-generator
SAVED https://ahrefs.com/pt/writing-tools/product-description-generator
SAVED https://ahrefs.com/sv/writing-tools/product-description-generator
SAVED https://ahrefs.com/tr/writing-tools/product-description-generator
SAVED https://ahrefs.com/uk/writing-tools/product-description-generator
SAVED https://ahrefs.com/zh/writing-tools/product-description-generator
SAVED https://ahrefs.com/nl/writing-tools/product-name-generator
SAVED https://ahrefs.com/writing-tools/product-name-generator
SAVED https://ahrefs.com/es/writing-tools/product-name-generator
SAVED https://ahrefs.com/fr/writing-tools/product-name-generator
SAVED https://ahrefs.com/de/writing-tools/product-name-generator
SAVED https://ahrefs.com/id/writing-tools/product-name-generator
SAVED https://ahrefs.com/it/writing-tools/product-name-generator
SAVED https://ahrefs.com/ja/writing-tools/product-name-generator
SAVED https://ahrefs.com/ko/writing-tools/product-name-generator
SAVED https://ahrefs.com/pl/writing-tools/product-name-generator
SAVED https://ahrefs.com/pt/writing-tools/product-name-generator
SAVED https://ahrefs.com/sv/writing-tools/product-name-generator
SAVED https://ahrefs.com/tr/writing-tools/product-name-generator
SAVED https://ahrefs.com/uk/writing-tools/product-name-generator
SAVED https://ahrefs.com/zh/writing-tools/product-name-generator
SAVED https://ahrefs.com/nl/writing-tools/google-ads-generator
SAVED https://ahrefs.com/writing-tools/google-ads-generator
SAVED https://ahrefs.com/es/writing-tools/google-ads-generator
SAVED https://ahrefs.com/fr/writing-tools/google-ads-generator
SAVED https://ahrefs.com/de/writing-tools/google-ads-generator
SAVED https://ahrefs.com/id/writing-tools/google-ads-generator
SAVED https://ahrefs.com/it/writing-tools/google-ads-generator
SAVED https://ahrefs.com/ja/writing-tools/google-ads-generator
SAVED https://ahrefs.com/ko/writing-tools/google-ads-generator
SAVED https://ahrefs.com/pl/writing-tools/google-ads-generator
SAVED https://ahrefs.com/pt/writing-tools/google-ads-generator
SAVED https://ahrefs.com/sv/writing-tools/google-ads-generator
SAVED https://ahrefs.com/tr/writing-tools/google-ads-generator
SAVED https://ahrefs.com/uk/writing-tools/google-ads-generator
SAVED https://ahrefs.com/zh/writing-tools/google-ads-generator
SAVED https://ahrefs.com/nl/writing-tools/resignation-letter-generator
SAVED https://ahrefs.com/writing-tools/resignation-letter-generator
SAVED https://ahrefs.com/es/writing-tools/resignation-letter-generator
SAVED https://ahrefs.com/fr/writing-tools/resignation-letter-generator
SAVED https://ahrefs.com/de/writing-tools/resignation-letter-generator
SAVED https://ahrefs.com/id/writing-tools/resignation-letter-generator
SAVED https://ahrefs.com/it/writing-tools/resignation-letter-generator
SAVED https://ahrefs.com/ja/writing-tools/resignation-letter-generator
SAVED https://ahrefs.com/ko/writing-tools/resignation-letter-generator
SAVED https://ahrefs.com/pl/writing-tools/resignation-letter-generator
SAVED https://ahrefs.com/pt/writing-tools/resignation-letter-generator
SAVED https://ahrefs.com/sv/writing-tools/resignation-letter-generator
SAVED https://ahrefs.com/tr/writing-tools/resignation-letter-generator
SAVED https://ahrefs.com/uk/writing-tools/resignation-letter-generator
SAVED https://ahrefs.com/zh/writing-tools/resignation-letter-generator
SAVED https://ahrefs.com/nl/writing-tools/img-alt-text-generator
SAVED https://ahrefs.com/writing-tools/img-alt-text-generator
SAVED https://ahrefs.com/es/writing-tools/img-alt-text-generator
SAVED https://ahrefs.com/fr/writing-tools/img-alt-text-generator
SAVED https://ahrefs.com/de/writing-tools/img-alt-text-generator
SAVED https://ahrefs.com/id/writing-tools/img-alt-text-generator
SAVED https://ahrefs.com/it/writing-tools/img-alt-text-generator
SAVED https://ahrefs.com/ja/writing-tools/img-alt-text-generator
SAVED https://ahrefs.com/ko/writing-tools/img-alt-text-generator
SAVED https://ahrefs.com/pl/writing-tools/img-alt-text-generator
SAVED https://ahrefs.com/pt/writing-tools/img-alt-text-generator
SAVED https://ahrefs.com/sv/writing-tools/img-alt-text-generator
SAVED https://ahrefs.com/tr/writing-tools/img-alt-text-generator
SAVED https://ahrefs.com/uk/writing-tools/img-alt-text-generator
SAVED https://ahrefs.com/zh/writing-tools/img-alt-text-generator
SAVED https://ahrefs.com/nl/writing-tools/rewording-tool
SAVED https://ahrefs.com/writing-tools/rewording-tool
SAVED https://ahrefs.com/es/writing-tools/rewording-tool
SAVED https://ahrefs.com/fr/writing-tools/rewording-tool
SAVED https://ahrefs.com/de/writing-tools/rewording-tool
SAVED https://ahrefs.com/id/writing-tools/rewording-tool
SAVED https://ahrefs.com/it/writing-tools/rewording-tool
SAVED https://ahrefs.com/ja/writing-tools/rewording-tool
SAVED https://ahrefs.com/ko/writing-tools/rewording-tool
SAVED https://ahrefs.com/pl/writing-tools/rewording-tool
SAVED https://ahrefs.com/pt/writing-tools/rewording-tool
SAVED https://ahrefs.com/sv/writing-tools/rewording-tool
SAVED https://ahrefs.com/tr/writing-tools/rewording-tool
SAVED https://ahrefs.com/uk/writing-tools/rewording-tool
SAVED https://ahrefs.com/zh/writing-tools/rewording-tool
SAVED https://ahrefs.com/nl/writing-tools/brand-name-generator
SAVED https://ahrefs.com/writing-tools/brand-name-generator
SAVED https://ahrefs.com/es/writing-tools/brand-name-generator
SAVED https://ahrefs.com/fr/writing-tools/brand-name-generator
SAVED https://ahrefs.com/de/writing-tools/brand-name-generator
SAVED https://ahrefs.com/id/writing-tools/brand-name-generator
SAVED https://ahrefs.com/it/writing-tools/brand-name-generator
SAVED https://ahrefs.com/ja/writing-tools/brand-name-generator
SAVED https://ahrefs.com/ko/writing-tools/brand-name-generator
SAVED https://ahrefs.com/pl/writing-tools/brand-name-generator
SAVED https://ahrefs.com/pt/writing-tools/brand-name-generator
SAVED https://ahrefs.com/sv/writing-tools/brand-name-generator
SAVED https://ahrefs.com/tr/writing-tools/brand-name-generator
SAVED https://ahrefs.com/uk/writing-tools/brand-name-generator
SAVED https://ahrefs.com/zh/writing-tools/brand-name-generator
SAVED https://ahrefs.com/nl/writing-tools/summarizer
SAVED https://ahrefs.com/writing-tools/summarizer
SAVED https://ahrefs.com/es/writing-tools/summarizer
SAVED https://ahrefs.com/fr/writing-tools/summarizer
SAVED https://ahrefs.com/de/writing-tools/summarizer
SAVED https://ahrefs.com/id/writing-tools/summarizer
SAVED https://ahrefs.com/it/writing-tools/summarizer
SAVED https://ahrefs.com/ja/writing-tools/summarizer
SAVED https://ahrefs.com/ko/writing-tools/summarizer
SAVED https://ahrefs.com/pl/writing-tools/summarizer
SAVED https://ahrefs.com/pt/writing-tools/summarizer
SAVED https://ahrefs.com/sv/writing-tools/summarizer
SAVED https://ahrefs.com/tr/writing-tools/summarizer
SAVED https://ahrefs.com/uk/writing-tools/summarizer
SAVED https://ahrefs.com/zh/writing-tools/summarizer
SAVED https://ahrefs.com/nl/writing-tools/conclusion-generator
SAVED https://ahrefs.com/writing-tools/conclusion-generator
SAVED https://ahrefs.com/es/writing-tools/conclusion-generator
SAVED https://ahrefs.com/fr/writing-tools/conclusion-generator
SAVED https://ahrefs.com/de/writing-tools/conclusion-generator
SAVED https://ahrefs.com/id/writing-tools/conclusion-generator
SAVED https://ahrefs.com/it/writing-tools/conclusion-generator
SAVED https://ahrefs.com/ja/writing-tools/conclusion-generator
SAVED https://ahrefs.com/ko/writing-tools/conclusion-generator
SAVED https://ahrefs.com/pl/writing-tools/conclusion-generator
SAVED https://ahrefs.com/pt/writing-tools/conclusion-generator
SAVED https://ahrefs.com/sv/writing-tools/conclusion-generator
SAVED https://ahrefs.com/tr/writing-tools/conclusion-generator
SAVED https://ahrefs.com/uk/writing-tools/conclusion-generator
SAVED https://ahrefs.com/zh/writing-tools/conclusion-generator
SAVED https://ahrefs.com/nl/writing-tools/emoji-translator
SAVED https://ahrefs.com/writing-tools/emoji-translator
SAVED https://ahrefs.com/es/writing-tools/emoji-translator
SAVED https://ahrefs.com/fr/writing-tools/emoji-translator
SAVED https://ahrefs.com/de/writing-tools/emoji-translator
SAVED https://ahrefs.com/id/writing-tools/emoji-translator
SAVED https://ahrefs.com/it/writing-tools/emoji-translator
SAVED https://ahrefs.com/ja/writing-tools/emoji-translator
SAVED https://ahrefs.com/ko/writing-tools/emoji-translator
SAVED https://ahrefs.com/pl/writing-tools/emoji-translator
SAVED https://ahrefs.com/pt/writing-tools/emoji-translator
SAVED https://ahrefs.com/sv/writing-tools/emoji-translator
SAVED https://ahrefs.com/tr/writing-tools/emoji-translator
SAVED https://ahrefs.com/uk/writing-tools/emoji-translator
SAVED https://ahrefs.com/zh/writing-tools/emoji-translator
SAVED https://ahrefs.com/nl/writing-tools/script-generator
SAVED https://ahrefs.com/writing-tools/script-generator
SAVED https://ahrefs.com/es/writing-tools/script-generator
SAVED https://ahrefs.com/fr/writing-tools/script-generator
SAVED https://ahrefs.com/de/writing-tools/script-generator
SAVED https://ahrefs.com/id/writing-tools/script-generator
SAVED https://ahrefs.com/it/writing-tools/script-generator
SAVED https://ahrefs.com/ja/writing-tools/script-generator
SAVED https://ahrefs.com/ko/writing-tools/script-generator
SAVED https://ahrefs.com/pl/writing-tools/script-generator
SAVED https://ahrefs.com/pt/writing-tools/script-generator
SAVED https://ahrefs.com/sv/writing-tools/script-generator
SAVED https://ahrefs.com/tr/writing-tools/script-generator
SAVED https://ahrefs.com/uk/writing-tools/script-generator
SAVED https://ahrefs.com/zh/writing-tools/script-generator
SAVED https://ahrefs.com/nl/writing-tools/hashtag-generator
SAVED https://ahrefs.com/writing-tools/hashtag-generator
SAVED https://ahrefs.com/es/writing-tools/hashtag-generator
SAVED https://ahrefs.com/fr/writing-tools/hashtag-generator
SAVED https://ahrefs.com/de/writing-tools/hashtag-generator
SAVED https://ahrefs.com/id/writing-tools/hashtag-generator
SAVED https://ahrefs.com/it/writing-tools/hashtag-generator
SAVED https://ahrefs.com/ja/writing-tools/hashtag-generator
SAVED https://ahrefs.com/ko/writing-tools/hashtag-generator
SAVED https://ahrefs.com/pl/writing-tools/hashtag-generator
SAVED https://ahrefs.com/pt/writing-tools/hashtag-generator
SAVED https://ahrefs.com/sv/writing-tools/hashtag-generator
SAVED https://ahrefs.com/tr/writing-tools/hashtag-generator
SAVED https://ahrefs.com/uk/writing-tools/hashtag-generator
SAVED https://ahrefs.com/zh/writing-tools/hashtag-generator
SAVED https://ahrefs.com/nl/writing-tools/tiktok-hashtag-generator
SAVED https://ahrefs.com/writing-tools/tiktok-hashtag-generator
SAVED https://ahrefs.com/es/writing-tools/tiktok-hashtag-generator
SAVED https://ahrefs.com/fr/writing-tools/tiktok-hashtag-generator
SAVED https://ahrefs.com/de/writing-tools/tiktok-hashtag-generator
SAVED https://ahrefs.com/id/writing-tools/tiktok-hashtag-generator
SAVED https://ahrefs.com/it/writing-tools/tiktok-hashtag-generator
SAVED https://ahrefs.com/ja/writing-tools/tiktok-hashtag-generator
SAVED https://ahrefs.com/ko/writing-tools/tiktok-hashtag-generator
SAVED https://ahrefs.com/pl/writing-tools/tiktok-hashtag-generator
SAVED https://ahrefs.com/pt/writing-tools/tiktok-hashtag-generator
SAVED https://ahrefs.com/sv/writing-tools/tiktok-hashtag-generator
SAVED https://ahrefs.com/tr/writing-tools/tiktok-hashtag-generator
SAVED https://ahrefs.com/uk/writing-tools/tiktok-hashtag-generator
SAVED https://ahrefs.com/zh/writing-tools/tiktok-hashtag-generator
SAVED https://ahrefs.com/nl/writing-tools/youtube-name-generator
SAVED https://ahrefs.com/writing-tools/youtube-name-generator
SAVED https://ahrefs.com/es/writing-tools/youtube-name-generator
SAVED https://ahrefs.com/fr/writing-tools/youtube-name-generator
SAVED https://ahrefs.com/de/writing-tools/youtube-name-generator
SAVED https://ahrefs.com/id/writing-tools/youtube-name-generator
SAVED https://ahrefs.com/it/writing-tools/youtube-name-generator
SAVED https://ahrefs.com/ja/writing-tools/youtube-name-generator
SAVED https://ahrefs.com/ko/writing-tools/youtube-name-generator
SAVED https://ahrefs.com/pl/writing-tools/youtube-name-generator
SAVED https://ahrefs.com/pt/writing-tools/youtube-name-generator
SAVED https://ahrefs.com/sv/writing-tools/youtube-name-generator
SAVED https://ahrefs.com/tr/writing-tools/youtube-name-generator
SAVED https://ahrefs.com/uk/writing-tools/youtube-name-generator
SAVED https://ahrefs.com/zh/writing-tools/youtube-name-generator
SAVED https://ahrefs.com/nl/writing-tools/youtube-channel-description-generator
SAVED https://ahrefs.com/writing-tools/youtube-channel-description-generator
SAVED https://ahrefs.com/es/writing-tools/youtube-channel-description-generator
SAVED https://ahrefs.com/fr/writing-tools/youtube-channel-description-generator
SAVED https://ahrefs.com/de/writing-tools/youtube-channel-description-generator
SAVED https://ahrefs.com/id/writing-tools/youtube-channel-description-generator
SAVED https://ahrefs.com/it/writing-tools/youtube-channel-description-generator
SAVED https://ahrefs.com/ja/writing-tools/youtube-channel-description-generator
SAVED https://ahrefs.com/ko/writing-tools/youtube-channel-description-generator
SAVED https://ahrefs.com/pl/writing-tools/youtube-channel-description-generator
SAVED https://ahrefs.com/pt/writing-tools/youtube-channel-description-generator
SAVED https://ahrefs.com/sv/writing-tools/youtube-channel-description-generator
SAVED https://ahrefs.com/tr/writing-tools/youtube-channel-description-generator
SAVED https://ahrefs.com/uk/writing-tools/youtube-channel-description-generator
