SAVED https://www.mayoclinic.org/
SAVED https://www.mayoclinic.org/patient-centered-care
SAVED https://www.mayoclinic.org/appointments
SAVED https://www.mayoclinic.org/appointments/find-a-doctor
SAVED https://www.mayoclinic.org/locations
SAVED https://www.mayoclinic.org/patient-visitor-guide
SAVED https://www.mayoclinic.org/billing-insurance
SAVED https://www.mayoclinic.org/departments-centers
SAVED https://www.mayoclinic.org/departments-centers/international
SAVED https://www.mayoclinic.org/diseases-conditions
SAVED https://www.mayoclinic.org/symptoms
SAVED https://www.mayoclinic.org/tests-procedures
SAVED https://www.mayoclinic.org/drugs-supplements
SAVED https://www.mayoclinic.org/healthy-lifestyle
SAVED https://www.mayoclinic.org/medical-professionals
SAVED https://www.mayoclinic.org/medical-professionals/provider-relations/refer-patient
SAVED https://www.mayoclinic.org/medical-professionals/publications
SAVED https://www.mayoclinic.org/giving-to-mayo-clinic
SAVED https://www.mayoclinic.org/possible
SAVED https://www.mayoclinic.org/diseases-conditions/index?letter=A
SAVED https://www.mayoclinic.org/diseases-conditions/index?letter=B
SAVED https://www.mayoclinic.org/diseases-conditions/index?letter=C
SAVED https://www.mayoclinic.org/diseases-conditions/index?letter=D
SAVED https://www.mayoclinic.org/diseases-conditions/index?letter=E
SAVED https://www.mayoclinic.org/diseases-conditions/index?letter=F
SAVED https://www.mayoclinic.org/diseases-conditions/index?letter=G
SAVED https://www.mayoclinic.org/diseases-conditions/index?letter=H
SAVED https://www.mayoclinic.org/diseases-conditions/index?letter=I
SAVED https://www.mayoclinic.org/diseases-conditions/index?letter=J
SAVED https://www.mayoclinic.org/diseases-conditions/index?letter=K
SAVED https://www.mayoclinic.org/diseases-conditions/index?letter=L
SAVED https://www.mayoclinic.org/diseases-conditions/index?letter=M
SAVED https://www.mayoclinic.org/diseases-conditions/index?letter=N
SAVED https://www.mayoclinic.org/diseases-conditions/index?letter=O
SAVED https://www.mayoclinic.org/diseases-conditions/index?letter=P
SAVED https://www.mayoclinic.org/diseases-conditions/index?letter=R
SAVED https://www.mayoclinic.org/diseases-conditions/index?letter=S
SAVED https://www.mayoclinic.org/diseases-conditions/index?letter=T
SAVED https://www.mayoclinic.org/diseases-conditions/index?letter=U
SAVED https://www.mayoclinic.org/diseases-conditions/index?letter=V
SAVED https://www.mayoclinic.org/diseases-conditions/index?letter=W
SAVED https://www.mayoclinic.org/diseases-conditions/index?letter=X
SAVED https://www.mayoclinic.org/diseases-conditions/index?letter=Y
SAVED https://www.mayoclinic.org/diseases-conditions/index?letter=Z
SAVED https://www.mayoclinic.org/diseases-conditions/index?letter=%23
SAVED https://www.mayoclinic.org/patient-visitor-guide/arizona
SAVED https://www.mayoclinic.org/patient-visitor-guide/florida
SAVED https://www.mayoclinic.org/patient-visitor-guide/minnesota
SAVED https://www.mayoclinic.org/tests-procedures/bone-marrow-transplant/care-at-mayo-clinic/pcc-20384858
SAVED https://www.mayoclinic.org/diseases-conditions/brain-aneurysm/care-at-mayo-clinic/mac-20361689
SAVED https://www.mayoclinic.org/diseases-conditions/brain-tumor/care-at-mayo-clinic/mac-20350092
SAVED https://www.mayoclinic.org/diseases-conditions/breast-cancer/care-at-mayo-clinic/mac-20352479
SAVED https://www.mayoclinic.org/diseases-conditions/colon-cancer/care-at-mayo-clinic/mac-20353678
SAVED https://www.mayoclinic.org/diseases-conditions/adult-congenital-heart-disease/care-at-mayo-clinic/mac-20355464
SAVED https://www.mayoclinic.org/diseases-conditions/glioma/care-at-mayo-clinic/mac-20350259
SAVED https://www.mayoclinic.org/diseases-conditions/heart-arrhythmia/care-at-mayo-clinic/mac-20350678
SAVED https://www.mayoclinic.org/diseases-conditions/heart-valve-disease/care-at-mayo-clinic/mac-20353736
SAVED https://www.mayoclinic.org/tests-procedures/living-donor-transplant/care-at-mayo-clinic/pcc-20384790
SAVED https://www.mayoclinic.org/tests-procedures/lung-transplant/care-at-mayo-clinic/pcc-20384757
SAVED https://www.mayoclinic.org/diseases-conditions/sarcoma/care-at-mayo-clinic/mac-20351051
SAVED https://www.mayoclinic.org/diseases-conditions/testicular-cancer-care/care-at-mayo-clinic/mac-20352994
SAVED https://www.mayoclinic.org/billing-insurance/price-estimates/chargemaster
SAVED https://www.mayoclinic.org/departments-centers/mayo-clinic-executive-health-program/sections/overview/ovc-20253196
SAVED https://www.mayoclinic.org/departments-centers/international/appointments
SAVED https://www.mayoclinic.org/departments-centers/international/financial-services
SAVED https://www.mayoclinic.org/departments-centers/international/locations
SAVED https://www.mayoclinic.org/billing-insurance/financial-assistance
SAVED https://www.mayoclinic.org/billing-insurance/financial-assistance/arizona-documents
SAVED https://www.mayoclinic.org/billing-insurance/financial-assistance/florida-documents
SAVED https://www.mayoclinic.org/billing-insurance/financial-assistance/minnesota-documents
SAVED https://www.mayoclinic.org/site-help/site-map
SAVED https://www.mayoclinic.org/#
SAVED https://www.mayoclinic.org/es
SAVED https://www.mayoclinic.org/ar
SAVED https://www.mayoclinic.org/zh-hans
