SAVED https://sobrief.com/
SAVED https://sobrief.com/lists
SAVED https://sobrief.com/trending
SAVED https://sobrief.com/new
SAVED https://sobrief.com/library
SAVED https://sobrief.com/app
SAVED https://sobrief.com/affiliate
SAVED https://sobrief.com/swipe
SAVED https://sobrief.com/books/twisted-love
SAVED https://sobrief.com/books/the-shining
SAVED https://sobrief.com/books/harry-potter-and-the-sorcerer-s-stone
SAVED https://sobrief.com/books/the-fault-in-our-stars
SAVED https://sobrief.com/books/twilight
SAVED https://sobrief.com/books/the-lion-the-witch-and-the-wardrobe
SAVED https://sobrief.com/books/1984
SAVED https://sobrief.com/books/fifty-shades-of-grey
SAVED https://sobrief.com/books/the-seven-husbands-of-evelyn-hugo
SAVED https://sobrief.com/books/it-ends-with-us
SAVED https://sobrief.com/books/the-great-gatsby
SAVED https://sobrief.com/books/fourth-wing
SAVED https://sobrief.com/books/pride-and-prejudice
SAVED https://sobrief.com/books/the-little-prince
SAVED https://sobrief.com/books/a-court-of-thorns-and-roses
SAVED https://sobrief.com/books/the-book-thief
SAVED https://sobrief.com/books/dune
SAVED https://sobrief.com/books/the-lean-startup
SAVED https://sobrief.com/books/the-7-habits-of-highly-effective-people
SAVED https://sobrief.com/books/the-power-of-habit
SAVED https://sobrief.com/books/the-art-of-war-landmark-edition
SAVED https://sobrief.com/books/zero-to-one-2
SAVED https://sobrief.com/books/rich-dad-poor-dad
SAVED https://sobrief.com/books/the-48-laws-of-power-2
SAVED https://sobrief.com/books/thinking-fast-and-slow-2
SAVED https://sobrief.com/books/sapiens
SAVED https://sobrief.com/books/the-subtle-art-of-not-giving-a-fuck
SAVED https://sobrief.com/books/atomic-habits
SAVED https://sobrief.com/books/the-psychology-of-money
SAVED https://sobrief.com/books/freakonomics-rev-ed
SAVED https://sobrief.com/books/elon-musk-3
SAVED https://sobrief.com/books/steve-jobs
SAVED https://sobrief.com/lists/immersive-audio-books
SAVED https://sobrief.com/books/the-hobbit
SAVED https://sobrief.com/books/harry-potter-and-the-chamber-of-secrets
SAVED https://sobrief.com/books/animal-farm
SAVED https://sobrief.com/books/catching-fire
SAVED https://sobrief.com/books/the-catcher-in-the-rye
SAVED https://sobrief.com/lists/top-100-non-fiction-books-of-all-time
SAVED https://sobrief.com/books/the-tipping-point
SAVED https://sobrief.com/books/outliers
SAVED https://sobrief.com/books/blink-2
SAVED https://sobrief.com/books/thinking-fast-and-slow
SAVED https://sobrief.com/books/who-moved-my-cheese
SAVED https://sobrief.com/books/the-five-love-languages
SAVED https://sobrief.com/lists/top-100-fiction-books-of-all-time
SAVED https://sobrief.com/lists/best-productivity-books
SAVED https://sobrief.com/books/the-life-changing-magic-of-tidying-up
SAVED https://sobrief.com/books/the-4-hour-workweek
SAVED https://sobrief.com/books/deep-work
SAVED https://sobrief.com/books/rework
SAVED https://sobrief.com/books/getting-things-done
SAVED https://sobrief.com/books/the-new-one-minute-manager
SAVED https://sobrief.com/books/essentialism-the-disciplined-pursuit-of-less
SAVED https://sobrief.com/books/four-thousand-weeks
SAVED https://sobrief.com/books/the-5-am-club
SAVED https://sobrief.com/lists/best-technology-books
SAVED https://sobrief.com/books/elon-musk-2
SAVED https://sobrief.com/books/digital-minimalism
SAVED https://sobrief.com/books/the-everything-store
SAVED https://sobrief.com/books/the-innovators-dilemma
SAVED https://sobrief.com/books/the-phoenix-project
SAVED https://sobrief.com/books/hooked
SAVED https://sobrief.com/books/life-3-0
SAVED https://sobrief.com/books/clean-code
SAVED https://sobrief.com/books/superintelligence
SAVED https://sobrief.com/books/masters-of-doom
SAVED https://sobrief.com/lists/best-mental-health-books
SAVED https://sobrief.com/books/maybe-you-should-talk-to-someone
SAVED https://sobrief.com/books/the-body-keeps-the-score
SAVED https://sobrief.com/books/the-gifts-of-imperfection
SAVED https://sobrief.com/books/the-psychopath-test
SAVED https://sobrief.com/books/the-courage-to-be-disliked
SAVED https://sobrief.com/books/attached
SAVED https://sobrief.com/books/the-mountain-is-you
SAVED https://sobrief.com/books/an-unquiet-mind
SAVED https://sobrief.com/books/i-want-to-die-but-i-want-to-eat-tteokbokki
SAVED https://sobrief.com/books/unfu-k-yourself
SAVED https://sobrief.com/books/the-reason-i-jump
SAVED https://sobrief.com/books/the-book-you-wish-your-parents-had-read-and-your-children-will-be-glad-that-you-did
SAVED https://sobrief.com/lists/best-reference-books
SAVED https://sobrief.com/books/on-writing
SAVED https://sobrief.com/books/strengths-finder-2-0
SAVED https://sobrief.com/books/how-to-read-a-book
SAVED https://sobrief.com/books/the-art-of-simple-food
SAVED https://sobrief.com/books/allen-carrs-easy-way-to-stop-smoking
SAVED https://sobrief.com/books/how-to-raise-the-perfect-dog
SAVED https://sobrief.com/books/the-well-trained-mind
SAVED https://sobrief.com/books/the-art-of-manliness
SAVED https://sobrief.com/books/python-crash-course-2nd-edition
SAVED https://sobrief.com/books/duct-tape-marketing-revised-and-updated
SAVED https://sobrief.com/books/how-to-write-a-damn-good-novel
SAVED https://sobrief.com/books/the-para-method
SAVED https://sobrief.com/lists/best-buisness-books
SAVED https://sobrief.com/books/good-to-great
SAVED https://sobrief.com/books/the-hard-thing-about-hard-things
SAVED https://sobrief.com/books/the-e-myth-revisited
SAVED https://sobrief.com/books/blue-ocean-strategy
SAVED https://sobrief.com/books/productivity-for-minimalists
SAVED https://sobrief.com/books/the-100-startup
SAVED https://sobrief.com/books/purple-cow
SAVED https://sobrief.com/books/the-first-90-days-updated-and-expanded
SAVED https://sobrief.com/books/high-output-management
SAVED https://sobrief.com/books/good-strategy-bad-strategy
SAVED https://sobrief.com/lists/best-inspirational-books
SAVED https://sobrief.com/books/the-four-agreements
SAVED https://sobrief.com/books/you-are-a-badass
SAVED https://sobrief.com/books/a-new-earth
SAVED https://sobrief.com/books/the-monk-who-sold-his-ferrari-2
SAVED https://sobrief.com/books/the-greatest-salesman-in-the-world
SAVED https://sobrief.com/books/the-pilgrimage-plus
SAVED https://sobrief.com/books/a-return-to-love
SAVED https://sobrief.com/books/10-secrets-for-success-and-inner-peace
SAVED https://sobrief.com/books/think-big
SAVED https://sobrief.com/books/just-one-thing
SAVED https://sobrief.com/books/the-single-woman
SAVED https://sobrief.com/books/outlive-your-life
SAVED https://sobrief.com/lists/best-relationships-books
SAVED https://sobrief.com/books/men-are-from-mars-women-are-from-venus
SAVED https://sobrief.com/books/art-of-loving
SAVED https://sobrief.com/books/boundaries-updated-and-expanded-edition
SAVED https://sobrief.com/books/love-and-respect-for-a-lifetime
SAVED https://sobrief.com/books/the-mastery-of-love
SAVED https://sobrief.com/books/act-like-a-lady-think-like-a-man-expanded-edition
SAVED https://sobrief.com/books/mating-in-captivity
SAVED https://sobrief.com/books/living-nonviolent-communication
SAVED https://sobrief.com/books/nonviolent-communication
SAVED https://sobrief.com/books/how-to-talk-to-anyone
SAVED https://sobrief.com/lists/best-design-books
SAVED https://sobrief.com/books/steal-like-an-artist
SAVED https://sobrief.com/books/creativity-inc
SAVED https://sobrief.com/books/made-to-stick
SAVED https://sobrief.com/books/the-design-of-everyday-things
SAVED https://sobrief.com/books/the-artists-way-every-day
SAVED https://sobrief.com/books/running-lean
SAVED https://sobrief.com/books/lean-analytics
SAVED https://sobrief.com/books/storytelling-with-data-a-data-visualization-guide-for-business-professionals
SAVED https://sobrief.com/books/sample-confessions-of-an-advertising-man
SAVED https://sobrief.com/books/empowered
SAVED https://sobrief.com/lists/best-food-books
SAVED https://sobrief.com/books/kitchen-confidential
SAVED https://sobrief.com/books/the-omnivores-dilemma
SAVED https://sobrief.com/books/fast-like-a-girl
SAVED https://sobrief.com/books/the-mind-gut-connection
SAVED https://sobrief.com/books/superlife
SAVED https://sobrief.com/books/the-bulletproof-diet-lose-up-to-a-pound-a-day-reclaim-energy-and-focus-upgrade-your-life
SAVED https://sobrief.com/books/only-in-naples
SAVED https://sobrief.com/books/eat-drink-and-be-healthy
SAVED https://sobrief.com/books/the-south-beach-diet-supercharged
SAVED https://sobrief.com/books/dr-neal-barnards-program-for-reversing-diabetes
SAVED https://sobrief.com/books/appetite-for-america
SAVED https://sobrief.com/books/a-walk-in-the-woods
SAVED https://sobrief.com/books/the-lost-continent
SAVED https://sobrief.com/books/hide-and-seek-3
SAVED https://sobrief.com/books/in-a-sunburned-country
SAVED https://sobrief.com/books/emilia-galotti
SAVED https://sobrief.com/books/the-startup-owners-manual-strategy-guide
SAVED https://sobrief.com/books/wild-dark-shore
SAVED https://sobrief.com/books/the-escape
SAVED https://sobrief.com/books/onyx-storm-part-1-of-2-dramatized-adaptation
SAVED https://sobrief.com/books/giving-is-the-good-life
SAVED https://sobrief.com/books/sutton-asylum
SAVED https://sobrief.com/books/agincourt
SAVED https://sobrief.com/pricing
SAVED https://sobrief.com/refund-policy
SAVED https://sobrief.com/dmca
