SAVED https://examine.com/experts/thomas-mb-reichhart/
SAVED https://examine.com/experts/natalka-roshak/
SAVED https://examine.com/experts/dmitri-barvinok/
SAVED https://examine.com/experts/kamal-patel/
SAVED https://examine.com/experts/louie-neri/
SAVED https://examine.com/experts/morgan-pfiffner/
SAVED https://examine.com/experts/wyatt-brown/
SAVED https://examine.com/experts/bill-willis/
SAVED https://examine.com/experts/gregory-lopez/
SAVED https://examine.com/experts/henry-wideman/
SAVED https://examine.com/experts/adel-moussa/
SAVED https://examine.com/experts/mike-murray/
SAVED https://examine.com/experts/lucas-roldos/
SAVED https://examine.com/experts/molly-gregas/
SAVED https://examine.com/experts/meredith-yetter/
SAVED https://examine.com/experts/rachel-hathcock/
SAVED https://examine.com/experts/antonis-damianou/
SAVED https://examine.com/experts/nick-milazzo/
SAVED https://examine.com/experts/marina-shkayeva/
SAVED https://examine.com/experts/graham-walker/
SAVED https://examine.com/experts/rob-stenstrom/
SAVED https://examine.com/experts/james-gaylor/
SAVED https://examine.com/experts/jake-hathcock/
SAVED https://examine.com/experts/daryl-nault/
SAVED https://examine.com/experts/thomas-solomon/
SAVED https://examine.com/experts/peter-woznik/
SAVED https://examine.com/experts/shayne-mckee/
SAVED https://examine.com/experts/jennifer-hoffner/
SAVED https://examine.com/experts/tyler-long/
SAVED https://examine.com/experts/katie-jantz/
SAVED https://examine.com/experts/giulia-guerrini/
SAVED https://examine.com/experts/igor-deoli/
SAVED https://examine.com/experts/brandon-brylawski/
SAVED https://examine.com/experts/megan-michaux/
SAVED https://examine.com/experts/conni-covington/
SAVED https://examine.com/experts/bryan-saunders/
SAVED https://examine.com/experts/nicole-bagnarol/
SAVED https://examine.com/categories/autoimmune-disease/
SAVED https://examine.com/research-feed/study/98zbb1/
SAVED https://examine.com/research-feed/study/9QW3W1/
SAVED https://examine.com/research-feed/study/dnBoXd/
SAVED https://examine.com/research-feed/study/12reG1/
SAVED https://examine.com/research-feed/study/94geY0/
SAVED https://examine.com/research-feed/study/1vG7R0/
SAVED https://examine.com/research-feed/study/1rrwX1/
SAVED https://examine.com/research-feed/study/dZZnZd/
SAVED https://examine.com/research-feed/study/1rrWX1/
SAVED https://examine.com/research-feed/study/15N2Y0/
SAVED https://examine.com/research-feed/study/dV4GP0/
SAVED https://examine.com/research-feed/study/98zx71/
SAVED https://examine.com/research-feed/study/17Kny1/
SAVED https://examine.com/research-feed/study/0mEaq0/
SAVED https://examine.com/research-feed/study/dV43O0/
SAVED https://examine.com/research-feed/study/9oKJX9/
SAVED https://examine.com/research-feed/study/1rrjx1/
SAVED https://examine.com/research-feed/study/9K4V7d/
SAVED https://examine.com/research-feed/study/1wyb59/
SAVED https://examine.com/research-feed/study/0ObDk1/
SAVED https://examine.com/research-feed/study/9kNjj0/
SAVED https://examine.com/research-feed/study/17KJp1/
SAVED https://examine.com/research-feed/study/0AKK2d/
SAVED https://examine.com/research-feed/study/dEvvx1/
SAVED https://examine.com/research-feed/study/9yNZKd/
SAVED https://examine.com/research-feed/study/1lBGR9/
SAVED https://examine.com/research-feed/study/1woJk1/
SAVED https://examine.com/research-feed/study/dNplb0/
SAVED https://examine.com/research-feed/study/1wo5q1/
SAVED https://examine.com/research-feed/study/0qo7od/
SAVED https://examine.com/research-feed/study/dpnKx0/
SAVED https://examine.com/research-feed/study/dZN5zd/
SAVED https://examine.com/research-feed/study/9koGQ9/
SAVED https://examine.com/research-feed/study/dEXrP9/
SAVED https://examine.com/research-feed/study/dVgx41/
SAVED https://examine.com/research-feed/study/98kEE0/
SAVED https://examine.com/research-feed/study/9683y1/
SAVED https://examine.com/research-feed/study/9koD39/
SAVED https://examine.com/research-feed/study/9yZ57d/
SAVED https://examine.com/research-feed/study/0O4Jr9/
SAVED https://examine.com/research-feed/study/9RGnGd/
SAVED https://examine.com/research-feed/study/1woL31/
SAVED https://examine.com/research-feed/study/17kPP1/
SAVED https://examine.com/research-feed/study/1rN451/
SAVED https://examine.com/research-feed/study/dBEWe9/
SAVED https://examine.com/research-feed/study/9z3p7d/
SAVED https://examine.com/research-feed/study/dEXlZ9/
SAVED https://examine.com/research-feed/study/98kWG0/
SAVED https://examine.com/research-feed/study/0qoZWd/
SAVED https://examine.com/research-feed/study/1aNpm0/
SAVED https://examine.com/research-feed/study/9z3JPd/
SAVED https://examine.com/research-feed/study/0O4EW9/
SAVED https://examine.com/research-feed/study/1jkY70/
SAVED https://examine.com/research-feed/study/dBE439/
SAVED https://examine.com/research-feed/study/98kKD0/
SAVED https://examine.com/research-feed/study/d3o5jd/
SAVED https://examine.com/research-feed/study/1rNZx1/
SAVED https://examine.com/research-feed/study/9yZGEd/
SAVED https://examine.com/research-feed/study/0qoKgd/
SAVED https://examine.com/research-feed/study/0myoY0/
SAVED https://examine.com/research-feed/study/1JVEQ1/
SAVED https://examine.com/research-feed/study/dG4mY1/
SAVED https://examine.com/research-feed/study/db27bd/
SAVED https://examine.com/research-feed/study/dEX2q9/
SAVED https://examine.com/research-feed/study/d3oQ5d/
SAVED https://examine.com/research-feed/study/1aNVx0/
SAVED https://examine.com/research-feed/study/0XDA40/
SAVED https://examine.com/research-feed/study/dZNzOd/
SAVED https://examine.com/research-feed/study/17k761/
SAVED https://examine.com/research-feed/study/9glnNd/
SAVED https://examine.com/research-feed/study/dZNMDd/
SAVED https://examine.com/research-feed/study/1PQpY0/
SAVED https://examine.com/research-feed/study/dx7vL9/
SAVED https://examine.com/research-feed/study/968kO1/
SAVED https://examine.com/research-feed/study/0O4pZ9/
SAVED https://examine.com/research-feed/study/9QgoW1/
SAVED https://examine.com/research-feed/study/9WL23d/
SAVED https://examine.com/research-feed/study/dEX7y9/
SAVED https://examine.com/research-feed/study/9LbPK1/
SAVED https://examine.com/research-feed/study/15WzM9/
SAVED https://examine.com/research-feed/study/dNp4z0/
SAVED https://examine.com/research-feed/study/1vEqpd/
SAVED https://examine.com/research-feed/study/dpnPy0/
SAVED https://examine.com/research-feed/study/12wRP0/
SAVED https://examine.com/research-feed/study/9z3wPd/
SAVED https://examine.com/research-feed/study/0O4Zo9/
SAVED https://examine.com/research-feed/study/9RG4Ld/
SAVED https://examine.com/research-feed/study/9yZNOd/
SAVED https://examine.com/research-feed/study/1PQVp0/
SAVED https://examine.com/research-feed/study/1jkk70/
SAVED https://examine.com/research-feed/study/Y9yDE0/
SAVED https://examine.com/research-feed/study/K94849/
SAVED https://examine.com/research-feed/study/rdZqa9/
SAVED https://examine.com/research-feed/study/51vVQ1/
SAVED https://examine.com/research-feed/study/j0qGgd/
SAVED https://examine.com/research-feed/study/Odnw41/
SAVED https://examine.com/research-feed/study/r1lyR0/
SAVED https://examine.com/research-feed/study/Odnkg1/
SAVED https://examine.com/research-feed/study/W9KXzd/
SAVED https://examine.com/research-feed/study/X1j7l0/
SAVED https://examine.com/research-feed/study/m124K9/
SAVED https://examine.com/research-feed/study/K94mxd/
SAVED https://examine.com/research-feed/study/y1wQq9/
SAVED https://examine.com/research-feed/study/N1Ygo9/
SAVED https://examine.com/research-feed/study/r1MaB1/
SAVED https://examine.com/research-feed/study/j9La5d/
SAVED https://examine.com/research-feed/study/w9kxQd/
SAVED https://examine.com/research-feed/study/W9Kz60/
SAVED https://examine.com/research-feed/study/zdGRK9/
SAVED https://examine.com/research-feed/study/N1YXed/
SAVED https://examine.com/research-feed/study/v9Q751/
SAVED https://examine.com/research-feed/study/j9LnP1/
SAVED https://examine.com/research-feed/study/zdGoKd/
SAVED https://examine.com/research-feed/study/r1lpq1/
SAVED https://examine.com/research-feed/study/w9kVb0/
SAVED https://examine.com/research-feed/study/g98mbd/
SAVED https://examine.com/research-feed/study/N1rgB0/
SAVED https://examine.com/research-feed/study/r1MvD0/
SAVED https://examine.com/research-feed/study/j9LxK9/
SAVED https://examine.com/research-feed/study/O9z77d/
SAVED https://examine.com/research-feed/study/e1J5Ed/
SAVED https://examine.com/research-feed/study/N1rZB1/
SAVED https://examine.com/research-feed/study/md3rz9/
SAVED https://examine.com/research-feed/study/Y9y480/
SAVED https://examine.com/research-feed/study/o0m4q1/
SAVED https://examine.com/research-feed/study/r1MjA0/
SAVED https://examine.com/research-feed/study/51P7pd/
SAVED https://examine.com/research-feed/study/y1wM49/
SAVED https://examine.com/research-feed/study/pdNxM0/
SAVED https://examine.com/research-feed/study/OdnPD0/
SAVED https://examine.com/research-feed/study/j9Lz61/
SAVED https://examine.com/research-feed/study/g98lV9/
SAVED https://examine.com/research-feed/study/y1wkK1/
SAVED https://examine.com/research-feed/study/O9zQo0/
SAVED https://examine.com/research-feed/study/W0Oykd/
SAVED https://examine.com/research-feed/study/Odnv4d/
SAVED https://examine.com/research-feed/study/zdGN49/
SAVED https://examine.com/research-feed/study/zdGWYd/
SAVED https://examine.com/research-feed/study/zdG2Y9/
SAVED https://examine.com/research-feed/study/m15JR0/
SAVED https://examine.com/research-feed/study/O9zmZ0/
SAVED https://examine.com/research-feed/study/7dx6N0/
SAVED https://examine.com/research-feed/study/w9kQm1/
SAVED https://examine.com/research-feed/study/zdGgmd/
SAVED https://examine.com/research-feed/study/51v7l0/
SAVED https://examine.com/research-feed/study/W9KZE0/
SAVED https://examine.com/research-feed/study/40XaG9/
SAVED https://examine.com/research-feed/study/Q9D859/
SAVED https://examine.com/research-feed/study/WdVG41/
SAVED https://examine.com/research-feed/study/zdGEK0/
SAVED https://examine.com/research-feed/study/Y9ymX9/
SAVED https://examine.com/research-feed/study/v9QG51/
SAVED https://examine.com/research-feed/study/O9zxQ1/
SAVED https://examine.com/research-feed/study/qdBbad/
SAVED https://examine.com/research-feed/study/y9WD2d/
SAVED https://examine.com/research-feed/study/pdNvld/
SAVED https://examine.com/research-feed/study/l1a2k0/
SAVED https://examine.com/research-feed/study/z0Ax51/
SAVED https://examine.com/research-feed/study/0mE2R0/
SAVED https://examine.com/research-feed/study/9QWLp1/
SAVED https://examine.com/research-feed/study/0Ob6r1/
SAVED https://examine.com/research-feed/study/1rrzp1/
SAVED https://examine.com/research-feed/study/9WeQz1/
SAVED https://examine.com/research-feed/study/0qPaR1/
SAVED https://examine.com/research-feed/study/1JXow9/
SAVED https://examine.com/research-feed/study/1YxR2d/
SAVED https://examine.com/research-feed/study/9z2zo9/
SAVED https://examine.com/research-feed/study/9D6lQ1/
SAVED https://examine.com/research-feed/study/dEvj21/
SAVED https://examine.com/research-feed/study/dbnywd/
SAVED https://examine.com/research-feed/study/9We5v1/
SAVED https://examine.com/research-feed/study/0X4MO0/
SAVED https://examine.com/research-feed/study/0elRz1/
SAVED https://examine.com/research-feed/study/dNXaz0/
SAVED https://examine.com/research-feed/study/1j8n59/
SAVED https://examine.com/research-feed/study/9gOJD9/
SAVED https://examine.com/research-feed/study/9R4w71/
SAVED https://examine.com/research-feed/study/17K6j1/
SAVED https://examine.com/research-feed/study/dNXWO0/
SAVED https://examine.com/research-feed/study/1j8Kv9/
SAVED https://examine.com/research-feed/study/9gOAR9/
SAVED https://examine.com/research-feed/study/96RGO9/
SAVED https://examine.com/research-feed/study/dZeez9/
SAVED https://examine.com/research-feed/study/9WPP6d/
SAVED https://examine.com/research-feed/study/dnr2jd/
SAVED https://examine.com/research-feed/study/126nD1/
SAVED https://examine.com/research-feed/study/1jlBY9/
SAVED https://examine.com/research-feed/study/9DvOv1/
SAVED https://examine.com/research-feed/study/9RYx70/
SAVED https://examine.com/research-feed/study/dNkKO1/
SAVED https://examine.com/research-feed/study/0mboR9/
SAVED https://examine.com/research-feed/study/dBwZa1/
SAVED https://examine.com/research-feed/study/1vXOZ9/
SAVED https://examine.com/research-feed/study/1jlYg9/
SAVED https://examine.com/research-feed/study/94x4v9/
SAVED https://examine.com/research-feed/study/dBwO21/
SAVED https://examine.com/research-feed/study/9WPjGd/
SAVED https://examine.com/research-feed/study/17JVyd/
SAVED https://examine.com/research-feed/study/1rEYgd/
SAVED https://examine.com/research-feed/study/9goab9/
SAVED https://examine.com/research-feed/study/1Yexl1/
SAVED https://examine.com/research-feed/study/9kjKb0/
SAVED https://examine.com/research-feed/study/9QXGA0/
SAVED https://examine.com/research-feed/study/0Xxp40/
SAVED https://examine.com/research-feed/study/9ybq4d/
SAVED https://examine.com/research-feed/study/94Geb0/
SAVED https://examine.com/research-feed/study/dEQzxd/
SAVED https://examine.com/research-feed/study/15Gb39/
SAVED https://examine.com/research-feed/study/0AxEm1/
SAVED https://examine.com/research-feed/study/1jjgQ1/
SAVED https://examine.com/research-feed/study/0Axwy1/
SAVED https://examine.com/research-feed/study/1r2O51/
SAVED https://examine.com/research-feed/study/9QXV50/
SAVED https://examine.com/research-feed/study/dNe569/
SAVED https://examine.com/research-feed/study/dGzBm9/
SAVED https://examine.com/research-feed/study/17vB6d/
SAVED https://examine.com/research-feed/study/dbMNb9/
SAVED https://examine.com/research-feed/study/9oBk20/
SAVED https://examine.com/research-feed/study/172kyd/
SAVED https://examine.com/research-feed/study/1wvywd/
SAVED https://examine.com/research-feed/study/0XYYO9/
SAVED https://examine.com/research-feed/study/0XYJO9/
SAVED https://examine.com/research-feed/study/1a2WY0/
SAVED https://examine.com/research-feed/study/9KVgw0/
SAVED https://examine.com/categories/brain-health/
SAVED https://examine.com/research-feed/study/dEvNy1/
SAVED https://examine.com/research-feed/study/dperv1/
SAVED https://examine.com/research-feed/study/1PVrW9/
SAVED https://examine.com/research-feed/study/dB2zAd/
SAVED https://examine.com/research-feed/study/dEvzZ1/
SAVED https://examine.com/research-feed/study/0AKq7d/
SAVED https://examine.com/research-feed/study/1JXpE9/
SAVED https://examine.com/research-feed/study/9yNzJd/
SAVED https://examine.com/research-feed/study/0AKp7d/
SAVED https://examine.com/research-feed/study/0qPLG1/
SAVED https://examine.com/research-feed/study/dbnz5d/
SAVED https://examine.com/research-feed/study/1MWJ89/
SAVED https://examine.com/research-feed/study/1j8NQ9/
SAVED https://examine.com/research-feed/study/9yNy8d/
SAVED https://examine.com/research-feed/study/dpeqr1/
SAVED https://examine.com/research-feed/study/9D62v1/
SAVED https://examine.com/research-feed/study/9z2L39/
SAVED https://examine.com/research-feed/study/9R4yL1/
SAVED https://examine.com/research-feed/study/9yNmOd/
SAVED https://examine.com/research-feed/study/dGVE59/
SAVED https://examine.com/research-feed/study/1wyx49/
SAVED https://examine.com/research-feed/study/1lBXV9/
SAVED https://examine.com/research-feed/study/15NnG0/
SAVED https://examine.com/research-feed/study/1j8Q79/
SAVED https://examine.com/research-feed/study/9z2RX9/
SAVED https://examine.com/research-feed/study/9R4RZ1/
SAVED https://examine.com/research-feed/study/1j8bY9/
SAVED https://examine.com/research-feed/study/9LWX60/
SAVED https://examine.com/research-feed/study/9QWQM1/
SAVED https://examine.com/research-feed/study/9oKx39/
SAVED https://examine.com/research-feed/study/0elg71/
SAVED https://examine.com/research-feed/study/9K42Qd/
SAVED https://examine.com/research-feed/study/1MWX29/
SAVED https://examine.com/research-feed/study/dGVVY9/
SAVED https://examine.com/research-feed/study/dxXXxd/
SAVED https://examine.com/research-feed/study/dV4gy0/
SAVED https://examine.com/research-feed/study/1rrAV1/
SAVED https://examine.com/research-feed/study/0AKPXd/
SAVED https://examine.com/research-feed/study/9oKkG9/
SAVED https://examine.com/research-feed/study/1rrAG1/
SAVED https://examine.com/research-feed/study/1JVjl1/
SAVED https://examine.com/research-feed/study/9687X1/
SAVED https://examine.com/research-feed/study/db2ard/
SAVED https://examine.com/research-feed/study/98kQ80/
SAVED https://examine.com/research-feed/study/dG4nK1/
SAVED https://examine.com/research-feed/study/9z3bQd/
SAVED https://examine.com/research-feed/study/0A7J3d/
SAVED https://examine.com/research-feed/study/1woAA1/
SAVED https://examine.com/research-feed/study/dVgX81/
SAVED https://examine.com/research-feed/study/9yZo7d/
SAVED https://examine.com/research-feed/study/9QgBp1/
SAVED https://examine.com/research-feed/study/0A745d/
SAVED https://examine.com/research-feed/study/0O4VZ9/
SAVED https://examine.com/research-feed/study/0A7apd/
SAVED https://examine.com/research-feed/study/0XDl20/
SAVED https://examine.com/research-feed/study/dVgDb1/
SAVED https://examine.com/research-feed/study/dEXjZ9/
SAVED https://examine.com/research-feed/study/1MoyD9/
SAVED https://examine.com/research-feed/study/9yZ78d/
SAVED https://examine.com/research-feed/study/1Mob89/
SAVED https://examine.com/research-feed/study/968L81/
SAVED https://examine.com/research-feed/study/9yZx8d/
SAVED https://examine.com/research-feed/study/9LbkE1/
SAVED https://examine.com/research-feed/study/9yZL8d/
SAVED https://examine.com/research-feed/study/98kMD0/
SAVED https://examine.com/research-feed/study/9oPG2d/
SAVED https://examine.com/research-feed/study/12wMb0/
SAVED https://examine.com/research-feed/study/db2gwd/
SAVED https://examine.com/research-feed/study/0O4Ao9/
SAVED https://examine.com/research-feed/study/1PQqp0/
SAVED https://examine.com/research-feed/study/94K470/
SAVED https://examine.com/research-feed/study/0O4Kl9/
SAVED https://examine.com/research-feed/study/dnYmD9/
SAVED https://examine.com/research-feed/study/9z3yXd/
SAVED https://examine.com/research-feed/study/9QgNO1/
SAVED https://examine.com/research-feed/study/1vE4Qd/
SAVED https://examine.com/research-feed/study/dEXmx9/
SAVED https://examine.com/research-feed/study/9DKmg0/
SAVED https://examine.com/research-feed/study/1aNDD0/
SAVED https://examine.com/research-feed/study/1vE5ld/
SAVED https://examine.com/research-feed/study/15WPw9/
SAVED https://examine.com/research-feed/study/dG4Zm1/
SAVED https://examine.com/research-feed/study/9QgPR1/
SAVED https://examine.com/research-feed/study/94Klx0/
SAVED https://examine.com/research-feed/study/dnYaj9/
SAVED https://examine.com/research-feed/study/0O4yQ9/
SAVED https://examine.com/research-feed/study/1MoKB9/
SAVED https://examine.com/research-feed/study/9DKz50/
SAVED https://examine.com/research-feed/study/17kZ81/
SAVED https://examine.com/research-feed/study/9glrLd/
SAVED https://examine.com/research-feed/study/1aN3j0/
SAVED https://examine.com/research-feed/study/1MoPl9/
SAVED https://examine.com/research-feed/study/17kOg1/
SAVED https://examine.com/research-feed/study/1jkaN0/
SAVED https://examine.com/research-feed/study/9Lb7P1/
SAVED https://examine.com/research-feed/study/dBEjk9/
SAVED https://examine.com/research-feed/study/0XDpa0/
SAVED https://examine.com/research-feed/study/9DKeD0/
SAVED https://examine.com/research-feed/study/9oP6md/
SAVED https://examine.com/research-feed/study/0O4or9/
SAVED https://examine.com/research-feed/study/9Qgwp1/
SAVED https://examine.com/research-feed/study/dnYlZ9/
SAVED https://examine.com/research-feed/study/98kAb0/
SAVED https://examine.com/research-feed/study/15WV49/
SAVED https://examine.com/research-feed/study/0qoqqd/
SAVED https://examine.com/research-feed/study/1PQLW0/
SAVED https://examine.com/research-feed/study/9KGEw9/
SAVED https://examine.com/research-feed/study/1lGgEd/
SAVED https://examine.com/research-feed/study/9DKDq0/
SAVED https://examine.com/research-feed/study/0eaBz0/
SAVED https://examine.com/research-feed/study/1YW6n9/
SAVED https://examine.com/research-feed/study/9KGD29/
SAVED https://examine.com/research-feed/study/1aN2m0/
SAVED https://examine.com/research-feed/study/1jkjQ0/
SAVED https://examine.com/research-feed/study/0eagq0/
SAVED https://examine.com/research-feed/study/db2Xwd/
SAVED https://examine.com/research-feed/study/dEXG29/
SAVED https://examine.com/research-feed/study/db2Rnd/
SAVED https://examine.com/research-feed/study/W0Oll9/
SAVED https://examine.com/research-feed/study/X1jpY9/
SAVED https://examine.com/research-feed/study/g98rn1/
SAVED https://examine.com/research-feed/study/89gYZ1/
SAVED https://examine.com/research-feed/study/j9LDp9/
SAVED https://examine.com/research-feed/study/m12xW9/
SAVED https://examine.com/research-feed/study/O9zZo9/
SAVED https://examine.com/research-feed/study/y9Wgn9/
SAVED https://examine.com/research-feed/study/m125Dd/
SAVED https://examine.com/research-feed/study/e1JYgd/
SAVED https://examine.com/research-feed/study/rdZyq9/
SAVED https://examine.com/research-feed/study/l1a6D0/
SAVED https://examine.com/research-feed/study/W0OQxd/
SAVED https://examine.com/research-feed/study/o0mz29/
SAVED https://examine.com/research-feed/study/e9RPp1/
SAVED https://examine.com/research-feed/study/89gj20/
SAVED https://examine.com/research-feed/study/rdZVqd/
SAVED https://examine.com/research-feed/study/md335d/
SAVED https://examine.com/research-feed/study/51PoLd/
SAVED https://examine.com/research-feed/study/g98op0/
SAVED https://examine.com/research-feed/study/j0qgxd/
SAVED https://examine.com/research-feed/study/X1jRw1/
SAVED https://examine.com/research-feed/study/N1YKE9/
SAVED https://examine.com/research-feed/study/l1a5O1/
SAVED https://examine.com/research-feed/study/v9QYA9/
SAVED https://examine.com/research-feed/study/7dxWZ9/
SAVED https://examine.com/research-feed/study/zdGwJd/
SAVED https://examine.com/research-feed/study/51vZX1/
SAVED https://examine.com/research-feed/study/40XGG1/
SAVED https://examine.com/research-feed/study/md3qo0/
SAVED https://examine.com/research-feed/study/g9opmd/
SAVED https://examine.com/research-feed/study/51vp39/
SAVED https://examine.com/research-feed/study/qdBnkd/
SAVED https://examine.com/research-feed/study/w9kkz9/
SAVED https://examine.com/research-feed/study/l1apkd/
SAVED https://examine.com/research-feed/study/Y9yxV0/
SAVED https://examine.com/research-feed/study/m12MNd/
SAVED https://examine.com/research-feed/study/r1M2Y0/
SAVED https://examine.com/research-feed/study/m12mGd/
SAVED https://examine.com/research-feed/study/o0mOed/
SAVED https://examine.com/research-feed/study/r1MwD9/
SAVED https://examine.com/research-feed/study/m155M1/
SAVED https://examine.com/research-feed/study/m12pG9/
SAVED https://examine.com/research-feed/study/e9Rr79/
SAVED https://examine.com/research-feed/study/rdZLM0/
SAVED https://examine.com/research-feed/study/g985Gd/
SAVED https://examine.com/research-feed/study/K94kQ0/
SAVED https://examine.com/research-feed/study/z0Awyd/
SAVED https://examine.com/research-feed/study/89gwA9/
SAVED https://examine.com/research-feed/study/O17ey9/
SAVED https://examine.com/research-feed/study/e1Jmjd/
SAVED https://examine.com/research-feed/study/r1MmA1/
SAVED https://examine.com/research-feed/study/W0Oxl9/
SAVED https://examine.com/research-feed/study/j9L56d/
SAVED https://examine.com/research-feed/study/rdZ8b0/
SAVED https://examine.com/research-feed/study/r1MnL0/
SAVED https://examine.com/research-feed/study/Q9DEQd/
SAVED https://examine.com/research-feed/study/Y9yVEd/
SAVED https://examine.com/research-feed/study/rdZzbd/
SAVED https://examine.com/research-feed/study/N1YzL0/
SAVED https://examine.com/research-feed/study/89gnZ0/
SAVED https://examine.com/research-feed/study/j0qkgd/
SAVED https://examine.com/research-feed/study/j9LjJ1/
SAVED https://examine.com/research-feed/study/pdNyX9/
SAVED https://examine.com/research-feed/study/W9KPzd/
SAVED https://examine.com/research-feed/study/g98RW1/
SAVED https://examine.com/research-feed/study/N1YnE0/
SAVED https://examine.com/research-feed/study/pdEnq1/
SAVED https://examine.com/research-feed/study/j0qLx1/
SAVED https://examine.com/research-feed/study/Q9Dgr0/
SAVED https://examine.com/research-feed/study/z0AoVd/
SAVED https://examine.com/research-feed/study/l1aJO0/
SAVED https://examine.com/research-feed/study/W0OLQ9/
SAVED https://examine.com/research-feed/study/r1lXr1/
SAVED https://examine.com/research-feed/study/rdZ2Dd/
SAVED https://examine.com/research-feed/study/e96Ay0/
SAVED https://examine.com/research-feed/study/pdEbP1/
SAVED https://examine.com/research-feed/study/md3Zo9/
SAVED https://examine.com/research-feed/study/W9KD6d/
SAVED https://examine.com/research-feed/study/z0Al51/
SAVED https://examine.com/research-feed/study/j0qQY0/
SAVED https://examine.com/research-feed/study/v9QRpd/
SAVED https://examine.com/research-feed/study/m15yn1/
SAVED https://examine.com/research-feed/study/1vGr30/
SAVED https://examine.com/research-feed/study/dGV849/
SAVED https://examine.com/research-feed/study/9LWkp0/
SAVED https://examine.com/research-feed/study/0mEYY0/
SAVED https://examine.com/research-feed/study/0ObEk1/
SAVED https://examine.com/research-feed/study/1aRoL0/
SAVED https://examine.com/research-feed/study/1PVYR9/
SAVED https://examine.com/research-feed/study/dbnALd/
SAVED https://examine.com/research-feed/study/dpeLD1/
SAVED https://examine.com/research-feed/study/dB2Xxd/
SAVED https://examine.com/research-feed/study/1vGvQ0/
SAVED https://examine.com/research-feed/study/dpepG1/
SAVED https://examine.com/research-feed/study/9gOpz9/
SAVED https://examine.com/research-feed/study/0qP4y1/
SAVED https://examine.com/research-feed/study/1rrox1/
SAVED https://examine.com/research-feed/study/dV4Kz0/
SAVED https://examine.com/research-feed/study/0Obgo1/
SAVED https://examine.com/research-feed/study/1PVRp9/
SAVED https://examine.com/research-feed/study/0AKamd/
SAVED https://examine.com/research-feed/study/9K4ald/
SAVED https://examine.com/research-feed/study/dGVa59/
SAVED https://examine.com/research-feed/study/98za71/
SAVED https://examine.com/research-feed/study/9WeNR1/
SAVED https://examine.com/research-feed/study/1JXGZ9/
SAVED https://examine.com/research-feed/study/9gONb9/
SAVED https://examine.com/research-feed/study/9R4BA1/
SAVED https://examine.com/research-feed/study/0AKByd/
SAVED https://examine.com/research-feed/study/1wyQw9/
SAVED https://examine.com/research-feed/study/1vGoR0/
SAVED https://examine.com/research-feed/study/9oKDk9/
SAVED https://examine.com/research-feed/study/0AKg7d/
SAVED https://examine.com/research-feed/study/1wyOy9/
SAVED https://examine.com/research-feed/study/98zEG1/
SAVED https://examine.com/research-feed/study/9K4X2d/
SAVED https://examine.com/research-feed/study/1rrX51/
SAVED https://examine.com/research-feed/study/9kNJb0/
SAVED https://examine.com/research-feed/study/dV4wb0/
SAVED https://examine.com/research-feed/study/dEvxy1/
SAVED https://examine.com/research-feed/study/1YxGld/
SAVED https://examine.com/research-feed/study/dnBkXd/
SAVED https://examine.com/research-feed/study/9yN67d/
SAVED https://examine.com/research-feed/study/0qP7Y1/
SAVED https://examine.com/research-feed/study/1MWze9/
SAVED https://examine.com/research-feed/study/9kK339/
SAVED https://examine.com/research-feed/study/15xwOd/
SAVED https://examine.com/research-feed/study/9kKo39/
SAVED https://examine.com/research-feed/study/dpbnX0/
SAVED https://examine.com/research-feed/study/0OZbQ1/
SAVED https://examine.com/research-feed/study/98G3p0/
SAVED https://examine.com/research-feed/study/9oaBy1/
SAVED https://examine.com/research-feed/study/9kKlm9/
SAVED https://examine.com/research-feed/study/17J26d/
SAVED https://examine.com/research-feed/study/dBw6g1/
SAVED https://examine.com/research-feed/study/1vXPl9/
SAVED https://examine.com/research-feed/study/0Avlj9/
SAVED https://examine.com/research-feed/study/9KvDA0/
SAVED https://examine.com/research-feed/study/1JnRQ1/
SAVED https://examine.com/research-feed/study/dNk6R1/
SAVED https://examine.com/research-feed/study/1jlWq9/
SAVED https://examine.com/research-feed/study/0XEa59/
SAVED https://examine.com/research-feed/study/0OZpk1/
SAVED https://examine.com/research-feed/study/1PMDR0/
SAVED https://examine.com/research-feed/study/1wYrK9/
SAVED https://examine.com/research-feed/study/dZeob9/
SAVED https://examine.com/research-feed/study/9QEnM9/
SAVED https://examine.com/research-feed/study/1jla79/
SAVED https://examine.com/research-feed/study/96EPq0/
SAVED https://examine.com/research-feed/study/98Gb70/
SAVED https://examine.com/research-feed/study/96E680/
SAVED https://examine.com/research-feed/study/1alkmd/
SAVED https://examine.com/research-feed/study/1MXnDd/
SAVED https://examine.com/research-feed/study/9QEx29/
SAVED https://examine.com/research-feed/study/1wYMy9/
SAVED https://examine.com/research-feed/study/9WP63d/
SAVED https://examine.com/research-feed/study/dnrQXd/
SAVED https://examine.com/research-feed/study/15xO4d/
SAVED https://examine.com/research-feed/study/dVWbb1/
SAVED https://examine.com/research-feed/study/0OZWr1/
SAVED https://examine.com/research-feed/study/1wYV29/
SAVED https://examine.com/research-feed/study/1rEGpd/
SAVED https://examine.com/research-feed/study/9kKRz9/
SAVED https://examine.com/research-feed/study/dZeKV9/
SAVED https://examine.com/research-feed/study/0XEma9/
SAVED https://examine.com/research-feed/study/9oamm1/
SAVED https://examine.com/research-feed/study/1PMGY0/
SAVED https://examine.com/research-feed/study/1Y4qod/
SAVED https://examine.com/research-feed/study/17J48d/
SAVED https://examine.com/research-feed/study/9WP36d/
SAVED https://examine.com/research-feed/study/9zjWz9/
SAVED https://examine.com/research-feed/study/9KvrE0/
SAVED https://examine.com/research-feed/study/9kKVQ9/
SAVED https://examine.com/research-feed/study/dEPAW9/
SAVED https://examine.com/research-feed/study/9oaZy1/
SAVED https://examine.com/research-feed/study/9Dvor1/
SAVED https://examine.com/research-feed/study/1Y4OEd/
SAVED https://examine.com/research-feed/study/1wYpk9/
SAVED https://examine.com/research-feed/study/126oD1/
SAVED https://examine.com/research-feed/study/1llzk1/
SAVED https://examine.com/research-feed/study/9yWoE1/
SAVED https://examine.com/research-feed/study/dxqOy1/
SAVED https://examine.com/research-feed/study/17JaWd/
SAVED https://examine.com/research-feed/study/1llLL1/
SAVED https://examine.com/research-feed/study/d3R3X9/
SAVED https://examine.com/research-feed/study/0qelz0/
SAVED https://examine.com/research-feed/study/1jl779/
SAVED https://examine.com/research-feed/study/d3RlX9/
SAVED https://examine.com/research-feed/study/1lloQ1/
SAVED https://examine.com/research-feed/study/0mbNk9/
SAVED https://examine.com/research-feed/study/9WPwZd/
SAVED https://examine.com/research-feed/study/1al7Yd/
SAVED https://examine.com/research-feed/study/983zb0/
SAVED https://examine.com/research-feed/study/1ljBo9/
SAVED https://examine.com/research-feed/study/9ybA7d/
SAVED https://examine.com/research-feed/study/9oxMnd/
SAVED https://examine.com/research-feed/study/9g2BL0/
SAVED https://examine.com/research-feed/study/1J6gw1/
SAVED https://examine.com/research-feed/study/dxbBL0/
SAVED https://examine.com/research-feed/study/15GoO9/
SAVED https://examine.com/research-feed/study/1vbaZ1/
SAVED https://examine.com/research-feed/study/9ybqKd/
SAVED https://examine.com/research-feed/study/dnxog0/
SAVED https://examine.com/research-feed/study/9kjE70/
SAVED https://examine.com/research-feed/study/12gbW0/
SAVED https://examine.com/research-feed/study/9K23Q0/
SAVED https://examine.com/research-feed/study/1agPB9/
SAVED https://examine.com/research-feed/study/983N70/
SAVED https://examine.com/research-feed/study/0mj4k9/
SAVED https://examine.com/research-feed/study/dGzvL9/
SAVED https://examine.com/research-feed/study/1lj7Q9/
SAVED https://examine.com/research-feed/study/1vb3p1/
SAVED https://examine.com/research-feed/study/1wbVwd/
SAVED https://examine.com/research-feed/study/9K2YB0/
SAVED https://examine.com/research-feed/study/dnxmO0/
SAVED https://examine.com/research-feed/study/0Xx6O0/
SAVED https://examine.com/research-feed/study/1Ye5l1/
SAVED https://examine.com/research-feed/study/9RQ5J0/
SAVED https://examine.com/research-feed/study/1ljOo9/
SAVED https://examine.com/research-feed/study/9QX6p0/
SAVED https://examine.com/research-feed/study/d3kEod/
SAVED https://examine.com/research-feed/study/1vbpZ1/
SAVED https://examine.com/research-feed/study/dGzoK9/
SAVED https://examine.com/research-feed/study/1wbGAd/
SAVED https://examine.com/research-feed/study/9ox5xd/
SAVED https://examine.com/research-feed/study/0AxBj1/
SAVED https://examine.com/research-feed/study/dVRA5d/
SAVED https://examine.com/research-feed/study/1YeKE1/
SAVED https://examine.com/research-feed/study/0XxM40/
SAVED https://examine.com/research-feed/study/1M4R4d/
SAVED https://examine.com/research-feed/study/15GER9/
SAVED https://examine.com/research-feed/study/0AxgX1/
SAVED https://examine.com/research-feed/study/dVRPJd/
SAVED https://examine.com/research-feed/study/dGz6p9/
SAVED https://examine.com/research-feed/study/0AVPb9/
SAVED https://examine.com/research-feed/study/1rjAx1/
SAVED https://examine.com/research-feed/study/dVVBzd/
SAVED https://examine.com/research-feed/study/dxo7A9/
SAVED https://examine.com/research-feed/study/1lVBV9/
SAVED https://examine.com/research-feed/study/0eqnq0/
SAVED https://examine.com/research-feed/study/1JK6Z0/
SAVED https://examine.com/research-feed/study/1PWJGd/
SAVED https://examine.com/research-feed/study/9KVV20/
SAVED https://examine.com/research-feed/study/15yyM1/
SAVED https://examine.com/research-feed/study/1vqqRd/
SAVED https://examine.com/research-feed/study/dBPyA0/
SAVED https://examine.com/research-feed/study/dn2bXd/
SAVED https://examine.com/research-feed/study/0XYB29/
SAVED https://examine.com/categories/cancer/
SAVED https://examine.com/research-feed/study/96R6O9/
SAVED https://examine.com/research-feed/study/9yNv7d/
SAVED https://examine.com/research-feed/study/dbn3od/
SAVED https://examine.com/research-feed/study/9Wex31/
SAVED https://examine.com/research-feed/study/9z2Yv9/
SAVED https://examine.com/research-feed/study/17KgP1/
SAVED https://examine.com/research-feed/study/1YxMld/
SAVED https://examine.com/research-feed/study/9R4271/
SAVED https://examine.com/research-feed/study/9WenZ1/
SAVED https://examine.com/research-feed/study/0AKZ7d/
SAVED https://examine.com/research-feed/study/9kNgG0/
SAVED https://examine.com/research-feed/study/12rKP1/
SAVED https://examine.com/research-feed/study/0OboW1/
SAVED https://examine.com/research-feed/study/9oKWl9/
SAVED https://examine.com/research-feed/study/9D68b1/
SAVED https://examine.com/research-feed/study/0mEqq0/
SAVED https://examine.com/research-feed/study/9gObA9/
SAVED https://examine.com/research-feed/study/9K4Eld/
SAVED https://examine.com/research-feed/study/1vGB50/
SAVED https://examine.com/research-feed/study/1aRxr0/
SAVED https://examine.com/research-feed/study/9kNYw0/
SAVED https://examine.com/research-feed/study/9WeJl1/
SAVED https://examine.com/research-feed/study/dGVQp9/
SAVED https://examine.com/research-feed/study/98zPV1/
SAVED https://examine.com/research-feed/study/98z3n1/
SAVED https://examine.com/research-feed/study/15NG30/
SAVED https://examine.com/research-feed/study/1JX6Q9/
SAVED https://examine.com/research-feed/study/9gO2Z9/
SAVED https://examine.com/research-feed/study/1j8jq9/
SAVED https://examine.com/research-feed/study/96Rxv9/
SAVED https://examine.com/research-feed/study/dxXqMd/
SAVED https://examine.com/research-feed/study/9K4vQd/
SAVED https://examine.com/research-feed/study/9WeeE1/
SAVED https://examine.com/research-feed/study/dGV4Y9/
SAVED https://examine.com/research-feed/study/17Kkz1/
SAVED https://examine.com/research-feed/study/dZZgqd/
SAVED https://examine.com/research-feed/study/96Rr59/
SAVED https://examine.com/research-feed/study/1PV8L9/
SAVED https://examine.com/research-feed/study/0Obw71/
SAVED https://examine.com/research-feed/study/9LbJG1/
SAVED https://examine.com/research-feed/study/1rN6G1/
SAVED https://examine.com/research-feed/study/0XDK40/
SAVED https://examine.com/research-feed/study/dVgPM1/
SAVED https://examine.com/research-feed/study/98kr80/
SAVED https://examine.com/research-feed/study/9oPgxd/
SAVED https://examine.com/research-feed/study/0eaQo0/
SAVED https://examine.com/research-feed/study/1woEq1/
SAVED https://examine.com/research-feed/study/dx7NZ9/
SAVED https://examine.com/research-feed/study/9koG39/
SAVED https://examine.com/research-feed/study/0XDvb0/
SAVED https://examine.com/research-feed/study/9DKJx0/
SAVED https://examine.com/research-feed/study/98kZE0/
SAVED https://examine.com/research-feed/study/9oP4nd/
SAVED https://examine.com/research-feed/study/dEXDP9/
SAVED https://examine.com/research-feed/study/dBEVk9/
SAVED https://examine.com/research-feed/study/0myWR0/
SAVED https://examine.com/research-feed/study/1PQBZ0/
SAVED https://examine.com/research-feed/study/1MoBe9/
SAVED https://examine.com/research-feed/study/dnYzZ9/
SAVED https://examine.com/research-feed/study/9Lbr41/
SAVED https://examine.com/research-feed/study/9ko8z9/
SAVED https://examine.com/research-feed/study/98k740/
SAVED https://examine.com/research-feed/study/1vEZyd/
SAVED https://examine.com/research-feed/study/12waN0/
SAVED https://examine.com/research-feed/study/1JVLG1/
SAVED https://examine.com/research-feed/study/dNpjO0/
SAVED https://examine.com/research-feed/study/0ea3K0/
SAVED https://examine.com/research-feed/study/1woD31/
SAVED https://examine.com/research-feed/study/dG4YA1/
SAVED https://examine.com/research-feed/study/dpnXV0/
SAVED https://examine.com/research-feed/study/db2WNd/
SAVED https://examine.com/research-feed/study/9z3k7d/
SAVED https://examine.com/research-feed/study/dZNvMd/
SAVED https://examine.com/research-feed/study/dpn6y0/
SAVED https://examine.com/research-feed/study/9WLORd/
SAVED https://examine.com/research-feed/study/968X81/
SAVED https://examine.com/research-feed/study/1aNjr0/
SAVED https://examine.com/research-feed/study/17k4y1/
SAVED https://examine.com/research-feed/study/9WLqvd/
SAVED https://examine.com/research-feed/study/1vEx5d/
SAVED https://examine.com/research-feed/study/1MoqA9/
SAVED https://examine.com/research-feed/study/9z3a3d/
SAVED https://examine.com/research-feed/study/dZNprd/
SAVED https://examine.com/research-feed/study/dx7Ky9/
SAVED https://examine.com/research-feed/study/17kEW1/
SAVED https://examine.com/research-feed/study/9RGlZd/
SAVED https://examine.com/research-feed/study/9glmzd/
SAVED https://examine.com/research-feed/study/9oPmXd/
SAVED https://examine.com/research-feed/study/1lG7kd/
SAVED https://examine.com/research-feed/study/9gleZd/
SAVED https://examine.com/research-feed/study/1Moj29/
SAVED https://examine.com/research-feed/study/98kNn0/
SAVED https://examine.com/research-feed/study/9KGbz9/
SAVED https://examine.com/research-feed/study/9glw2d/
SAVED https://examine.com/research-feed/study/0eaoa0/
SAVED https://examine.com/research-feed/study/1woMg1/
SAVED https://examine.com/research-feed/study/0XDZP0/
SAVED https://examine.com/research-feed/study/9glD2d/
SAVED https://examine.com/research-feed/study/9z3QZd/
SAVED https://examine.com/research-feed/study/dNpYb0/
SAVED https://examine.com/research-feed/study/dEXNW9/
SAVED https://examine.com/research-feed/study/dpnwX0/
SAVED https://examine.com/research-feed/study/dVgM41/
SAVED https://examine.com/research-feed/study/dG4P81/
SAVED https://examine.com/research-feed/study/dx7kb9/
SAVED https://examine.com/research-feed/study/1JVZn1/
SAVED https://examine.com/research-feed/study/9gl6xd/
SAVED https://examine.com/research-feed/study/dVga81/
SAVED https://examine.com/research-feed/study/1rNWp1/
SAVED https://examine.com/research-feed/study/1woK21/
SAVED https://examine.com/research-feed/study/dZNEpd/
SAVED https://examine.com/research-feed/study/dEXbZ9/
SAVED https://examine.com/research-feed/study/1rNBB1/
SAVED https://examine.com/research-feed/study/9KGg29/
SAVED https://examine.com/research-feed/study/0A7Y7d/
SAVED https://examine.com/research-feed/study/9KGVB9/
SAVED https://examine.com/research-feed/study/9WLVRd/
SAVED https://examine.com/research-feed/study/968y81/
SAVED https://examine.com/research-feed/study/dG4zL1/
SAVED https://examine.com/research-feed/study/1rNEX1/
SAVED https://examine.com/research-feed/study/0qoezd/
SAVED https://examine.com/research-feed/study/0mybq0/
SAVED https://examine.com/research-feed/study/1lGlVd/
SAVED https://examine.com/research-feed/study/dG4V51/
SAVED https://examine.com/research-feed/study/0qoPzd/
SAVED https://examine.com/research-feed/study/dx7XA9/
SAVED https://examine.com/research-feed/study/9oPkXd/
SAVED https://examine.com/research-feed/study/0qoNyd/
SAVED https://examine.com/research-feed/study/md3Wjd/
SAVED https://examine.com/research-feed/study/N1rJE1/
SAVED https://examine.com/research-feed/study/l1aXLd/
SAVED https://examine.com/research-feed/study/W0OYkd/
SAVED https://examine.com/research-feed/study/Q9DAGd/
SAVED https://examine.com/research-feed/study/y9WzE0/
SAVED https://examine.com/research-feed/study/WdVwy1/
SAVED https://examine.com/research-feed/study/51PO7d/
SAVED https://examine.com/research-feed/study/O9zbL9/
SAVED https://examine.com/research-feed/study/y1wAg9/
SAVED https://examine.com/research-feed/study/z0AJX9/
SAVED https://examine.com/research-feed/study/pdE6q1/
SAVED https://examine.com/research-feed/study/zdGBJ9/
SAVED https://examine.com/research-feed/study/z0ABV9/
SAVED https://examine.com/research-feed/study/w9k8Qd/
SAVED https://examine.com/research-feed/study/g98a8d/
SAVED https://examine.com/research-feed/study/md3ao0/
SAVED https://examine.com/research-feed/study/g9olnd/
SAVED https://examine.com/research-feed/study/e9RJN9/
SAVED https://examine.com/research-feed/study/Odn5P9/
SAVED https://examine.com/research-feed/study/O17Gg1/
SAVED https://examine.com/research-feed/study/w9kz30/
SAVED https://examine.com/research-feed/study/md3Eq0/
SAVED https://examine.com/research-feed/study/m12EQd/
SAVED https://examine.com/research-feed/study/y1w721/
SAVED https://examine.com/research-feed/study/md3X61/
SAVED https://examine.com/research-feed/study/g9oZL0/
SAVED https://examine.com/research-feed/study/O17MP9/
SAVED https://examine.com/research-feed/study/pdNoO1/
SAVED https://examine.com/research-feed/study/w9k6b0/
SAVED https://examine.com/research-feed/study/40X5O9/
SAVED https://examine.com/research-feed/study/md35v0/
SAVED https://examine.com/research-feed/study/e96V89/
SAVED https://examine.com/research-feed/study/Y9yY89/
SAVED https://examine.com/research-feed/study/W9KYB1/
SAVED https://examine.com/research-feed/study/A0eLq1/
SAVED https://examine.com/research-feed/study/qdBk31/
SAVED https://examine.com/research-feed/study/Odn4B0/
SAVED https://examine.com/research-feed/study/pdN2ad/
SAVED https://examine.com/research-feed/study/K94W70/
SAVED https://examine.com/research-feed/study/rdZxr0/
SAVED https://examine.com/research-feed/study/X1jG70/
SAVED https://examine.com/research-feed/study/O9zB39/
SAVED https://examine.com/research-feed/study/m12Ybd/
SAVED https://examine.com/research-feed/study/40X7J1/
SAVED https://examine.com/research-feed/study/g9o220/
SAVED https://examine.com/research-feed/study/md3Ojd/
SAVED https://examine.com/research-feed/study/W9KA71/
SAVED https://examine.com/research-feed/study/z0AEb0/
SAVED https://examine.com/research-feed/study/m12O60/
SAVED https://examine.com/research-feed/study/O9z5X0/
SAVED https://examine.com/research-feed/study/g98pV9/
SAVED https://examine.com/research-feed/study/e96lW1/
SAVED https://examine.com/research-feed/study/e9RWWd/
SAVED https://examine.com/research-feed/study/g9oy31/
SAVED https://examine.com/research-feed/study/O17Zpd/
SAVED https://examine.com/research-feed/study/X1jAqd/
SAVED https://examine.com/research-feed/study/g98bW1/
SAVED https://examine.com/research-feed/study/z0AeX0/
SAVED https://examine.com/research-feed/study/W0Orx1/
SAVED https://examine.com/research-feed/study/e1Jwg0/
SAVED https://examine.com/research-feed/study/X1jqld/
SAVED https://examine.com/research-feed/study/N1YMD1/
SAVED https://examine.com/research-feed/study/r1lYR0/
SAVED https://examine.com/research-feed/study/A0eGad/
SAVED https://examine.com/research-feed/study/WdVm59/
SAVED https://examine.com/research-feed/study/o0mgXd/
SAVED https://examine.com/research-feed/study/40Xp40/
SAVED https://examine.com/research-feed/study/pdEZq1/
SAVED https://examine.com/research-feed/study/pdEKW0/
SAVED https://examine.com/research-feed/study/w9kvQ0/
SAVED https://examine.com/research-feed/study/z0AG3d/
SAVED https://examine.com/research-feed/study/qdBya9/
SAVED https://examine.com/research-feed/study/ldbvOd/
SAVED https://examine.com/research-feed/study/m15nO0/
SAVED https://examine.com/research-feed/study/7dxxLd/
SAVED https://examine.com/research-feed/study/e1JJw1/
SAVED https://examine.com/research-feed/study/j9LoP0/
SAVED https://examine.com/research-feed/study/g9oJn0/
SAVED https://examine.com/research-feed/study/X1jQNd/
SAVED https://examine.com/research-feed/study/N1Y6e0/
SAVED https://examine.com/research-feed/study/YdpZa0/
SAVED https://examine.com/research-feed/study/K94zy1/
SAVED https://examine.com/research-feed/study/X1jMpd/
SAVED https://examine.com/research-feed/study/A0eqQ0/
SAVED https://examine.com/research-feed/study/zdGA80/
SAVED https://examine.com/research-feed/study/r1MQe1/
SAVED https://examine.com/research-feed/study/g98340/
SAVED https://examine.com/research-feed/study/96RjO9/
SAVED https://examine.com/research-feed/study/dEvLP1/
SAVED https://examine.com/research-feed/study/dpeXG1/
SAVED https://examine.com/research-feed/study/dNX5a0/
SAVED https://examine.com/research-feed/study/9z2X39/
SAVED https://examine.com/research-feed/study/dnBDBd/
SAVED https://examine.com/research-feed/study/0X4jz0/
SAVED https://examine.com/research-feed/study/15NBY0/
SAVED https://examine.com/research-feed/study/9D6Yq1/
SAVED https://examine.com/research-feed/study/1lBLE9/
SAVED https://examine.com/research-feed/study/1aROg0/
SAVED https://examine.com/research-feed/study/dEvwy1/
SAVED https://examine.com/research-feed/study/1JXjn9/
SAVED https://examine.com/research-feed/study/9yNDXd/
SAVED https://examine.com/research-feed/study/dNkA61/
SAVED https://examine.com/research-feed/study/1Y4Wed/
SAVED https://examine.com/research-feed/study/9oaKx1/
SAVED https://examine.com/research-feed/study/dGrVJ9/
SAVED https://examine.com/research-feed/study/1PMV60/
SAVED https://examine.com/research-feed/study/dVWR51/
SAVED https://examine.com/research-feed/study/96ExX0/
SAVED https://examine.com/research-feed/study/9WPRGd/
SAVED https://examine.com/research-feed/study/9zjnZ9/
SAVED https://examine.com/research-feed/study/dnrxjd/
SAVED https://examine.com/research-feed/study/9Dv7r1/
SAVED https://examine.com/research-feed/study/9RYep0/
SAVED https://examine.com/research-feed/study/1llgR1/
SAVED https://examine.com/research-feed/study/1jlel9/
SAVED https://examine.com/research-feed/study/dBwyZ1/
SAVED https://examine.com/research-feed/study/9Dv2G1/
SAVED https://examine.com/research-feed/study/dpbqD0/
SAVED https://examine.com/research-feed/study/9oaW31/
SAVED https://examine.com/research-feed/study/0mbZA9/
SAVED https://examine.com/research-feed/study/0AvZb9/
SAVED https://examine.com/research-feed/study/dNknM1/
SAVED https://examine.com/research-feed/study/dxq6y1/
SAVED https://examine.com/research-feed/study/1MXeLd/
SAVED https://examine.com/research-feed/study/dGrp59/
SAVED https://examine.com/research-feed/study/9RYNL0/
SAVED https://examine.com/research-feed/study/9QEpD9/
SAVED https://examine.com/research-feed/study/9kKEA9/
SAVED https://examine.com/research-feed/study/0enGk9/
SAVED https://examine.com/research-feed/study/dNkRa1/
SAVED https://examine.com/research-feed/study/9Kv8l0/
SAVED https://examine.com/research-feed/study/98GL70/
SAVED https://examine.com/research-feed/study/d3RVz9/
SAVED https://examine.com/research-feed/study/96Ej80/
SAVED https://examine.com/research-feed/study/15xvYd/
SAVED https://examine.com/research-feed/study/1llQQ1/
SAVED https://examine.com/research-feed/study/1alPYd/
SAVED https://examine.com/research-feed/study/9goWD9/
SAVED https://examine.com/research-feed/study/9oa2k1/
SAVED https://examine.com/research-feed/study/0AvE79/
SAVED https://examine.com/research-feed/study/dpbEv0/
SAVED https://examine.com/research-feed/study/dBwmA1/
SAVED https://examine.com/research-feed/study/dZexp9/
SAVED https://examine.com/research-feed/study/9QEbW9/
SAVED https://examine.com/research-feed/study/1ll7q1/
SAVED https://examine.com/research-feed/study/dVW541/
SAVED https://examine.com/research-feed/study/0qeOR0/
SAVED https://examine.com/research-feed/study/1rEgwd/
SAVED https://examine.com/research-feed/study/9RYKr0/
SAVED https://examine.com/research-feed/study/0qeWo0/
SAVED https://examine.com/research-feed/study/98Gm80/
SAVED https://examine.com/research-feed/study/9yWx41/
SAVED https://examine.com/research-feed/study/0enK39/
SAVED https://examine.com/research-feed/study/1vXjl9/
SAVED https://examine.com/research-feed/study/9kKqm9/
SAVED https://examine.com/research-feed/study/98GWW0/
SAVED https://examine.com/research-feed/study/9zjXL9/
SAVED https://examine.com/research-feed/study/d3ReN9/
SAVED https://examine.com/research-feed/study/1llJL1/
SAVED https://examine.com/research-feed/study/94xBr9/
SAVED https://examine.com/research-feed/study/1vXza9/
SAVED https://examine.com/research-feed/study/9zjvX9/
SAVED https://examine.com/research-feed/study/9yW8E1/
SAVED https://examine.com/research-feed/study/1Jnlj1/
SAVED https://examine.com/research-feed/study/1alOrd/
SAVED https://examine.com/research-feed/study/0qevz0/
SAVED https://examine.com/research-feed/study/9QEMb9/
SAVED https://examine.com/research-feed/study/9oagl1/
SAVED https://examine.com/research-feed/study/9LEJKd/
SAVED https://examine.com/research-feed/study/9goQD9/
SAVED https://examine.com/research-feed/study/1wbo3d/
SAVED https://examine.com/research-feed/study/9RQGJ0/
SAVED https://examine.com/research-feed/study/0mjEy9/
SAVED https://examine.com/research-feed/study/9ybNVd/
SAVED https://examine.com/research-feed/study/1aglg9/
SAVED https://examine.com/research-feed/study/dBlwA0/
SAVED https://examine.com/research-feed/study/9RQQG0/
SAVED https://examine.com/research-feed/study/1J66n1/
SAVED https://examine.com/research-feed/study/0mjjR9/
SAVED https://examine.com/research-feed/study/dBllk0/
SAVED https://examine.com/research-feed/study/1PJWZ9/
SAVED https://examine.com/research-feed/study/0mjQ39/
SAVED https://examine.com/research-feed/study/dBl6a0/
SAVED https://examine.com/research-feed/study/9kjY30/
SAVED https://examine.com/research-feed/study/9LyPPd/
SAVED https://examine.com/research-feed/study/1jjQN1/
SAVED https://examine.com/research-feed/study/dnxJP0/
SAVED https://examine.com/research-feed/study/1PJL69/
SAVED https://examine.com/research-feed/study/dpGWx9/
SAVED https://examine.com/research-feed/study/1wbKqd/
SAVED https://examine.com/research-feed/study/dVRa5d/
SAVED https://examine.com/research-feed/study/0mjgX9/
SAVED https://examine.com/research-feed/study/1agrx9/
SAVED https://examine.com/research-feed/study/dGzgm9/
SAVED https://examine.com/research-feed/study/dEQnqd/
SAVED https://examine.com/research-feed/study/983JW0/
SAVED https://examine.com/research-feed/study/9oxA3d/
SAVED https://examine.com/research-feed/study/d3kbNd/
SAVED https://examine.com/research-feed/study/dNeYM9/
SAVED https://examine.com/research-feed/study/9Lyz6d/
SAVED https://examine.com/research-feed/study/17vpWd/
SAVED https://examine.com/research-feed/study/dZX8r0/
SAVED https://examine.com/research-feed/study/1agDr9/
SAVED https://examine.com/research-feed/study/1agbm9/
SAVED https://examine.com/research-feed/study/9g2eb0/
SAVED https://examine.com/research-feed/study/0mjok9/
SAVED https://examine.com/research-feed/study/dbMY59/
SAVED https://examine.com/research-feed/study/dVRlad/
SAVED https://examine.com/research-feed/study/dnxOX0/
SAVED https://examine.com/research-feed/study/1Yeql1/
SAVED https://examine.com/research-feed/study/0ODEr9/
SAVED https://examine.com/research-feed/study/9Lyk4d/
SAVED https://examine.com/research-feed/study/dxbRb0/
SAVED https://examine.com/research-feed/study/1wbpAd/
SAVED https://examine.com/research-feed/study/1r2p61/
SAVED https://examine.com/research-feed/study/9kjz30/
SAVED https://examine.com/research-feed/study/dZXvD0/
SAVED https://examine.com/research-feed/study/15G8O9/
SAVED https://examine.com/research-feed/study/12goV0/
SAVED https://examine.com/research-feed/study/96xqj1/
SAVED https://examine.com/research-feed/study/9K2aE0/
SAVED https://examine.com/research-feed/study/9ybeyd/
SAVED https://examine.com/research-feed/study/0egM3d/
SAVED https://examine.com/research-feed/study/9QXBR0/
SAVED https://examine.com/research-feed/study/0Ax3j1/
SAVED https://examine.com/research-feed/study/983EW0/
SAVED https://examine.com/research-feed/study/0qVvg9/
SAVED https://examine.com/research-feed/study/dxbly0/
SAVED https://examine.com/research-feed/study/94G8r0/
SAVED https://examine.com/research-feed/study/1M45Ld/
SAVED https://examine.com/research-feed/study/9WRwl0/
SAVED https://examine.com/research-feed/study/0egXAd/
SAVED https://examine.com/research-feed/study/dxbzy0/
SAVED https://examine.com/research-feed/study/0XxKk0/
SAVED https://examine.com/research-feed/study/9kl3Ad/
SAVED https://examine.com/research-feed/study/dpPnrd/
SAVED https://examine.com/research-feed/study/1wvo4d/
SAVED https://examine.com/research-feed/study/9yAN89/
SAVED https://examine.com/research-feed/study/0XYEz9/
SAVED https://examine.com/research-feed/study/dZ3XZ1/
