SAVED https://creativecommons.org/2015/03/25/celebrate-creative-commons-with-a-limited-edition-tee/
SAVED https://creativecommons.org/2015/03/25/creative-commons-launches-special-edition-commemorative-tee/
SAVED https://creativecommons.org/2015/03/25/a-masterwork-in-simplicity-the-story-of-the-cc-logo/
SAVED https://creativecommons.org/2019/12/13/cc-vocabulary-web-design-system/
SAVED https://creativecommons.org/2019/12/16/share-your-thoughts-and-experiences-of-the-cc-global-network/
SAVED https://creativecommons.org/2019/12/17/celebrate-public-domain-day-with-events-around-the-world/
SAVED https://creativecommons.org/2020/01/06/cc-search-browser-extension/
SAVED https://creativecommons.org/2020/01/23/introducing-the-linked-commons/
SAVED https://creativecommons.org/2020/01/27/the-new-cc-license-chooser/
SAVED https://creativecommons.org/2020/06/16/german-public-broadcaster-zdf-releases-dozens-of-videos-under-cc-licenses/
SAVED https://creativecommons.org/2020/09/03/welcome-to-the-new-cc-chapter-in-peru/
SAVED https://creativecommons.org/2020/10/21/making-the-cc-network-work-better/
SAVED https://creativecommons.org/2020/11/02/cc-open-source-website/
SAVED https://creativecommons.org/2020/11/02/updates-to-the-creative-commons-catalog/
SAVED https://creativecommons.org/2020/11/04/the-linked-commons-2-0-whats-new/
SAVED https://creativecommons.org/2020/12/02/introducing-the-newest-cc-chapter-cc-czech-republic/
SAVED https://creativecommons.org/2020/12/03/explore-the-new-cc-legal-database-site/
SAVED https://creativecommons.org/2020/12/07/new-improvements-in-the-cc-search-browser-extension/
SAVED https://creativecommons.org/2020/12/15/the-improved-cc-search/
SAVED https://creativecommons.org/2021/01/29/welcome-cc-morocco/
SAVED https://creativecommons.org/2021/01/29/say-hello-to-cc-belgium/
SAVED https://creativecommons.org/2002/09/25/tompainecomapublicinterestjournal/
SAVED https://creativecommons.org/2002/09/25/futuretenseminnesotapublicradio/
SAVED https://creativecommons.org/2002/09/25/bbcnews/
SAVED https://creativecommons.org/2002/09/25/infoworld/
SAVED https://creativecommons.org/2002/09/25/washingtonpost/
SAVED https://creativecommons.org/2002/09/25/losandescom/
SAVED https://creativecommons.org/2002/09/25/lemondeinteractif/
SAVED https://creativecommons.org/2002/09/25/thehindu/
SAVED https://creativecommons.org/2002/09/25/seattletimes/
SAVED https://creativecommons.org/2002/09/25/informationtodayinc/
SAVED https://creativecommons.org/2002/09/25/nrchandelsblad/
SAVED https://creativecommons.org/2002/09/25/sanjosemercurynews/
SAVED https://creativecommons.org/2002/09/25/slashdotorg/
SAVED https://creativecommons.org/2002/09/25/serverworldmagazine/
SAVED https://creativecommons.org/2002/09/25/wirednews/
SAVED https://creativecommons.org/2002/09/25/pcmagazine/
SAVED https://creativecommons.org/2002/09/25/usatoday/
SAVED https://creativecommons.org/2002/09/25/graphicsnews/
SAVED https://creativecommons.org/2002/09/25/lawcom/
SAVED https://creativecommons.org/2002/09/25/siliconvalleycom/
SAVED https://creativecommons.org/2002/09/25/01net/
SAVED https://creativecommons.org/2002/09/25/wiredcom/
SAVED https://creativecommons.org/2002/09/25/sanjosemercurynews-2/
SAVED https://creativecommons.org/2002/09/25/newyorktimes/
SAVED https://creativecommons.org/2002/09/25/slisalumnimagazine/
SAVED https://creativecommons.org/2002/09/25/newarchitect/
SAVED https://creativecommons.org/2002/09/25/bitabout/
SAVED https://creativecommons.org/2002/09/25/telepolis/
SAVED https://creativecommons.org/2002/09/25/sfgate/
SAVED https://creativecommons.org/2002/09/25/cnetnewscom/
SAVED https://creativecommons.org/2002/09/25/newmanagementteam/
SAVED https://creativecommons.org/2002/09/25/creativecommonsannounced/
SAVED https://creativecommons.org/2002/05/16/creativecommonsannounced-2/
SAVED https://creativecommons.org/2002/10/22/lawcom-2/
SAVED https://creativecommons.org/2002/10/22/telepolis-2/
SAVED https://creativecommons.org/2002/10/22/interactivistinfoexchange/
SAVED https://creativecommons.org/2002/10/22/definedesign/
SAVED https://creativecommons.org/2002/10/22/americaneconomicassociation/
SAVED https://creativecommons.org/2002/10/22/coverpages/
SAVED https://creativecommons.org/2002/10/22/vnunetit/
SAVED https://creativecommons.org/2002/10/22/neuralonline/
SAVED https://creativecommons.org/2002/10/22/compulenta/
SAVED https://creativecommons.org/2002/10/22/buildercom/
SAVED https://creativecommons.org/2002/10/23/networkworldfusion/
SAVED https://creativecommons.org/2002/10/23/itsecurity/
SAVED https://creativecommons.org/2002/10/23/navigantecom/
SAVED https://creativecommons.org/2002/10/23/itware/
SAVED https://creativecommons.org/2002/10/23/fingorg/
SAVED https://creativecommons.org/2002/12/09/emmymagazine/
SAVED https://creativecommons.org/2002/12/09/immaterial/
SAVED https://creativecommons.org/2002/12/09/pspcentral/
SAVED https://creativecommons.org/2002/12/09/danmarksbiblioteksskolesbibliotek/
SAVED https://creativecommons.org/2002/12/10/syllabusmagazine/
SAVED https://creativecommons.org/2002/12/10/innovationlawforum/
SAVED https://creativecommons.org/2002/12/10/econtentmagazine/
SAVED https://creativecommons.org/2002/12/10/infoworld-2/
SAVED https://creativecommons.org/2002/12/10/internetcom/
SAVED https://creativecommons.org/2002/12/10/activeline/
SAVED https://creativecommons.org/2002/12/10/routledge/
SAVED https://creativecommons.org/2002/12/10/cnet/
SAVED https://creativecommons.org/2002/12/10/unisysworld/
SAVED https://creativecommons.org/2002/12/10/creativecommonstoreleaselicensesforpublicuse/
SAVED https://creativecommons.org/2002/12/10/rogermcguinntousecreativecommonslicenses/
SAVED https://creativecommons.org/2002/12/16/creativecommonsunveilsmachinereadablecopyrightlicenses/
SAVED https://creativecommons.org/2002/12/15/creativecommonsannouncesnewmanagementteam/
SAVED https://creativecommons.org/2002/12/15/creativecommonslaunches/
SAVED https://creativecommons.org/2002/12/21/coverpages-2/
SAVED https://creativecommons.org/2002/12/21/wirednews-2/
SAVED https://creativecommons.org/2002/12/21/thesanjosemercurynews/
SAVED https://creativecommons.org/2002/12/21/thelatimes/
SAVED https://creativecommons.org/2002/12/21/lawcom-3/
SAVED https://creativecommons.org/2002/12/21/creativecommonsnamedtolawcomsbestofthewebin2002/
SAVED https://creativecommons.org/2002/12/21/theeconomist/
SAVED https://creativecommons.org/2002/12/21/licensereleasedrawswidespreadpresscoverage/
SAVED https://creativecommons.org/2002/12/25/thebostonglobe/
SAVED https://creativecommons.org/2002/12/25/linuxuserdevelopernews/
SAVED https://creativecommons.org/2002/12/25/theseattletimes/
SAVED https://creativecommons.org/2002/12/25/techtv/
SAVED https://creativecommons.org/2002/12/25/onlinedisputeresolutionnews/
SAVED https://creativecommons.org/2002/12/25/lawmemeyalelawschool/
SAVED https://creativecommons.org/2002/12/25/theseattletimes-2/
SAVED https://creativecommons.org/2002/12/25/artnewsonline/
SAVED https://creativecommons.org/2002/12/26/newweblogandrssfeed/
SAVED https://creativecommons.org/2002/12/30/dotheshirky/
SAVED https://creativecommons.org/2002/12/30/intellectualbaggagethegoodkind/
SAVED https://creativecommons.org/2002/12/31/creativecommonsatfutureofmusiccoalitionsummitwashingtonjan6/
SAVED https://creativecommons.org/2003/01/06/peoplelikeusinnewyorkcity/
SAVED https://creativecommons.org/2003/01/06/nominateacommoner/
SAVED https://creativecommons.org/2003/01/07/prenticehalltopublishbruceperensopensourcebooks/
SAVED https://creativecommons.org/2003/01/08/illegalartillegalimagination/
SAVED https://creativecommons.org/2003/01/08/andnowyouregonnahavetogetusedtoit/
SAVED https://creativecommons.org/2003/01/08/themanyfacesofthemusicbiz/
SAVED https://creativecommons.org/2003/01/09/doctorowsdownandoutreleasedtoday/
SAVED https://creativecommons.org/2003/01/10/cometogether/
SAVED https://creativecommons.org/2003/01/10/enredando/
SAVED https://creativecommons.org/2003/01/10/echoesonlinede/
SAVED https://creativecommons.org/2003/01/10/neuralit/
SAVED https://creativecommons.org/2003/01/10/ctedraprocesamientodedatos/
SAVED https://creativecommons.org/2003/01/10/edventure/
SAVED https://creativecommons.org/2003/01/11/downandoutupandaway/
SAVED https://creativecommons.org/2003/01/15/takethispiece/
SAVED https://creativecommons.org/2003/01/15/aftereldred/
SAVED https://creativecommons.org/2003/01/16/signsofthetimes/
SAVED https://creativecommons.org/2003/01/20/ametamorphosis/
SAVED https://creativecommons.org/2003/01/20/seattletimes-2/
SAVED https://creativecommons.org/2003/01/21/agalleryofccworksthefirstofmany/
SAVED https://creativecommons.org/2003/01/21/gettingstartedcreatingyourowncccontentpart1/
SAVED https://creativecommons.org/2003/01/22/stateoftheunion/
SAVED https://creativecommons.org/2003/01/22/nowthatsparody/
SAVED https://creativecommons.org/2003/01/23/momentum/
SAVED https://creativecommons.org/2003/01/23/morefromcory/
SAVED https://creativecommons.org/2003/01/24/politicsandhappiness/
SAVED https://creativecommons.org/2003/01/25/oreillynetworkblogsunderacclicense/
SAVED https://creativecommons.org/2003/01/28/newlayout/
SAVED https://creativecommons.org/2003/01/28/movabletypetosupportcclicenses/
SAVED https://creativecommons.org/2003/01/29/stanfordsspectrumpolicyconference/
SAVED https://creativecommons.org/2003/01/30/cclicensesinchinaatshanghaiphotos/
SAVED https://creativecommons.org/2003/01/31/coevolutionofjapanesecclikelicenses/
SAVED https://creativecommons.org/2003/02/01/gamelanmusicusingcreativecommons/
SAVED https://creativecommons.org/2003/02/03/germanlegalbooksswedishopensourcesiteundercc/
SAVED https://creativecommons.org/2003/02/05/blogginginthepublicdomain/
SAVED https://creativecommons.org/2003/02/08/technoratiusingcreativecommons/
SAVED https://creativecommons.org/2003/02/08/newfeaturedcommonerprofileup/
SAVED https://creativecommons.org/2003/02/11/musicbrainzlauncheswithcclicensedmetadata/
SAVED https://creativecommons.org/2003/02/12/scientificamericancreativecommons/
SAVED https://creativecommons.org/2003/02/13/ductandcover/
SAVED https://creativecommons.org/2003/02/13/scientificamerican/
SAVED https://creativecommons.org/2003/02/14/movabletype26released/
SAVED https://creativecommons.org/2003/02/14/moviemashinmikemeyers/
SAVED https://creativecommons.org/2003/02/20/notablerecentcclicensors/
SAVED https://creativecommons.org/2003/02/25/swarmradiointhecommons/
SAVED https://creativecommons.org/2003/02/26/catpowercreativecommonsrock/
SAVED https://creativecommons.org/2003/02/26/timhadleyonlicensingyourweblog/
SAVED https://creativecommons.org/2003/03/01/copyrightcomics/
SAVED https://creativecommons.org/2003/03/03/digitaldictionaryofbuddhism/
SAVED https://creativecommons.org/2003/03/05/commonssinfronteras/
SAVED https://creativecommons.org/2003/03/09/creativecommonsatsxsw/
SAVED https://creativecommons.org/2003/03/10/innovations/
SAVED https://creativecommons.org/2003/03/11/filmmakerdavisguggenheimjoinscreativecommonsboardofdirectors/
SAVED https://creativecommons.org/2003/03/11/mmmfreesamplesinnovation1a/
SAVED https://creativecommons.org/2003/03/12/commonseduinnovation1b/
SAVED https://creativecommons.org/2003/03/14/themissinglinkinnovation2a/
SAVED https://creativecommons.org/2003/03/15/indexterityinnovation2b/
SAVED https://creativecommons.org/2003/03/15/blogcommentsenabled/
SAVED https://creativecommons.org/2003/03/16/franzlisztmixmasterandjsbachklepto/
SAVED https://creativecommons.org/2003/03/17/financialtimes/
SAVED https://creativecommons.org/2003/03/19/newglobalvision/
SAVED https://creativecommons.org/2003/03/28/harvardblogsandcreativecommons/
SAVED https://creativecommons.org/2003/04/01/cssexamplesandcommentary/
SAVED https://creativecommons.org/2003/04/02/creativecommonsarticleinsyllabusmagazine/
SAVED https://creativecommons.org/2003/04/03/lotsofmusic/
SAVED https://creativecommons.org/2003/04/03/newfeaturedcommoneropsound/
SAVED https://creativecommons.org/2003/04/07/downwardfacingblog/
SAVED https://creativecommons.org/2003/04/14/creativecommonsrssinmanila/
SAVED https://creativecommons.org/2003/04/14/whatindependentmusicslump/
SAVED https://creativecommons.org/2003/04/16/austinchronicle/
SAVED https://creativecommons.org/2003/04/16/austinchronicle-2/
SAVED https://creativecommons.org/2003/04/16/syllabusmagazine-2/
SAVED https://creativecommons.org/2003/04/21/syndic8snewsfeeds/
SAVED https://creativecommons.org/2003/04/23/creativecommonsreleaseshundredsoftitlesunderitsfounderscopyright/
SAVED https://creativecommons.org/2003/04/23/creativecommonsreleaseshundredsoftitlesunderitsfounderscopyright-2/
SAVED https://creativecommons.org/2003/04/28/newbooksunderacreativecommonslicense/
SAVED https://creativecommons.org/2003/04/30/onwarranties/
SAVED https://creativecommons.org/2003/05/02/projectgutenbergcd/
SAVED https://creativecommons.org/2003/05/14/featuredcommonerwileywiggins/
SAVED https://creativecommons.org/2003/05/14/colorblender/
SAVED https://creativecommons.org/2003/05/15/onwarrantiespartii/
SAVED https://creativecommons.org/2003/05/15/newscientist/
SAVED https://creativecommons.org/2003/05/15/infoworld-3/
SAVED https://creativecommons.org/2003/05/15/sanjosemercurynews-3/
SAVED https://creativecommons.org/2003/05/15/extremetech/
SAVED https://creativecommons.org/2003/05/15/arstechnica/
SAVED https://creativecommons.org/2003/05/15/publishersweekly/
SAVED https://creativecommons.org/2003/05/20/onwarrantiespartiii/
SAVED https://creativecommons.org/2003/05/23/negativlandandyoubuildthesamplinglicensecreativecommonsfacilitates/
SAVED https://creativecommons.org/2003/05/24/directoryofopenaccessjournalsundercreativecommons/
SAVED https://creativecommons.org/2003/05/28/erikostrom/
SAVED https://creativecommons.org/2003/05/29/updatedoreillylist/
SAVED https://creativecommons.org/2003/05/29/creativecommonswelcomesfilmmakerdavisguggenheimtoboardofdirectors/
SAVED https://creativecommons.org/2003/05/30/birdmanlives/
SAVED https://creativecommons.org/2003/05/30/creativecommonsandnegativlandbeginworkonfreesamplingandcollage/
SAVED https://creativecommons.org/2003/05/30/samplinglicensehighlightsfromweek1/
SAVED https://creativecommons.org/2003/06/03/creativecommonsbeginsworkonfinnishversionsofcopyrightlicenses/
SAVED https://creativecommons.org/2003/06/03/icommonsfinlandbegins/
SAVED https://creativecommons.org/2003/06/05/ventureblogandbagandbaggage/
SAVED https://creativecommons.org/2003/06/06/yetanotherthinggoingforthepublicdomain/
SAVED https://creativecommons.org/2003/06/06/guardianunlimited/
SAVED https://creativecommons.org/2003/06/10/jeffbezosrecommendscorydoctorow/
SAVED https://creativecommons.org/2003/06/12/lightningfieldcom/
SAVED https://creativecommons.org/2003/06/16/joiitojoinscreativecommonsboard/
SAVED https://creativecommons.org/2003/06/16/paulfordonthepublicdomain/
SAVED https://creativecommons.org/2003/06/16/creativecommonswelcomesjoiitotoboardofdirectors/
SAVED https://creativecommons.org/2003/06/16/icommonsjapan/
SAVED https://creativecommons.org/2003/06/17/finnishcomics/
SAVED https://creativecommons.org/2003/06/17/andjapanesecomics/
SAVED https://creativecommons.org/2003/06/17/acallfortranslatedcommonsdeeds/
SAVED https://creativecommons.org/2003/06/18/aviantosphotolog/
SAVED https://creativecommons.org/2003/06/19/harrypotterfanfictionfriendly/
SAVED https://creativecommons.org/2003/06/19/newfeaturedcommonermarkwatson/
SAVED https://creativecommons.org/2003/06/19/theflipsideofitunes/
SAVED https://creativecommons.org/2003/06/19/creativecommonsonthehustings/
SAVED https://creativecommons.org/2003/06/19/thepentagonpaperswerelesssecure/
SAVED https://creativecommons.org/2003/06/23/creativecommonswelcomesdavidwileyaseducationaluselicenseprojectlead/
SAVED https://creativecommons.org/2003/06/23/opencontentsdavidwileyeducationallicenseprojectlead/
SAVED https://creativecommons.org/2003/06/23/helpiminanutshell/
SAVED https://creativecommons.org/2003/06/24/adelanteconswartz/
SAVED https://creativecommons.org/2003/06/25/supremecourtaudioclassicsenterp2pzonethankstocreativecommonslicenses/
SAVED https://creativecommons.org/2003/06/25/supremecourtaudioclassicsenterp2pzonethankstocreativecommonslicenses-2/
SAVED https://creativecommons.org/2003/06/25/metadataembeddingandverficationplanformp3otherformats/
SAVED https://creativecommons.org/2003/06/26/thephoenixtrap/
SAVED https://creativecommons.org/2003/07/03/anopsoundexchange/
SAVED https://creativecommons.org/2003/07/03/commonsonthehustingsii/
SAVED https://creativecommons.org/2003/07/09/bitpasscreativecommons/
SAVED https://creativecommons.org/2003/07/14/digitalmixaspecialbayareaeventcelebratingillegalart/
SAVED https://creativecommons.org/2003/07/15/putthesupremesonyouripod/
SAVED https://creativecommons.org/2003/07/15/wirednewsonoyezandcreativecommons/
SAVED https://creativecommons.org/2003/07/15/howarddeanonlessigblog/
SAVED https://creativecommons.org/2003/07/17/physicstextbooks/
SAVED https://creativecommons.org/2003/07/17/takeanotherlittlepieceofmyart/
SAVED https://creativecommons.org/2003/07/17/guerrillasinthemix/
SAVED https://creativecommons.org/2003/07/18/wirednews-3/
SAVED https://creativecommons.org/2003/07/18/washingtonpost-2/
SAVED https://creativecommons.org/2003/07/18/getcreativemovingimagecontestwinag5/
SAVED https://creativecommons.org/2003/07/20/feedsternowcreativecommonsaware/
SAVED https://creativecommons.org/2003/07/22/theleagueofvaguelyfamiliargentlemen/
SAVED https://creativecommons.org/2003/07/24/itrainonlinestrainingkit/
SAVED https://creativecommons.org/2003/07/24/creativecommonslicensedsitetemplates/
SAVED https://creativecommons.org/2003/07/25/commoncontentandgetcontentlaunched/
SAVED https://creativecommons.org/2003/07/25/petrockstars/
SAVED https://creativecommons.org/2003/07/28/helpusfinddaveallenofthegangoffour/
SAVED https://creativecommons.org/2003/07/29/wowthatwasfast/
SAVED https://creativecommons.org/2003/07/29/wowthatwasfastpart2/
SAVED https://creativecommons.org/2003/07/30/freemedia/
SAVED https://creativecommons.org/2003/08/05/creativecommonslaunchesthegetcreativemovingimagecontest/
SAVED https://creativecommons.org/2003/08/05/makeamoviewinacomputeradvcamanipod/
SAVED https://creativecommons.org/2003/08/06/creativecommonsbrazil/
SAVED https://creativecommons.org/2003/08/07/oyezpress/
SAVED https://creativecommons.org/2003/08/07/nothingsostrangemovie/
SAVED https://creativecommons.org/2003/08/07/sanjosemercurynews-4/
SAVED https://creativecommons.org/2003/08/07/infoworld-4/
SAVED https://creativecommons.org/2003/08/07/harvardcrimson/
SAVED https://creativecommons.org/2003/08/07/linuxjournal/
SAVED https://creativecommons.org/2003/08/07/washingtonpost-3/
SAVED https://creativecommons.org/2003/08/07/cnetnewscom-2/
SAVED https://creativecommons.org/2003/08/10/illegitimateoffspring/
SAVED https://creativecommons.org/2003/08/12/politicstm/
SAVED https://creativecommons.org/2003/08/13/projectgramophone/
SAVED https://creativecommons.org/2003/08/13/raymondvanderwoningsphotos/
SAVED https://creativecommons.org/2003/08/14/thespeechaccentarchive/
SAVED https://creativecommons.org/2003/08/15/lawrencesolumoncopynorms/
SAVED https://creativecommons.org/2003/08/21/wikitravel/
SAVED https://creativecommons.org/2003/08/26/miteveryware/
SAVED https://creativecommons.org/2003/08/28/moreonicommonsfinland/
SAVED https://creativecommons.org/2003/08/28/creativecommonsmovingimagecontest/
SAVED https://creativecommons.org/2003/08/28/caretoremixvisitcommoncontent/
SAVED https://creativecommons.org/2003/08/28/astheclassicsgopublic/
SAVED https://creativecommons.org/2003/08/28/thetextmappingproject/
SAVED https://creativecommons.org/2003/09/03/thecsschallenge/
SAVED https://creativecommons.org/2003/09/04/10000birds/
SAVED https://creativecommons.org/2003/09/05/peoplelikeusvickibennett/
SAVED https://creativecommons.org/2003/09/05/canyouremixwanttobeonourcd/
SAVED https://creativecommons.org/2003/09/06/publicdomainnotinthecards/
SAVED https://creativecommons.org/2003/09/08/corydoctorowsnewbookandlicensedchapters/
SAVED https://creativecommons.org/2003/09/09/oyezorgthesupremesandcampaignfinance/
SAVED https://creativecommons.org/2003/09/09/morehumanreadablethanhumanreadable/
SAVED https://creativecommons.org/2003/09/11/tshirtsonsale/
SAVED https://creativecommons.org/2003/09/11/kottkeorg/
SAVED https://creativecommons.org/2003/09/15/creativecommonsinnyt/
SAVED https://creativecommons.org/2003/09/15/creativecommonsawardedprizeforbestsocialinnovation/
SAVED https://creativecommons.org/2003/09/15/thenewyorktimes/
SAVED https://creativecommons.org/2003/09/16/canyouremixwanttobeonourcdwantafreetshirt/
SAVED https://creativecommons.org/2003/09/17/frayaudioarchive/
SAVED https://creativecommons.org/2003/09/18/magnatune/
SAVED https://creativecommons.org/2003/09/23/practicalrdf/
SAVED https://creativecommons.org/2003/09/24/silencedacensorshipstudy/
SAVED https://creativecommons.org/2003/09/29/mobspotscollaborationandcreativecommons/
SAVED https://creativecommons.org/2003/10/03/charrettecenter/
SAVED https://creativecommons.org/2003/10/04/newfeaturesnewcodingnewcontent/
SAVED https://creativecommons.org/2003/10/06/newreleasefromscottandrew/
SAVED https://creativecommons.org/2003/10/07/technologycanyoucode/
SAVED https://creativecommons.org/2003/10/08/magnatuneinwirednews/
SAVED https://creativecommons.org/2003/10/09/recentnewsmentions/
SAVED https://creativecommons.org/2003/10/09/youthmediadistribution/
SAVED https://creativecommons.org/2003/10/14/publiclibraryofsciencelaunch/
SAVED https://creativecommons.org/2003/10/15/joseluisphotoblogweblog/
SAVED https://creativecommons.org/2003/10/16/publiclibraryofscience/
SAVED https://creativecommons.org/2003/10/18/attributionhollywoodstyle/
SAVED https://creativecommons.org/2003/10/20/samplinglicenses/
SAVED https://creativecommons.org/2003/10/20/streamingmediascchowto/
SAVED https://creativecommons.org/2003/10/21/gnomoradio/
SAVED https://creativecommons.org/2003/10/21/thewarovermusicadebate/
SAVED https://creativecommons.org/2003/10/22/copymeremixmecdout/
SAVED https://creativecommons.org/2003/10/23/opensourcedemocracy/
SAVED https://creativecommons.org/2003/10/23/techchallengemetccmetadatavalidator/
SAVED https://creativecommons.org/2003/10/23/licensingagainstslashdotting/
SAVED https://creativecommons.org/2003/10/29/algunosderechosreservadossomerightsreserved/
SAVED https://creativecommons.org/2003/10/30/locarecords/
SAVED https://creativecommons.org/2003/10/30/moveonusinglicensesincontest/
SAVED https://creativecommons.org/2003/11/03/plosbiologyhittingthenews/
SAVED https://creativecommons.org/2003/11/04/financialtimesoncreativecommons/
SAVED https://creativecommons.org/2003/11/05/9thcircuitrulesonsampling/
SAVED https://creativecommons.org/2003/11/06/ukpasseslawtocreateonlinearchive/
SAVED https://creativecommons.org/2003/11/10/berkleeshareslaunchesfreeundercreativecommons/
SAVED https://creativecommons.org/2003/11/11/jointhecopyleftrightcenterinnovationsinlawonlineforum/
SAVED https://creativecommons.org/2003/11/11/internetnewscom/
SAVED https://creativecommons.org/2003/11/11/guardianuk/
SAVED https://creativecommons.org/2003/11/11/villagevoice/
SAVED https://creativecommons.org/2003/11/11/slashdot/
SAVED https://creativecommons.org/2003/11/11/openp2p/
SAVED https://creativecommons.org/2003/11/11/charlestonpostandcourier/
SAVED https://creativecommons.org/2003/11/11/tidbits/
SAVED https://creativecommons.org/2003/11/11/wirednews-4/
SAVED https://creativecommons.org/2003/11/11/computerworld/
SAVED https://creativecommons.org/2003/11/11/financialtimes-2/
SAVED https://creativecommons.org/2003/11/11/wallstreetjournal/
SAVED https://creativecommons.org/2003/11/12/chinaandtaiwanarepavingthewayforcreativecommons/
SAVED https://creativecommons.org/2003/11/12/berkleecollegeofmusiclaunchesberkleesharesagroundbreaking/
SAVED https://creativecommons.org/2003/11/12/chinaandtaiwanicommonsdiscussionslaunched/
SAVED https://creativecommons.org/2003/11/12/copyleftrightcenterinnovationsinlawonlineforumbeginstoday/
SAVED https://creativecommons.org/2003/11/12/hackingthexbox/
SAVED https://creativecommons.org/2003/11/13/wiredonberkleeshares/
SAVED https://creativecommons.org/2003/11/13/creativecommonsweekoneyebeamforumcontinues/
SAVED https://creativecommons.org/2003/11/14/secondliferesidentstoowndigitalcreations/
SAVED https://creativecommons.org/2003/11/14/creativelicensingformassivemultiplayeronlinegames/
SAVED https://creativecommons.org/2003/11/15/wheresharingisntadirtyword/
SAVED https://creativecommons.org/2003/11/17/creativecommonsexpandstoirelandwithuniversitycollegecork/
SAVED https://creativecommons.org/2003/11/17/creativecommonslaunchesirelanddiscussion/
SAVED https://creativecommons.org/2003/11/18/italybuildsoutthecreativecommons/
SAVED https://creativecommons.org/2003/11/19/creativecommonsinitaly/
SAVED https://creativecommons.org/2003/11/20/movingimagecontestdeadlineapproaching/
SAVED https://creativecommons.org/2003/11/20/wirednewsonlocarecords/
SAVED https://creativecommons.org/2003/11/21/photopixtoday/
SAVED https://creativecommons.org/2003/11/25/eldredargumentsonoyez/
SAVED https://creativecommons.org/2003/12/02/braziliangovernmentfirsttoadoptnewccgpl/
SAVED https://creativecommons.org/2003/12/02/newstridesforicommonsjapan/
SAVED https://creativecommons.org/2003/12/02/ccgplbrazilandicommonsjapan/
SAVED https://creativecommons.org/2003/12/02/techchallengesupdatemozillapythoncsmil/
SAVED https://creativecommons.org/2003/12/03/mobilewhack/
SAVED https://creativecommons.org/2003/12/05/creativecommonsexpandstofrancewithcersa/
SAVED https://creativecommons.org/2003/12/05/frenchcreativecommons/
SAVED https://creativecommons.org/2003/12/09/projectgutenberghits10keventsinsanfrancisco/
SAVED https://creativecommons.org/2003/12/09/partyyouareinvited/
SAVED https://creativecommons.org/2003/12/10/ingenioususeofthepublicdomain/
SAVED https://creativecommons.org/2003/12/10/pdphoto/
SAVED https://creativecommons.org/2003/12/11/cancckillspam/
SAVED https://creativecommons.org/2003/12/11/subscribetofreecontent/
SAVED https://creativecommons.org/2003/12/11/freemusicatlegaltorrents/
SAVED https://creativecommons.org/2003/12/16/reticulumrex/
SAVED https://creativecommons.org/2003/12/18/movingimagecontestdeadlinedecember31st/
SAVED https://creativecommons.org/2004/01/05/linuxworld/
SAVED https://creativecommons.org/2004/01/05/christiansciencemonitor/
SAVED https://creativecommons.org/2004/01/05/wirednews-5/
SAVED https://creativecommons.org/2004/01/05/montrealgazette/
SAVED https://creativecommons.org/2004/01/05/internetweek/
SAVED https://creativecommons.org/2004/01/05/opendemocracy/
SAVED https://creativecommons.org/2004/01/05/theglobeandmail/
SAVED https://creativecommons.org/2004/01/05/independentweekly/
SAVED https://creativecommons.org/2004/01/05/irishtimes/
SAVED https://creativecommons.org/2004/01/05/pcpro/
SAVED https://creativecommons.org/2004/01/05/newzealandherald/
SAVED https://creativecommons.org/2004/01/05/seattlepostintelligencer/
SAVED https://creativecommons.org/2004/01/05/wirednews-6/
SAVED https://creativecommons.org/2004/01/05/syllabusmagazine-3/
SAVED https://creativecommons.org/2004/01/05/wiredmagazine/
SAVED https://creativecommons.org/2004/01/05/thatsawrap/
SAVED https://creativecommons.org/2004/01/05/newyearsresolutions/
SAVED https://creativecommons.org/2004/01/07/americanbarassociationjournal/
SAVED https://creativecommons.org/2004/01/07/marketplacemorningreportnpr/
SAVED https://creativecommons.org/2004/01/14/icommonsuklaunched/
SAVED https://creativecommons.org/2004/01/18/advanceincancerresearch/
SAVED https://creativecommons.org/2004/01/20/howtotellpeopleyoureccingit/
SAVED https://creativecommons.org/2004/01/20/contestsabound/
SAVED https://creativecommons.org/2004/01/21/versioningcomingup/
SAVED https://creativecommons.org/2004/01/22/nomadslandtravelphotography/
SAVED https://creativecommons.org/2004/01/22/pumpaudio/
SAVED https://creativecommons.org/2004/01/23/spontaneousremixcultureyeagh/
SAVED https://creativecommons.org/2004/01/24/discoveringdickens/
SAVED https://creativecommons.org/2004/01/24/nicesurveyofthesamplingscene/
SAVED https://creativecommons.org/2004/01/24/thefirstnewsocialmovementofthecentury/
SAVED https://creativecommons.org/2004/01/26/versioningpublicreviewbegins/
SAVED https://creativecommons.org/2004/01/27/cityartandcclicenses/
SAVED https://creativecommons.org/2004/01/27/fusedspacecontest/
SAVED https://creativecommons.org/2004/01/27/thecreativityexplosiononmars/
SAVED https://creativecommons.org/2004/01/29/electrobel/
SAVED https://creativecommons.org/2004/02/01/srr/
SAVED https://creativecommons.org/2004/02/04/magnatunemakingmoneyforcreativecommonsmusicians/
SAVED https://creativecommons.org/2004/02/04/irateradioapplicationreadsmp3filestoidentifycclicensedsongs/
SAVED https://creativecommons.org/2004/02/04/somewordsfromaremixer/
SAVED https://creativecommons.org/2004/02/04/ccatoreillyetech/
SAVED https://creativecommons.org/2004/02/04/newdoctorownoveloutunderlicense/
SAVED https://creativecommons.org/2004/02/04/fadingwaysmusicindielabelannounces2004releaseswillbecc/
SAVED https://creativecommons.org/2004/02/05/yaaarthemusicpiratesmanifesto/
SAVED https://creativecommons.org/2004/02/05/ronsuskindpostsgovernmentpublicdomaindocumentsonline/
SAVED https://creativecommons.org/2004/02/06/theinsanelygreatmacband/
SAVED https://creativecommons.org/2004/02/09/adsandcopyright/
SAVED https://creativecommons.org/2004/02/11/ccatsxsw/
SAVED https://creativecommons.org/2004/02/11/creativecommonsineurope/
SAVED https://creativecommons.org/2004/02/12/mozccgetsbetterandgetsnoticed/
SAVED https://creativecommons.org/2004/02/12/downandoutrelicensedtoday/
SAVED https://creativecommons.org/2004/02/13/ccmetadatainpdfsimageswithxmp/
SAVED https://creativecommons.org/2004/02/16/thegreyalbum/
SAVED https://creativecommons.org/2004/02/19/zugcomspranksong/
SAVED https://creativecommons.org/2004/02/25/world66travelsite/
SAVED https://creativecommons.org/2004/02/26/getcreativeandremixculture/
SAVED https://creativecommons.org/2004/02/26/creativecommonsexpandstocroatiawithmultimediainstitutemi2/
SAVED https://creativecommons.org/2004/02/26/creativecommonstoofferspanishandcatalancopyrightlicenseswithuniversityofbarcelona/
SAVED https://creativecommons.org/2004/02/26/icommonsexpandstocroatiaspainpluscatalonia/
SAVED https://creativecommons.org/2004/02/28/altpublishing/
SAVED https://creativecommons.org/2004/02/28/tminusafortnight/
SAVED https://creativecommons.org/2004/02/28/sfbayguardian/
SAVED https://creativecommons.org/2004/02/28/wirednews-7/
SAVED https://creativecommons.org/2004/02/28/wirednews-8/
SAVED https://creativecommons.org/2004/02/28/noderivativesorelse/
SAVED https://creativecommons.org/2004/02/28/movingimagescontestwinnersannounced/
SAVED https://creativecommons.org/2004/03/01/ccenhancedsearchengine/
SAVED https://creativecommons.org/2004/03/02/creativecommonsatthew3c/
SAVED https://creativecommons.org/2004/03/03/japaneseicommonslicensesavailablenow/
SAVED https://creativecommons.org/2004/03/03/japanesecreativecommonslicensesavailablenow/
SAVED https://creativecommons.org/2004/03/03/creativecommonsatucdavisschooloflaw/
SAVED https://creativecommons.org/2004/03/03/justintokyoebook/
SAVED https://creativecommons.org/2004/03/06/ccstories/
SAVED https://creativecommons.org/2004/03/08/recyclingperfectedbutformalized/
SAVED https://creativecommons.org/2004/03/09/buzznetaddslicenses/
SAVED https://creativecommons.org/2004/03/10/creativecommonsatdspace/
SAVED https://creativecommons.org/2004/03/10/mainstreamingofmashups/
SAVED https://creativecommons.org/2004/03/10/magnatunegetstoblogging/
SAVED https://creativecommons.org/2004/03/10/whiteboardingasart/
SAVED https://creativecommons.org/2004/03/11/buildingtheperfecthitsong/
SAVED https://creativecommons.org/2004/03/11/lawrencelessigtalkinnycnextweek/
SAVED https://creativecommons.org/2004/03/11/sfweekly/
SAVED https://creativecommons.org/2004/03/11/songsciencepartiifactandfiction/
SAVED https://creativecommons.org/2004/03/11/somethingsgottabedoneaboutthebeatles/
SAVED https://creativecommons.org/2004/03/12/ccremixmusic/
SAVED https://creativecommons.org/2004/03/14/cchitssxsw/
SAVED https://creativecommons.org/2004/03/14/localheroes/
SAVED https://creativecommons.org/2004/03/17/machinistafestival/
SAVED https://creativecommons.org/2004/03/17/musicsharingsxsw/
SAVED https://creativecommons.org/2004/03/17/ccremixmusic-2/
SAVED https://creativecommons.org/2004/03/17/bricksinthewall/
SAVED https://creativecommons.org/2004/03/18/community/
SAVED https://creativecommons.org/2004/03/18/goopymart/
SAVED https://creativecommons.org/2004/03/20/audiolunchbox/
SAVED https://creativecommons.org/2004/03/20/musicbrainzforosxfinally/
SAVED https://creativecommons.org/2004/03/23/callandresponse/
SAVED https://creativecommons.org/2004/03/23/ccremixmusicjamminonthenetandhollandhopson/
SAVED https://creativecommons.org/2004/03/23/sciencecommons/
SAVED https://creativecommons.org/2004/03/23/rogermcguinnofthebyrdsusesmusicsharinglicense/
SAVED https://creativecommons.org/2004/03/23/paytolicenseworkingwithcreativecommons/
SAVED https://creativecommons.org/2004/03/23/biomedcentralusingcreativecommons/
SAVED https://creativecommons.org/2004/03/24/soundshelfcomoffersccformusic/
SAVED https://creativecommons.org/2004/03/24/liberationfrance/
SAVED https://creativecommons.org/2004/03/25/fulltimeintimacy/
SAVED https://creativecommons.org/2004/03/25/freeculturereleased/
SAVED https://creativecommons.org/2004/03/25/creativecommonsexpandstoaustraliawithqueenslanduniversityoftechnologyqut/
SAVED https://creativecommons.org/2004/03/26/creativecommonsexpandstothemiddleeastwithagip/
SAVED https://creativecommons.org/2004/03/26/creativecommonsexpandingtoaustraliaandjordan/
SAVED https://creativecommons.org/2004/03/26/dadaimccodebaseusedbyindependentmediacenterssupportscc/
SAVED https://creativecommons.org/2004/03/26/winksiteaddscctomobileblogging/
SAVED https://creativecommons.org/2004/03/29/chicagotribune/
SAVED https://creativecommons.org/2004/03/29/internethelpingrecordsales/
SAVED https://creativecommons.org/2004/03/29/translatingcreativecommonsanimations/
SAVED https://creativecommons.org/2004/03/30/holycowaccpsa/
SAVED https://creativecommons.org/2004/03/30/ccremixmusiclisarein/
SAVED https://creativecommons.org/2004/03/30/autresdirectionsinmusic/
SAVED https://creativecommons.org/2004/03/31/squarespacewebsiteserviceccenabled/
SAVED https://creativecommons.org/2004/03/31/pointerstopublicdomainsites/
SAVED https://creativecommons.org/2004/03/31/creativecommonslauncheslegalmusicsharingandsearch/
SAVED https://creativecommons.org/2004/04/01/publicdomainacquired/
SAVED https://creativecommons.org/2004/04/01/vibgyor/
SAVED https://creativecommons.org/2004/04/02/natureopenaccessdebate/
SAVED https://creativecommons.org/2004/04/05/woodyguthriefreeculture/
SAVED https://creativecommons.org/2004/04/06/creativecommonsexpandstogermanywiththeinstituteforinformationlawattheuniversityofkarlsruheth/
SAVED https://creativecommons.org/2004/04/06/playingthewebsmusiconwebjay/
SAVED https://creativecommons.org/2004/04/07/everyoneinsilico/
SAVED https://creativecommons.org/2004/04/07/timesuk/
SAVED https://creativecommons.org/2004/04/09/bbcnews-2/
SAVED https://creativecommons.org/2004/04/09/newyorktimes-2/
SAVED https://creativecommons.org/2004/04/09/digitalmediaeurope/
SAVED https://creativecommons.org/2004/04/09/telltaleweeklysaudiobooks/
SAVED https://creativecommons.org/2004/04/09/howhardisittoputabookonlinelegally/
SAVED https://creativecommons.org/2004/04/11/booksonmp3downandoutinthemagickingdom/
SAVED https://creativecommons.org/2004/04/11/thebotsareallright/
SAVED https://creativecommons.org/2004/04/12/rickprelingerinthenyt/
SAVED https://creativecommons.org/2004/04/12/shortnoticemusicmetadatasummit/
SAVED https://creativecommons.org/2004/04/13/greatcopyrightarticleatmindjack/
SAVED https://creativecommons.org/2004/04/13/schoolofrock/
SAVED https://creativecommons.org/2004/04/13/theglobeandmail-2/
SAVED https://creativecommons.org/2004/04/14/stockstockfilmfestival/
SAVED https://creativecommons.org/2004/04/14/dutchnationalarchives/
SAVED https://creativecommons.org/2004/04/14/newblogselloutcentral/
SAVED https://creativecommons.org/2004/04/14/mainstreammashups/
SAVED https://creativecommons.org/2004/04/15/9beetstretch/
SAVED https://creativecommons.org/2004/04/19/mediaarcheology/
SAVED https://creativecommons.org/2004/04/19/washingtonpost-4/
SAVED https://creativecommons.org/2004/04/19/canberratimesaustralia/
SAVED https://creativecommons.org/2004/04/19/dailyminernewskenoraontario/
SAVED https://creativecommons.org/2004/04/19/letyourfansknowtheywontgetsued/
SAVED https://creativecommons.org/2004/04/19/icommonsedu/
SAVED https://creativecommons.org/2004/04/20/ccremixmusicopsoundradio/
SAVED https://creativecommons.org/2004/04/21/theoryandpracticeofonlinelearning/
SAVED https://creativecommons.org/2004/04/21/oyezputtingcurrentcasesonline/
SAVED https://creativecommons.org/2004/04/21/thetimestheyareachangin/
SAVED https://creativecommons.org/2004/04/21/echoconferenceberlin/
SAVED https://creativecommons.org/2004/04/22/atripconferenceutrecht/
SAVED https://creativecommons.org/2004/04/22/givingitawayforfunandprofit/
SAVED https://creativecommons.org/2004/04/23/translationlicensediscussionstartssoon/
SAVED https://creativecommons.org/2004/04/24/magnatuneonirateradio/
SAVED https://creativecommons.org/2004/04/26/agnulamusiclibre/
SAVED https://creativecommons.org/2004/04/26/icommonsprogress/
SAVED https://creativecommons.org/2004/04/26/ilforno/
SAVED https://creativecommons.org/2004/04/27/settimanadelleliberta/
SAVED https://creativecommons.org/2004/04/28/openclipartproject/
SAVED https://creativecommons.org/2004/04/28/audioscrobbler/
SAVED https://creativecommons.org/2004/04/29/mitandjackvalentihaveachat/
SAVED https://creativecommons.org/2004/04/30/themetaphysician/
SAVED https://creativecommons.org/2004/05/01/remixcontestjimsbigego/
SAVED https://creativecommons.org/2004/05/02/expofortheartist/
SAVED https://creativecommons.org/2004/05/03/pewmusiciansurvey/
SAVED https://creativecommons.org/2004/05/03/pictureoftheeiffeltowerfornoncommercialuse/
SAVED https://creativecommons.org/2004/05/04/internationaljournalistsnetwork/
SAVED https://creativecommons.org/2004/05/04/swissactionfilm/
SAVED https://creativecommons.org/2004/05/04/dmusicofferscreativecommonslicensestoitsuserbaseof300000/
SAVED https://creativecommons.org/2004/05/04/newnamesguestbloggers/
SAVED https://creativecommons.org/2004/05/04/creativecommonswinsmajoraward/
SAVED https://creativecommons.org/2004/05/05/planetspreadsheet/
SAVED https://creativecommons.org/2004/05/06/drumsanewp2pidea/
SAVED https://creativecommons.org/2004/05/06/onlinemusicsellinglikehotcakes/
SAVED https://creativecommons.org/2004/05/06/creativecommonslicensedjournalonline/
SAVED https://creativecommons.org/2004/05/07/surj/
SAVED https://creativecommons.org/2004/05/07/bluejakeandsatanslaundromat/
SAVED https://creativecommons.org/2004/05/11/mtvsnewmashupbootlegtvshowmtvmash/
SAVED https://creativecommons.org/2004/05/12/acccnycw3c/
SAVED https://creativecommons.org/2004/05/12/opensourceandfreesoftwareconceptscontroversiesandsolutions/
SAVED https://creativecommons.org/2004/05/12/fraywinsawebby/
SAVED https://creativecommons.org/2004/05/12/charttoppingdonaldrumsfeldandhispoetry/
SAVED https://creativecommons.org/2004/05/12/business20/
SAVED https://creativecommons.org/2004/05/12/newsforge/
SAVED https://creativecommons.org/2004/05/12/pcworld/
SAVED https://creativecommons.org/2004/05/14/freecultureatilaw/
SAVED https://creativecommons.org/2004/05/18/pixagogosupportscreativecommons/
SAVED https://creativecommons.org/2004/05/18/findingcreativecommonsinalltheweirdestplaces/
SAVED https://creativecommons.org/2004/05/18/thehollywoodouroboros/
SAVED https://creativecommons.org/2004/05/19/creativecommonsmovingimageconteststaffpicks/
SAVED https://creativecommons.org/2004/05/19/runandnothingseveredyet/
SAVED https://creativecommons.org/2004/05/20/defamer/
SAVED https://creativecommons.org/2004/05/21/newfourstonesalbum/
SAVED https://creativecommons.org/2004/05/21/ripmixburningdvdplayers/
SAVED https://creativecommons.org/2004/05/24/derivativeworksandeffectsonbooksales/
SAVED https://creativecommons.org/2004/05/25/serendipitybloggingapplicationsupportscreativecommons/
SAVED https://creativecommons.org/2004/05/25/jimsbigegosweetensthedealbeonnpr/
SAVED https://creativecommons.org/2004/05/25/dmusicsupportscreativecommonsandembedsmp3files/
SAVED https://creativecommons.org/2004/05/25/announcingandexplainingournew20licenses/
SAVED https://creativecommons.org/2004/05/25/thewaythemusicdied/
SAVED https://creativecommons.org/2004/05/26/musiclicensingandamericanidol/
SAVED https://creativecommons.org/2004/05/27/finnishcclicence/
SAVED https://creativecommons.org/2004/05/27/thisweekinamateurradio/
SAVED https://creativecommons.org/2004/05/27/remixingcreativity/
SAVED https://creativecommons.org/2004/05/28/metadatatuneup/
SAVED https://creativecommons.org/2004/06/02/ccfeaturedatibiblio/
SAVED https://creativecommons.org/2004/06/02/ccbrazil/
SAVED https://creativecommons.org/2004/06/02/bbcopensuptocc/
SAVED https://creativecommons.org/2004/06/03/panoramaephemera/
SAVED https://creativecommons.org/2004/06/04/recombobrazil/
SAVED https://creativecommons.org/2004/06/06/copyrightandthedeathofpublicenemyssound/
SAVED https://creativecommons.org/2004/06/07/brazilrecap/
SAVED https://creativecommons.org/2004/06/07/harrypotterandwizardpeople/
SAVED https://creativecommons.org/2004/06/07/garagebandaddscreativecommons/
SAVED https://creativecommons.org/2004/06/07/macworlduk/
SAVED https://creativecommons.org/2004/06/07/bostonglobe/
SAVED https://creativecommons.org/2004/06/07/wiredmagazine-2/
SAVED https://creativecommons.org/2004/06/07/wirednews-9/
SAVED https://creativecommons.org/2004/06/07/worldscoolestman/
SAVED https://creativecommons.org/2004/06/09/natureonopenaccesspublishing/
SAVED https://creativecommons.org/2004/06/11/cccommunity/
SAVED https://creativecommons.org/2004/06/11/creativecommonsgermanlicensesnowavailable/
SAVED https://creativecommons.org/2004/06/11/germanlicenseslaunched/
SAVED https://creativecommons.org/2004/06/14/naropacollection/
SAVED https://creativecommons.org/2004/06/14/internationalheraldtribune/
SAVED https://creativecommons.org/2004/06/15/macjamsaddscreativecommons/
SAVED https://creativecommons.org/2004/06/15/moviesformusiccontest/
SAVED https://creativecommons.org/2004/06/15/upcomingconferenceonfairuse/
SAVED https://creativecommons.org/2004/06/16/icommonsipress/
SAVED https://creativecommons.org/2004/06/16/chooselicensewebintegrationupdates/
SAVED https://creativecommons.org/2004/06/16/towardsaglobalpeoplesculture/
SAVED https://creativecommons.org/2004/06/18/ccnetherlands/
SAVED https://creativecommons.org/2004/06/18/faircopyletsyourfansmakeyoumoney/
SAVED https://creativecommons.org/2004/06/19/ccremixmusicsimpleflower/
SAVED https://creativecommons.org/2004/06/19/creativecommonsaweddingbeneficiary/
SAVED https://creativecommons.org/2004/06/19/ccsaver/
SAVED https://creativecommons.org/2004/06/19/centerforcooperativeresearch/
SAVED https://creativecommons.org/2004/06/19/presidentbushpublicdomainaudioproject/
SAVED https://creativecommons.org/2004/06/22/xmpembeddingforpdflatex/
SAVED https://creativecommons.org/2004/06/23/streetmemes/
SAVED https://creativecommons.org/2004/06/23/afewselectphotosfromsoftwarelivre/
SAVED https://creativecommons.org/2004/06/23/spaceshiponeeventrecollections/
SAVED https://creativecommons.org/2004/06/23/wilcopaysforspycasts/
SAVED https://creativecommons.org/2004/06/24/fixwebmultimedia/
SAVED https://creativecommons.org/2004/06/24/ccmp3guitagger/
SAVED https://creativecommons.org/2004/06/25/ccsearchplugins/
SAVED https://creativecommons.org/2004/06/26/wicketcool/
SAVED https://creativecommons.org/2004/06/28/whyfreeforcommercialuse/
SAVED https://creativecommons.org/2004/06/28/gnomelonghorntigerandccmetadata/
SAVED https://creativecommons.org/2004/06/30/insacramentotomorrow/
SAVED https://creativecommons.org/2004/06/30/flickraddscreativecommonssupport/
SAVED https://creativecommons.org/2004/06/30/mozcc080fastermorefetching/
SAVED https://creativecommons.org/2004/06/30/wikipediapublishingccmetadata/
SAVED https://creativecommons.org/2004/06/30/davekimandjamesgrimmelmann/
SAVED https://creativecommons.org/2004/06/30/mobloguk/
SAVED https://creativecommons.org/2004/06/30/openmediastreamingwithccmetadata/
SAVED https://creativecommons.org/2004/07/01/welcomenathanyergler/
SAVED https://creativecommons.org/2004/07/01/djspookysnewbookrhythmscience/
SAVED https://creativecommons.org/2004/07/02/australiacreativeresourceonline/
SAVED https://creativecommons.org/2004/07/02/awikipediaoffreeculture/
SAVED https://creativecommons.org/2004/07/04/michaelmoorepiratemyfilmplease/
SAVED https://creativecommons.org/2004/07/06/dotherecomboinbrazilnow/
SAVED https://creativecommons.org/2004/07/06/miscegenationremixed/
SAVED https://creativecommons.org/2004/07/07/newbooksundercclicenses/
SAVED https://creativecommons.org/2004/07/07/acombinationofinnovationandinfringement/
SAVED https://creativecommons.org/2004/07/07/thebuildingblocksofculture/
SAVED https://creativecommons.org/2004/07/08/flickraddsccmobloggingforanyweblog/
SAVED https://creativecommons.org/2004/07/09/shareyourpoliticswhatevertheircolor/
SAVED https://creativecommons.org/2004/07/09/commonersightingsthisweekend/
SAVED https://creativecommons.org/2004/07/09/mozcc081asmallnumberwithbigperformance/
SAVED https://creativecommons.org/2004/07/09/collaborationacrossspaceandaweebitoftime/
SAVED https://creativecommons.org/2004/07/09/underbunnysphotos/
SAVED https://creativecommons.org/2004/07/12/howonearthwasinominatedforagrammy/
SAVED https://creativecommons.org/2004/07/13/itmanagersjournal/
SAVED https://creativecommons.org/2004/07/13/stereophilemagazine/
SAVED https://creativecommons.org/2004/07/13/managinginformation/
SAVED https://creativecommons.org/2004/07/13/torontostar/
SAVED https://creativecommons.org/2004/07/13/spikedit/
SAVED https://creativecommons.org/2004/07/13/zdnet/
SAVED https://creativecommons.org/2004/07/13/centredesmediasalternatifsduquebec/
SAVED https://creativecommons.org/2004/07/13/seattlepostintelligencer-2/
SAVED https://creativecommons.org/2004/07/13/adtmagazine/
SAVED https://creativecommons.org/2004/07/13/publicradioexchange/
SAVED https://creativecommons.org/2004/07/13/wirednews-10/
SAVED https://creativecommons.org/2004/07/13/registeruk/
SAVED https://creativecommons.org/2004/07/14/anewsourceforyourvalidation/
SAVED https://creativecommons.org/2004/07/15/doyoucodeswitchyetanotherreasontogosomerightsreserved/
SAVED https://creativecommons.org/2004/07/15/loureedlovesremixes/
SAVED https://creativecommons.org/2004/07/15/dotherecomboinbrazilnowagain/
SAVED https://creativecommons.org/2004/07/16/movingandcopyright/
SAVED https://creativecommons.org/2004/07/16/internationalprivatelaw/
SAVED https://creativecommons.org/2004/07/17/makeanythingonearthaderivativework/
SAVED https://creativecommons.org/2004/07/20/ericeldredinthebostonglobe/
SAVED https://creativecommons.org/2004/07/21/flickrfeaturedcommoner/
SAVED https://creativecommons.org/2004/07/22/artmobsinslate/
SAVED https://creativecommons.org/2004/07/24/moltbe/
SAVED https://creativecommons.org/2004/07/26/movinginwithosaf/
SAVED https://creativecommons.org/2004/07/26/musicianslargeandsmalloninternetdownloading/
SAVED https://creativecommons.org/2004/07/27/ccatoscon/
SAVED https://creativecommons.org/2004/07/27/mozccupdatedupgradeencouraged/
SAVED https://creativecommons.org/2004/07/27/lessigsfreebookstillrackingupthesales/
SAVED https://creativecommons.org/2004/07/27/fairuseinaction/
SAVED https://creativecommons.org/2004/07/27/jessamynsconventionblogging/
SAVED https://creativecommons.org/2004/07/30/seemsfairshareandenjoy/
SAVED https://creativecommons.org/2004/08/03/wethemedialaunchpartied/
SAVED https://creativecommons.org/2004/08/03/licensetomural/
SAVED https://creativecommons.org/2004/08/03/jamesharrycom/
SAVED https://creativecommons.org/2004/08/04/wethemediareleased/
SAVED https://creativecommons.org/2004/08/05/thefilesharingexperiment/
SAVED https://creativecommons.org/2004/08/05/copyrightsuffersintradeagreement/
SAVED https://creativecommons.org/2004/08/06/interviewwithwikipediafounder/
SAVED https://creativecommons.org/2004/08/06/musiciansontheinduceact/
SAVED https://creativecommons.org/2004/08/06/creativecommonsandtheplains/
SAVED https://creativecommons.org/2004/08/10/collagemania/
SAVED https://creativecommons.org/2004/08/11/freeonlinemusicboomsassoundclickofferscreativecommonslicenses/
SAVED https://creativecommons.org/2004/08/12/30000songslicensedonsoundclickinonemonth/
SAVED https://creativecommons.org/2004/08/12/openaudiobooksproject/
SAVED https://creativecommons.org/2004/08/12/livemodern/
SAVED https://creativecommons.org/2004/08/13/dangillmorinterviewup/
SAVED https://creativecommons.org/2004/08/16/announcingthecommonwealth/
SAVED https://creativecommons.org/2004/08/17/cconseybolddrmpanel/
SAVED https://creativecommons.org/2004/08/19/wiredpresentsacreativecommonsbenefitinnycsept21st/
SAVED https://creativecommons.org/2004/08/19/newzealandsdigitalstrategy/
SAVED https://creativecommons.org/2004/08/19/industryanalystsreleasinglicensedwhitepapers/
SAVED https://creativecommons.org/2004/08/19/someclarificationsaboutthecommonwealthlist/
SAVED https://creativecommons.org/2004/08/19/learningphoto/
SAVED https://creativecommons.org/2004/08/20/creativecommonsinsweden/
SAVED https://creativecommons.org/2004/08/24/shipwreckcentral/
SAVED https://creativecommons.org/2004/08/25/somebodypleasetellbjorkaboutcreativecommons/
SAVED https://creativecommons.org/2004/08/31/liberatedgames/
SAVED https://creativecommons.org/2004/09/02/freedomofinformationandcopyright/
SAVED https://creativecommons.org/2004/09/03/ourupdatedsearch/
SAVED https://creativecommons.org/2004/09/03/imminentlauncheventsintaiwanandaustria/
SAVED https://creativecommons.org/2004/09/08/jesusrocks/
SAVED https://creativecommons.org/2004/09/10/gnomoradioonslashdot/
SAVED https://creativecommons.org/2004/09/10/freeculturelive/
SAVED https://creativecommons.org/2004/09/11/aweekendtripwhereidonthavetoexplainmyjob/
SAVED https://creativecommons.org/2004/09/13/inarizona/
SAVED https://creativecommons.org/2004/09/13/developingnationslicenselaunched/
SAVED https://creativecommons.org/2004/09/13/developingnationscopyrightlicensefreescreativityacrossthedigitaldivide/
SAVED https://creativecommons.org/2004/09/14/iratediscoverieswilliambrooksandmagnatune/
SAVED https://creativecommons.org/2004/09/15/politicalexpressionandcopyright/
SAVED https://creativecommons.org/2004/09/15/creativecommonsapplaudsthereleaseofpoliticalfilmfootageonpeertopeer/
SAVED https://creativecommons.org/2004/09/15/davidbyrneandgilbertogilinconcertatthetownhalltobenefitcreativecommons/
SAVED https://creativecommons.org/2004/09/17/searchingforcreativecommonsonyahoo/
SAVED https://creativecommons.org/2004/09/20/creativecommonsbenefitconcertwebcast/
SAVED https://creativecommons.org/2004/09/23/greatconcertandnewsofupdates/
SAVED https://creativecommons.org/2004/09/24/wecanworkitout/
SAVED https://creativecommons.org/2004/09/26/gilbertogilanddavidbyrneconcertwallstreetjournalandnewyorktimes/
SAVED https://creativecommons.org/2004/09/26/byrnegilwiredcreativecommonsliberationfrance/
SAVED https://creativecommons.org/2004/09/27/openaccessculture/
SAVED https://creativecommons.org/2004/09/27/wallstreetjournalarticle/
SAVED https://creativecommons.org/2004/09/28/creativecommonsinnewyork/
SAVED https://creativecommons.org/2004/09/28/wiredconcertandcdastudyincollaboration/
SAVED https://creativecommons.org/2004/09/28/wiredcdstereophilecoverage/
SAVED https://creativecommons.org/2004/09/28/newyorkweekifp/
SAVED https://creativecommons.org/2004/09/28/speakingofindependentfilmcopyrighttriggerstreetkevinspacey/
SAVED https://creativecommons.org/2004/09/28/thewiredconcertcovertunes/
SAVED https://creativecommons.org/2004/09/29/pixies/
SAVED https://creativecommons.org/2004/09/29/lookingforwardcreativecommonsrecallsextraordinaryweek/
SAVED https://creativecommons.org/2004/09/29/spainupnext/
SAVED https://creativecommons.org/2004/09/29/thewiredconcertatestimonial/
SAVED https://creativecommons.org/2004/09/30/pressbonanza/
SAVED https://creativecommons.org/2004/09/30/athewlett/
SAVED https://creativecommons.org/2004/10/01/davidbyrnesjournal/
SAVED https://creativecommons.org/2004/10/01/wellhowdidigethere/
SAVED https://creativecommons.org/2004/10/01/wiredcdgoingforward/
SAVED https://creativecommons.org/2004/10/01/browsingandsearchingforlicensedphotosatflickr/
SAVED https://creativecommons.org/2004/10/01/clonecontest/
SAVED https://creativecommons.org/2004/10/01/findtheidiophone/
SAVED https://creativecommons.org/2004/10/02/themacobserver/
SAVED https://creativecommons.org/2004/10/02/theottawacitizen/
SAVED https://creativecommons.org/2004/10/02/pcworld-2/
SAVED https://creativecommons.org/2004/10/02/eweek/
SAVED https://creativecommons.org/2004/10/02/p2pnet/
SAVED https://creativecommons.org/2004/10/02/digitaldividenetwork/
SAVED https://creativecommons.org/2004/10/02/cnetnewscom-3/
SAVED https://creativecommons.org/2004/10/02/stereophilemagazine-2/
SAVED https://creativecommons.org/2004/10/02/thehindubusinessline/
SAVED https://creativecommons.org/2004/10/02/newyorktimes-3/
SAVED https://creativecommons.org/2004/10/02/linuxinsider/
SAVED https://creativecommons.org/2004/10/02/bbcnews-3/
SAVED https://creativecommons.org/2004/10/02/dailytrojan/
SAVED https://creativecommons.org/2004/10/02/bostonglobe-2/
SAVED https://creativecommons.org/2004/10/02/onlinejournalismreview/
SAVED https://creativecommons.org/2004/10/02/slashdot-2/
SAVED https://creativecommons.org/2004/10/02/wallstreetjournal-2/
SAVED https://creativecommons.org/2004/10/02/rollingstone/
SAVED https://creativecommons.org/2004/10/02/newsforge-2/
SAVED https://creativecommons.org/2004/10/04/piracyproof/
SAVED https://creativecommons.org/2004/10/05/copyrightandtheusfederalgovt/
SAVED https://creativecommons.org/2004/10/05/thewiredconcertandcdnewsweekmsnbc/
SAVED https://creativecommons.org/2004/10/06/spanishandcanadiancreativecommonslicensesnowavailable/
SAVED https://creativecommons.org/2004/10/06/creativecommonssouthafricaflourishing/
SAVED https://creativecommons.org/2004/10/06/nowhumanreadableinmanylanguages/
SAVED https://creativecommons.org/2004/10/06/barcelonaincreativecommonsmode/
SAVED https://creativecommons.org/2004/10/07/mashingissoeasy/
SAVED https://creativecommons.org/2004/10/07/creativecommonseh/
SAVED https://creativecommons.org/2004/10/09/thewiredcdfuturetense/
SAVED https://creativecommons.org/2004/10/10/associatedpressoncreativecommons/
SAVED https://creativecommons.org/2004/10/11/artnotlawanewradioprogram/
SAVED https://creativecommons.org/2004/10/12/findinglicensedcontent/
SAVED https://creativecommons.org/2004/10/14/pricklyparadigmpressreleasesitsbacklistunderacreativecommonslicense/
SAVED https://creativecommons.org/2004/10/14/buildingonthepast/
SAVED https://creativecommons.org/2004/10/14/creativecommonsincanadaandspain/
SAVED https://creativecommons.org/2004/10/15/thewiredcdmtvnews/
SAVED https://creativecommons.org/2004/10/18/embeddedlicenselookup/
SAVED https://creativecommons.org/2004/10/18/p2ppoliticsorg/
SAVED https://creativecommons.org/2004/10/19/southafricanandbelgiandraftlicensesnowavailableforcomment/
SAVED https://creativecommons.org/2004/10/19/newdesignforcreativecommons/
SAVED https://creativecommons.org/2004/10/19/thewiredcdearplug/
SAVED https://creativecommons.org/2004/10/20/thewiredcdfinalistforbillboarddigitalentertainmentawards/
SAVED https://creativecommons.org/2004/10/20/whoholdsthecopyrighttotheuniverse/
SAVED https://creativecommons.org/2004/10/21/helpuscraftasimplemessage/
SAVED https://creativecommons.org/2004/10/21/nealstephensononcreativecommons/
SAVED https://creativecommons.org/2004/10/21/remixradioshowthissundayinsanfrancisco/
SAVED https://creativecommons.org/2004/10/23/thewiredcdyeswehavearrived/
SAVED https://creativecommons.org/2004/10/25/knittyreleasescreativecommonslicensedissue/
SAVED https://creativecommons.org/2004/10/25/zeitschriftfuerrechtspolitikzrp/
SAVED https://creativecommons.org/2004/10/25/freecultureorgbringsundeadartbacktolife/
SAVED https://creativecommons.org/2004/10/25/todobeforelisteningtowiredcdthecreativeremix/
SAVED https://creativecommons.org/2004/10/26/thewiredcdthetalkofthenation/
SAVED https://creativecommons.org/2004/10/27/commongnomes/
SAVED https://creativecommons.org/2004/10/27/thewiredcdwhattheartiststhink/
SAVED https://creativecommons.org/2004/10/27/thewiredcdontheairrightnow/
SAVED https://creativecommons.org/2004/10/28/thewiredcdnprrecordingisup/
SAVED https://creativecommons.org/2004/10/28/thewiredcdfeaturedonendgadget/
SAVED https://creativecommons.org/2004/10/28/djheaventheremixhotel/
SAVED https://creativecommons.org/2004/10/29/killerccappthepublisherbetaversion/
SAVED https://creativecommons.org/2004/11/04/thewiredcdgoinglegit/
SAVED https://creativecommons.org/2004/11/08/thewiredcdthecalcuttatelegraph/
SAVED https://creativecommons.org/2004/11/08/billboardawards/
SAVED https://creativecommons.org/2004/11/08/californialawyersforthearts/
SAVED https://creativecommons.org/2004/11/08/autobiographyundercreativecommonslicense/
SAVED https://creativecommons.org/2004/11/08/minnesotalandofmyfavoriterockers/
SAVED https://creativecommons.org/2004/11/08/whispers/
SAVED https://creativecommons.org/2004/11/09/shouldiripthis/
SAVED https://creativecommons.org/2004/11/09/recentpresslatimesandsjmercury/
SAVED https://creativecommons.org/2004/11/30/creativecommonsparadox/
SAVED https://creativecommons.org/2004/11/30/anopensourcelicenseforeducation/
SAVED https://creativecommons.org/2004/11/10/npronpoliticalcopyright/
SAVED https://creativecommons.org/2004/11/30/copyrightsharinggroupdelvesintoscience/
SAVED https://creativecommons.org/2004/11/11/wiredcdtracksonlineandccmixterournewremixcommunitysitelaunched-2/
SAVED https://creativecommons.org/2004/11/12/thewiredcdthebuzzdownunder/
SAVED https://creativecommons.org/2004/11/30/turningbackthecopyrightclock/
SAVED https://creativecommons.org/2004/11/15/saloncomshortstoryundercreativecommonslicense/
SAVED https://creativecommons.org/2004/11/16/newyorkeronthetrickynatureofcopyright/
SAVED https://creativecommons.org/2004/11/17/developingforthecommons/
SAVED https://creativecommons.org/2004/11/17/30millionnewspaperstobeputonline/
SAVED https://creativecommons.org/2004/10/17/newwebsiteputs2004campaignmediainthepeopleshands/
SAVED https://creativecommons.org/2004/10/19/opencopyrightlicensediscussiontostartinbelgium/
SAVED https://creativecommons.org/2004/10/19/creativecommonssouthafricadraftsnowavailable/
SAVED https://creativecommons.org/2004/10/21/remixradioshowtodebutinthebayareathissunday2pmonkalw/
SAVED https://creativecommons.org/2004/11/10/creativecommonspoisedfornewgrowthphasewithkeynewhiresandexpansionintoscience/
SAVED https://creativecommons.org/2004/11/30/freemp3sandthecreativecommons/
SAVED https://creativecommons.org/2004/11/30/musiciansarethieves/
SAVED https://creativecommons.org/2004/11/18/launchinfrance/
SAVED https://creativecommons.org/2004/11/18/oneartistsviewoffilesharing/
SAVED https://creativecommons.org/2004/11/18/thewiredcdmp3com/
SAVED https://creativecommons.org/2004/11/19/engadgetonmashupscallfortutorials/
SAVED https://creativecommons.org/2004/11/22/creativecommonscopyrighttoolsnowavailableinfrance/
SAVED https://creativecommons.org/2004/11/22/creativecommonsuniquesearchtoolnowintegratedintofirefox10/
SAVED https://creativecommons.org/2004/11/30/adaptivepathhelpsmovecopyrightpermissionsintothe21st/
SAVED https://creativecommons.org/2004/11/22/creativecommonsfrancelicensesnowavailable/
SAVED https://creativecommons.org/2004/11/22/anothernonevillabelpositron/
SAVED https://creativecommons.org/2004/11/22/rediscoverculturewithfirefoxccsearch/
SAVED https://creativecommons.org/2004/11/22/sfmomaandtheuniversityofmaine/
SAVED https://creativecommons.org/2004/11/30/mozillafirefoxbrowserblazesacrosstheglobe/
SAVED https://creativecommons.org/2004/11/30/updatedversionofcreativecommonssearchenginenowavailable/
SAVED https://creativecommons.org/2004/11/30/creativecommonssearch/
SAVED https://creativecommons.org/2004/11/24/thanksgiving/
SAVED https://creativecommons.org/2004/11/24/ccpublisherupdatednowwithmorecrunchymetadata/
SAVED https://creativecommons.org/2004/11/24/perditionremixcontest/
SAVED https://creativecommons.org/2004/11/24/opsoundpartycbgbnycdecember2/
SAVED https://creativecommons.org/2004/11/24/flashaftereffectsvideodesignpersonwanted/
SAVED https://creativecommons.org/2004/11/30/creativecommonssearchengineintegratedintofirefox10/
SAVED https://creativecommons.org/2004/11/25/bigsonicsharing/
SAVED https://creativecommons.org/2004/11/25/inquirerdoesmagnatune/
SAVED https://creativecommons.org/2004/11/26/wedontneednoexploitation/
SAVED https://creativecommons.org/2004/11/30/cdfruitofnewmusiclicense/
SAVED https://creativecommons.org/2004/11/29/thewiredcdlavanguardia/
SAVED https://creativecommons.org/2004/11/30/letthemusicplayandbeshared/
SAVED https://creativecommons.org/2004/11/29/lacreationenpartage/
SAVED https://creativecommons.org/2004/11/29/w3c10/
SAVED https://creativecommons.org/2004/11/30/musicloversinvitedtomash/
SAVED https://creativecommons.org/2004/12/03/untoldstories/
SAVED https://creativecommons.org/2004/12/06/ccpublisheritkeepsgettingbetter/
SAVED https://creativecommons.org/2004/12/06/31d1/
SAVED https://creativecommons.org/2004/12/06/ngophotos/
SAVED https://creativecommons.org/2004/12/06/pewinternetmusicsurvey/
SAVED https://creativecommons.org/2004/12/06/undeadart/
SAVED https://creativecommons.org/2004/12/07/mashuphowto/
SAVED https://creativecommons.org/2004/12/08/winksitegoescc/
SAVED https://creativecommons.org/2004/12/14/saythankyoutothepeoplewhomakecreativecommons/
SAVED https://creativecommons.org/2005/04/21/bringingthepasttolife/
SAVED https://creativecommons.org/2004/12/09/northerncaliforniaassociationoflawlibraries/
SAVED https://creativecommons.org/2005/04/21/winksitecreativecommonslicensedlibrarylaunchesdelivering/
SAVED https://creativecommons.org/2005/04/21/unlimitedsonghostingofferedformacmusicians-2/
SAVED https://creativecommons.org/2004/12/13/unlimitedsonghostingofferedformacmusicians/
SAVED https://creativecommons.org/2004/12/13/internetarchivesbrewsterkahleliveoncspantoday630pmet330pmpt/
SAVED https://creativecommons.org/2004/12/13/fragiledigitalmusicorfragilerights/
SAVED https://creativecommons.org/2004/12/13/newyearsresolutions2004howdwedo/
SAVED https://creativecommons.org/2004/12/13/thefineartofsamplingcontest/
SAVED https://creativecommons.org/2004/12/14/fashionmusicandthelaw/
SAVED https://creativecommons.org/2004/12/14/themainstreammashup/
SAVED https://creativecommons.org/2004/12/14/ccpeoplenathanyergler/
SAVED https://creativecommons.org/2004/12/14/elvisdidtowho/
SAVED https://creativecommons.org/2004/12/14/attentionnetworksyoucanusefreevideotoo/
SAVED https://creativecommons.org/2004/12/15/copyrightandattribution/
SAVED https://creativecommons.org/2004/12/16/cctorrenthosting/
SAVED https://creativecommons.org/2004/12/16/thefineartofsamplingcontest-2/
SAVED https://creativecommons.org/2004/12/16/happy2ndbirthdaycreativecommons/
SAVED https://creativecommons.org/2004/12/16/dukelawschoolsartsprojectmovingimagecontest/
SAVED https://creativecommons.org/2004/12/16/neuralit-2/
SAVED https://creativecommons.org/2004/12/17/ccbrazilthemovie/
SAVED https://creativecommons.org/2004/12/17/supportcreativecommons/
SAVED https://creativecommons.org/2004/12/17/creativeremixairinginseattleandchicago/
SAVED https://creativecommons.org/2004/12/18/drupalhandbookgoingcc/
SAVED https://creativecommons.org/2005/04/21/calltoshowscotlandshiddentreasuresonline/
SAVED https://creativecommons.org/2005/04/21/doesthelawfollowthedevelopmentofarts/
SAVED https://creativecommons.org/2005/04/21/excesscopyright/
SAVED https://creativecommons.org/2005/04/21/reviewing2004digitalmusicanddrm/
SAVED https://creativecommons.org/2005/04/21/examiningbittorrent/
SAVED https://creativecommons.org/2004/12/20/creativecommonslaunchesinbelgium/
SAVED https://creativecommons.org/2004/12/21/sciencecommonsinterview/
SAVED https://creativecommons.org/2005/04/21/fromthecampustothecommons/
SAVED https://creativecommons.org/2005/04/21/lindaseebachgoogleslibraryplanasmartmove/
SAVED https://creativecommons.org/2004/12/27/ccpublisher10/
SAVED https://creativecommons.org/2004/12/28/atourofopenaudio/
SAVED https://creativecommons.org/2004/12/29/ccpartyjan6sanfrancisco/
SAVED https://creativecommons.org/2004/12/29/staccato/
SAVED https://creativecommons.org/2004/12/29/sexandcashtheory/
SAVED https://creativecommons.org/2005/04/21/letamillionvideosbloomonline/
SAVED https://creativecommons.org/2005/04/21/thestateofmusic2004/
SAVED https://creativecommons.org/2005/04/21/contributeandusepublicdomainimages/
SAVED https://creativecommons.org/2005/04/21/boingboingmoblogukaddsfullcreativecommonslicensingwizard/
SAVED https://creativecommons.org/2005/04/21/techmustsurpasssmallpoliticsin2005/
SAVED https://creativecommons.org/2005/04/21/slashdotcreativecommonsforscience/
SAVED https://creativecommons.org/2005/01/02/walkingmanhattan/
SAVED https://creativecommons.org/2005/04/21/beastieboyschuckdencouragesamplingwithcontest/
SAVED https://creativecommons.org/2005/01/04/newtutorialsforcreativecommonstoolsplusp2p/
SAVED https://creativecommons.org/2005/04/21/profitpatentsandprogress/
SAVED https://creativecommons.org/2005/04/21/soundslamnews/
SAVED https://creativecommons.org/2005/04/21/tworemixcontestsfebruary12/
SAVED https://creativecommons.org/2005/04/21/inbriefu2ludacris/
SAVED https://creativecommons.org/2005/04/21/werecreativecommonistsbill/
SAVED https://creativecommons.org/2005/04/21/geeksoncspanpublishingforumtalksaboutwikisdoctorowand/
SAVED https://creativecommons.org/2005/01/09/responsetobillgates/
SAVED https://creativecommons.org/2005/01/09/leveragingpiracyabusinessstrategy/
SAVED https://creativecommons.org/2005/01/09/newyorktimesandmashupsyouleftoutsomething/
SAVED https://creativecommons.org/2005/04/21/theinadequaciesofcurrentcopyrightlaws/
SAVED https://creativecommons.org/2005/01/10/freeculturefestivalzagreb/
SAVED https://creativecommons.org/2005/01/11/wordpresscc/
SAVED https://creativecommons.org/2005/01/12/downloadcultureorg/
SAVED https://creativecommons.org/2005/01/12/invitationccgermanyandccaustrialicenceuptakenetworkevent/
SAVED https://creativecommons.org/2005/04/21/ibmpledges500patentstoosdevelopers/
SAVED https://creativecommons.org/2005/04/21/freesamplesgolegitwithnewcreativecommonssamplinglicences/
SAVED https://creativecommons.org/2005/01/12/patentlyopenscience/
SAVED https://creativecommons.org/2005/01/13/algoresciencecommons/
SAVED https://creativecommons.org/2005/01/13/londoncommons/
SAVED https://creativecommons.org/2005/01/15/creativecommonsataustralialaunch/
SAVED https://creativecommons.org/2005/04/21/newmusicgroupclaimsculturalrevolutionthroughcopyright/
SAVED https://creativecommons.org/2005/04/21/slashdotcreativecommonsremixcontest/
SAVED https://creativecommons.org/2005/01/18/prixarselectronicapictures2004/
SAVED https://creativecommons.org/2005/01/19/ccitalylaunchreport/
SAVED https://creativecommons.org/2005/01/19/australialaunchandriverboatcruise/
SAVED https://creativecommons.org/2005/01/20/cconthecharts/
SAVED https://creativecommons.org/2005/04/21/supremecourtaskedtoreversemusicsamplingcase/
SAVED https://creativecommons.org/2005/01/24/featuredcommonermagnatune/
SAVED https://creativecommons.org/2005/04/21/sendfreetoworkcreativecommonsbringscopyrightsintothe/
SAVED https://creativecommons.org/2005/04/21/lawmakersmustthinkglobalforiprsolutions/
SAVED https://creativecommons.org/2005/01/26/agreatscenefromicommons/
SAVED https://creativecommons.org/2005/01/26/atsundance/
SAVED https://creativecommons.org/2005/01/26/readytosharepretapartager/
SAVED https://creativecommons.org/2005/01/27/cbcradio3choosesccasatopissue/
SAVED https://creativecommons.org/2005/01/29/ripsamplemashcountdown/
SAVED https://creativecommons.org/2005/01/29/readlistenwatchbuckman/
SAVED https://creativecommons.org/2005/01/31/worldliveandlicensedweb/
SAVED https://creativecommons.org/2005/01/31/oreillylicensingbooklicensed/
SAVED https://creativecommons.org/2005/04/21/taxpayerspaytwiceforhealthresearch/
SAVED https://creativecommons.org/2005/04/21/osdlopensipadvicecentreforlinuxdevelopers/
SAVED https://creativecommons.org/2005/02/02/barbarakrugerandthepublicdomain/
SAVED https://creativecommons.org/2005/04/21/opensourcehelpsflickrsharephotos/
SAVED https://creativecommons.org/2005/02/08/ashortshortstory/
SAVED https://creativecommons.org/2005/04/21/aseamstressandalicense/
SAVED https://creativecommons.org/2005/04/21/entertainmentcompanymakesmoneybygivingitscreationsaway/
SAVED https://creativecommons.org/2005/04/21/askjeevestobuybloglines/
SAVED https://creativecommons.org/2005/02/08/buildingalowcoststudio/
SAVED https://creativecommons.org/2005/02/09/freespamfilteringforprogressivenonprofits/
SAVED https://creativecommons.org/2005/02/09/oursamplingcontestdeadlinesdrawingnear/
SAVED https://creativecommons.org/2005/02/15/webonlyartistnabsagrammyaward/
SAVED https://creativecommons.org/2005/02/16/fineartofsamplingcontestjudging/
SAVED https://creativecommons.org/2005/02/16/newsfromfloridafreeculture/
SAVED https://creativecommons.org/2005/02/16/cclicensedmicrosoftsite/
SAVED https://creativecommons.org/2005/02/18/howmanywebpageslinktoacclicense/
SAVED https://creativecommons.org/2005/02/25/licensedistribution/
SAVED https://creativecommons.org/2005/02/28/toomanyimages/
SAVED https://creativecommons.org/2005/03/02/fineartofsamplingcontestwinners/
SAVED https://creativecommons.org/2005/04/21/oreillyupdateslinuxdriverbook/
SAVED https://creativecommons.org/2005/03/03/lettertohypatia/
SAVED https://creativecommons.org/2005/04/21/findingfreecontentinthecreativecommons/
SAVED https://creativecommons.org/2005/03/04/wiredlivecd/
SAVED https://creativecommons.org/2005/03/05/creativecommonsonyahoonetrospective/
SAVED https://creativecommons.org/2005/03/07/creativecommonsinternshipopportunities/
SAVED https://creativecommons.org/2005/03/07/ccsearchindexbreakdown/
SAVED https://creativecommons.org/2005/04/21/ripmixburnlawsuit/
SAVED https://creativecommons.org/2005/04/21/filesharingdoesithavetobeasupremecourtcase/
SAVED https://creativecommons.org/2005/03/08/helpmediarightsfindmusicforfestival/
SAVED https://creativecommons.org/2005/03/09/realworldcreativecommons/
SAVED https://creativecommons.org/2005/03/09/ccsxsw/
SAVED https://creativecommons.org/2005/03/10/ccusb/
SAVED https://creativecommons.org/2005/04/21/amarokteamsupwithccwiredcdtocreateamaroklive/
SAVED https://creativecommons.org/2005/04/21/magnatunereleasingusbthumbdrivespreloadedwithmusic/
SAVED https://creativecommons.org/2005/04/21/multimediablogsbuildmomentum/
SAVED https://creativecommons.org/2005/04/21/nanoworldnanotechmaynotreachpoor/
SAVED https://creativecommons.org/2005/03/14/thesemanticweblive/
SAVED https://creativecommons.org/2005/04/21/creativecommonsisrewritingrulesofcopyright/
SAVED https://creativecommons.org/2005/04/21/understandingandavoidingsoftwarepatents/
SAVED https://creativecommons.org/2005/03/15/notesfromtheunderground/
SAVED https://creativecommons.org/2005/03/15/washingtonpostoncreativecommons/
SAVED https://creativecommons.org/2005/04/21/creativecommonsinthenews/
SAVED https://creativecommons.org/2005/04/21/creativecommonsdoingwellafteroneyear/
SAVED https://creativecommons.org/2005/04/21/creativecommonsisrewritingrulesofcopyright-2/
SAVED https://creativecommons.org/2005/04/21/creativecommonsdoingwellafteroneyear-2/
SAVED https://creativecommons.org/2005/04/21/ukgetsitsowncreativecommons/
SAVED https://creativecommons.org/2005/04/21/creativecommonscomestotheuk/
