SKIP robots https://markmanson.net/a-dust-over-india
SKIP robots https://markmanson.net/feedback-loop-from-hell
SKIP robots https://markmanson.net/joy-and-meaning
SKIP robots https://markmanson.net/worst-moments-of-your-life
SKIP robots https://markmanson.net/brazil
SKIP robots https://markmanson.net/flirting
SKIP robots https://markmanson.net/therapy
SKIP robots https://markmanson.net/std-guide
SKIP robots https://markmanson.net/three-loves-theory
SKIP robots https://markmanson.net/boring-ways-to-become-more-creative
SKIP robots https://markmanson.net/relationship-advice
SKIP robots https://markmanson.net/managing-your-mental-health
SKIP robots https://markmanson.net/shut-up-and-be-grateful
SKIP robots https://markmanson.net/no-you-cant-make-a-person-change
SKIP robots https://markmanson.net/the-point-is-to-stop
SKIP robots https://markmanson.net/why-you-shouldnt-trust-emotions
SKIP robots https://markmanson.net/youre-okay
SKIP robots https://markmanson.net/the-levels-of-eye-contact
SKIP robots https://markmanson.net/how-to-read-more-books
SKIP robots https://markmanson.net/why-we-stay-in-bad-relationships
SKIP robots https://markmanson.net/when-to-say-yes-and-how-to-say-no
SKIP robots https://markmanson.net/6-memoirs-that-will-make-you-think-differently-about-the-world
SKIP robots https://markmanson.net/5-books-that-explain-why-it-seems-the-world-is-so-fucked
SKIP robots https://markmanson.net/7-books
SKIP robots https://markmanson.net/5-random-books-i-didnt-expect-to-like-but-did
SKIP robots https://markmanson.net/response-to-will-smith-slap
SKIP robots https://markmanson.net/the-life-cycle-of-outrage
SKIP robots https://markmanson.net/how-trust-runs-the-world
SKIP robots https://markmanson.net/the-limits-of-belief
SKIP robots https://markmanson.net/3-life-lessons-from-will-smith
SKIP robots https://markmanson.net/wisdom
SKIP robots https://markmanson.net/the-paradox-of-tolerance
SKIP robots https://markmanson.net/still-single
SKIP robots https://markmanson.net/everyone-on-the-internet-is-wrong
SKIP robots https://markmanson.net/crazy-theories-that-might-be-true
SKIP robots https://markmanson.net/boundaries
SKIP robots https://markmanson.net/why-i-am-not-a-stoic
SKIP robots https://markmanson.net/sex-and-our-psychological-needs
SKIP robots https://markmanson.net/how-to-overcome-your-demons
SKIP robots https://markmanson.net/perfectionism
SKIP robots https://markmanson.net/how-to-get-better
SKIP robots https://markmanson.net/things-arent-as-bad
SKIP robots https://markmanson.net/how-to-wage-philosophical-warfare
SKIP robots https://markmanson.net/unintended-consequences
SKIP robots https://markmanson.net/shame
SKIP robots https://markmanson.net/you-are-not-alone
SKIP robots https://markmanson.net/logical-fallacies
SKIP robots https://markmanson.net/cognitive-biases-that-hurt-relationships
SKIP robots https://markmanson.net/who-wants-to-live-forever
SKIP robots https://markmanson.net/understanding-your-emotions
SKIP robots https://markmanson.net/healthy-relationship-habits
SKIP robots https://markmanson.net/long-distance-relationships
SKIP robots https://markmanson.net/why-people-cheat
SKIP robots https://markmanson.net/6-books-to-grow-from-your-pain
SKIP robots https://markmanson.net/forgiveness
SKIP robots https://markmanson.net/how-to-break-up-with-someone
SKIP robots https://markmanson.net/regret
SKIP robots https://markmanson.net/the-secret
SKIP robots https://markmanson.net/screw-finding-your-passion
SKIP robots https://markmanson.net/the-3-paradoxes-of-life
SKIP robots https://markmanson.net/self-esteem
SKIP robots https://markmanson.net/five-ideas-can-change-your-life
SKIP robots https://markmanson.net/5-relationship-books
SKIP robots https://markmanson.net/the-best-parts-of-travel
SKIP robots https://markmanson.net/self-discipline
SKIP robots https://markmanson.net/the-one-rule-for-life
SKIP robots https://markmanson.net/how-to-let-go
SKIP robots https://markmanson.net/read-fiction
SKIP robots https://markmanson.net/fear-of-missing-out
SKIP robots https://markmanson.net/how-to-grow-from-your-pain
SKIP robots https://markmanson.net/the-real-value-of-money
SKIP robots https://markmanson.net/when-to-break-up-with-someone
SKIP robots https://markmanson.net/how-to-become-a-better-learner
SKIP robots https://markmanson.net/self-improvement
SKIP robots https://markmanson.net/creative-advantages-of-ignorance
SKIP robots https://markmanson.net/paradox-of-success
SKIP robots https://markmanson.net/life-cheat-codes
SKIP robots https://markmanson.net/the-meaning-of-life
SKIP robots https://markmanson.net/what-real-friends-look-like
SKIP robots https://markmanson.net/do-we-ever-feel-we-have-enough
SKIP robots https://markmanson.net/life-skills
SKIP robots https://markmanson.net/future-of-self
SKIP robots https://markmanson.net/trust
SKIP robots https://markmanson.net/insecurity
SKIP robots https://markmanson.net/brazil_pt
SKIP robots https://markmanson.net/goals
SKIP robots https://markmanson.net/potty-mouth
SKIP robots https://markmanson.net/romance
SKIP robots https://markmanson.net/taught-in-school
SKIP robots https://markmanson.net/how-to-stop-procrastinating
SKIP robots https://markmanson.net/being-average
SKIP robots https://markmanson.net/four-stages-of-life
SKIP robots https://markmanson.net/not-giving-a-fuck
SKIP robots https://markmanson.net/risk
SKIP robots https://markmanson.net/5-life-lessons-5-years-traveling-world
SKIP robots https://markmanson.net/parents
SKIP robots https://markmanson.net/how-we-judge-others
SKIP robots https://markmanson.net/school
SKIP robots https://markmanson.net/wrong-about-everything
SKIP robots https://markmanson.net/9-subtle-lies-we-all-tell-ourselves
SKIP robots https://markmanson.net/measure-your-life
SKIP robots https://markmanson.net/being-special
SKIP robots https://markmanson.net/internet
SKIP robots https://markmanson.net/everything-you-need
SKIP robots https://markmanson.net/fuck-yes
SKIP robots https://markmanson.net/why-your-relationships-fail
SKIP robots https://markmanson.net/playing-guitar
SKIP robots https://markmanson.net/your-two-minds
SKIP robots https://markmanson.net/sexual-harassment
SKIP robots https://markmanson.net/the-prime-belief
SKIP robots https://markmanson.net/why-self-awareness-is-sexy
SKIP robots https://markmanson.net/10-things-most-americans-dont-know
SKIP robots https://markmanson.net/ken-wilber
SKIP robots https://markmanson.net/why-you-should-care-about-many-things
SKIP robots https://markmanson.net/how-to-quit-your-job-and-travel-the-world
SKIP robots https://markmanson.net/interviewing-like-a-boss
SKIP robots https://markmanson.net/the-zen-dilemma
SKIP robots https://markmanson.net/this-is-water
SKIP robots https://markmanson.net/stop-trying-to-change-yourself
SKIP robots https://markmanson.net/on-rock-music-and-writing
SKIP robots https://markmanson.net/you-cant-have-it-all
SKIP robots https://markmanson.net/how-to-grow-up
SKIP robots https://markmanson.net/personal-values
SKIP robots https://markmanson.net/3-core-components-of-a-healthy-relationship
SKIP robots https://markmanson.net/history-of-romance
SKIP robots https://markmanson.net/sex-education
SKIP robots https://markmanson.net/10-life-lessons-excel-30s
SKIP robots https://markmanson.net/4-modern-philosophy-books-you-should-read
SKIP robots https://markmanson.net/5-books-for-dealing-with-anxiety-and-depression
SKIP robots https://markmanson.net/5-common-beliefs
SKIP robots https://markmanson.net/5-massive-books
SKIP robots https://markmanson.net/6-books
SKIP robots https://markmanson.net/6-psychology-books-to-understand-yourself-and-others-better
SKIP robots https://markmanson.net/80-20-your-life
SKIP robots https://markmanson.net/analysis-paralysis
SKIP robots https://markmanson.net/are-you-an-emotional-vampire
SKIP robots https://markmanson.net/attachment-styles
SKIP robots https://markmanson.net/attract-women
SKIP robots https://markmanson.net/motivation
SKIP robots https://markmanson.net/are-you-not-entertained
SKIP robots https://markmanson.net/3-principles-for-a-better-life
SKIP robots https://markmanson.net/why-you-should-read-more-books
SKIP robots https://markmanson.net/social-media
SKIP robots https://markmanson.net/when-you-are-your-own-worst-enemy
SKIP robots https://markmanson.net/why-we-all-need-philosophy
SKIP robots https://markmanson.net/how-to-make-the-most-of-it
SKIP robots https://markmanson.net/why-you-should-quit-the-news
SKIP robots https://markmanson.net/10-important-lessons-from-the-2010s
SKIP robots https://markmanson.net/how-to-be-patient
SKIP robots https://markmanson.net/how-to-get-motivated
SKIP robots https://markmanson.net/most-people-are-good
SKIP robots https://markmanson.net/attention-diet
SKIP robots https://markmanson.net/lifelong-learning
SKIP robots https://markmanson.net/9-books-that-explain-how-the-world-works
SKIP robots https://markmanson.net/smartphones
SKIP robots https://markmanson.net/attention-economy
SKIP robots https://markmanson.net/why-you-fail
SKIP robots https://markmanson.net/how-to-overcome-loneliness
SKIP robots https://markmanson.net/reasons-to-get-married
SKIP robots https://markmanson.net/guide-to-modern-dating
SKIP robots https://markmanson.net/how-to-be-more-productive
SKIP robots https://markmanson.net/vulnerability-in-relationships
SKIP robots https://markmanson.net/why-dating-is-so-hard
SKIP robots https://markmanson.net/behind-the-scenes-documentary
SKIP robots https://markmanson.net/resilience
SKIP robots https://markmanson.net/how-to-be-confident
SKIP robots https://markmanson.net/unconventional-happiness
SKIP robots https://markmanson.net/how-to-make-better-life-decisions
SKIP robots https://markmanson.net/4-psychological-theories
SKIP robots https://markmanson.net/paradoxes-that-are-true
SKIP robots https://markmanson.net/be-patient
SKIP robots https://markmanson.net/being-an-asshole
SKIP robots https://markmanson.net/benefits-of-being-slightly-crazy
SKIP robots https://markmanson.net/benefits-of-meditation
SKIP robots https://markmanson.net/breakthrough-fallacy
SKIP robots https://markmanson.net/change-your-mind
SKIP robots https://markmanson.net/deal-with-conflict
SKIP robots https://markmanson.net/digital-nomad
SKIP robots https://markmanson.net/disney
SKIP robots https://markmanson.net/doubt
SKIP robots https://markmanson.net/dunning-kruger-effect
SKIP robots https://markmanson.net/everyone-is-the-same
SKIP robots https://markmanson.net/life-purpose
SKIP robots https://markmanson.net/life-lessons-from-2020
SKIP robots https://markmanson.net/how-to-deal-with-uncertainty
SKIP robots https://markmanson.net/the-once-in-a-lifetime-paradox
SKIP robots https://markmanson.net/limiting-beliefs
SKIP robots https://markmanson.net/pain-is-part-of-the-process
SKIP robots https://markmanson.net/why-i-quit-drinking-alcohol
SKIP robots https://markmanson.net/your-favorite-self-help-book-sucks
SKIP robots https://markmanson.net/why-you-should-have-fewer-opinions
SKIP robots https://markmanson.net/skills-matter-more-than-goals
SKIP robots https://markmanson.net/learn-a-foreign-language
SKIP robots https://markmanson.net/delayed-gratification
SKIP robots https://markmanson.net/4-ways-my-views-have-changed
SKIP robots https://markmanson.net/emotional-intelligence
SKIP robots https://markmanson.net/goal-setting
SKIP robots https://markmanson.net/dreams
SKIP robots https://markmanson.net/happiness-is-the-wrong-question
SKIP robots https://markmanson.net/why-happiness-is-overrated
SKIP robots https://markmanson.net/hidden-costs-of-happiness
SKIP robots https://markmanson.net/stop-trying-to-be-happy
SKIP robots https://markmanson.net/how-to-make-friends
SKIP robots https://markmanson.net/why-growth-requires-struggle
SKIP robots https://markmanson.net/best-personal-traits
SKIP robots https://markmanson.net/the-guide-to-being-miserable
SKIP robots https://markmanson.net/love
SKIP robots https://markmanson.net/narcissism
SKIP robots https://markmanson.net/pornography-can-ruin-your-sex-life
SKIP robots https://markmanson.net/self-awareness
SKIP robots https://markmanson.net/beginner-mindset
SKIP robots https://markmanson.net/trigger-warning
SKIP robots https://markmanson.net/hate-yourself
SKIP robots https://markmanson.net/114-books-reviewed-in-one-paragraph
SKIP robots https://markmanson.net/3-steps-to-becoming-great-at-anything
SKIP robots https://markmanson.net/how-to-stop-caring-about-what-people-think
SKIP robots https://markmanson.net/3-steps-to-stop-negative-thinking
SKIP robots https://markmanson.net/5-levels-of-understanding-yourself
SKIP robots https://markmanson.net/mastering-your-social-anxiety
SKIP robots https://markmanson.net/why-we-do-things-we-hate
SKIP robots https://markmanson.net/5-ways-to-get-rid-of-anxiety
SKIP robots https://markmanson.net/how-to-be-successful-in-life
SKIP robots https://markmanson.net/3-hard-truths-you-need-to-hear
SKIP robots https://markmanson.net/unfuck-your-life
SKIP robots https://markmanson.net/3-rules-for-life
SKIP robots https://markmanson.net/how-to-get-over-someone
SKIP robots https://markmanson.net/decision-making
SKIP robots https://markmanson.net/how-to-find-the-perfect-career
SKIP robots https://markmanson.net/5-levels-not-giving-a-fuck
SKIP robots https://markmanson.net/self-help
SKIP robots https://markmanson.net/best-nonfiction-books-to-read
SKIP robots https://markmanson.net/33-life-changing-books
SKIP robots https://markmanson.net/40-lessons-at-40
SKIP robots https://markmanson.net/minimalism
SKIP robots https://markmanson.net/habits
SKIP robots https://markmanson.net/responsibility-fault-fallacy
SKIP robots https://markmanson.net/how-to-make-your-own-luck
SKIP robots https://markmanson.net/principles-of-productivity
SKIP robots https://markmanson.net/how-to-conquer-your-biggest-fear
SKIP robots https://markmanson.net/how-to-be-happy
SKIP robots https://markmanson.net/the-backwards-law
SKIP robots https://markmanson.net/the-uncomfortable-truth
SKIP robots https://markmanson.net/5-mindsets-that-create-success
SKIP robots https://markmanson.net/how-to-find-the-one
SKIP robots https://markmanson.net/toxic-relationship-signs
SKIP robots https://markmanson.net/unconditional-love
SKIP robots https://markmanson.net/question
SKIP robots https://markmanson.net/how-to-change-your-life
SKIP robots https://markmanson.net/why-youre-so-unhappy
SKIP robots https://markmanson.net/compatibility-and-chemistry
SKIP robots https://markmanson.net/find-what-you-love
SKIP robots https://markmanson.net/how-i-quit-smoking
SKIP robots https://markmanson.net/surviving-my-20s
SKIP robots https://markmanson.net/how-to-give-advice
SKIP robots https://markmanson.net/
SKIP robots https://markmanson.net/editorial-process
SKIP robots https://markmanson.net/account
SKIP robots https://markmanson.net/log-in
SKIP robots https://markmanson.net/downloads
SKIP robots https://markmanson.net/articles
SKIP robots https://markmanson.net/downloads/personal-values-ebook
SKIP robots https://markmanson.net/downloads/emotional-intelligence-ebook
SKIP robots https://markmanson.net/downloads/healthy-relationships-ebook
SKIP robots https://markmanson.net/downloads/life-purpose-ebook
SKIP robots https://markmanson.net/downloads/self-discipline-ebook
SKIP robots https://markmanson.net/cookie-policy
SKIP robots https://markmanson.net/books/models
SKIP robots https://markmanson.net/books/subtle-art-journal
SKIP robots https://markmanson.net/books/will
SKIP robots https://markmanson.net/books
SKIP robots https://markmanson.net/books/love-is-not-enough-audiobook
SKIP robots https://markmanson.net/downloads/3-ideas-that-can-change-your-life
SKIP robots https://markmanson.net/newyear
SKIP robots https://markmanson.net/2024-here-we-come
SKIP robots https://markmanson.net/questions
SKIP robots https://markmanson.net/audit
SKIP robots https://markmanson.net/podcast-review-thank-you
SKIP robots https://markmanson.net/your-privacy-choices
SKIP robots https://markmanson.net/books/subtle-art
SKIP robots https://markmanson.net/books/everything-is-fucked
SKIP robots https://markmanson.net/signup/your-next-breakthrough
SKIP robots https://markmanson.net/relationships-mini-course
SKIP robots https://markmanson.net/self-knowledge-mini-course
SKIP robots https://markmanson.net/downloads/breakthrough-ebook
SKIP robots https://markmanson.net/downloads/wallpapers
SKIP robots https://markmanson.net/wallpapers-download
SKIP robots https://markmanson.net/support
SKIP robots https://markmanson.net/engagement-terms
SKIP robots https://markmanson.net/media-kit
SKIP robots https://markmanson.net/subscribe/build-a-better-life-signup
SKIP robots https://markmanson.net/subscribe/healthy-relationships-signup
SKIP robots https://markmanson.net/subscribe/finding-purpose-signup
SKIP robots https://markmanson.net/subscribe/emotional-mastery-signup
SKIP robots https://markmanson.net/subscribe/resilience-signup
SKIP robots https://markmanson.net/subscribe
SKIP robots https://markmanson.net/subscribe/challenging-beliefs-signup
SKIP robots https://markmanson.net/book-recommendations
SKIP robots https://markmanson.net/sponsor
SKIP robots https://markmanson.net/signup/community
SKIP robots https://markmanson.net/jobs
SKIP robots https://markmanson.net/book-commentaries
SKIP robots https://markmanson.net/book-commentaries/subtle-art-commentary
SKIP robots https://markmanson.net/book-commentaries/models-commentary
SKIP robots https://markmanson.net/book-commentaries/everything-is-fucked-commentary
SKIP robots https://markmanson.net/best-books
SKIP robots https://markmanson.net/best-books/modern-novels
SKIP robots https://markmanson.net/best-books/classical-literature
SKIP robots https://markmanson.net/best-books/economics
SKIP robots https://markmanson.net/best-books/science
SKIP robots https://markmanson.net/best-books/politics
SKIP robots https://markmanson.net/best-books/philosophy
SKIP robots https://markmanson.net/best-books/psychology
SKIP robots https://markmanson.net/best-books/biographies-and-memoirs
SKIP robots https://markmanson.net/best-books/best-selling-books-all-time
SKIP robots https://markmanson.net/best-books/fiction
SKIP robots https://markmanson.net/best-books/nonfiction
SKIP robots https://markmanson.net/best-books/self-help-books
SKIP robots https://markmanson.net/best-books/travel
SKIP robots https://markmanson.net/best-books/writing
SKIP robots https://markmanson.net/best-books/history
SKIP robots https://markmanson.net/best-books/business
SKIP robots https://markmanson.net/best-books/creativity
SKIP robots https://markmanson.net/best-books/fantasy
SKIP robots https://markmanson.net/best-books/sci-fi
SKIP robots https://markmanson.net/best-books/money
SKIP robots https://markmanson.net/podcast
SKIP robots https://markmanson.net/podcast/trailer
SKIP robots https://markmanson.net/podcast/setting-goals
SKIP robots https://markmanson.net/podcast/david-brooks
SKIP robots https://markmanson.net/podcast/5-life-changing-travel-lessons
SKIP robots https://markmanson.net/podcast/sonja-lyubomirsky
SKIP robots https://markmanson.net/podcast/the-self-improvement-paradox
SKIP robots https://markmanson.net/podcast/3-questions-on-happiness
SKIP robots https://markmanson.net/podcast/lori-gottlieb
SKIP robots https://markmanson.net/podcast/episode-18-6-important-truths-no-one-likes-to-hear
SKIP robots https://markmanson.net/podcast/weird-jobs-derek-sivers
SKIP robots https://markmanson.net/podcast/6-things-to-stop-doing-in-2024
SKIP robots https://markmanson.net/podcast/cal-newport
SKIP robots https://markmanson.net/podcast/3-reasons-were-becoming-more-lonely
SKIP robots https://markmanson.net/podcast/noah-kagan
SKIP robots https://markmanson.net/podcast/adult-friendships
SKIP robots https://markmanson.net/podcast/abigail-shrier
SKIP robots https://markmanson.net/podcast/episode-26-7-underrated-habits-for-a-better-life-and-7-overrated-ones-too
SKIP robots https://markmanson.net/podcast/ryan-holiday
SKIP robots https://markmanson.net/podcast/2m-10m-q-and-a
SKIP robots https://markmanson.net/podcast/codie-sanchez
SKIP robots https://markmanson.net/podcast/episode-30-5-ugly-truths-that-make-life-beautiful
SKIP robots https://markmanson.net/podcast/sadia-khan
SKIP robots https://markmanson.net/podcast/5-ways-to-hack-your-mind
SKIP robots https://markmanson.net/podcast/5-harsh-truths
SKIP robots https://markmanson.net/podcast/rich-roll
SKIP robots https://markmanson.net/podcast/reprogram-your-brain-derek-sivers
SKIP robots https://markmanson.net/podcast/blue-dot-effect
SKIP robots https://markmanson.net/podcast/how-to-know-when-to-end-a-relationship
SKIP robots https://markmanson.net/podcast/dean-stott
SKIP robots https://markmanson.net/podcast/getting-rich-morgan-housel
SKIP robots https://markmanson.net/podcast/when-to-give-up-on-a-goal
SKIP robots https://markmanson.net/podcast/psychology-and-social-media-age-ft-scott-barry-kaufman
SKIP robots https://markmanson.net/podcast/drew-binsky
SKIP robots https://markmanson.net/podcast/how-i-started-giving-a-fck-about-my-health
SKIP robots https://markmanson.net/podcast/7-life-lessons
SKIP robots https://markmanson.net/podcast/dark-side-of-saying-yes-matt-dahlia
SKIP robots https://markmanson.net/podcast/episode-39-are-smartphones-really-ruining-our-lives-or-is-it-something-else-ft-jonathan-haidt
SKIP robots https://markmanson.net/podcast/7-paradoxes
SKIP robots https://markmanson.net/podcast/episode-40-the-backwards-law-how-to-get-more-by-doing-less
SKIP robots https://markmanson.net/podcast/brandon-novak
SKIP robots https://markmanson.net/podcast/doing-hard-things-ali-abdaal
SKIP robots https://markmanson.net/podcast/how-to-stop-wasting-your-life-oliver-burkeman
SKIP robots https://markmanson.net/podcast/episode-42-6-ways-to-stop-giving-a-fck
SKIP robots https://markmanson.net/podcast/cady-coleman
SKIP robots https://markmanson.net/podcast/q-and-a-2
SKIP robots https://markmanson.net/podcast/self-discipline
SKIP robots https://markmanson.net/podcast/steven-pressfield
SKIP robots https://markmanson.net/podcast/self-help-junkies-and-bad-advice
SKIP robots https://markmanson.net/podcast/how-to-be-a-great-friend
SKIP robots https://markmanson.net/podcast/family-conflict-and-cutting-off-parents
SKIP robots https://markmanson.net/podcast/how-tiktok-ruined-politics
SKIP robots https://markmanson.net/podcast/nir-eyal
SKIP robots https://markmanson.net/podcast/keeping-the-weight-off-rewiring-your-brain-with-psychedelics-and-finding-strong-male-role-models
SKIP robots https://markmanson.net/podcast/robert-greene
SKIP robots https://markmanson.net/podcast/ruts-pain-and-boredom-when-to-quit
SKIP robots https://markmanson.net/podcast/sabrina-zohar
SKIP robots https://markmanson.net/podcast/the-4-stages-of-life-psychological-richness-and-how-much-is-enough
SKIP robots https://markmanson.net/podcast/ben-nemtin
SKIP robots https://markmanson.net/podcast/luck-and-risk
SKIP robots https://markmanson.net/podcast/actionable-advice-therapy-culture
SKIP robots https://markmanson.net/podcast/regret-empathy-and-ai
SKIP robots https://markmanson.net/podcast/goals-and-habits-2025
SKIP robots https://markmanson.net/podcast/monoculture-premium-mediocre-choosing-your-suck
SKIP robots https://markmanson.net/podcast/tim-urban
SKIP robots https://markmanson.net/podcast/confidence-motivation-parts-work
SKIP robots https://markmanson.net/podcast/arthur-brooks
SKIP robots https://markmanson.net/podcast/australia-q-and-a
SKIP robots https://markmanson.net/podcast/self-help-minimalism-atheists-in-church
SKIP robots https://markmanson.net/podcast/randy-blythe
SKIP robots https://markmanson.net/podcast/fear-of-failure-more-creativity-good-problems
SKIP robots https://markmanson.net/podcast/dr-julie-smith
SKIP robots https://markmanson.net/podcast/resilience-ai-and-change
SKIP robots https://markmanson.net/podcast/lewis-howes
SKIP robots https://markmanson.net/podcast/change-your-mind-without-losing-yourself
SKIP robots https://markmanson.net/podcast/the-last-podcast
SKIP robots https://markmanson.net/podcast/derek-sivers-3
SKIP robots https://markmanson.net/breakthrough
SKIP robots https://markmanson.net/breakthrough/001-does-fear-control-you
SKIP robots https://markmanson.net/breakthrough/039-the-key-to-understanding-ourselves-and-others
SKIP robots https://markmanson.net/breakthrough/038-never-give-this-up-no-matter-what
SKIP robots https://markmanson.net/breakthrough/037-the-one-habit-that-matters-more-than-anything-else
SKIP robots https://markmanson.net/breakthrough/036-the-key-to-love-wealth-and-happiness
SKIP robots https://markmanson.net/breakthrough/035-what-to-do-when-other-people-arent-happy-for-you
SKIP robots https://markmanson.net/breakthrough/034-the-secret-to-your-success
SKIP robots https://markmanson.net/breakthrough/033-3-questions-that-determine-your-happiness
SKIP robots https://markmanson.net/breakthrough/032-the-value-of-sometimes-being-bored
SKIP robots https://markmanson.net/breakthrough/031-if-youre-so-smart-why-arent-you-happy
SKIP robots https://markmanson.net/breakthrough/030-how-to-get-lucky
SKIP robots https://markmanson.net/breakthrough/029-what-if-you-are-the-asshole
SKIP robots https://markmanson.net/breakthrough/028-are-you-bullshitting-yourself
SKIP robots https://markmanson.net/breakthrough/027-what-is-the-opposite-of-happiness
SKIP robots https://markmanson.net/breakthrough/026-the-one-small-change-that-can-change-everything
SKIP robots https://markmanson.net/breakthrough/025-how-to-know-what-works-for-you
SKIP robots https://markmanson.net/breakthrough/024-the-most-important-thing-in-your-life
SKIP robots https://markmanson.net/breakthrough/023-the-law-of-avoidance
SKIP robots https://markmanson.net/breakthrough/022-are-your-limitations-self-imposed
SKIP robots https://markmanson.net/breakthrough/021-the-only-thing-you-own-is-your-time
SKIP robots https://markmanson.net/breakthrough/020-are-your-problems-real-or-imagined
SKIP robots https://markmanson.net/breakthrough/019-the-simplest-fix-is-the-one-everyone-ignores
SKIP robots https://markmanson.net/breakthrough/018-how-to-find-your-hidden-pain
SKIP robots https://markmanson.net/breakthrough/017-why-some-relationships-cant-be-fixed
SKIP robots https://markmanson.net/breakthrough/016-is-your-confidence-real
SKIP robots https://markmanson.net/breakthrough/015-why-we-hurt-those-we-love
SKIP robots https://markmanson.net/breakthrough/014-the-mind-that-watches-itself
SKIP robots https://markmanson.net/breakthrough/013-the-secret-to-understanding-relationships
SKIP robots https://markmanson.net/breakthrough/012-finding-meaning-in-the-struggle
SKIP robots https://markmanson.net/breakthrough/011-dont-try
SKIP robots https://markmanson.net/breakthrough/010-life-is-what-happens-while-youre-making-other-plans
SKIP robots https://markmanson.net/breakthrough/009-how-to-create-a-healthy-relationship
SKIP robots https://markmanson.net/breakthrough/008-does-this-one-thing-ruin-happiness
SKIP robots https://markmanson.net/breakthrough/007-is-this-the-cure-to-anxiety
SKIP robots https://markmanson.net/breakthrough/006-how-to-benefit-from-bad-things
SKIP robots https://markmanson.net/breakthrough/005-how-to-fix-your-life
SKIP robots https://markmanson.net/breakthrough/004-did-you-decide-who-you-are
SKIP robots https://markmanson.net/breakthrough/003-how-to-actually-achieve-your-goals-this-year
SKIP robots https://markmanson.net/breakthrough/002-one-thing-has-the-greatest-impact-on-your-life
SKIP robots https://markmanson.net/breakthrough/040-how-you-can-learn-from-any-situation
SKIP robots https://markmanson.net/breakthrough/041-emotions-are-overrated
SKIP robots https://markmanson.net/breakthrough/042-dont-make-things-worse
SKIP robots https://markmanson.net/breakthrough/043-how-to-deal-with-haters
SKIP robots https://markmanson.net/breakthrough/044-the-one-skill-for-life
SKIP robots https://markmanson.net/breakthrough/045-how-to-develop-character
SKIP robots https://markmanson.net/breakthrough/046-the-problem-with-being-nice-all-the-time
SKIP robots https://markmanson.net/breakthrough/047-why-comparing-yourself-to-others-ruins-everything
SKIP robots https://markmanson.net/breakthrough/048-where-your-best-opportunities-are-hidden
SKIP robots https://markmanson.net/breakthrough/049-thank-you
SKIP robots https://markmanson.net/breakthrough/050-the-one-thing-you-should-never-compromise
SKIP robots https://markmanson.net/breakthrough/051-the-only-way-to-deal-with-resentment
SKIP robots https://markmanson.net/breakthrough/052-the-best-things-in-life-are-on-the-other-side-of-this
SKIP robots https://markmanson.net/breakthrough/053-the-success-equation
SKIP robots https://markmanson.net/breakthrough/054-the-paradox-of-family
SKIP robots https://markmanson.net/breakthrough/055-how-to-achieve-the-extraordinary
SKIP robots https://markmanson.net/breakthrough/056-the-worst-thing-you-could-ever-try-to-be
SKIP robots https://markmanson.net/breakthrough/057-the-relationship-quality-test
SKIP robots https://markmanson.net/breakthrough/058-the-root-of-wisdom
SKIP robots https://markmanson.net/breakthrough/059-never-apologize-for-this
SKIP robots https://markmanson.net/breakthrough/060-the-paradox-of-cringe
SKIP robots https://markmanson.net/breakthrough/061-would-you-date-yourself
SKIP robots https://markmanson.net/breakthrough/062-achieving-success-is-boring
SKIP robots https://markmanson.net/breakthrough/063-3-critical-life-skills-no-one-teaches-you
SKIP robots https://markmanson.net/breakthrough/064-stop-letting-peoples-judgments-hold-you-back
SKIP robots https://markmanson.net/breakthrough/065-do-you-doubt-yourself
SKIP robots https://markmanson.net/breakthrough/066-how-to-stop-being-weak
SKIP robots https://markmanson.net/breakthrough/067-the-one-competition-where-everyone-loses
SKIP robots https://markmanson.net/breakthrough/068-why-other-people-will-try-to-hold-you-back
SKIP robots https://markmanson.net/breakthrough/069-the-key-to-self-discipline
SKIP robots https://markmanson.net/breakthrough/070-the-harsh-truth-everyone-needs-to-hear
SKIP robots https://markmanson.net/breakthrough/071-the-wisdom-of-silence
SKIP robots https://markmanson.net/breakthrough/072-why-good-people-end-up-in-bad-relationships
SKIP robots https://markmanson.net/breakthrough/073-be-impossible-to-offend
SKIP robots https://markmanson.net/breakthrough/074-these-changes-often-have-the-greatest-impact
SKIP robots https://markmanson.net/breakthrough/075-lifes-most-important-skill
SKIP robots https://markmanson.net/breakthrough/076-why-we-avoid-taking-action
SKIP robots https://markmanson.net/breakthrough/077-do-this-and-youll-fail-at-life
SKIP robots https://markmanson.net/breakthrough/078-the-biggest-waste-of-time-in-life
SKIP robots https://markmanson.net/breakthrough/081-would-you-rather-be-right-or-happy
SKIP robots https://markmanson.net/breakthrough/082-doing-this-is-never-worth-it
SKIP robots https://markmanson.net/breakthrough/083-shut-up-and-be-grateful
SKIP robots https://markmanson.net/breakthrough/084-your-life-will-be-chosen-for-you
SKIP robots https://markmanson.net/breakthrough/079-why-youre-not-motivated
SKIP robots https://markmanson.net/breakthrough/080-this-gives-you-power-over-your-life
SKIP robots https://markmanson.net/breakthrough/085-the-advice-nobody-wants-but-everybody-needs
SKIP robots https://markmanson.net/breakthrough/086-the-quickest-way-to-improve-your-life
SKIP robots https://markmanson.net/breakthrough/087-what-are-you-waiting-for
SKIP robots https://markmanson.net/breakthrough/088-the-worst-metaphor-for-life-youve-ever-read
SKIP robots https://markmanson.net/breakthrough/089-this-is-why-we-cant-have-nice-things
SKIP robots https://markmanson.net/breakthrough/090-the-most-useful-trait-in-life
SKIP robots https://markmanson.net/breakthrough/091-how-we-secretly-trap-ourselves
SKIP robots https://markmanson.net/breakthrough/092-two-things-you-are-not
SKIP robots https://markmanson.net/breakthrough/093-the-essence-of-life
SKIP robots https://markmanson.net/breakthrough/094-the-morning-routine-no-one-told-you-about
SKIP robots https://markmanson.net/breakthrough/095-this-question-means-everything
SKIP robots https://markmanson.net/breakthrough/096-read-this-if-you-think-the-world-is-cheating-you
SKIP robots https://markmanson.net/breakthrough/097-are-you-ruining-your-life
SKIP robots https://markmanson.net/breakthrough/098-this-is-why-change-is-so-hard
SKIP robots https://markmanson.net/breakthrough/099-friends-over-lovers
SKIP robots https://markmanson.net/breakthrough/100-special-gift-for-you
SKIP robots https://markmanson.net/breakthrough/101-the-only-thing-your-problems-have-in-common
SKIP robots https://markmanson.net/breakthrough/102-time-to-be-thankful
SKIP robots https://markmanson.net/breakthrough/103-life-is-too-short-for-this
SKIP robots https://markmanson.net/breakthrough/104-love-is-not-enough
SKIP robots https://markmanson.net/breakthrough/105-the-only-thing-worth-hoping-for
SKIP robots https://markmanson.net/breakthrough/106-going-home-this-christmas
SKIP robots https://markmanson.net/breakthrough/107-why-you-must-destroy-yourself
SKIP robots https://markmanson.net/breakthrough/108-the-secret-to-being-a-functional-adult
SKIP robots https://markmanson.net/breakthrough/109-whats-wrong-with-you
SKIP robots https://markmanson.net/breakthrough/110-when-life-knocks-you-down
SKIP robots https://markmanson.net/breakthrough/111-things-to-stop-doing
SKIP robots https://markmanson.net/breakthrough/112-the-only-way-to-get-what-you-want
SKIP robots https://markmanson.net/breakthrough/113-is-your-love-healthy
SKIP robots https://markmanson.net/breakthrough/114-youre-lying-to-yourself
SKIP robots https://markmanson.net/breakthrough/115-why-you-will-always-have-critics
SKIP robots https://markmanson.net/breakthrough/116-vulnerability-is-strength
SKIP robots https://markmanson.net/breakthrough/117-youre-not-special
SKIP robots https://markmanson.net/breakthrough/118-what-you-really-need
SKIP robots https://markmanson.net/breakthrough/119-how-to-be-more-courageous
SKIP robots https://markmanson.net/breakthrough/120-what-success-really-looks-like
SKIP robots https://markmanson.net/breakthrough/121-say-no-often
SKIP robots https://markmanson.net/breakthrough/122-failure-isnt-the-end
SKIP robots https://markmanson.net/breakthrough/123-dont-lose-yourself
SKIP robots https://markmanson.net/breakthrough/124-time-is-not-your-problem
SKIP robots https://markmanson.net/breakthrough/125-what-do-you-value
SKIP robots https://markmanson.net/breakthrough/126-prison-you-can-walk-out-of
SKIP robots https://markmanson.net/breakthrough/127-love-is-letting-go
SKIP robots https://markmanson.net/breakthrough/128-if-life-is-a-lot
SKIP robots https://markmanson.net/breakthrough/129-procrastination-is-sexy
SKIP robots https://markmanson.net/breakthrough/130-why-worry
SKIP robots https://markmanson.net/breakthrough/131-the-paradox-of-knowledge
SKIP robots https://markmanson.net/breakthrough/132-nobody-has-it-all-figured-out
SKIP robots https://markmanson.net/breakthrough/133-what-it-actually-means-to-not-give-a
SKIP robots https://markmanson.net/breakthrough/134-no-such-thing-as-a-bad-emotion
SKIP robots https://markmanson.net/breakthrough/135-and-they-lived-happily-ever-after
SKIP robots https://markmanson.net/breakthrough/136-community-is-everything
SKIP robots https://markmanson.net/breakthrough/137-your-imagined-problems
SKIP robots https://markmanson.net/breakthrough/138-happiness-is-overrated
SKIP robots https://markmanson.net/book-reviews
SKIP robots https://markmanson.net/dating-advice-category
SKIP robots https://markmanson.net/decision-making-category
SKIP robots https://markmanson.net/happiness-category
SKIP robots https://markmanson.net/life-purpose-category
SKIP robots https://markmanson.net/motivation-category
SKIP robots https://markmanson.net/personal-values-category
SKIP robots https://markmanson.net/productivity-category
SKIP robots https://markmanson.net/relationships-category
SKIP robots https://markmanson.net/subscribers-only
