SKIP robots https://www.nasm.org/homepage
SKIP robots https://www.nasm.org/products?product=personal-training
SKIP robots https://www.nasm.org/membership
SKIP robots https://www.nasm.org/products?product=nutrition
SKIP robots https://www.nasm.org/products?product=wellness
SKIP robots https://www.nasm.org/products?product=specializations
SKIP robots https://www.nasm.org/products
SKIP robots https://www.nasm.org/resource-center
SKIP robots https://www.nasm.org/whats-new
SKIP robots https://www.nasm.org/become-a-personal-trainer
SKIP robots https://www.nasm.org/continuing-education/understanding-weight-loss-medications
SKIP robots https://www.nasm.org/continuing-education/advanced-cardio-programming
SKIP robots https://www.nasm.org/fitness-certifications/fitness-nutrition-bundle
SKIP robots https://www.nasm.org/fitness-certifications/exclusive-bundle
SKIP robots https://www.nasm.org/continuing-education/certified-nutrition-coach
SKIP robots https://www.nasm.org/continuing-education/fitness-specializations/corrective-exercise-specialist
SKIP robots https://www.nasm.org/continuing-education/fitness-specializations/performance-enhancement-specialist
SKIP robots https://www.nasm.org/fitness-certifications/elite-personal-trainer-program
SKIP robots https://www.nasm.org/continuing-education/wellness-coach
SKIP robots https://www.nasm.org/certified-personal-trainer/payment-plan
SKIP robots https://www.nasm.org/
SKIP robots https://www.nasm.org/products?product=course-bundles
SKIP robots https://www.nasm.org/recertify/lifetime-recertification
SKIP robots https://www.nasm.org/workshop-events/live-workshops
SKIP robots https://www.nasm.org/lp/discountpartners
SKIP robots https://www.nasm.org/resources/insurance
SKIP robots https://www.nasm.org/accredible-digital-badge
SKIP robots https://www.nasm.org/resources/validate-credentials
SKIP robots https://www.nasm.org/recertify/recertification-and-renewal
SKIP robots https://www.nasm.org/academic-featured-schools
SKIP robots https://www.nasm.org/resources/preferred-providers
SKIP robots https://www.nasm.org/resources/international-cpt
