SAVED https://medlineplus.gov/all_easytoread.html
SAVED https://medlineplus.gov/healthchecktools.html
SAVED https://medlineplus.gov/druginfo/herb_All.html
SAVED https://medlineplus.gov/organizations/all_organizations.html
SAVED https://medlineplus.gov/organizations/orgbytopic_t.html
SAVED https://medlineplus.gov/organizations/orgbytopic_a.html
SAVED https://medlineplus.gov/organizations/orgbytopic_v.html
SAVED https://medlineplus.gov/organizations/orgbytopic_w.html
SAVED https://medlineplus.gov/organizations/orgbytopic_u.html
SAVED https://medlineplus.gov/organizations/orgbytopic_i.html
SAVED https://medlineplus.gov/organizations/orgbytopic_p.html
SAVED https://medlineplus.gov/organizations/orgbytopic_xyz.html
SAVED https://medlineplus.gov/organizations/orgbytopic_c.html
SAVED https://medlineplus.gov/organizations/orgbytopic_n.html
SAVED https://medlineplus.gov/organizations/orgbytopic_k.html
SAVED https://medlineplus.gov/organizations/orgbytopic_d.html
SAVED https://medlineplus.gov/organizations/orgbytopic_b.html
SAVED https://medlineplus.gov/organizations/orgbytopic_e.html
SAVED https://medlineplus.gov/organizations/orgbytopic_f.html
SAVED https://medlineplus.gov/organizations/orgbytopic_l.html
SAVED https://medlineplus.gov/organizations/orgbytopic_h.html
SAVED https://medlineplus.gov/organizations/orgbytopic_s.html
SAVED https://medlineplus.gov/organizations/orgbytopic_j.html
SAVED https://medlineplus.gov/organizations/orgbytopic_o.html
SAVED https://medlineplus.gov/organizations/orgbytopic_r.html
SAVED https://medlineplus.gov/organizations/orgbytopic_g.html
SAVED https://medlineplus.gov/organizations/orgbytopic_m.html
SAVED https://medlineplus.gov/organizations/orgbytopic_q.html
SAVED https://medlineplus.gov/sexualassault.html
SAVED https://medlineplus.gov/scoliosis.html
SAVED https://medlineplus.gov/drugsafety.html
SAVED https://medlineplus.gov/urineandurination.html
SAVED https://medlineplus.gov/hydrocephalus.html
SAVED https://medlineplus.gov/ovariandisorders.html
SAVED https://medlineplus.gov/environmentalhealth.html
SAVED https://medlineplus.gov/puberty.html
SAVED https://medlineplus.gov/cysticfibrosis.html
SAVED https://medlineplus.gov/indigestion.html
SAVED https://medlineplus.gov/chronicbronchitis.html
SAVED https://medlineplus.gov/liverdiseases.html
SAVED https://medlineplus.gov/postpartumcare.html
SAVED https://medlineplus.gov/diabeticnerveproblems.html
SAVED https://medlineplus.gov/gas.html
SAVED https://medlineplus.gov/tinnitus.html
SAVED https://medlineplus.gov/vitamine.html
SAVED https://medlineplus.gov/huntingtonsdisease.html
SAVED https://medlineplus.gov/degenerativenervediseases.html
SAVED https://medlineplus.gov/poisonivyoakandsumac.html
SAVED https://medlineplus.gov/varicoseveins.html
SAVED https://medlineplus.gov/childhoodbraintumors.html
SAVED https://medlineplus.gov/rotatorcuffinjuries.html
SAVED https://medlineplus.gov/globalhealth.html
SAVED https://medlineplus.gov/diabetickidneyproblems.html
SAVED https://medlineplus.gov/plague.html
SAVED https://medlineplus.gov/mycobacterialinfections.html
SAVED https://medlineplus.gov/skininfections.html
SAVED https://medlineplus.gov/howtopreventdiabetes.html
SAVED https://medlineplus.gov/coma.html
SAVED https://medlineplus.gov/emphysema.html
SAVED https://medlineplus.gov/latexallergy.html
SAVED https://medlineplus.gov/rarediseases.html
SAVED https://medlineplus.gov/understandingmedicalresearch.html
SAVED https://medlineplus.gov/hipreplacement.html
SAVED https://medlineplus.gov/psoriaticarthritis.html
SAVED https://medlineplus.gov/rotavirusinfections.html
SAVED https://medlineplus.gov/transientischemicattack.html
SAVED https://medlineplus.gov/prostatecancerscreening.html
SAVED https://medlineplus.gov/exerciseforolderadults.html
SAVED https://medlineplus.gov/friedreichataxia.html
SAVED https://medlineplus.gov/mrsa.html
SAVED https://medlineplus.gov/aneurysms.html
SAVED https://medlineplus.gov/botulism.html
SAVED https://medlineplus.gov/kaposisarcoma.html
SAVED https://medlineplus.gov/ruralhealthconcerns.html
SAVED https://medlineplus.gov/turnersyndrome.html
SAVED https://medlineplus.gov/dietarysupplements.html
SAVED https://medlineplus.gov/teenviolence.html
SAVED https://medlineplus.gov/personalhealthissues.html
SAVED https://medlineplus.gov/disasterpreparationandrecovery.html
SAVED https://medlineplus.gov/mildcognitiveimpairment.html
SAVED https://medlineplus.gov/spinabifida.html
SAVED https://medlineplus.gov/obesity.html
SAVED https://medlineplus.gov/neuraltubedefects.html
SAVED https://medlineplus.gov/malereproductivesystem.html
SAVED https://medlineplus.gov/jointdisorders.html
SAVED https://medlineplus.gov/pethealth.html
SAVED https://medlineplus.gov/healthtopics_d.html
SAVED https://medlineplus.gov/acne.html
SAVED https://medlineplus.gov/sweat.html
SAVED https://medlineplus.gov/vasculitis.html
SAVED https://medlineplus.gov/foodborneillness.html
SAVED https://medlineplus.gov/hemochromatosis.html
SAVED https://medlineplus.gov/caregivers.html
SAVED https://medlineplus.gov/heartsurgery.html
SAVED https://medlineplus.gov/choking.html
SAVED https://medlineplus.gov/flushot.html
SAVED https://medlineplus.gov/smoking.html
SAVED https://medlineplus.gov/winterweatheremergencies.html
SAVED https://medlineplus.gov/hpv.html
SAVED https://medlineplus.gov/leukemia.html
SAVED https://medlineplus.gov/fistulas.html
SAVED https://medlineplus.gov/giardiainfections.html
SAVED https://medlineplus.gov/walkingproblems.html
SAVED https://medlineplus.gov/hivprepandpep.html
SAVED https://medlineplus.gov/eyewear.html
SAVED https://medlineplus.gov/campylobacterinfections.html
SAVED https://medlineplus.gov/iron.html
SAVED https://medlineplus.gov/parenting.html
SAVED https://medlineplus.gov/ovariancysts.html
SAVED https://medlineplus.gov/tailbonedisorders.html
SAVED https://medlineplus.gov/childhoodvaccines.html
SAVED https://medlineplus.gov/leginjuriesanddisorders.html
SAVED https://medlineplus.gov/oralcancer.html
SAVED https://medlineplus.gov/pleuraldisorders.html
SAVED https://medlineplus.gov/healthtopics_l.html
SAVED https://medlineplus.gov/toothdecay.html
SAVED https://medlineplus.gov/toddlerhealth.html
SAVED https://medlineplus.gov/cdiffinfections.html
SAVED https://medlineplus.gov/bursitis.html
SAVED https://medlineplus.gov/tumorsandpregnancy.html
SAVED https://medlineplus.gov/complementaryandalternativetherapies.html
SAVED https://medlineplus.gov/schizophrenia.html
SAVED https://medlineplus.gov/toothdisorders.html
SAVED https://medlineplus.gov/flu.html
SAVED https://medlineplus.gov/infectionsandpregnancy.html
SAVED https://medlineplus.gov/assistivedevices.html
SAVED https://medlineplus.gov/vitamina.html
SAVED https://medlineplus.gov/genitalwarts.html
SAVED https://medlineplus.gov/refractiveerrors.html
SAVED https://medlineplus.gov/ebola.html
SAVED https://medlineplus.gov/lymphaticdiseases.html
SAVED https://medlineplus.gov/thalassemia.html
SAVED https://medlineplus.gov/poisoningtoxicologyenvironmentalhealth.html
SAVED https://medlineplus.gov/inhalants.html
SAVED https://medlineplus.gov/tonsillitis.html
SAVED https://medlineplus.gov/healthfacilities.html
SAVED https://medlineplus.gov/urethraldisorders.html
SAVED https://medlineplus.gov/hurricanes.html
SAVED https://medlineplus.gov/asthmainchildren.html
SAVED https://medlineplus.gov/artificiallimbs.html
SAVED https://medlineplus.gov/hivinwomen.html
SAVED https://medlineplus.gov/medicines.html
SAVED https://medlineplus.gov/pancreaticcancer.html
SAVED https://medlineplus.gov/eatingdisorders.html
SAVED https://medlineplus.gov/kidneycysts.html
SAVED https://medlineplus.gov/insectbitesandstings.html
SAVED https://medlineplus.gov/gallstones.html
SAVED https://medlineplus.gov/electricalinjuries.html
SAVED https://medlineplus.gov/householdproducts.html
SAVED https://medlineplus.gov/vitalsigns.html
SAVED https://medlineplus.gov/pancreatitis.html
SAVED https://medlineplus.gov/dualdiagnosis.html
SAVED https://medlineplus.gov/vldlcholesterol.html
SAVED https://medlineplus.gov/dystonia.html
SAVED https://medlineplus.gov/ulcerativecolitis.html
SAVED https://medlineplus.gov/chemicalemergencies.html
SAVED https://medlineplus.gov/peripheralarterialdisease.html
SAVED https://medlineplus.gov/craniofacialabnormalities.html
SAVED https://medlineplus.gov/mosquitobites.html
SAVED https://medlineplus.gov/cancer.html
SAVED https://medlineplus.gov/lewybodydementia.html
SAVED https://medlineplus.gov/ectopicpregnancy.html
SAVED https://medlineplus.gov/childabuse.html
SAVED https://medlineplus.gov/toddlerdevelopment.html
SAVED https://medlineplus.gov/colonoscopy.html
SAVED https://medlineplus.gov/intestinalcancer.html
SAVED https://medlineplus.gov/fattyliverdisease.html
SAVED https://medlineplus.gov/assistedliving.html
SAVED https://medlineplus.gov/mesothelioma.html
SAVED https://medlineplus.gov/vaginalcancer.html
SAVED https://medlineplus.gov/lipidmetabolismdisorders.html
SAVED https://medlineplus.gov/tourettesyndrome.html
SAVED https://medlineplus.gov/jawinjuriesanddisorders.html
SAVED https://medlineplus.gov/minerals.html
SAVED https://medlineplus.gov/sexualproblemsinmen.html
SAVED https://medlineplus.gov/klinefeltersyndrome.html
SAVED https://medlineplus.gov/veteransandmilitaryfamilyhealth.html
SAVED https://medlineplus.gov/pain.html
SAVED https://medlineplus.gov/healthtopics_c.html
SAVED https://medlineplus.gov/dengue.html
SAVED https://medlineplus.gov/familyhistory.html
SAVED https://medlineplus.gov/osteogenesisimperfecta.html
SAVED https://medlineplus.gov/radon.html
SAVED https://medlineplus.gov/boneinfections.html
SAVED https://medlineplus.gov/anthrax.html
SAVED https://medlineplus.gov/headandneckcancer.html
SAVED https://medlineplus.gov/compulsivegambling.html
SAVED https://medlineplus.gov/neuroblastoma.html
SAVED https://medlineplus.gov/geneticdisorders.html
SAVED https://medlineplus.gov/diabetesinsipidus.html
SAVED https://medlineplus.gov/weightcontrol.html
SAVED https://medlineplus.gov/psoriasis.html
SAVED https://medlineplus.gov/vegetariandiet.html
SAVED https://medlineplus.gov/connectivetissuedisorders.html
SAVED https://medlineplus.gov/endoscopy.html
SAVED https://medlineplus.gov/medicalethics.html
SAVED https://medlineplus.gov/animaldiseasesandyourhealth.html
SAVED https://medlineplus.gov/cancerchemotherapy.html
SAVED https://medlineplus.gov/hivandinfections.html
SAVED https://medlineplus.gov/orthodontia.html
SAVED https://medlineplus.gov/jaundice.html
SAVED https://medlineplus.gov/personalitydisorders.html
SAVED https://medlineplus.gov/mouthdisorders.html
SAVED https://medlineplus.gov/refluxinchildren.html
SAVED https://medlineplus.gov/smallpox.html
SAVED https://medlineplus.gov/travelershealth.html
SAVED https://medlineplus.gov/seizures.html
SAVED https://medlineplus.gov/healthtopics_v.html
SAVED https://medlineplus.gov/westnilevirus.html
SAVED https://medlineplus.gov/downsyndrome.html
SAVED https://medlineplus.gov/sexualproblemsinwomen.html
SAVED https://medlineplus.gov/toeinjuriesanddisorders.html
SAVED https://medlineplus.gov/hivandpregnancy.html
SAVED https://medlineplus.gov/cholesterolmedicines.html
SAVED https://medlineplus.gov/thyroidcancer.html
SAVED https://medlineplus.gov/malnutrition.html
SAVED https://medlineplus.gov/trichomoniasis.html
SAVED https://medlineplus.gov/electromagneticfields.html
SAVED https://medlineplus.gov/fungalinfections.html
SAVED https://medlineplus.gov/headache.html
SAVED https://medlineplus.gov/oilspills.html
SAVED https://medlineplus.gov/headlice.html
SAVED https://medlineplus.gov/colorectalcancer.html
SAVED https://medlineplus.gov/healthtopics_xyz.html
SAVED https://medlineplus.gov/lymphedema.html
SAVED https://medlineplus.gov/tetanusdiphtheriaandpertussisvaccines.html
SAVED https://medlineplus.gov/sodium.html
SAVED https://medlineplus.gov/meningitis.html
SAVED https://medlineplus.gov/telehealth.html
SAVED https://medlineplus.gov/femalereproductivesystem.html
SAVED https://medlineplus.gov/childsexualabuse.html
SAVED https://medlineplus.gov/infectiousarthritis.html
SAVED https://medlineplus.gov/floods.html
SAVED https://medlineplus.gov/heartattack.html
SAVED https://medlineplus.gov/acuteflaccidmyelitis.html
SAVED https://medlineplus.gov/trachealdisorders.html
SAVED https://medlineplus.gov/myositis.html
SAVED https://medlineplus.gov/aphasia.html
SAVED https://medlineplus.gov/foreignbodies.html
SAVED https://medlineplus.gov/tonguedisorders.html
SAVED https://medlineplus.gov/healthinsurance.html
SAVED https://medlineplus.gov/norovirusinfections.html
SAVED https://medlineplus.gov/steroids.html
SAVED https://medlineplus.gov/nauseaandvomiting.html
SAVED https://medlineplus.gov/respiratorysyncytialvirusinfections.html
SAVED https://medlineplus.gov/wildfires.html
SAVED https://medlineplus.gov/celiacdisease.html
SAVED https://medlineplus.gov/dislocations.html
SAVED https://medlineplus.gov/coldandcoughmedicines.html
SAVED https://medlineplus.gov/edema.html
SAVED https://medlineplus.gov/healthysleep.html
SAVED https://medlineplus.gov/shingles.html
SAVED https://medlineplus.gov/methamphetamine.html
SAVED https://medlineplus.gov/eyecancer.html
SAVED https://medlineplus.gov/women.html
SAVED https://medlineplus.gov/rabies.html
SAVED https://medlineplus.gov/blooddisorders.html
SAVED https://medlineplus.gov/elderabuse.html
SAVED https://medlineplus.gov/posttraumaticstressdisorder.html
SAVED https://medlineplus.gov/rettsyndrome.html
SAVED https://medlineplus.gov/sleepapnea.html
SAVED https://medlineplus.gov/diverticulosisanddiverticulitis.html
SAVED https://medlineplus.gov/brainmalformations.html
SAVED https://medlineplus.gov/multiplesclerosis.html
SAVED https://medlineplus.gov/toddlernutrition.html
SAVED https://medlineplus.gov/alzheimerscaregivers.html
SAVED https://medlineplus.gov/pubiclice.html
SAVED https://medlineplus.gov/bonemarrowdiseases.html
SAVED https://medlineplus.gov/h1n1fluswineflu.html
SAVED https://medlineplus.gov/veteransandmilitaryhealth.html
SAVED https://medlineplus.gov/bowelmovement.html
SAVED https://medlineplus.gov/retinaldisorders.html
SAVED https://medlineplus.gov/hyperglycemia.html
SAVED https://medlineplus.gov/lymphoma.html
SAVED https://medlineplus.gov/legionnairesdisease.html
SAVED https://medlineplus.gov/developmentaldisabilities.html
SAVED https://medlineplus.gov/weightlosssurgery.html
SAVED https://medlineplus.gov/alpha1antitrypsindeficiency.html
SAVED https://medlineplus.gov/biodefenseandbioterrorism.html
SAVED https://medlineplus.gov/hepatitisb.html
SAVED https://medlineplus.gov/radiationexposure.html
SAVED https://medlineplus.gov/herniateddisk.html
SAVED https://medlineplus.gov/abortion.html
SAVED https://medlineplus.gov/polycysticovarysyndrome.html
SAVED https://medlineplus.gov/endoflifeissues.html
SAVED https://medlineplus.gov/pregnancyandmedicines.html
SAVED https://medlineplus.gov/tsunamis.html
SAVED https://medlineplus.gov/breastcancer.html
SAVED https://medlineplus.gov/bladdercancer.html
SAVED https://medlineplus.gov/piercingandtattoos.html
SAVED https://medlineplus.gov/healthtopics_k.html
SAVED https://medlineplus.gov/femaleinfertility.html
SAVED https://medlineplus.gov/bronchialdisorders.html
SAVED https://medlineplus.gov/bullyingandcyberbullying.html
SAVED https://medlineplus.gov/polymyalgiarheumatica.html
SAVED https://medlineplus.gov/psychoticdisorders.html
SAVED https://medlineplus.gov/pesticides.html
SAVED https://medlineplus.gov/prescriptiondrugmisuse.html
SAVED https://medlineplus.gov/safety.html
SAVED https://medlineplus.gov/hemorrhagicfevers.html
SAVED https://medlineplus.gov/waterpollution.html
SAVED https://medlineplus.gov/vitaminddeficiency.html
SAVED https://medlineplus.gov/tremor.html
SAVED https://medlineplus.gov/maleinfertility.html
SAVED https://medlineplus.gov/sexuallytransmittedinfections.html
SAVED https://medlineplus.gov/intestinalobstruction.html
SAVED https://medlineplus.gov/arteriovenousmalformations.html
SAVED https://medlineplus.gov/bereavement.html
SAVED https://medlineplus.gov/surgeryandrehabilitation.html
SAVED https://medlineplus.gov/guidetogoodposture.html
SAVED https://medlineplus.gov/ischemicstroke.html
SAVED https://medlineplus.gov/commoncold.html
SAVED https://medlineplus.gov/carotidarterydisease.html
SAVED https://medlineplus.gov/parkinsonsdisease.html
SAVED https://medlineplus.gov/melanoma.html
SAVED https://medlineplus.gov/pulmonaryembolism.html
SAVED https://medlineplus.gov/circumcision.html
SAVED https://medlineplus.gov/radiationtherapy.html
SAVED https://medlineplus.gov/genitalherpes.html
SAVED https://medlineplus.gov/bileductcancer.html
SAVED https://medlineplus.gov/substanceuseanddisorders.html
SAVED https://medlineplus.gov/addisondisease.html
SAVED https://medlineplus.gov/obsessivecompulsivedisorder.html
SAVED https://medlineplus.gov/arrhythmia.html
SAVED https://medlineplus.gov/breastdiseases.html
SAVED https://medlineplus.gov/digestivesystem.html
SAVED https://medlineplus.gov/nutritionforolderadults.html
SAVED https://medlineplus.gov/familyissues.html
SAVED https://medlineplus.gov/isletcelltransplantation.html
SAVED https://medlineplus.gov/evaluatinghealthinformation.html
SAVED https://medlineplus.gov/medicare.html
SAVED https://medlineplus.gov/populationgroups.html
SAVED https://medlineplus.gov/trigeminalneuralgia.html
SAVED https://medlineplus.gov/charcotmarietoothdisease.html
SAVED https://medlineplus.gov/childsafety.html
SAVED https://medlineplus.gov/fibromyalgia.html
SAVED https://medlineplus.gov/pinworms.html
SAVED https://medlineplus.gov/impetigo.html
SAVED https://medlineplus.gov/skinhairandnails.html
SAVED https://medlineplus.gov/childrenshealth.html
SAVED https://medlineplus.gov/caffeine.html
SAVED https://medlineplus.gov/hormonereplacementtherapy.html
SAVED https://medlineplus.gov/foodandnutrition.html
SAVED https://medlineplus.gov/healthliteracy.html
SAVED https://medlineplus.gov/pneumonia.html
SAVED https://medlineplus.gov/pregnancyandopioids.html
SAVED https://medlineplus.gov/thyroiddiseases.html
SAVED https://medlineplus.gov/heroin.html
SAVED https://medlineplus.gov/men.html
SAVED https://medlineplus.gov/covid19testing.html
SAVED https://medlineplus.gov/pericardialdisorders.html
SAVED https://medlineplus.gov/aftersurgery.html
SAVED https://medlineplus.gov/lowbloodpressure.html
SAVED https://medlineplus.gov/fragilexsyndrome.html
SAVED https://medlineplus.gov/cartilagedisorders.html
SAVED https://medlineplus.gov/howtolowercholesterol.html
SAVED https://medlineplus.gov/osteonecrosis.html
SAVED https://medlineplus.gov/heartvalvediseases.html
SAVED https://medlineplus.gov/lactoseintolerance.html
SAVED https://medlineplus.gov/breastreconstruction.html
SAVED https://medlineplus.gov/pneumococcalinfections.html
SAVED https://medlineplus.gov/surgery.html
SAVED https://medlineplus.gov/facialinjuriesanddisorders.html
SAVED https://medlineplus.gov/hospicecare.html
SAVED https://medlineplus.gov/immunesystemanddisorders.html
SAVED https://medlineplus.gov/digestivediseases.html
SAVED https://medlineplus.gov/mriscans.html
SAVED https://medlineplus.gov/hearingproblemsinchildren.html
SAVED https://medlineplus.gov/insomnia.html
SAVED https://medlineplus.gov/gastrointestinalbleeding.html
SAVED https://medlineplus.gov/assistedreproductivetechnology.html
SAVED https://medlineplus.gov/triglycerides.html
SAVED https://medlineplus.gov/cocaine.html
SAVED https://medlineplus.gov/musculardystrophy.html
SAVED https://medlineplus.gov/birthdefects.html
SAVED https://medlineplus.gov/sarcoidosis.html
SAVED https://medlineplus.gov/lasereyesurgery.html
SAVED https://medlineplus.gov/sportsfitness.html
SAVED https://medlineplus.gov/healthoccupations.html
SAVED https://medlineplus.gov/benigntumors.html
SAVED https://medlineplus.gov/juvenilearthritis.html
SAVED https://medlineplus.gov/anatomy.html
SAVED https://medlineplus.gov/xrays.html
SAVED https://medlineplus.gov/cytomegalovirusinfections.html
SAVED https://medlineplus.gov/diabetescomplications.html
SAVED https://medlineplus.gov/colonicpolyps.html
SAVED https://medlineplus.gov/healthtopics_b.html
SAVED https://medlineplus.gov/disasters.html
SAVED https://medlineplus.gov/healthsystem.html
SAVED https://medlineplus.gov/peripheralnervedisorders.html
SAVED https://medlineplus.gov/hayfever.html
SAVED https://medlineplus.gov/sciatica.html
SAVED https://medlineplus.gov/concussion.html
SAVED https://medlineplus.gov/infectioncontrol.html
SAVED https://medlineplus.gov/retinaldetachment.html
SAVED https://medlineplus.gov/coldsores.html
SAVED https://medlineplus.gov/menstruation.html
SAVED https://medlineplus.gov/managedcare.html
SAVED https://medlineplus.gov/collapsedlung.html
SAVED https://medlineplus.gov/cardiacrehabilitation.html
SAVED https://medlineplus.gov/muscledisorders.html
SAVED https://medlineplus.gov/birthmarks.html
SAVED https://medlineplus.gov/pituitarydisorders.html
SAVED https://medlineplus.gov/growthdisorders.html
SAVED https://medlineplus.gov/copd.html
SAVED https://medlineplus.gov/strokerehabilitation.html
SAVED https://medlineplus.gov/healthscreening.html
SAVED https://medlineplus.gov/cholesterollevelswhatyouneedtoknow.html
SAVED https://medlineplus.gov/hivmedicines.html
SAVED https://medlineplus.gov/hypoglycemia.html
SAVED https://medlineplus.gov/giantcellarteritis.html
SAVED https://medlineplus.gov/seasonalaffectivedisorder.html
SAVED https://medlineplus.gov/fitnessandexercise.html
SAVED https://medlineplus.gov/mentalhealthandbehavior.html
SAVED https://medlineplus.gov/postcovidconditionslongcovid.html
SAVED https://medlineplus.gov/mentaldisorders.html
SAVED https://medlineplus.gov/covid19coronavirusdisease2019.html
SAVED https://medlineplus.gov/teendevelopment.html
SAVED https://medlineplus.gov/delirium.html
SAVED https://medlineplus.gov/clinicaltrials.html
SAVED https://medlineplus.gov/drugreactions.html
SAVED https://medlineplus.gov/nuclearscans.html
SAVED https://medlineplus.gov/urinaryincontinence.html
SAVED https://medlineplus.gov/hepatitisa.html
SAVED https://medlineplus.gov/hairloss.html
SAVED https://medlineplus.gov/burns.html
SAVED https://medlineplus.gov/bipolardisorder.html
SAVED https://medlineplus.gov/thoracicoutletsyndrome.html
SAVED https://medlineplus.gov/hemorrhoids.html
SAVED https://medlineplus.gov/kneeinjuriesanddisorders.html
SAVED https://medlineplus.gov/ehlersdanlossyndrome.html
SAVED https://medlineplus.gov/dietaryfats.html
SAVED https://medlineplus.gov/rubella.html
SAVED https://medlineplus.gov/deepveinthrombosis.html
SAVED https://medlineplus.gov/canceralternativetherapies.html
SAVED https://medlineplus.gov/covid19vaccines.html
SAVED https://medlineplus.gov/suicide.html
SAVED https://medlineplus.gov/eyemovementdisorders.html
SAVED https://medlineplus.gov/hearingaids.html
SAVED https://medlineplus.gov/eyeinjuries.html
SAVED https://medlineplus.gov/adhesions.html
SAVED https://medlineplus.gov/neckinjuriesanddisorders.html
SAVED https://medlineplus.gov/kawasakidisease.html
SAVED https://medlineplus.gov/uterinediseases.html
SAVED https://medlineplus.gov/heartdiseases.html
SAVED https://medlineplus.gov/skincancer.html
SAVED https://medlineplus.gov/irritablebowelsyndrome.html
SAVED https://medlineplus.gov/speechandlanguageproblemsinchildren.html
SAVED https://medlineplus.gov/cerebralpalsy.html
SAVED https://medlineplus.gov/alcohol.html
SAVED https://medlineplus.gov/ataxiatelangiectasia.html
SAVED https://medlineplus.gov/childdevelopment.html
SAVED https://medlineplus.gov/syphilis.html
SAVED https://medlineplus.gov/abdominalpain.html
SAVED https://medlineplus.gov/acutemyeloidleukemia.html
SAVED https://medlineplus.gov/wilsondisease.html
SAVED https://medlineplus.gov/fluidandelectrolytebalance.html
SAVED https://medlineplus.gov/taysachsdisease.html
SAVED https://medlineplus.gov/cankersores.html
SAVED https://medlineplus.gov/vaginalbleeding.html
SAVED https://medlineplus.gov/lungdiseases.html
SAVED https://medlineplus.gov/bloodglucose.html
SAVED https://medlineplus.gov/chestinjuriesanddisorders.html
SAVED https://medlineplus.gov/kidneytransplantation.html
SAVED https://medlineplus.gov/noise.html
SAVED https://medlineplus.gov/molds.html
SAVED https://medlineplus.gov/thymuscancer.html
SAVED https://medlineplus.gov/spinalmuscularatrophy.html
SAVED https://medlineplus.gov/metabolicdisorders.html
SAVED https://medlineplus.gov/cardiomyopathy.html
SAVED https://medlineplus.gov/stuttering.html
SAVED https://medlineplus.gov/hemophilia.html
SAVED https://medlineplus.gov/financialassistance.html
SAVED https://medlineplus.gov/brachialplexusinjuries.html
SAVED https://medlineplus.gov/dislocatedshoulder.html
SAVED https://medlineplus.gov/cpr.html
SAVED https://medlineplus.gov/howtopreventheartdisease.html
SAVED https://medlineplus.gov/dizzinessandvertigo.html
SAVED https://medlineplus.gov/osteoarthritis.html
SAVED https://medlineplus.gov/homecareservices.html
SAVED https://medlineplus.gov/metabolicproblems.html
SAVED https://medlineplus.gov/salivaryglandcancer.html
SAVED https://medlineplus.gov/vitamins.html
SAVED https://medlineplus.gov/urinalysis.html
SAVED https://medlineplus.gov/leadpoisoning.html
SAVED https://medlineplus.gov/progressivesupranuclearpalsy.html
SAVED https://medlineplus.gov/poisoning.html
SAVED https://medlineplus.gov/occupationalhealth.html
SAVED https://medlineplus.gov/drowning.html
SAVED https://medlineplus.gov/bonemarrowtransplantation.html
SAVED https://medlineplus.gov/occupationalhealthforhealthcareproviders.html
SAVED https://medlineplus.gov/airpollution.html
SAVED https://medlineplus.gov/carbohydrates.html
SAVED https://medlineplus.gov/all_healthtopics.html
SAVED https://medlineplus.gov/gastroenteritis.html
SAVED https://medlineplus.gov/bonedensity.html
SAVED https://medlineplus.gov/prematurebabies.html
SAVED https://medlineplus.gov/wristinjuriesanddisorders.html
SAVED https://medlineplus.gov/healthtopics_j.html
SAVED https://medlineplus.gov/haemophilusinfections.html
SAVED https://medlineplus.gov/bowelincontinence.html
SAVED https://medlineplus.gov/backinjuries.html
SAVED https://medlineplus.gov/hiatalhernia.html
SAVED https://medlineplus.gov/highbloodpressure.html
SAVED https://medlineplus.gov/aorticaneurysm.html
SAVED https://medlineplus.gov/motorvehiclesafety.html
SAVED https://medlineplus.gov/spiderbites.html
SAVED https://medlineplus.gov/kidneydiseases.html
SAVED https://medlineplus.gov/chiarimalformation.html
SAVED https://medlineplus.gov/healthtopics_p.html
SAVED https://medlineplus.gov/testicularcancer.html
SAVED https://medlineplus.gov/diabetesinchildrenandteens.html
SAVED https://medlineplus.gov/bloodthinners.html
SAVED https://medlineplus.gov/multiplemyeloma.html
SAVED https://medlineplus.gov/sunexposure.html
SAVED https://medlineplus.gov/ureteraldisorders.html
SAVED https://medlineplus.gov/throatdisorders.html
SAVED https://medlineplus.gov/menieresdisease.html
SAVED https://medlineplus.gov/wilmstumor.html
SAVED https://medlineplus.gov/porphyria.html
SAVED https://medlineplus.gov/stemcells.html
SAVED https://medlineplus.gov/healthdisparities.html
SAVED https://medlineplus.gov/carbonmonoxidepoisoning.html
SAVED https://medlineplus.gov/cerebellardisorders.html
SAVED https://medlineplus.gov/moles.html
SAVED https://medlineplus.gov/amyloidosis.html
SAVED https://medlineplus.gov/pelvicpain.html
SAVED https://medlineplus.gov/backpain.html
SAVED https://medlineplus.gov/dietaryfiber.html
SAVED https://medlineplus.gov/lungsandbreathing.html
SAVED https://medlineplus.gov/aminoacidmetabolismdisorders.html
SAVED https://medlineplus.gov/intimatepartnerviolence.html
SAVED https://medlineplus.gov/healthtopics_i.html
SAVED https://medlineplus.gov/schoolhealth.html
SAVED https://medlineplus.gov/alcoholusedisorderaudtreatment.html
SAVED https://medlineplus.gov/leukodystrophies.html
SAVED https://medlineplus.gov/gumdisease.html
SAVED https://medlineplus.gov/chronickidneydisease.html
SAVED https://medlineplus.gov/vaccinesafety.html
SAVED https://medlineplus.gov/pinkeye.html
SAVED https://medlineplus.gov/spinalcordinjuries.html
SAVED https://medlineplus.gov/mpox.html
SAVED https://medlineplus.gov/infantandnewborndevelopment.html
SAVED https://medlineplus.gov/fever.html
SAVED https://medlineplus.gov/musclecramps.html
SAVED https://medlineplus.gov/yeastinfections.html
SAVED https://medlineplus.gov/pancreaticdiseases.html
SAVED https://medlineplus.gov/naildiseases.html
SAVED https://medlineplus.gov/healthtopics_g.html
SAVED https://medlineplus.gov/atherosclerosis.html
SAVED https://medlineplus.gov/herpessimplex.html
SAVED https://medlineplus.gov/skinconditions.html
SAVED https://medlineplus.gov/druguseandaddiction.html
SAVED https://medlineplus.gov/hairproblems.html
SAVED https://medlineplus.gov/pagetsdiseaseofbone.html
SAVED https://medlineplus.gov/vitamink.html
SAVED https://medlineplus.gov/aplasticanemia.html
SAVED https://medlineplus.gov/eczema.html
SAVED https://medlineplus.gov/atrialfibrillation.html
SAVED https://medlineplus.gov/safeopioiduse.html
SAVED https://medlineplus.gov/bodyweight.html
SAVED https://medlineplus.gov/diets.html
SAVED https://medlineplus.gov/ctscans.html
SAVED https://medlineplus.gov/diabetes.html
SAVED https://medlineplus.gov/gonorrhea.html
SAVED https://medlineplus.gov/immunesystem.html
SAVED https://medlineplus.gov/learningdisabilities.html
SAVED https://medlineplus.gov/analcancer.html
SAVED https://medlineplus.gov/childhoodleukemia.html
SAVED https://medlineplus.gov/arthritis.html
SAVED https://medlineplus.gov/migraine.html
SAVED https://medlineplus.gov/chroniclymphocyticleukemia.html
SAVED https://medlineplus.gov/sexualhealth.html
SAVED https://medlineplus.gov/rosacea.html
SAVED https://medlineplus.gov/chronicpain.html
SAVED https://medlineplus.gov/ankylosingspondylitis.html
SAVED https://medlineplus.gov/anaphylaxis.html
SAVED https://medlineplus.gov/exerciseforchildren.html
SAVED https://medlineplus.gov/folicacid.html
SAVED https://medlineplus.gov/aspergillosis.html
SAVED https://medlineplus.gov/vonhippellindaudisease.html
SAVED https://medlineplus.gov/bruises.html
SAVED https://medlineplus.gov/childmentalhealth.html
SAVED https://medlineplus.gov/acutelymphocyticleukemia.html
SAVED https://medlineplus.gov/hypothermia.html
SAVED https://medlineplus.gov/healthtopics_o.html
SAVED https://medlineplus.gov/bvitamins.html
SAVED https://medlineplus.gov/cancers.html
SAVED https://medlineplus.gov/interstitialcystitis.html
SAVED https://medlineplus.gov/tornadoes.html
SAVED https://medlineplus.gov/healthyliving.html
SAVED https://medlineplus.gov/softtissuesarcoma.html
SAVED https://medlineplus.gov/germsandhygiene.html
SAVED https://medlineplus.gov/foothealth.html
SAVED https://medlineplus.gov/testiculardisorders.html
SAVED https://medlineplus.gov/patientsafety.html
SAVED https://medlineplus.gov/livertransplantation.html
SAVED https://medlineplus.gov/swallowingdisorders.html
SAVED https://medlineplus.gov/pregnancyandsubstanceuse.html
SAVED https://medlineplus.gov/bloodcounttests.html
SAVED https://medlineplus.gov/indoorairpollution.html
SAVED https://medlineplus.gov/cancerimmunotherapy.html
SAVED https://medlineplus.gov/plasticandcosmeticsurgery.html
SAVED https://medlineplus.gov/genetictesting.html
SAVED https://medlineplus.gov/diabetesmedicines.html
SAVED https://medlineplus.gov/salmonellainfections.html
SAVED https://medlineplus.gov/firstaid.html
SAVED https://medlineplus.gov/syringomyelia.html
SAVED https://medlineplus.gov/prenatalcare.html
SAVED https://medlineplus.gov/balanceproblems.html
SAVED https://medlineplus.gov/angioplasty.html
SAVED https://medlineplus.gov/sportsinjuries.html
SAVED https://medlineplus.gov/eosinophilicesophagitis.html
SAVED https://medlineplus.gov/bladderdiseases.html
SAVED https://medlineplus.gov/athletesfoot.html
SAVED https://medlineplus.gov/myelodysplasticsyndromes.html
SAVED https://medlineplus.gov/overactivebladder.html
SAVED https://medlineplus.gov/livercancer.html
SAVED https://medlineplus.gov/cleftlipandpalate.html
SAVED https://medlineplus.gov/spineinjuriesanddisorders.html
SAVED https://medlineplus.gov/mouthandteeth.html
SAVED https://medlineplus.gov/tuberculosis.html
SAVED https://medlineplus.gov/hearttransplantation.html
SAVED https://medlineplus.gov/kidneystones.html
SAVED https://medlineplus.gov/adrenalglandcancer.html
SAVED https://medlineplus.gov/watersafetyrecreational.html
SAVED https://medlineplus.gov/dasheatingplan.html
SAVED https://medlineplus.gov/erectiledysfunction.html
SAVED https://medlineplus.gov/hemorrhagicstroke.html
SAVED https://medlineplus.gov/lungcancer.html
SAVED https://medlineplus.gov/healthcheckup.html
SAVED https://medlineplus.gov/headinjuries.html
SAVED https://medlineplus.gov/copingwithdisasters.html
SAVED https://medlineplus.gov/newbornscreening.html
SAVED https://medlineplus.gov/tetanus.html
SAVED https://medlineplus.gov/shock.html
SAVED https://medlineplus.gov/heatillness.html
SAVED https://medlineplus.gov/hidradenitissuppurativa.html
SAVED https://medlineplus.gov/malebreastcancer.html
SAVED https://medlineplus.gov/livingwithhiv.html
SAVED https://medlineplus.gov/helicobacterpyloriinfections.html
SAVED https://medlineplus.gov/cellulitis.html
SAVED https://medlineplus.gov/cervixdisorders.html
SAVED https://medlineplus.gov/diabeticheartdisease.html
SAVED https://medlineplus.gov/palliativecare.html
SAVED https://medlineplus.gov/pepticulcer.html
SAVED https://medlineplus.gov/opioidoverdose.html
SAVED https://medlineplus.gov/diabetesandpregnancy.html
SAVED https://medlineplus.gov/underagedrinking.html
SAVED https://medlineplus.gov/womenshealth.html
SAVED https://medlineplus.gov/pressuresores.html
SAVED https://medlineplus.gov/penisdisorders.html
SAVED https://medlineplus.gov/gallbladderdiseases.html
SAVED https://medlineplus.gov/neurologicdiseases.html
SAVED https://medlineplus.gov/spinalcorddiseases.html
SAVED https://medlineplus.gov/urinarytractinfections.html
SAVED https://medlineplus.gov/healthproblemsinpregnancy.html
SAVED https://medlineplus.gov/bloodtransfusionanddonation.html
SAVED https://medlineplus.gov/eyeliddisorders.html
SAVED https://medlineplus.gov/dandruffcradlecapandotherscalpconditions.html
SAVED https://medlineplus.gov/healthtopics_s.html
SAVED https://medlineplus.gov/mumps.html
SAVED https://medlineplus.gov/myastheniagravis.html
SAVED https://medlineplus.gov/pemphigus.html
SAVED https://medlineplus.gov/copingwithchronicillness.html
SAVED https://medlineplus.gov/acousticneuroma.html
SAVED https://medlineplus.gov/geneticsbirthdefects.html
SAVED https://medlineplus.gov/fractures.html
SAVED https://medlineplus.gov/phobias.html
SAVED https://medlineplus.gov/fetalalcoholspectrumdisorders.html
SAVED https://medlineplus.gov/congenitalheartdefects.html
SAVED https://medlineplus.gov/injuriesandwounds.html
SAVED https://medlineplus.gov/opticnervedisorders.html
SAVED https://medlineplus.gov/adenoids.html
SAVED https://medlineplus.gov/scars.html
SAVED https://medlineplus.gov/healthfraud.html
SAVED https://medlineplus.gov/howtoimprovementalhealth.html
SAVED https://medlineplus.gov/painrelievers.html
SAVED https://medlineplus.gov/pancreastransplantation.html
SAVED https://medlineplus.gov/complexregionalpainsyndrome.html
SAVED https://medlineplus.gov/adrenalglanddisorders.html
SAVED https://medlineplus.gov/creutzfeldtjakobdisease.html
SAVED https://medlineplus.gov/earnoseandthroat.html
SAVED https://medlineplus.gov/praderwillisyndrome.html
SAVED https://medlineplus.gov/histoplasmosis.html
SAVED https://medlineplus.gov/acutebronchitis.html
SAVED https://medlineplus.gov/healthtopics_e.html
SAVED https://medlineplus.gov/sleepdisorders.html
SAVED https://medlineplus.gov/mobilityaids.html
SAVED https://medlineplus.gov/autismspectrumdisorder.html
SAVED https://medlineplus.gov/symptoms.html
SAVED https://medlineplus.gov/highbloodpressureinpregnancy.html
SAVED https://medlineplus.gov/geneticbraindisorders.html
SAVED https://medlineplus.gov/healthtopics_r.html
SAVED https://medlineplus.gov/secondhandsmoke.html
SAVED https://medlineplus.gov/ostomy.html
SAVED https://medlineplus.gov/braintumors.html
SAVED https://medlineplus.gov/encephalitis.html
SAVED https://medlineplus.gov/diagnosticimaging.html
SAVED https://medlineplus.gov/angina.html
SAVED https://medlineplus.gov/anemia.html
SAVED https://medlineplus.gov/asbestos.html
SAVED https://medlineplus.gov/pretermlabor.html
SAVED https://medlineplus.gov/anesthesia.html
SAVED https://medlineplus.gov/anabolicsteroids.html
SAVED https://medlineplus.gov/infectiousdiseases.html
SAVED https://medlineplus.gov/miscarriage.html
SAVED https://medlineplus.gov/breastfeeding.html
SAVED https://medlineplus.gov/howtolowercholesterolwithdiet.html
SAVED https://medlineplus.gov/infectiousmononucleosis.html
SAVED https://medlineplus.gov/ankleinjuriesanddisorders.html
SAVED https://medlineplus.gov/healthrisksofaninactivelifestyle.html
SAVED https://medlineplus.gov/animalbites.html
SAVED https://medlineplus.gov/traumaticbraininjury.html
SAVED https://medlineplus.gov/prostatediseases.html
SAVED https://medlineplus.gov/phenylketonuria.html
SAVED https://medlineplus.gov/complementaryandintegrativemedicine.html
SAVED https://medlineplus.gov/exerciseandphysicalfitness.html
SAVED https://medlineplus.gov/inhalationinjuries.html
SAVED https://medlineplus.gov/teensexualhealth.html
SAVED https://medlineplus.gov/handinjuriesanddisorders.html
SAVED https://medlineplus.gov/malaria.html
SAVED https://medlineplus.gov/prediabetes.html
SAVED https://medlineplus.gov/earthquakes.html
SAVED https://medlineplus.gov/speechandcommunicationdisorders.html
SAVED https://medlineplus.gov/uterinecancer.html
SAVED https://medlineplus.gov/heartfailure.html
SAVED https://medlineplus.gov/hiccups.html
SAVED https://medlineplus.gov/kidneycancer.html
SAVED https://medlineplus.gov/hepatitisc.html
SAVED https://medlineplus.gov/infertility.html
SAVED https://medlineplus.gov/healthtopics_m.html
SAVED https://medlineplus.gov/antidepressants.html
SAVED https://medlineplus.gov/suddencardiacarrest.html
SAVED https://medlineplus.gov/nutrition.html
SAVED https://medlineplus.gov/staphylococcalinfections.html
SAVED https://medlineplus.gov/tuballigation.html
SAVED https://medlineplus.gov/heartburn.html
SAVED https://medlineplus.gov/stomachcancer.html
SAVED https://medlineplus.gov/chickenpox.html
SAVED https://medlineplus.gov/ushersyndrome.html
SAVED https://medlineplus.gov/paralysis.html
SAVED https://medlineplus.gov/autoimmunediseases.html
SAVED https://medlineplus.gov/rashes.html
SAVED https://medlineplus.gov/nursinghomes.html
SAVED https://medlineplus.gov/glutensensitivity.html
SAVED https://medlineplus.gov/thyroidtests.html
SAVED https://medlineplus.gov/maculardegeneration.html
SAVED https://medlineplus.gov/itching.html
SAVED https://medlineplus.gov/selfharm.html
SAVED https://medlineplus.gov/bellspalsy.html
SAVED https://medlineplus.gov/pulmonaryhypertension.html
SAVED https://medlineplus.gov/teenmentalhealth.html
SAVED https://medlineplus.gov/diabetestype2.html
SAVED https://medlineplus.gov/diagnostictests.html
SAVED https://medlineplus.gov/hysterectomy.html
SAVED https://medlineplus.gov/howtopreventhighbloodpressure.html
SAVED https://medlineplus.gov/spinalstenosis.html
SAVED https://medlineplus.gov/dwarfism.html
SAVED https://medlineplus.gov/clubdrugs.html
SAVED https://medlineplus.gov/womenshealthcheckup.html
SAVED https://medlineplus.gov/marijuana.html
SAVED https://medlineplus.gov/parasiticdiseases.html
SAVED https://medlineplus.gov/rhincompatibility.html
SAVED https://medlineplus.gov/antibioticresistance.html
SAVED https://medlineplus.gov/bleeding.html
SAVED https://medlineplus.gov/smokingandyouth.html
SAVED https://medlineplus.gov/chiropractic.html
SAVED https://medlineplus.gov/cholera.html
SAVED https://medlineplus.gov/sprainsandstrains.html
SAVED https://medlineplus.gov/arsenic.html
SAVED https://medlineplus.gov/leishmaniasis.html
SAVED https://medlineplus.gov/skinpigmentationdisorders.html
SAVED https://medlineplus.gov/suddeninfantdeathsyndrome.html
SAVED https://medlineplus.gov/bloodpressuremedicines.html
SAVED https://medlineplus.gov/heartdiseaseinwomen.html
SAVED https://medlineplus.gov/measles.html
SAVED https://medlineplus.gov/cervicalcancer.html
SAVED https://medlineplus.gov/throatcancer.html
SAVED https://medlineplus.gov/healthtopics_w.html
SAVED https://medlineplus.gov/vaginitis.html
SAVED https://medlineplus.gov/hernia.html
SAVED https://medlineplus.gov/zikavirus.html
SAVED https://medlineplus.gov/olderadults.html
SAVED https://medlineplus.gov/falls.html
SAVED https://medlineplus.gov/skinaging.html
SAVED https://medlineplus.gov/bloodclots.html
SAVED https://medlineplus.gov/motionsickness.html
SAVED https://medlineplus.gov/vitaminc.html
SAVED https://medlineplus.gov/lungtransplantation.html
SAVED https://medlineplus.gov/pheochromocytoma.html
SAVED https://medlineplus.gov/herbalmedicine.html
SAVED https://medlineplus.gov/pneumocystisinfections.html
SAVED https://medlineplus.gov/brainaneurysm.html
SAVED https://medlineplus.gov/pituitarytumors.html
SAVED https://medlineplus.gov/meningococcaldisease.html
SAVED https://medlineplus.gov/analdisorders.html
SAVED https://medlineplus.gov/medicaldevicesafety.html
SAVED https://medlineplus.gov/colonicdiseases.html
SAVED https://medlineplus.gov/cryptosporidiosis.html
SAVED https://medlineplus.gov/mooddisorders.html
SAVED https://medlineplus.gov/advancedirectives.html
SAVED https://medlineplus.gov/earinfections.html
SAVED https://medlineplus.gov/olderadultmentalhealth.html
SAVED https://medlineplus.gov/overthecountermedicines.html
SAVED https://medlineplus.gov/climatechange.html
SAVED https://medlineplus.gov/firesafety.html
SAVED https://medlineplus.gov/bonediseases.html
SAVED https://medlineplus.gov/eyediseases.html
SAVED https://medlineplus.gov/interstitiallungdiseases.html
SAVED https://medlineplus.gov/menshealth.html
SAVED https://medlineplus.gov/salivaryglanddisorders.html
SAVED https://medlineplus.gov/geneticcounseling.html
SAVED https://medlineplus.gov/warts.html
SAVED https://medlineplus.gov/mentalhealth.html
SAVED https://medlineplus.gov/brainandnerves.html
SAVED https://medlineplus.gov/visionimpairmentandblindness.html
SAVED https://medlineplus.gov/carpaltunnelsyndrome.html
SAVED https://medlineplus.gov/arminjuriesanddisorders.html
SAVED https://medlineplus.gov/catscratchdisease.html
SAVED https://medlineplus.gov/gaucherdisease.html
SAVED https://medlineplus.gov/behcetssyndrome.html
SAVED https://medlineplus.gov/rectaldisorders.html
SAVED https://medlineplus.gov/osteoporosis.html
SAVED https://medlineplus.gov/childbirthproblems.html
SAVED https://medlineplus.gov/bileductdiseases.html
SAVED https://medlineplus.gov/organdonation.html
SAVED https://medlineplus.gov/stillbirth.html
SAVED https://medlineplus.gov/healthyaging.html
SAVED https://medlineplus.gov/dentalhealth.html
SAVED https://medlineplus.gov/smokelesstobacco.html
SAVED https://medlineplus.gov/streptococcalinfections.html
SAVED https://medlineplus.gov/endocrinesystem.html
SAVED https://medlineplus.gov/lymedisease.html
SAVED https://medlineplus.gov/tineainfections.html
SAVED https://medlineplus.gov/birdflu.html
SAVED https://medlineplus.gov/hantavirusinfections.html
SAVED https://medlineplus.gov/alcoholusedisorderaud.html
SAVED https://medlineplus.gov/fatigue.html
SAVED https://medlineplus.gov/bonecancer.html
SAVED https://medlineplus.gov/teenhealth.html
SAVED https://medlineplus.gov/healthtopics_h.html
SAVED https://medlineplus.gov/a1c.html
SAVED https://medlineplus.gov/periodpain.html
SAVED https://medlineplus.gov/shoulderinjuriesanddisorders.html
SAVED https://medlineplus.gov/vaccines.html
SAVED https://medlineplus.gov/vitamind.html
SAVED https://medlineplus.gov/hearingdisordersanddeafness.html
SAVED https://medlineplus.gov/pulmonaryrehabilitation.html
SAVED https://medlineplus.gov/gerd.html
SAVED https://medlineplus.gov/sicklecelldisease.html
SAVED https://medlineplus.gov/g6pddeficiency.html
SAVED https://medlineplus.gov/twinstripletsmultiplebirths.html
SAVED https://medlineplus.gov/uncommoninfantandnewbornproblems.html
SAVED https://medlineplus.gov/transplantationanddonation.html
SAVED https://medlineplus.gov/vitiligo.html
SAVED https://medlineplus.gov/carbohydratemetabolismdisorders.html
SAVED https://medlineplus.gov/ecigarettes.html
SAVED https://medlineplus.gov/vasectomy.html
SAVED https://medlineplus.gov/bloodheartandcirculation.html
SAVED https://medlineplus.gov/ergonomics.html
SAVED https://medlineplus.gov/chagasdisease.html
SAVED https://medlineplus.gov/diabeticdiet.html
SAVED https://medlineplus.gov/kidneytests.html
SAVED https://medlineplus.gov/memory.html
SAVED https://medlineplus.gov/ldlthebadcholesterol.html
SAVED https://medlineplus.gov/antioxidants.html
SAVED https://medlineplus.gov/mitralvalveprolapse.html
SAVED https://medlineplus.gov/vasculardiseases.html
SAVED https://medlineplus.gov/genesandgenetherapy.html
SAVED https://medlineplus.gov/endocrinediseases.html
SAVED https://medlineplus.gov/drinkingwater.html
SAVED https://medlineplus.gov/metabolicsyndrome.html
SAVED https://medlineplus.gov/socialfamilyissues.html
SAVED https://medlineplus.gov/bleedingdisorders.html
SAVED https://medlineplus.gov/neurofibromatosis.html
SAVED https://medlineplus.gov/fetalhealthanddevelopment.html
SAVED https://medlineplus.gov/drugsandyoungpeople.html
SAVED https://medlineplus.gov/movementdisorders.html
SAVED https://medlineplus.gov/eardisorders.html
SAVED https://medlineplus.gov/oxygentherapy.html
SAVED https://medlineplus.gov/cholesterol.html
SAVED https://medlineplus.gov/nondrugpainmanagement.html
SAVED https://medlineplus.gov/tuberoussclerosis.html
SAVED https://medlineplus.gov/dietaryproteins.html
SAVED https://medlineplus.gov/voicedisorders.html
SAVED https://medlineplus.gov/childrenandteenagers.html
SAVED https://medlineplus.gov/blood.html
SAVED https://medlineplus.gov/foodallergy.html
SAVED https://medlineplus.gov/reproductivehazards.html
SAVED https://medlineplus.gov/parathyroiddisorders.html
SAVED https://medlineplus.gov/cloning.html
SAVED https://medlineplus.gov/ecoliinfections.html
SAVED https://medlineplus.gov/autonomicnervoussystemdisorders.html
SAVED https://medlineplus.gov/smallintestinedisorders.html
SAVED https://medlineplus.gov/attentiondeficithyperactivitydisorder.html
SAVED https://medlineplus.gov/dialysis.html
SAVED https://medlineplus.gov/croup.html
SAVED https://medlineplus.gov/malabsorptionsyndromes.html
SAVED https://medlineplus.gov/biopsy.html
SAVED https://medlineplus.gov/cancerlivingwithcancer.html
SAVED https://medlineplus.gov/birthcontrol.html
SAVED https://medlineplus.gov/temporomandibulardisorders.html
SAVED https://medlineplus.gov/antibiotics.html
SAVED https://medlineplus.gov/emergencymedicalservices.html
SAVED https://medlineplus.gov/frostbite.html
SAVED https://medlineplus.gov/drymouth.html
SAVED https://medlineplus.gov/bacterialinfections.html
SAVED https://medlineplus.gov/noseinjuriesanddisorders.html
SAVED https://medlineplus.gov/chronicmyeloidleukemia.html
SAVED https://medlineplus.gov/whoopingcough.html
SAVED https://medlineplus.gov/cornsandcalluses.html
SAVED https://medlineplus.gov/mercury.html
SAVED https://medlineplus.gov/panicdisorder.html
SAVED https://medlineplus.gov/limbloss.html
SAVED https://medlineplus.gov/plateletdisorders.html
SAVED https://medlineplus.gov/heelinjuriesanddisorders.html
SAVED https://medlineplus.gov/sorethroat.html
SAVED https://medlineplus.gov/toxoplasmosis.html
SAVED https://medlineplus.gov/sportssafety.html
SAVED https://medlineplus.gov/healthtopics_u.html
SAVED https://medlineplus.gov/cirrhosis.html
SAVED https://medlineplus.gov/stomachdisorders.html
SAVED https://medlineplus.gov/marfansyndrome.html
SAVED https://medlineplus.gov/enlargedprostatebph.html
SAVED https://medlineplus.gov/cesareandelivery.html
SAVED https://medlineplus.gov/potassium.html
SAVED https://medlineplus.gov/bodylice.html
SAVED https://medlineplus.gov/pelvicfloordisorders.html
SAVED https://medlineplus.gov/tasteandsmelldisorders.html
SAVED https://medlineplus.gov/volcanoes.html
SAVED https://medlineplus.gov/eyecare.html
SAVED https://medlineplus.gov/cataract.html
SAVED https://medlineplus.gov/esophagealcancer.html
SAVED https://medlineplus.gov/lupus.html
SAVED https://medlineplus.gov/organtransplantation.html
SAVED https://medlineplus.gov/rickets.html
SAVED https://medlineplus.gov/cushingssyndrome.html
SAVED https://medlineplus.gov/hearthealthtests.html
SAVED https://medlineplus.gov/vaginaldiseases.html
SAVED https://medlineplus.gov/fainting.html
SAVED https://medlineplus.gov/opioidsandopioidusedisorderoud.html
SAVED https://medlineplus.gov/infantandnewborncare.html
SAVED https://medlineplus.gov/gout.html
SAVED https://medlineplus.gov/healthtopics_n.html
SAVED https://medlineplus.gov/babyhealthcheckup.html
SAVED https://medlineplus.gov/diabeticeyeproblems.html
SAVED https://medlineplus.gov/quittingsmoking.html
SAVED https://medlineplus.gov/listeriainfections.html
SAVED https://medlineplus.gov/statins.html
SAVED https://medlineplus.gov/pulmonaryfibrosis.html
SAVED https://medlineplus.gov/safetyissues.html
SAVED https://medlineplus.gov/diabetesmellitus.html
SAVED https://medlineplus.gov/constipation.html
SAVED https://medlineplus.gov/amblyopia.html
SAVED https://medlineplus.gov/birthweight.html
SAVED https://medlineplus.gov/badbreath.html
SAVED https://medlineplus.gov/ovariancancer.html
SAVED https://medlineplus.gov/olderadulthealth.html
SAVED https://medlineplus.gov/tendinitis.html
SAVED https://medlineplus.gov/teenagepregnancy.html
SAVED https://medlineplus.gov/medicationerrors.html
SAVED https://medlineplus.gov/tears.html
SAVED https://medlineplus.gov/cornealdisorders.html
SAVED https://medlineplus.gov/stress.html
SAVED https://medlineplus.gov/valleyfever.html
SAVED https://medlineplus.gov/diabeticfoot.html
SAVED https://medlineplus.gov/radiationemergencies.html
SAVED https://medlineplus.gov/childnutrition.html
SAVED https://medlineplus.gov/chlamydiainfections.html
SAVED https://medlineplus.gov/patientrights.html
SAVED https://medlineplus.gov/botox.html
SAVED https://medlineplus.gov/colorblindness.html
SAVED https://medlineplus.gov/gangrene.html
SAVED https://medlineplus.gov/sepsis.html
SAVED https://medlineplus.gov/epilepsy.html
SAVED https://medlineplus.gov/hepatitis.html
SAVED https://medlineplus.gov/hipinjuriesanddisorders.html
SAVED https://medlineplus.gov/reyesyndrome.html
SAVED https://medlineplus.gov/hiv.html
SAVED https://medlineplus.gov/spleendiseases.html
SAVED https://medlineplus.gov/anxiety.html
SAVED https://medlineplus.gov/endocarditis.html
SAVED https://medlineplus.gov/diphtheria.html
SAVED https://medlineplus.gov/abscess.html
SAVED https://medlineplus.gov/postpartumdepression.html
SAVED https://medlineplus.gov/vulvarcancer.html
SAVED https://medlineplus.gov/infections.html
SAVED https://medlineplus.gov/impaireddriving.html
SAVED https://medlineplus.gov/kidneyfailure.html
SAVED https://medlineplus.gov/chikungunya.html
SAVED https://medlineplus.gov/dementia.html
SAVED https://medlineplus.gov/bonesjointsandmuscles.html
SAVED https://medlineplus.gov/hives.html
SAVED https://medlineplus.gov/disabilities.html
SAVED https://medlineplus.gov/caregiverhealth.html
SAVED https://medlineplus.gov/opioidusedisorderoudtreatment.html
SAVED https://medlineplus.gov/sjogrenssyndrome.html
SAVED https://medlineplus.gov/uterinefibroids.html
SAVED https://medlineplus.gov/appendicitis.html
