SAVED https://jonacuff.com/blog/
SAVED https://jonacuff.com/success-slow-thats-ok/
SAVED https://jonacuff.com/took-13-years-learn-blogging-lesson/
SAVED https://jonacuff.com/day-michelangelo-doubted/
SAVED https://jonacuff.com/5-storytelling-techniques-can-learn-good-music/
SAVED https://jonacuff.com/3-questions-publishers-want-book-proposal-answer/
SAVED https://jonacuff.com/took-leap-faith-way-soon-heres-learned/
SAVED https://jonacuff.com/csi-do-over/
SAVED https://jonacuff.com/3436-2/
SAVED https://jonacuff.com/it-only-looks-like-im-dying-in-this-photo-beacuse-i-am/
SAVED https://jonacuff.com/3487-2/
SAVED https://jonacuff.com/10-ways-knock-goals/
SAVED https://jonacuff.com/3513-2/
SAVED https://jonacuff.com/100-words-gift-danger-friends/
SAVED https://jonacuff.com/a-new-way-to-look-at-july/
SAVED https://jonacuff.com/i-got-fired-twice/
SAVED https://jonacuff.com/2019-finish-calendar/
SAVED https://jonacuff.com/almost-sucks/
SAVED https://jonacuff.com/danger-free-coffee/
SAVED https://jonacuff.com/3-things-learned-garth-brooks/
SAVED https://jonacuff.com/inspiration-guest-post/
SAVED https://jonacuff.com/wins/
SAVED https://jonacuff.com/letter-daughters/
SAVED https://jonacuff.com/stop-idiot-online/
SAVED https://jonacuff.com/better-public-speaker-instantly/
SAVED https://jonacuff.com/10-words-erase-online-hate/
SAVED https://jonacuff.com/2-choices-mistakes-offer-us/
SAVED https://jonacuff.com/never-supposed/
SAVED https://jonacuff.com/halloween-idea/
SAVED https://jonacuff.com/3-easy-ways-make-day-job-better/
SAVED https://jonacuff.com/1-word-kills-dreams/
SAVED https://jonacuff.com/dont-support-dream/
SAVED https://jonacuff.com/may-saturday-good-bears/
SAVED https://jonacuff.com/dreams-never-have-100-support/
SAVED https://jonacuff.com/problem-halloween/
SAVED https://jonacuff.com/dear-fear/
SAVED https://jonacuff.com/funniest-thing-i-saw-today-bacon-frosting/
SAVED https://jonacuff.com/youll-never-make-money-doing-that/
SAVED https://jonacuff.com/8-tips-to-writing-a-killer-subtitle-for-your-book/
SAVED https://jonacuff.com/the-funniest-thing-i-saw-today-snake-love/
SAVED https://jonacuff.com/dont-write-a-book/
SAVED https://jonacuff.com/saddest-thing-ever-probably/
SAVED https://jonacuff.com/the-ugly/
SAVED https://jonacuff.com/beware-the-lady-gaga-problem/
SAVED https://jonacuff.com/day-zero/
SAVED https://jonacuff.com/stay-relevant-1-easy-step/
SAVED https://jonacuff.com/believe-makes-sense/
SAVED https://jonacuff.com/quit-trying-make-everyone-like/
SAVED https://jonacuff.com/stop-believing-social-media-lie/
SAVED https://jonacuff.com/favorite-super-bowl-2014-commercial/
SAVED https://jonacuff.com/things-bigger-super-bowl/
SAVED https://jonacuff.com/analyst-guest-post-josh-collins/
SAVED https://jonacuff.com/7-worst-super-bowl-party-people/
SAVED https://jonacuff.com/join-new-empty-shelf-challenge-tumblr/
SAVED https://jonacuff.com/woke-today/
SAVED https://jonacuff.com/10-horrible-blogging-tips/
SAVED https://jonacuff.com/ordinary-doesnt-ordinary/
SAVED https://jonacuff.com/tony-parker-impression-played-7th-grade-basketball/
SAVED https://jonacuff.com/learned-6-months-nightmares/
SAVED https://jonacuff.com/know-audience/
SAVED https://jonacuff.com/gift-inadequacy/
SAVED https://jonacuff.com/3-reasons/
SAVED https://jonacuff.com/dont-confuse-social-media-vegas/
SAVED https://jonacuff.com/proud-friend/
SAVED https://jonacuff.com/quit-trying-awesome-later/
SAVED https://jonacuff.com/empty-shelf-book-3-succeed/
SAVED https://jonacuff.com/1-thing-writers-shouldnt-forget/
SAVED https://jonacuff.com/consistency-consistency-consistency/
SAVED https://jonacuff.com/ordinary-always-available/
SAVED https://jonacuff.com/achieve-dreams-2014/
SAVED https://jonacuff.com/lesson-took-jon-9-years-learn/
SAVED https://jonacuff.com/case-need-laugh/
SAVED https://jonacuff.com/persistence-wins/
SAVED https://jonacuff.com/hardest-lesson-learned-2013/
SAVED https://jonacuff.com/exhausting-person-never/
SAVED https://jonacuff.com/empty-shelf-book-2-live-dangerously/
SAVED https://jonacuff.com/even-cookie-monster-hates-new-years-resolutions/
SAVED https://jonacuff.com/biggest-social-media-mistake-ive-ever-made/
SAVED https://jonacuff.com/empty-shelf-book-1-yes-can/
SAVED https://jonacuff.com/going-2014/
SAVED https://jonacuff.com/starbucks-lawyers-mad/
SAVED https://jonacuff.com/quit-trying-turn-lead-gold/
SAVED https://jonacuff.com/think-cool-year-think/
SAVED https://jonacuff.com/fear-mistake-people-make/
SAVED https://jonacuff.com/lets-go-see-movie/
SAVED https://jonacuff.com/empty-shelf-challenge/
SAVED https://jonacuff.com/merry-christmas/
SAVED https://jonacuff.com/need-new-job/
SAVED https://jonacuff.com/3-words-great-leaders-say/
SAVED https://jonacuff.com/coal/
SAVED https://jonacuff.com/love-dog/
SAVED https://jonacuff.com/always-choose-delight/
SAVED https://jonacuff.com/original-trailer-start/
SAVED https://jonacuff.com/dreams-dont-work/
SAVED https://jonacuff.com/write-tweets/
SAVED https://jonacuff.com/dreams-stupid/
SAVED https://jonacuff.com/3-easy-ways-get-influential-people-help/
SAVED https://jonacuff.com/1-way-kill-new-years-resolutions/
SAVED https://jonacuff.com/dear-men-4-quick-tips-taking-better-selfies/
SAVED https://jonacuff.com/best-place-write-book/
SAVED https://jonacuff.com/oh-got-engaged-christmas-congratulations/
SAVED https://jonacuff.com/confidence-without-skill-stupid/
SAVED https://jonacuff.com/comfort-doesnt-create-champions/
SAVED https://jonacuff.com/stay-curious/
SAVED https://jonacuff.com/part-speech-99-people-ignore/
SAVED https://jonacuff.com/big-dreams-made-thousand-tiny-actions/
SAVED https://jonacuff.com/technology-made-us-antisocial/
SAVED https://jonacuff.com/dont-ever-let-happen-dream/
SAVED https://jonacuff.com/dont-boring-new-business-cards/
SAVED https://jonacuff.com/youre-chasing-dream/
SAVED https://jonacuff.com/worst-thing-people-say-us-moms-jenny-acuff/
SAVED https://jonacuff.com/dont-hold/
SAVED https://jonacuff.com/hustle-doesnt-matter/
SAVED https://jonacuff.com/patriots-get-ripped/
SAVED https://jonacuff.com/beginning/
SAVED https://jonacuff.com/fear-woods/
SAVED https://jonacuff.com/sunday-night-question/
SAVED https://jonacuff.com/fame-sucks/
SAVED https://jonacuff.com/need-tribe/
SAVED https://jonacuff.com/blog-fail-today/
SAVED https://jonacuff.com/words-picasso/
SAVED https://jonacuff.com/get-awesome-stuff-done/
SAVED https://jonacuff.com/analyze-tweets/
SAVED https://jonacuff.com/everybody-needs-second-chance/
SAVED https://jonacuff.com/chris-rock-doesnt-care-sizzle/
SAVED https://jonacuff.com/1-person-need-ignore/
SAVED https://jonacuff.com/secrets/
SAVED https://jonacuff.com/best-story/
SAVED https://jonacuff.com/med-school/
SAVED https://jonacuff.com/write-publish-4-books-4-years/
SAVED https://jonacuff.com/romantic-thing-youll-see-today/
SAVED https://jonacuff.com/may-life-never-chaotic/
SAVED https://jonacuff.com/simple-truth-haters/
SAVED https://jonacuff.com/need-money-dream/
SAVED https://jonacuff.com/little-wisdom-old-school-cookie-monster/
SAVED https://jonacuff.com/beware-instant-experts/
SAVED https://jonacuff.com/every-dream-breakpoint/
SAVED https://jonacuff.com/lie-believe-sometimes/
SAVED https://jonacuff.com/10-horrible-tips-creating-guest-posts/
SAVED https://jonacuff.com/focus/
SAVED https://jonacuff.com/never-public-speaking-event-without-one/
SAVED https://jonacuff.com/vs-proving/
SAVED https://jonacuff.com/problem-greed/
SAVED https://jonacuff.com/people-dont-like-dream/
SAVED https://jonacuff.com/please-caption-2/
SAVED https://jonacuff.com/choose-delight-guest-post-casey-lewis/
SAVED https://jonacuff.com/1-thing-always-create/
SAVED https://jonacuff.com/please-caption/
SAVED https://jonacuff.com/welcome-6-club/
SAVED https://jonacuff.com/happy-memorial-day/
SAVED https://jonacuff.com/using-creative-force-star-wars-ish-finger-puppets/
SAVED https://jonacuff.com/6club-will-livestreamed/
SAVED https://jonacuff.com/self-promote-without-annoying/
SAVED https://jonacuff.com/nobody-knows-will-work-volume-1/
SAVED https://jonacuff.com/throwback-thursday/
SAVED https://jonacuff.com/dreams-dont-start-stage/
SAVED https://jonacuff.com/live-tweet-events/
SAVED https://jonacuff.com/first/
SAVED https://jonacuff.com/brave/
SAVED https://jonacuff.com/think-cant-great-twitter/
SAVED https://jonacuff.com/sponsors-make-site-go-round/
SAVED https://jonacuff.com/ive-learned-anything-dreaming/
SAVED https://jonacuff.com/dear-entrepreneurs-wrong/
SAVED https://jonacuff.com/5-ways-charge-clients-money/
SAVED https://jonacuff.com/things-dont-boring/
SAVED https://jonacuff.com/sadurday-mozambique/
SAVED https://jonacuff.com/work-free-exposure/
SAVED https://jonacuff.com/just-plain-cool-back-future-lego-kit/
SAVED https://jonacuff.com/secret-writing/
SAVED https://jonacuff.com/bitterness-bad-business/
SAVED https://jonacuff.com/sadurday-burger-king-edition/
SAVED https://jonacuff.com/1st-thing-moving-inch-social-media/
SAVED https://jonacuff.com/dare-try/
SAVED https://jonacuff.com/sadurday-dodge-challenger-george-washington/
SAVED https://jonacuff.com/1-big-reason-one-buying-book/
SAVED https://jonacuff.com/big-dreams-take-big-time/
SAVED https://jonacuff.com/secret-rhythm-social-media/
SAVED https://jonacuff.com/sadurday-supor-outdoor-installation/
SAVED https://jonacuff.com/surprising-truth-changing-world/
SAVED https://jonacuff.com/self-publishing-new-york-times-bestseller/
SAVED https://jonacuff.com/might-good-relationships/
SAVED https://jonacuff.com/906-2/
SAVED https://jonacuff.com/sadurday/
SAVED https://jonacuff.com/work-6-tips-getting-early/
SAVED https://jonacuff.com/monday-motivation/
SAVED https://jonacuff.com/want-greenhouses-get/
SAVED https://jonacuff.com/didnt-blockbuster-create-netflix/
SAVED https://jonacuff.com/mistake-90-public-speakers-make-avoid/
SAVED https://jonacuff.com/simple-truth-haters-grocery-store/
SAVED https://jonacuff.com/1-easy-way-know-culture-cares/
SAVED https://jonacuff.com/dear-person-going-job-dont-love-tomorrow/
SAVED https://jonacuff.com/good-photography-expensive/
SAVED https://jonacuff.com/1-reason-need-publish-blog/
SAVED https://jonacuff.com/dear-writers-dont-forget/
SAVED https://jonacuff.com/sometimes-harm-asking/
SAVED https://jonacuff.com/island-bridge/
SAVED https://jonacuff.com/3-bad-things-good-leaders-say/
SAVED https://jonacuff.com/5-shocks-got-became-entrepreneur/
SAVED https://jonacuff.com/art-everyday/
SAVED https://jonacuff.com/afraid-isnt-failure/
SAVED https://jonacuff.com/2-decisions-48-hours-changed-life/
SAVED https://jonacuff.com/1-easy-way-create-momentum-marriage/
SAVED https://jonacuff.com/dear-bloggers-terrify-little-bit/
SAVED https://jonacuff.com/words-haters/
SAVED https://jonacuff.com/create-funny-baby-announcement/
SAVED https://jonacuff.com/sherlock-photobombs-u2/
SAVED https://jonacuff.com/work-quick-blog-posts/
SAVED https://jonacuff.com/please-stop-twitter/
SAVED https://jonacuff.com/simple-idea-favors/
SAVED https://jonacuff.com/rejection-letter-u2-got/
SAVED https://jonacuff.com/crowdfund-win/
SAVED https://jonacuff.com/right-words-change-everything/
SAVED https://jonacuff.com/something-hung-office/
SAVED https://jonacuff.com/next-time-make-mistake-remember/
SAVED https://jonacuff.com/quit-asking-adventure-details/
SAVED https://jonacuff.com/stopped-cutting-lawn/
SAVED https://jonacuff.com/1-way-never-offend-anyone-twitter/
SAVED https://jonacuff.com/problem-fear/
SAVED https://jonacuff.com/draft/
SAVED https://jonacuff.com/10-horrible-twitter-tips/
SAVED https://jonacuff.com/2-things-made-win/
SAVED https://jonacuff.com/didnt-eat-lunch-jon-acuff/
SAVED https://jonacuff.com/dear-dreamers-stop/
SAVED https://jonacuff.com/john-mayer-myth-success/
SAVED https://jonacuff.com/spent-1000-url/
SAVED https://jonacuff.com/shut-already/
SAVED https://jonacuff.com/flappy-bird-developer-taking-game-tomorrow/
SAVED https://jonacuff.com/5-ways-say/
SAVED https://jonacuff.com/book-wanted-write/
SAVED https://jonacuff.com/today-january-1st-want/
SAVED https://jonacuff.com/moment-knew-bad-job/
SAVED https://jonacuff.com/discover-time-one-exercise/
SAVED https://jonacuff.com/10-things-fear-fears/
SAVED https://jonacuff.com/stop-trying-make-perfect-decisions/
SAVED https://jonacuff.com/made-complete-list-good-things-happen-compare-success-someone-elses/
SAVED https://jonacuff.com/say-versus-mean/
SAVED https://jonacuff.com/moves/
SAVED https://jonacuff.com/learning-tell-someone-no/
SAVED https://jonacuff.com/dont-confuse-4-minutes-4-years/
SAVED https://jonacuff.com/writers-cabin-myth/
SAVED https://jonacuff.com/3-questions-always-ask-take-risk/
SAVED https://jonacuff.com/funeral-probably-missed/
SAVED https://jonacuff.com/perfect-way-respond-dont-get-nominated-oscar/
SAVED https://jonacuff.com/3-signs-ego-making-decisions/
SAVED https://jonacuff.com/vanilla-trap/
SAVED https://jonacuff.com/3-lies-youll-hear-successful-people/
SAVED https://jonacuff.com/sometimes-just-open-right-door/
SAVED https://jonacuff.com/inspiration-vs-comparison/
SAVED https://jonacuff.com/2-reasons-shouldnt-compare-people/
SAVED https://jonacuff.com/offline-relationships-still-matter/
SAVED https://jonacuff.com/writing-lesson-emotionally-unstable-rat-garage-forced-learn/
SAVED https://jonacuff.com/ok-slow/
SAVED https://jonacuff.com/new-years-resolution-ive-kept-39-years/
SAVED https://jonacuff.com/mad-lawyers-soldiers-always-pay-designers/
SAVED https://jonacuff.com/4-ways-read-books-2015/
SAVED https://jonacuff.com/im-tired-losing-30-pounds/
SAVED https://jonacuff.com/im-something-dont-like-today/
SAVED https://jonacuff.com/4-types-non-fiction-books-kind-read-2015/
SAVED https://jonacuff.com/finding-voice-writer/
SAVED https://jonacuff.com/gift-everyone-wants-christmas/
SAVED https://jonacuff.com/fail-finish-line-sometimes-want/
SAVED https://jonacuff.com/1-surprising-lesson-dream-chasing-heisman-trophy-winner/
SAVED https://jonacuff.com/3-reasons-im-learning-love-technology-hated-18-years-2/
SAVED https://jonacuff.com/want-media-list/
SAVED https://jonacuff.com/5-ways-design-book-cover/
SAVED https://jonacuff.com/goals-hyatt-2015/
SAVED https://jonacuff.com/table-island/
SAVED https://jonacuff.com/art/
SAVED https://jonacuff.com/might-one-reasons-follow-facebook/
SAVED https://jonacuff.com/charge-art-work-2015/
SAVED https://jonacuff.com/getting-laughed-bookstore-best-possible-way/
SAVED https://jonacuff.com/reason-left-netherlands/
SAVED https://jonacuff.com/one-word-help-build-dream-3-signs-might-multipotentialite/
SAVED https://jonacuff.com/people-dont-value-things-dont-value/
SAVED https://jonacuff.com/big-thank-infusionsoft/
SAVED https://jonacuff.com/30-awesome-people-need-know/
SAVED https://jonacuff.com/cant-read-kindle-ipad/
SAVED https://jonacuff.com/pssst-writers-quick-book-signing-trick/
SAVED https://jonacuff.com/7-ways-everything/
SAVED https://jonacuff.com/1-reason-hard-time-haters/
SAVED https://jonacuff.com/dont-youll-give-dream/
SAVED https://jonacuff.com/dreams-free/
SAVED https://jonacuff.com/fast-world-changing-watch-video-steve-jobs-find/
SAVED https://jonacuff.com/everything-lesson-look-right-way/
SAVED https://jonacuff.com/late-awesome-year/
SAVED https://jonacuff.com/small-microphone-moments/
SAVED https://jonacuff.com/learning-deal-worst-boss/
SAVED https://jonacuff.com/7-things-learned-1st-year-chasing-dream-full-time/
SAVED https://jonacuff.com/confession-1-im-afraid-read-blogs/
SAVED https://jonacuff.com/soldier-plane-taught-perspective/
SAVED https://jonacuff.com/sometimes-empathy-can-paint/
SAVED https://jonacuff.com/announcing-title-new-book/
SAVED https://jonacuff.com/5-ways-maximize-sidehustle/
SAVED https://jonacuff.com/experience-power-bookbook/
SAVED https://jonacuff.com/cant-sleep-nights/
SAVED https://jonacuff.com/brave-stuff/
SAVED https://jonacuff.com/dare-like/
SAVED https://jonacuff.com/chasing-dream-2-parts-2-parts/
SAVED https://jonacuff.com/bread-blogs-hawaii-picture-staying-committed-dream/
SAVED https://jonacuff.com/one-remembers-boring/
SAVED https://jonacuff.com/nothing-boring-look-right-way/
SAVED https://jonacuff.com/3-questions-ask-blog-advertisers-sponsors-guest-post-authors/
SAVED https://jonacuff.com/comfort-doesnt-create-great-art/
SAVED https://jonacuff.com/want-chase-dream-get-eyes-checked/
SAVED https://jonacuff.com/decision-make-every-day/
SAVED https://jonacuff.com/nashville-many-musicians-missing-one/
SAVED https://jonacuff.com/10-jokes-missed-july-ish-edition/
SAVED https://jonacuff.com/1-lesson-cheers-teaches-us-chasing-dream/
SAVED https://jonacuff.com/surprisingly-simple-way-fight-fear-phone/
SAVED https://jonacuff.com/yes-manifesto/
SAVED https://jonacuff.com/find-time-work-dream/
SAVED https://jonacuff.com/lets-get-visual/
SAVED https://jonacuff.com/hacking-best-day-ever/
SAVED https://jonacuff.com/5-ways-beat-writers-block/
SAVED https://jonacuff.com/fun-breaks-pressure/
SAVED https://jonacuff.com/serious/
SAVED https://jonacuff.com/change-direction-dream-without-looking-like-failure/
SAVED https://jonacuff.com/experiments-scary-thats-ok/
SAVED https://jonacuff.com/dont-fit-box/
SAVED https://jonacuff.com/hustle-dream-youre-already-busy/
SAVED https://jonacuff.com/watch-6-second-video-next-time-fear-lies/
SAVED https://jonacuff.com/focus-ideas-dream/
SAVED https://jonacuff.com/axe-body-spray-human-bulldozers-took-34-years-write-first-book/
SAVED https://jonacuff.com/650-reasons-stop-comparing-people/
SAVED https://jonacuff.com/dont-say-sentence-month/
SAVED https://jonacuff.com/do-you-have-a-terrified/
SAVED https://jonacuff.com/the-simple-lesson-about-haters-that-it-took-me-10-years-to-learn/
SAVED https://jonacuff.com/7-legit-reasons-spouse-doesnt-support-dream/
SAVED https://jonacuff.com/if-your-boss-says-this-sentence-run/
SAVED https://jonacuff.com/5-things-to-do-when-you-lose-your-job/
SAVED https://jonacuff.com/10-thoughts-on-working-for-free-in-exchange-for-exposure-a-multi-billion-dollar-company-wants-my-friend-to-do-free-work-for-them-in-exchange-for-exposure-the-company-makes-billi/
SAVED https://jonacuff.com/3-lies-kale-eaters-tell-you/
SAVED https://jonacuff.com/world-just-got-little-bit-brighter-thing-last-month/
SAVED https://jonacuff.com/theres-no-way-ralph-macchio-should-have-been-dumped-by-his-girlfriend-in-karate-kid-ii/
SAVED https://jonacuff.com/when-i-found-out-ricks-plans-i-had-to-tell-everyone/
SAVED https://jonacuff.com/the-dumb-mistake-i-made-because-i-was-afraid-of-people/
SAVED https://jonacuff.com/beyond-new-years-resolutions-3-ways-to-crush-your-goals-all-year-long/
SAVED https://jonacuff.com/the-question-a-10-year-old-asked-me-that-changed-how-i-see-money/
SAVED https://jonacuff.com/the-cage-fighter-the-book-writer-and-you/
SAVED https://jonacuff.com/the-man-in-the-street-with-the-midnight-vacuum-cleaner/
SAVED https://jonacuff.com/the-best-gift-you-can-give-yourself-in-january/
SAVED https://jonacuff.com/if-you-have-time-to-binge-watch-tv-you-have-time-to-hustle/
SAVED https://jonacuff.com/its-only-too-late-if-youre-dead/
SAVED https://jonacuff.com/30-ways-to-kick-start-2016/
SAVED https://jonacuff.com/16-minutes-to-an-awesome-2016/
SAVED https://jonacuff.com/3176-2/
SAVED https://jonacuff.com/dear-perfect-elf-on-the-shelf-parents-an-open-letter/
SAVED https://jonacuff.com/the-complete-list-of-things-that-smell-than-christmas-trees/
SAVED https://jonacuff.com/3-reasons-to-give-someone-a-book-this-christmas/
SAVED https://jonacuff.com/results-are-more-fun-than-resolutions/
SAVED https://jonacuff.com/why-not-me-might-be-the-most-powerful-question-you-ask-in-2016/
SAVED https://jonacuff.com/4-ways-to-get-paid-more-and-have-more-fun-at-whatever-you-do/
SAVED https://jonacuff.com/3-things-every-successful-goal-demands/
SAVED https://jonacuff.com/the-top-10-questions-about-30-days-of-hustle/
SAVED https://jonacuff.com/my-new-video-series-the-3-rules-of-hustle/
SAVED https://jonacuff.com/how-to-run-4-miles-when-you-really-dont-want-to/
SAVED https://jonacuff.com/why-hustle-has-seasons-a-new-video-featuring-my-wife-jenny/
SAVED https://jonacuff.com/2-questions-i-need-your-help-with/
SAVED https://jonacuff.com/how-to-connect-with-top-mentors-without-inviting-them-to-coffee/
SAVED https://jonacuff.com/stop-trying-to-make-everyone-like-you/
SAVED https://jonacuff.com/writers-are-crazy-heres-proof-i-am/
SAVED https://jonacuff.com/sunday-sunday-sunday-3-ways-to-sort-through-terrible-online-courses-find-an-awesome-one/
SAVED https://jonacuff.com/the-problem-with-halloween/
SAVED https://jonacuff.com/it-took-me-13-years-to-learn-this-lesson-about-blogging/
SAVED https://jonacuff.com/an-exclusive-interview-just-for-you/
SAVED https://jonacuff.com/3-things-to-do-if-you-have-a-bad-boss/
SAVED https://jonacuff.com/the-candle-the-drug-dealer-the-last-video-ill-ask-you-to-watch-in-2015/
SAVED https://jonacuff.com/the-presidents-wife-ruined-our-school-lunches-my-4th-grade-daughter/
SAVED https://jonacuff.com/5-tips-for-speaking-to-10000-people-or-10/
SAVED https://jonacuff.com/stop-saying-i-had-to-ask/
SAVED https://jonacuff.com/i-have-a-hearing-problem/
SAVED https://jonacuff.com/your-monday-will-never-be-as-bad-as-his/
SAVED https://jonacuff.com/divorce-is-so-ordinary-we-sometimes-forget-the-extraordinary-pain-it-causes/
SAVED https://jonacuff.com/announcing-the-15-city-fall-do-over-tour/
SAVED https://jonacuff.com/never-trust-a-self-help-expert-who-has-a-gorilla/
SAVED https://jonacuff.com/one-simple-way-to-figure-out-which-criticism-to-listen-to/
SAVED https://jonacuff.com/askanauthoranything/
SAVED https://jonacuff.com/how-to-apologize-to-27000-people/
SAVED https://jonacuff.com/our-calendars-call-us-on-the-lies-we-all-tell/
SAVED https://jonacuff.com/thistlefarms/
SAVED https://jonacuff.com/the-3-ways-i-write/
SAVED https://jonacuff.com/how-to-look-good-on-the-internet/
SAVED https://jonacuff.com/a-stupid-lie-i-believed-when-i-quit-my-last-job-and-why-you-shouldnt-believe-it/
SAVED https://jonacuff.com/short-cuts-are-fun-but-fictional/
SAVED https://jonacuff.com/how-to-get-motivated-every-time-you-open-your-phone-this-summer/
SAVED https://jonacuff.com/i-got-fired-because-i-didnt-listen-to-louis-ck/
SAVED https://jonacuff.com/please-stop-telling-me-youre-too-busy/
SAVED https://jonacuff.com/5-things-veterans-should-know-about-their-career-do-overs/
SAVED https://jonacuff.com/49-words-about-the-economy/
SAVED https://jonacuff.com/are-you-ready-to-do-summer/
SAVED https://jonacuff.com/be-weird-until-the-rest-of-the-world-catches-up/
SAVED https://jonacuff.com/5-things-every-college-graduate-needs/
SAVED https://jonacuff.com/excuses-are-like-rabbits/
SAVED https://jonacuff.com/communities-make-the-world-and-ideas-go-round/
SAVED https://jonacuff.com/the-best-account-on-instagram-and-the-lie-we-tell-each-day/
SAVED https://jonacuff.com/a-simple-truth-about-writing-a-book/
SAVED https://jonacuff.com/how-to-be-a-better-writer-part-1/
SAVED https://jonacuff.com/why-i-fell-back-in-love-with-bookstores/
SAVED https://jonacuff.com/why-we-need-you-to-be-brave/
SAVED https://jonacuff.com/im-coming-to-a-city-near-you-soon/
SAVED https://jonacuff.com/the-wait-is-over-do-over-is-available-today/
SAVED https://jonacuff.com/good-things-come-to-those-who-finish/
SAVED https://jonacuff.com/2-reasons-i-hate-the-phrase-just-a-stay-at-home-mom/
SAVED https://jonacuff.com/the-day-i-left-my-dream-job/
SAVED https://jonacuff.com/how-to-build-your-own-library-with-a-tweet/
SAVED https://jonacuff.com/that-thing-authors-never-talk-about/
SAVED https://jonacuff.com/5-ways-to-be-motivational-on-the-internets/
SAVED https://jonacuff.com/the-weirdest-sounding-thing-i-do-on-thursdays-or-3-things-a-mastermind-needs/
SAVED https://jonacuff.com/realizing-you-dont-fit-into-the-system-is-a-scary-thing-at-first/
SAVED https://jonacuff.com/crying-in-airports-gets-old-eventually/
SAVED https://jonacuff.com/9-things-5-years-of-running-my-own-business-taught-me/
SAVED https://jonacuff.com/the-reason-im-in-austria-today-and-greece-on-saturday/
SAVED https://jonacuff.com/its-january-1/
SAVED https://jonacuff.com/nearly-magical-piece-paper-bought-2011/
SAVED https://jonacuff.com/creative-slide-ep-00-welcome/
SAVED https://jonacuff.com/cs01/
SAVED https://jonacuff.com/travel-company-got-one-word-wrong/
SAVED https://jonacuff.com/billion-dollar-question-someone-asked/
SAVED https://jonacuff.com/world-will-never-changed-things-dont-finish/
SAVED https://jonacuff.com/tell-729856-people-thing/
SAVED https://jonacuff.com/18-days-awesome-2018/
SAVED https://jonacuff.com/because-doing-this-is-illegal/
SAVED https://jonacuff.com/next-time-see-say/
SAVED https://jonacuff.com/new-video-fun-finishing-goals/
SAVED https://jonacuff.com/who-told-you-who-you-got-to-be/
SAVED https://jonacuff.com/welcome-to-rocktober/
SAVED https://jonacuff.com/how-to-be-a-casino/
SAVED https://jonacuff.com/3-reasons-need-shout/
SAVED https://jonacuff.com/increase-success-63-video/
SAVED https://jonacuff.com/win-queso-case-o-contest/
SAVED https://jonacuff.com/announcing-fall-2017-finish-tour/
SAVED https://jonacuff.com/age-kid-get-phone/
SAVED https://jonacuff.com/fought-wrong-ghost-2013/
SAVED https://jonacuff.com/i-have-a-confession/
SAVED https://jonacuff.com/12-hours/
SAVED https://jonacuff.com/simple-mistake-public-speakers-pastors-often-make/
SAVED https://jonacuff.com/be-careful-about-reading-this/
SAVED https://jonacuff.com/kids-ever-put-hands-oven/
SAVED https://jonacuff.com/number-1-mistake-public-speakers-make/
SAVED https://jonacuff.com/secret-getting-paid-writer/
SAVED https://jonacuff.com/im-writing-four-new-books-heres-get-free/
SAVED https://jonacuff.com/magician-wanted-tell/
SAVED https://jonacuff.com/9-gift-ideas-college-graduates/
SAVED https://jonacuff.com/mcdonalds-vs-chick-fil/
SAVED https://jonacuff.com/winners-200-book-giveaway/
SAVED https://jonacuff.com/dear-writers-2/
SAVED https://jonacuff.com/simple-secret-successful-entrepreneur/
SAVED https://jonacuff.com/im-giving-away-100-copies-want-one/
SAVED https://jonacuff.com/the-old-rules-dont-apply-to-this-new-world/
SAVED https://jonacuff.com/old-rules-dont-apply-new-world/
SAVED https://jonacuff.com/2-ways-to-love-your-job-more-in-30-seconds/
SAVED https://jonacuff.com/surprising-person-will-get-new-job/
SAVED https://jonacuff.com/two-people-need-impossible/
SAVED https://jonacuff.com/2-ways-love-job-30-seconds/
SAVED https://jonacuff.com/get-raise-work/
SAVED https://jonacuff.com/one-tool-use-everyday/
SAVED https://jonacuff.com/bon-jovi-wrong-probably/
SAVED https://jonacuff.com/lesson-learned-shower/
SAVED https://jonacuff.com/youve-got-14-hours-left/
SAVED https://jonacuff.com/3-simple-questions-reveal-big-goals/
SAVED https://jonacuff.com/please-dont-send-email-next-week/
SAVED https://jonacuff.com/tweet-want-send-next-year/
SAVED https://jonacuff.com/5-stages-hating-diet/
SAVED https://jonacuff.com/hack-customer-service-2-words/
SAVED https://jonacuff.com/came-thered-nowhere-hide/
SAVED https://jonacuff.com/day-jenny-quit-company-build-business-not-get-divorced/
SAVED https://jonacuff.com/say-no-friends-want-work-free-2/
SAVED https://jonacuff.com/but-why-not-you/
SAVED https://jonacuff.com/7-things-to-do-if-you-dont-like-your-job/
SAVED https://jonacuff.com/5-things-didnt-know-30-days-hustle/
SAVED https://jonacuff.com/5-ways-survive-christmas-shoes/
SAVED https://jonacuff.com/can-1000-candles/
SAVED https://jonacuff.com/career-savings-account-event-jon-acuff/
SAVED https://jonacuff.com/never-let-people-wont-tell-dont/
SAVED https://jonacuff.com/is-facebook-dead/
SAVED https://jonacuff.com/dont-waste-anger/
SAVED https://jonacuff.com/dumb-thing-famous-person-said/
SAVED https://jonacuff.com/play-big-even-youre-small/
SAVED https://jonacuff.com/1-reason-better-least-little-weird/
SAVED https://jonacuff.com/this-was-an-accident/
SAVED https://jonacuff.com/say-no-friends-want-work-free/
SAVED https://jonacuff.com/17-reasons-get-2017-calendar/
SAVED https://jonacuff.com/one-sentence-secret-loving-job/
SAVED https://jonacuff.com/new-favorite-candy-new-favorite-stat/
SAVED https://jonacuff.com/2-things-know/
SAVED https://jonacuff.com/best-decision-ive-made-last-3-years/
SAVED https://jonacuff.com/1-lie-busyness-tries-get-us-believe/
SAVED https://jonacuff.com/joey-rachel-trick-knowing-youre-chasing-wrong-idea/
SAVED https://jonacuff.com/dear-person-going-job-dont-love-monday/
SAVED https://jonacuff.com/increase-odds-success-27-september/
SAVED https://jonacuff.com/want-build-something-awesome-find-0-001/
SAVED https://jonacuff.com/3-ways-boost-goals-using-momentum-new-school-year/
SAVED https://jonacuff.com/bar-allentown-pa-taught-maybe/
SAVED https://jonacuff.com/sign-front-door-island-sea/
SAVED https://jonacuff.com/want-feel-better-criticism-change-one-word/
SAVED https://jonacuff.com/someone-calls-sellout/
SAVED https://jonacuff.com/are-you-ready-to-do-summer-again/
SAVED https://jonacuff.com/please-stop-saying-youre-busy/
SAVED https://jonacuff.com/long-will-dream-take-100-words/
SAVED https://jonacuff.com/atg42/
SAVED https://jonacuff.com/atg38/
SAVED https://jonacuff.com/atg39/
SAVED https://jonacuff.com/atg40/
SAVED https://jonacuff.com/atg41/
SAVED https://jonacuff.com/atg36/
SAVED https://jonacuff.com/atg37/
SAVED https://jonacuff.com/atg29/
SAVED https://jonacuff.com/atg25/
SAVED https://jonacuff.com/atg26/
SAVED https://jonacuff.com/atg27/
SAVED https://jonacuff.com/atg28/
SAVED https://jonacuff.com/atg22/
SAVED https://jonacuff.com/atg23/
SAVED https://jonacuff.com/atg24/
SAVED https://jonacuff.com/atg20/
SAVED https://jonacuff.com/atg21/
SAVED https://jonacuff.com/atg16/
SAVED https://jonacuff.com/atg17/
SAVED https://jonacuff.com/atg18/
SAVED https://jonacuff.com/atg19/
SAVED https://jonacuff.com/16081/
SAVED https://jonacuff.com/how-old-should-a-kid-be-before-they-get-a-smartphone/
SAVED https://jonacuff.com/3-words-to-say-to-someone-who-asks-you-to-work-for-free/
SAVED https://jonacuff.com/5-encouraging-books-for-discouraging-times/
SAVED https://jonacuff.com/how-to-fall-asleep-when-youre-stressed-out/
SAVED https://jonacuff.com/5-legit-reasons-your-spouse-isnt-supporting-your-dream/
SAVED https://jonacuff.com/a-text-i-sent-my-friend-that-i-think-you-might-like-too/
SAVED https://jonacuff.com/4-reasons-this-is-the-best-notebook-in-the-world/
SAVED https://jonacuff.com/how-much-did-i-get-paid-for-my-book/
SAVED https://jonacuff.com/the-tweet-that-cost-me-a-job/
SAVED https://jonacuff.com/3-things-to-do-when-you-want-to-eat-your-feelings/
SAVED https://jonacuff.com/5-books-that-changed-my-life/
SAVED https://jonacuff.com/the-personal-crisis-that-changed-my-life-12-years-ago/
SAVED https://jonacuff.com/how-to-learn-from-mentors-you-never-meet/
SAVED https://jonacuff.com/the-truth-no-one-wants-to-admit-about-millennials/
SAVED https://jonacuff.com/the-life-changing-power-of-pants-work-from-home-tips/
SAVED https://jonacuff.com/toddlers-are-terrible-coworkers/
SAVED https://jonacuff.com/1-way-to-beat-3-voices-of-doubt/
SAVED https://jonacuff.com/want-to-make-every-workout-better-use-the-spare-change-principle/
SAVED https://jonacuff.com/15963/
SAVED https://jonacuff.com/the-broccoli-trick-to-achieving-your-goals/
SAVED https://jonacuff.com/the-simple-trick-i-use-to-finish-first-drafts/
SAVED https://jonacuff.com/the-loneliness-of-a-new-idea/
SAVED https://jonacuff.com/3-tips-to-a-better-work-life-balance/
SAVED https://jonacuff.com/heres-the-worst-gift-i-ever-gave-my-wife-2/
SAVED https://jonacuff.com/i-know-three-things/
SAVED https://jonacuff.com/i-cant-stop-thinking-about-this-sentence/
SAVED https://jonacuff.com/how-to-be-nice-in-7-words/
SAVED https://jonacuff.com/dont-let-anger-steal-your-creativity/
SAVED https://jonacuff.com/the-magical-magnet-you-probably-need-too/
SAVED https://jonacuff.com/the-10-year-question/
SAVED https://jonacuff.com/one-thing-i-do-to-beat-back-the-voices-of-doubt/
SAVED https://jonacuff.com/the-decision-you-and-i-make-every-single-day/
SAVED https://jonacuff.com/a-simple-lesson-it-has-taken-me-43-years-to-learn/
SAVED https://jonacuff.com/how-to-enjoy-social-media-100-more/
SAVED https://jonacuff.com/heres-the-worst-gift-i-ever-gave-my-wife/
SAVED https://jonacuff.com/how-the-right-kind-of-data-can-prevent-disaster/
SAVED https://jonacuff.com/doing-a-comedy-set-was-terrifying-heres-why-i-did-it/
SAVED https://jonacuff.com/20-things-id-tell-you-over-coffee-or-more-likely-queso/
SAVED https://jonacuff.com/one-question-that-is-haunting-me-in-2019/
SAVED https://jonacuff.com/jordan-sent-me-an-email-i-want-to-get-one-from-you-too/
SAVED https://jonacuff.com/help-me-light-the-way-home-again-this-year/
SAVED https://jonacuff.com/7-ways-i-use-this-piece-of-paper-to-have-an-awesome-year/
SAVED https://jonacuff.com/10til19/
SAVED https://jonacuff.com/worklife/
SAVED https://jonacuff.com/stools-are-the-worst/
SAVED https://jonacuff.com/septemberjanuary/
SAVED https://jonacuff.com/5-ways-to-geek-out-with-me/
SAVED https://jonacuff.com/a-little-is-a-lot/
SAVED https://jonacuff.com/atg120/
SAVED https://jonacuff.com/atg121/
SAVED https://jonacuff.com/atg122/
SAVED https://jonacuff.com/atg116/
SAVED https://jonacuff.com/atg117/
SAVED https://jonacuff.com/atg118/
SAVED https://jonacuff.com/atg119/
SAVED https://jonacuff.com/atg112/
SAVED https://jonacuff.com/atg113/
SAVED https://jonacuff.com/atg114/
SAVED https://jonacuff.com/atg115/
SAVED https://jonacuff.com/atg109/
SAVED https://jonacuff.com/atg110/
SAVED https://jonacuff.com/atg111/
SAVED https://jonacuff.com/atg106/
SAVED https://jonacuff.com/atg107/
SAVED https://jonacuff.com/atg108/
SAVED https://jonacuff.com/atg103/
SAVED https://jonacuff.com/atg104/
SAVED https://jonacuff.com/atg105/
SAVED https://jonacuff.com/atg100/
SAVED https://jonacuff.com/atg101/
SAVED https://jonacuff.com/atg102/
SAVED https://jonacuff.com/atg96/
SAVED https://jonacuff.com/atg97/
SAVED https://jonacuff.com/atg98/
SAVED https://jonacuff.com/atg99/
SAVED https://jonacuff.com/atg93/
SAVED https://jonacuff.com/atg94/
SAVED https://jonacuff.com/atg95/
SAVED https://jonacuff.com/atg89/
SAVED https://jonacuff.com/atg90/
SAVED https://jonacuff.com/atg91/
SAVED https://jonacuff.com/atg92/
SAVED https://jonacuff.com/atg85/
SAVED https://jonacuff.com/atg86/
SAVED https://jonacuff.com/atg87/
SAVED https://jonacuff.com/atg88/
SAVED https://jonacuff.com/atg82/
SAVED https://jonacuff.com/atg83/
SAVED https://jonacuff.com/atg84/
SAVED https://jonacuff.com/atg79/
SAVED https://jonacuff.com/atg80/
SAVED https://jonacuff.com/atg81/
SAVED https://jonacuff.com/atg76/
SAVED https://jonacuff.com/atg77/
SAVED https://jonacuff.com/atg78/
SAVED https://jonacuff.com/atg74/
SAVED https://jonacuff.com/atg75/
SAVED https://jonacuff.com/atg71/
SAVED https://jonacuff.com/atg72/
SAVED https://jonacuff.com/atg73/
SAVED https://jonacuff.com/atg68/
SAVED https://jonacuff.com/atg69/
SAVED https://jonacuff.com/atg70/
SAVED https://jonacuff.com/atg64/
SAVED https://jonacuff.com/atg65/
SAVED https://jonacuff.com/atg66/
SAVED https://jonacuff.com/atg67/
SAVED https://jonacuff.com/atg61/
SAVED https://jonacuff.com/atg62/
SAVED https://jonacuff.com/atg63/
SAVED https://jonacuff.com/atg58/
SAVED https://jonacuff.com/atg59/
SAVED https://jonacuff.com/atg56/
SAVED https://jonacuff.com/atg57/
SAVED https://jonacuff.com/atg51/
SAVED https://jonacuff.com/atg52/
SAVED https://jonacuff.com/atg53/
SAVED https://jonacuff.com/atg48/
SAVED https://jonacuff.com/atg49/
SAVED https://jonacuff.com/atg50/
SAVED https://jonacuff.com/atg46/
SAVED https://jonacuff.com/atg47/
SAVED https://jonacuff.com/atg43/
SAVED https://jonacuff.com/atg44/
SAVED https://jonacuff.com/atg123/
SAVED https://jonacuff.com/atg124/
SAVED https://jonacuff.com/atg125/
SAVED https://jonacuff.com/atg126/
SAVED https://jonacuff.com/atg127/
SAVED https://jonacuff.com/atg128/
SAVED https://jonacuff.com/tube-site/
SAVED https://jonacuff.com/el-verdadero-valor-del-deporte/
SAVED https://jonacuff.com/como-hablar-de-sexo-con-su-pareja/
SAVED https://jonacuff.com/unde-sunt-cele-mai-bune-locuri-pentru-a-gasi-filme/
SAVED https://jonacuff.com/dependenta-de-pornografie-pe-internet/
SAVED https://jonacuff.com/atg129/
SAVED https://jonacuff.com/atg30/
SAVED https://jonacuff.com/atg1/
SAVED https://jonacuff.com/atg130/
SAVED https://jonacuff.com/atg131/
SAVED https://jonacuff.com/despre-filme/
SAVED https://jonacuff.com/atg132/
SAVED https://jonacuff.com/atg133/
SAVED https://jonacuff.com/atg134/
SAVED https://jonacuff.com/atg135/
SAVED https://jonacuff.com/atg136/
SAVED https://jonacuff.com/atg137/
SAVED https://jonacuff.com/atg138/
SAVED https://jonacuff.com/atg139/
SAVED https://jonacuff.com/atg140/
SAVED https://jonacuff.com/atg141/
SAVED https://jonacuff.com/atg142/
SAVED https://jonacuff.com/atg143/
SAVED https://jonacuff.com/atg144/
SAVED https://jonacuff.com/atg145/
SAVED https://jonacuff.com/atg146/
SAVED https://jonacuff.com/atg147/
SAVED https://jonacuff.com/atg148/
SAVED https://jonacuff.com/atg149/
SAVED https://jonacuff.com/atg150/
SAVED https://jonacuff.com/atg151/
SAVED https://jonacuff.com/atg152/
SAVED https://jonacuff.com/atg153/
SAVED https://jonacuff.com/atg154/
SAVED https://jonacuff.com/atg155/
SAVED https://jonacuff.com/atg156/
SAVED https://jonacuff.com/atg157/
SAVED https://jonacuff.com/atg158/
SAVED https://jonacuff.com/atg159/
SAVED https://jonacuff.com/atg160/
SAVED https://jonacuff.com/atg161/
SAVED https://jonacuff.com/atg162/
SAVED https://jonacuff.com/atg163/
SAVED https://jonacuff.com/atg164/
SAVED https://jonacuff.com/atg165/
SAVED https://jonacuff.com/atg166/
SAVED https://jonacuff.com/atg167/
SAVED https://jonacuff.com/atg169/
SAVED https://jonacuff.com/atg168/
SAVED https://jonacuff.com/atg170/
SAVED https://jonacuff.com/atg171/
SAVED https://jonacuff.com/atg172/
SAVED https://jonacuff.com/atg173/
SAVED https://jonacuff.com/atg174/
SAVED https://jonacuff.com/atg175/
SAVED https://jonacuff.com/atg176/
SAVED https://jonacuff.com/atg177/
SAVED https://jonacuff.com/atg178/
SAVED https://jonacuff.com/atg179/
SAVED https://jonacuff.com/atg180/
SAVED https://jonacuff.com/atg182/
SAVED https://jonacuff.com/atg183/
SAVED https://jonacuff.com/atg184/
SAVED https://jonacuff.com/atg185/
SAVED https://jonacuff.com/atg186/
SAVED https://jonacuff.com/atg187/
SAVED https://jonacuff.com/atg188/
SAVED https://jonacuff.com/atg189/
SAVED https://jonacuff.com/atg190/
SAVED https://jonacuff.com/atg192/
SAVED https://jonacuff.com/atg191/
SAVED https://jonacuff.com/atg193/
SAVED https://jonacuff.com/atg194/
SAVED https://jonacuff.com/atg195/
SAVED https://jonacuff.com/atg196/
SAVED https://jonacuff.com/atg197/
SAVED https://jonacuff.com/atg198/
SAVED https://jonacuff.com/atg199/
SAVED https://jonacuff.com/atg200/
SAVED https://jonacuff.com/atg201/
SAVED https://jonacuff.com/atg202/
SAVED https://jonacuff.com/atg203/
SAVED https://jonacuff.com/atg204/
SAVED https://jonacuff.com/atg206/
SAVED https://jonacuff.com/atg207/
SAVED https://jonacuff.com/atg208/
SAVED https://jonacuff.com/atg209/
SAVED https://jonacuff.com/atg210/
SAVED https://jonacuff.com/atg211/
SAVED https://jonacuff.com/atg212/
SAVED https://jonacuff.com/atg213/
SAVED https://jonacuff.com/atg214/
SAVED https://jonacuff.com/atg215/
SAVED https://jonacuff.com/atg216/
SAVED https://jonacuff.com/atg217/
SAVED https://jonacuff.com/atg218/
SAVED https://jonacuff.com/atg219/
SAVED https://jonacuff.com/atg220/
SAVED https://jonacuff.com/atg222/
SAVED https://jonacuff.com/atg223/
SAVED https://jonacuff.com/atg224/
SAVED https://jonacuff.com/atg225/
SAVED https://jonacuff.com/atg226/
SAVED https://jonacuff.com/atg227/
SAVED https://jonacuff.com/atg228/
SAVED https://jonacuff.com/atg229/
SAVED https://jonacuff.com/atg230/
SAVED https://jonacuff.com/atg231/
SAVED https://jonacuff.com/atg232/
SAVED https://jonacuff.com/atg233/
SAVED https://jonacuff.com/make-graphic-designer-hate/
SAVED https://jonacuff.com/atg234/
SAVED https://jonacuff.com/atg235/
SAVED https://jonacuff.com/atg236/
SAVED https://jonacuff.com/atg237/
SAVED https://jonacuff.com/atg238/
SAVED https://jonacuff.com/atg239/
SAVED https://jonacuff.com/atg240/
SAVED https://jonacuff.com/atg241/
SAVED https://jonacuff.com/
SAVED https://jonacuff.com/just-say-no/
SAVED https://jonacuff.com/not-interested/
SAVED https://jonacuff.com/netgalley-troubleshooting/
SAVED https://jonacuff.com/webinarthanks/
SAVED https://jonacuff.com/90bizwaitlist/
SAVED https://jonacuff.com/90bizthanks2/
SAVED https://jonacuff.com/do-over-3/
SAVED https://jonacuff.com/summerthanks/
SAVED https://jonacuff.com/speakers_unsub/
SAVED https://jonacuff.com/writers_unsub/
SAVED https://jonacuff.com/parents_unsub/
SAVED https://jonacuff.com/business_unsub/
SAVED https://jonacuff.com/health_unsub/
SAVED https://jonacuff.com/book_proposal/
SAVED https://jonacuff.com/media-inquiries/
SAVED https://jonacuff.com/thanksentrepreneurs/
SAVED https://jonacuff.com/30dohchallenge/
SAVED https://jonacuff.com/read_unsub/
SAVED https://jonacuff.com/career-savings-account/
SAVED https://jonacuff.com/do-over-2/
SAVED https://jonacuff.com/read100/
SAVED https://jonacuff.com/rocktoberthanks/
SAVED https://jonacuff.com/readersthanks/
SAVED https://jonacuff.com/podcast2/
SAVED https://jonacuff.com/thanksfinish/
SAVED https://jonacuff.com/18daysthanks/
SAVED https://jonacuff.com/18days_unsub/
SAVED https://jonacuff.com/tour/
SAVED https://jonacuff.com/thanksspeakerscourse/
SAVED https://jonacuff.com/sync/
SAVED https://jonacuff.com/comedythanks/
SAVED https://jonacuff.com/ideasthanks/
SAVED https://jonacuff.com/custom-form/
SAVED https://jonacuff.com/healththanks/
SAVED https://jonacuff.com/thanksspeakers/
SAVED https://jonacuff.com/newsletter_unsub/
SAVED https://jonacuff.com/thanksbuyingfinish/
SAVED https://jonacuff.com/unsubscribeconf/
SAVED https://jonacuff.com/promounsubscribe/
SAVED https://jonacuff.com/unsubscribed/
SAVED https://jonacuff.com/parentsthanks/
SAVED https://jonacuff.com/2019-finish-calendar-tips/
SAVED https://jonacuff.com/thankswriters/
SAVED https://jonacuff.com/sepjan/
SAVED https://jonacuff.com/amythanks/
SAVED https://jonacuff.com/amy3/
SAVED https://jonacuff.com/optoutsj/
SAVED https://jonacuff.com/thank-first-chapter-way/
SAVED https://jonacuff.com/dooverthanks/
SAVED https://jonacuff.com/doover/
SAVED https://jonacuff.com/fwbthanks/
SAVED https://jonacuff.com/2020giftguide/
SAVED https://jonacuff.com/fcinterest/
SAVED https://jonacuff.com/finishcourse/
SAVED https://jonacuff.com/availabilitythanks/
SAVED https://jonacuff.com/launch-team-sharables/
SAVED https://jonacuff.com/last-chance/
SAVED https://jonacuff.com/giveaway/
SAVED https://jonacuff.com/giveaway-ty/
SAVED https://jonacuff.com/soundtracksaudio/
SAVED https://jonacuff.com/webinar/
SAVED https://jonacuff.com/webinar-watch/
SAVED https://jonacuff.com/listen/
SAVED https://jonacuff.com/opt-out-beyond-perfect-challenge/
SAVED https://jonacuff.com/opt-out/
SAVED https://jonacuff.com/replace/
SAVED https://jonacuff.com/retire/
SAVED https://jonacuff.com/poster/
SAVED https://jonacuff.com/repeat/
SAVED https://jonacuff.com/gift/
SAVED https://jonacuff.com/feedback/
SAVED https://jonacuff.com/finish-workbook-download/
SAVED https://jonacuff.com/comedy/
SAVED https://jonacuff.com/global-leadership-summit/
SAVED https://jonacuff.com/mindset/
SAVED https://jonacuff.com/17100-2/
SAVED https://jonacuff.com/availability/
SAVED https://jonacuff.com/ynp-live-replay/
SAVED https://jonacuff.com/finish-workbook-free/
SAVED https://jonacuff.com/byal-free-calendars/
SAVED https://jonacuff.com/free/
SAVED https://jonacuff.com/byal-fall-2022-bonuses/
SAVED https://jonacuff.com/byal-university-waitlist/
SAVED https://jonacuff.com/january-2023-challenge-waitlist/
SAVED https://jonacuff.com/playlist/
SAVED https://jonacuff.com/gifts/
SAVED https://jonacuff.com/ggc-membership-video/
SAVED https://jonacuff.com/guaranteed-goals-challenge/
SAVED https://jonacuff.com/ggc-challenge-welcome/
SAVED https://jonacuff.com/ggc-challenge-faq/
SAVED https://jonacuff.com/ggc-coffee-confirmation/
SAVED https://jonacuff.com/ggc-coffee/
SAVED https://jonacuff.com/ggc-challenge-replays/
SAVED https://jonacuff.com/shop/
SAVED https://jonacuff.com/my-account/
SAVED https://jonacuff.com/atg-free-chapters/
SAVED https://jonacuff.com/april-2023-challenge-waitlist-confirmation/
SAVED https://jonacuff.com/april-2023-challenge-waitlist/
SAVED https://jonacuff.com/beyond-perfect-challenge-2023/vip/
SAVED https://jonacuff.com/90bizthanks1/
SAVED https://jonacuff.com/guide/
SAVED https://jonacuff.com/acuff-challenge-waiting-list/
SAVED https://jonacuff.com/90bizthanks3/
SAVED https://jonacuff.com/beyond-perfect-challenge-2023/
SAVED https://jonacuff.com/bpc-challenge-faq/
SAVED https://jonacuff.com/free-soundtracks-posters/
SAVED https://jonacuff.com/playlist-ty/
SAVED https://jonacuff.com/all-it-takes-is-a-goal-book-netgalley/
SAVED https://jonacuff.com/all-it-takes-is-a-goal-book-lt-welcome/
SAVED https://jonacuff.com/atg-book-launch-team/
SAVED https://jonacuff.com/dev-celebrate-goals/
SAVED https://jonacuff.com/thanks-for-purchasing-all-it-takes-is-a-goal/
SAVED https://jonacuff.com/try-this-welcome/
SAVED https://jonacuff.com/dev-all-it-takes-is-a-goal-book/
SAVED https://jonacuff.com/list/
SAVED https://jonacuff.com/soundtracks-course/preview/
SAVED https://jonacuff.com/soundtracks-course-s/
SAVED https://jonacuff.com/podcast/
SAVED https://jonacuff.com/newsletter/
SAVED https://jonacuff.com/atg-chapter-1/
SAVED https://jonacuff.com/audio/
SAVED https://jonacuff.com/signet/
SAVED https://jonacuff.com/all-it-takes-is-a-goal-book/
SAVED https://jonacuff.com/audio-bonus/
SAVED https://jonacuff.com/dpdr-poster/
SAVED https://jonacuff.com/jumpstart-welcome/
SAVED https://jonacuff.com/jumpstart/
SAVED https://jonacuff.com/january-2024-challenge-waitlist-confirmation/
SAVED https://jonacuff.com/jumpstart-broadcast/
SAVED https://jonacuff.com/ggc-group-coaching-preview/
SAVED https://jonacuff.com/fail-proof-resolutions-challenge-vip/
SAVED https://jonacuff.com/finish-workbook-speaking/
SAVED https://jonacuff.com/ynp-chapters-speaking/
SAVED https://jonacuff.com/soundtracks-course-preview-speaking/
SAVED https://jonacuff.com/soundtracks-free-chapter-speaking/
SAVED https://jonacuff.com/acuff-challenge-waitlist/
SAVED https://jonacuff.com/fpr-challenge-faq/
SAVED https://jonacuff.com/ggc-live-broadcast/
SAVED https://jonacuff.com/read-confirmation/
SAVED https://jonacuff.com/read/
SAVED https://jonacuff.com/atg-chapter-poster-speaking/
SAVED https://jonacuff.com/atg-free-chapter-poster-speaking-confirmation/
SAVED https://jonacuff.com/htw-free-chapter-speaking/
SAVED https://jonacuff.com/speaking/
SAVED https://jonacuff.com/journal/
SAVED https://jonacuff.com/finish-course-waitlist/
SAVED https://jonacuff.com/finish-course/
SAVED https://jonacuff.com/soundtracks-course-waitlist/
SAVED https://jonacuff.com/byal-course/
SAVED https://jonacuff.com/soundtracks-course/
SAVED https://jonacuff.com/how-teens-win/thanks/
SAVED https://jonacuff.com/htw-dpdr-speaking/
SAVED https://jonacuff.com/live-old/
SAVED https://jonacuff.com/smartkids-confirmation/
SAVED https://jonacuff.com/buffini/
SAVED https://jonacuff.com/how-teens-win/
SAVED https://jonacuff.com/mindset-reboot-confirmation/
SAVED https://jonacuff.com/fail-proof-resolutions-challenge/
SAVED https://jonacuff.com/buffini/thank-you-soundtracks-for-real-estate-leaders-poster-speaking/
SAVED https://jonacuff.com/mindset-reboot-challenge/
SAVED https://jonacuff.com/mindset-reboot-challenge-faq/
SAVED https://jonacuff.com/mindset-reboot-challenge-vip-faq/
SAVED https://jonacuff.com/greatest-year-ever/thanks/
SAVED https://jonacuff.com/mindset-reboot-challenge-vip/
SAVED https://jonacuff.com/htw-dpdr-speaking/ty-htw-dpdr-speaking/
SAVED https://jonacuff.com/greatest-year-ever/
SAVED https://jonacuff.com/greatest-year-ever/confirmation/
SAVED https://jonacuff.com/free-soundtracks-posters/confirmation-2/
SAVED https://jonacuff.com/dpdr-poster/confirmation/
SAVED https://jonacuff.com/htw-free-chapter-speaking/confirmation-2/
SAVED https://jonacuff.com/ynp-chapters-speaking/confirmation/
SAVED https://jonacuff.com/books/
SAVED https://jonacuff.com/holiday-2024/
SAVED https://jonacuff.com/live-coming-soon/
SAVED https://jonacuff.com/ry-2025/event-confirmation/
SAVED https://jonacuff.com/live/remarkable-you-live-event-confirmation-april-21-2026/
SAVED https://jonacuff.com/mastermind/next/
SAVED https://jonacuff.com/mastermind/
SAVED https://jonacuff.com/live/schedule/
SAVED https://jonacuff.com/vip/
SAVED https://jonacuff.com/cart/
SAVED https://jonacuff.com/checkout/
SAVED https://jonacuff.com/summer/
SAVED https://jonacuff.com/summer/confirmation/
SAVED https://jonacuff.com/media/
SAVED https://jonacuff.com/soundtracks/
SAVED https://jonacuff.com/profile-gls/
SAVED https://jonacuff.com/free-chapters-speaking/confirmation/
SAVED https://jonacuff.com/pp-sample-gls/
SAVED https://jonacuff.com/free-chapters-speaking/
SAVED https://jonacuff.com/gls-audiobook/
SAVED https://jonacuff.com/gls-audiobook/confirmation/
SAVED https://jonacuff.com/profile/dreamer/
SAVED https://jonacuff.com/profile/perfectionist/
SAVED https://jonacuff.com/profile/hustler/
SAVED https://jonacuff.com/profile/analyst/
SAVED https://jonacuff.com/profile/
SAVED https://jonacuff.com/live/
SAVED https://jonacuff.com/guaranteed-goals-community/
SAVED https://jonacuff.com/home-page/acuff_600x600/
SAVED https://jonacuff.com/the-old-rules-dont-apply-to-this-new-world/oldrules/
SAVED https://jonacuff.com/2-ways-to-love-your-job-more-in-30-seconds/officewindow/
SAVED https://jonacuff.com/speaking/screen-shot-2017-06-21-at-9-54-29-am/
SAVED https://jonacuff.com/?attachment_id=14759
SAVED https://jonacuff.com/?attachment_id=14760
SAVED https://jonacuff.com/i-have-a-confession/summer-of-finish/
SAVED https://jonacuff.com/kids-ever-put-hands-oven/unguarded-baby-with-open-oven/
SAVED https://jonacuff.com/blog/theblog_1920/
SAVED https://jonacuff.com/blog/theblog_1300/
SAVED https://jonacuff.com/blog/theblog_1500/
SAVED https://jonacuff.com/?attachment_id=14796
SAVED https://jonacuff.com/?attachment_id=14799
SAVED https://jonacuff.com/be-careful-about-reading-this/railroad-tracks/
SAVED https://jonacuff.com/simple-mistake-public-speakers-pastors-often-make/microphone-over-the-abstract-blurred-photo-of-conference-hall-or/
SAVED https://jonacuff.com/im-writing-four-new-books-heres-get-free/books-1655783_1920/
SAVED https://jonacuff.com/secret-getting-paid-writer/packs-163497_1280/
SAVED https://jonacuff.com/mcdonalds-vs-chick-fil/hamburger-2201744_1920/
SAVED https://jonacuff.com/9-gift-ideas-college-graduates/dawn-1840298_1920/
SAVED https://jonacuff.com/age-kid-get-phone/elementary-school-students-with-smartphones/
SAVED https://jonacuff.com/launch-team-sharables/sharable1-2/
SAVED https://jonacuff.com/launch-team-sharables/sharable3-2/
SAVED https://jonacuff.com/launch-team-sharables/sharable4-2/
SAVED https://jonacuff.com/launch-team-sharables/sharable2-2/
SAVED https://jonacuff.com/launch-team-sharables/bonuses/
SAVED https://jonacuff.com/fought-wrong-ghost-2013/future_finishers/
SAVED https://jonacuff.com/launch-team-sharables/bonuses-2/
SAVED https://jonacuff.com/launch-team-sharables/3d_book/
SAVED https://jonacuff.com/launch-team-sharables/3d_book-2/
SAVED https://jonacuff.com/win-queso-case-o-contest/queso/
