SAVED https://blog.youtube/
SAVED https://blog.youtube/news-and-events/
SAVED https://blog.youtube/news-and-events/youtube-originals-announces-slate-of/
SAVED https://blog.youtube/news-and-events/pray-withme-connect-online-faith-community/
SAVED https://blog.youtube/news-and-events/observing-ramadan-at-home/
SAVED https://blog.youtube/news-and-events/expanding-fact-checks-on-youtube-to-united-states/
SAVED https://blog.youtube/news-and-events/covid-19-resources-to-help-people-learn/
SAVED https://blog.youtube/news-and-events/youtube-at-15-my-personal-journey/
SAVED https://blog.youtube/news-and-events/the-youtube-adblitz-champion-of-2020-is/
SAVED https://blog.youtube/news-and-events/state-of-union-2020-live-on-youtube/
SAVED https://blog.youtube/news-and-events/safer-internet-day/
SAVED https://blog.youtube/news-and-events/project-witness-can-vr-create-empathy/
SAVED https://blog.youtube/news-and-events/how-youtube-supports-elections/
SAVED https://blog.youtube/news-and-events/youtube-originals-coachella-documentary/
SAVED https://blog.youtube/news-and-events/better-protecting-kids-privacy-on-youtube/
SAVED https://blog.youtube/news-and-events/youtube-music-makes-discovery-more/
SAVED https://blog.youtube/news-and-events/youtube-gift-codes-are-now-available-on/
SAVED https://blog.youtube/news-and-events/an-update-to-our-harassment-policy/
SAVED https://blog.youtube/news-and-events/introducing-fresh-new-look-for-youtube/
SAVED https://blog.youtube/news-and-events/google-org-and-susan-wojcicki-give-135-million-grant-homelessness/
SAVED https://blog.youtube/news-and-events/can-anyone-match-freddie-mercurys/
SAVED https://blog.youtube/news-and-events/a-super-launch-of-super-stickers/
SAVED https://blog.youtube/news-and-events/youarethechampions/
SAVED https://blog.youtube/news-and-events/cashfest/
SAVED https://blog.youtube/news-and-events/youtube-music-app-android10/
SAVED https://blog.youtube/news-and-events/welcome-to-youtubecomfashion/
SAVED https://blog.youtube/news-and-events/maintaining-credibility-and-consistency/
SAVED https://blog.youtube/news-and-events/appealspeech/
SAVED https://blog.youtube/news-and-events/an-update-on-kids/
SAVED https://blog.youtube/news-and-events/take-your-tunes-on-road-youtube-music/
SAVED https://blog.youtube/news-and-events/queen-launches-you-are-champions/
SAVED https://blog.youtube/news-and-events/youtube-music-now-lets-listeners-switch/
SAVED https://blog.youtube/news-and-events/youtube-lollapalooza-2019-livestream/
SAVED https://blog.youtube/news-and-events/queens-iconic-bohemian-rhapsody-video/
SAVED https://blog.youtube/news-and-events/live-from-vidcon-creating-new/
SAVED https://blog.youtube/news-and-events/youtube-music-and-universal-music-group/
SAVED https://blog.youtube/news-and-events/taking-harder-look-at-harassment/
SAVED https://blog.youtube/news-and-events/our-ongoing-work-to-tackle-hate/
SAVED https://blog.youtube/news-and-events/more-ways-to-buy-tour-tickets-on-youtube/
SAVED https://blog.youtube/news-and-events/giving-you-more-control-over-homepage/
SAVED https://blog.youtube/news-and-events/an-update-on-our-efforts-to-protect/
SAVED https://blog.youtube/news-and-events/2019-brandcast-stage-highlights/
SAVED https://blog.youtube/news-and-events/youtube-to-live-stream-coachella/
SAVED https://blog.youtube/news-and-events/youtube-delivers-coachella-2019-to/
SAVED https://blog.youtube/news-and-events/updates-to-youtube-tv-more-content-new-price/
SAVED https://blog.youtube/news-and-events/enjoy-youtube-music-free-on-google-home/
SAVED https://blog.youtube/news-and-events/youtube-premium-teams-up-with-samsung/
SAVED https://blog.youtube/news-and-events/state-of-union-2019-live-on-youtube/
SAVED https://blog.youtube/news-and-events/live-tomorrow-tune-into-brit-awards/
SAVED https://blog.youtube/news-and-events/introducing-our-new-strikes-system/
SAVED https://blog.youtube/news-and-events/youtube-tvs-gearing-up-for-big-game-and/
SAVED https://blog.youtube/news-and-events/youtube-music-comes-to-sonos/
SAVED https://blog.youtube/news-and-events/continuing-our-work-to-improve/
SAVED https://blog.youtube/news-and-events/youtube-music-now-offers-youtube-charts/
SAVED https://blog.youtube/news-and-events/gni-youtube-innovation-funding/
SAVED https://blog.youtube/news-and-events/faster-removals-and-tackling-comments/
SAVED https://blog.youtube/news-and-events/youtube-launches-student-plans-for/
SAVED https://blog.youtube/news-and-events/the-giving-season-is-upon-us/
SAVED https://blog.youtube/news-and-events/election-day-live-on-youtube/
SAVED https://blog.youtube/news-and-events/youtube-makes-it-simple-for-fans-to/
SAVED https://blog.youtube/news-and-events/youtube-learning-investing-in/
SAVED https://blog.youtube/news-and-events/shawn-mendes-collaborates-with-youtube/
SAVED https://blog.youtube/news-and-events/new-tools-for-parents-and-content-for/
SAVED https://blog.youtube/news-and-events/tools-to-take-charge-of-your-digital/
SAVED https://blog.youtube/news-and-events/more-vr-in-more-places/
SAVED https://blog.youtube/news-and-events/building-better-news-experience-on/
SAVED https://blog.youtube/news-and-events/youtube-music-and-youtube-premium/
SAVED https://blog.youtube/news-and-events/goooal-get-ready-for-2018-fifa-world/
SAVED https://blog.youtube/news-and-events/youtube-music-starts-rolling-out-today/
SAVED https://blog.youtube/news-and-events/youtube-music-new-music-streaming/
SAVED https://blog.youtube/news-and-events/watch-prince-harry-and-meghan-markle/
SAVED https://blog.youtube/news-and-events/royal-wedding-2018-livestreaming-to_36/
SAVED https://blog.youtube/news-and-events/introducing-youtube-premium/
SAVED https://blog.youtube/news-and-events/highlights-from-brandcast-stage-new/
SAVED https://blog.youtube/news-and-events/video-is-everywhere-helping-brands-find/
SAVED https://blog.youtube/news-and-events/more-information-faster-removals-more/
SAVED https://blog.youtube/news-and-events/introducing-new-choices-for-parents-to/
SAVED https://blog.youtube/news-and-events/youtube-tvs-got-game-on-valentines-day/
SAVED https://blog.youtube/news-and-events/thats-wrap-see-you-in-atlanta-in-2019/
SAVED https://blog.youtube/news-and-events/its-time-to-turn-up-music-watch-brits/
SAVED https://blog.youtube/news-and-events/greater-transparency-for-users-around/
SAVED https://blog.youtube/news-and-events/bundle-up-and-tune-in-celebrate-winter/
SAVED https://blog.youtube/news-and-events/bringing-power-of-youtube-to-more/
SAVED https://blog.youtube/news-and-events/state-of-union-2018-live-on-youtube/
SAVED https://blog.youtube/news-and-events/new-official-artist-channels-provide/
SAVED https://blog.youtube/news-and-events/elton-john-announces-final-tour-on/
SAVED https://blog.youtube/news-and-events/youtube-ads-leaderboard-top-ads-you/
SAVED https://blog.youtube/news-and-events/expanding-our-work-against-abuse-of-our/
SAVED https://blog.youtube/news-and-events/introducing-kid-profiles-new-parental/
SAVED https://blog.youtube/news-and-events/celebrating-veterans-day/
SAVED https://blog.youtube/news-and-events/a-new-way-for-artists-to-sell-tickets/
SAVED https://blog.youtube/news-and-events/5-ways-were-toughening-our-approach-to/
SAVED https://blog.youtube/news-and-events/lean-back-and-watch-youtube-tv-with-new/
SAVED https://blog.youtube/news-and-events/youtube-live-with-kevin-durant-and-host_21/
SAVED https://blog.youtube/news-and-events/introducing-new-way-to-share-youtube/
SAVED https://blog.youtube/news-and-events/an-update-on-our-commitment-to-fight/
SAVED https://blog.youtube/news-and-events/global-internet-forum-to-counter/
SAVED https://blog.youtube/news-and-events/bringing-new-redirect-method-features/
SAVED https://blog.youtube/news-and-events/updates-from-vidcon-more-users-more/
SAVED https://blog.youtube/news-and-events/the-world-as-you-see-it-with-vr180/
SAVED https://blog.youtube/news-and-events/game-on-youtube-at-e3-2017/
SAVED https://blog.youtube/news-and-events/facebook-microsoft-twitter-and-youtube/
SAVED https://blog.youtube/news-and-events/honoring-allthemoms-this-mothers-day/
SAVED https://blog.youtube/news-and-events/from-brandcast-stage-new-star-studded/
SAVED https://blog.youtube/news-and-events/a-sneak-peek-at-youtubes-new-look-and/
SAVED https://blog.youtube/news-and-events/youtube-tv-is-now-live/
SAVED https://blog.youtube/news-and-events/youtube-go-beta-launches-in-india/
SAVED https://blog.youtube/news-and-events/the-youtube-kids-app-is-now-available/
SAVED https://blog.youtube/news-and-events/introducing-our-first-class-of-creators/
SAVED https://blog.youtube/news-and-events/get-best-seat-in-house-and-watch/
SAVED https://blog.youtube/news-and-events/step-into-games-with-new-vr-videos/
SAVED https://blog.youtube/news-and-events/enjoy-your-personal-concert-with-vr/
SAVED https://blog.youtube/news-and-events/youtube-kids-turns-2-and-theres-lots-to/
SAVED https://blog.youtube/news-and-events/youtube-goes-to-movies/
SAVED https://blog.youtube/news-and-events/you-know-whats-cool-billion-hours/
SAVED https://blog.youtube/news-and-events/tune-in-and-turn-it-up-watch-brits-feat/
SAVED https://blog.youtube/news-and-events/overtime-game-day-ads-are-still-in-play/
SAVED https://blog.youtube/news-and-events/finally-live-tv-made-for-you/
SAVED https://blog.youtube/news-and-events/presidential-inauguration-live-on/
SAVED https://blog.youtube/news-and-events/celebrating-ten-years-of-big-game-ads/
SAVED https://blog.youtube/news-and-events/bennie-and-jets-rocket-man-tiny-dancer/
SAVED https://blog.youtube/news-and-events/drumroll-please-top-youtube-ads-of-2016/
SAVED https://blog.youtube/news-and-events/a-billion-reasons-to-celebrate-music-on/
SAVED https://blog.youtube/news-and-events/ytmehrmusik-more-music-from-artists-you/
SAVED https://blog.youtube/news-and-events/youtube-vr-whole-new-way-to-watch-and/
SAVED https://blog.youtube/news-and-events/true-colors-adding-support-for-hdr/
SAVED https://blog.youtube/news-and-events/the-clash-royale-kings-cup-live-on/
SAVED https://blog.youtube/news-and-events/more-parental-controls-available-in/
SAVED https://blog.youtube/news-and-events/google-and-youtube-can-help-keep-you_42/
SAVED https://blog.youtube/news-and-events/4k-live-streaming-live-has-never-looked/
SAVED https://blog.youtube/news-and-events/watch-tonights-vice-presidential-debate/
SAVED https://blog.youtube/news-and-events/us-election-results-live-on-youtube/
SAVED https://blog.youtube/news-and-events/tune-into-second-presidential-debate/
SAVED https://blog.youtube/news-and-events/tune-in-to-final-presidential-debate/
SAVED https://blog.youtube/news-and-events/the-three-2016-us-presidential-debates/
SAVED https://blog.youtube/news-and-events/second-presidential-debate-related/
SAVED https://blog.youtube/news-and-events/helping-creators-connect-with-brands/
SAVED https://blog.youtube/news-and-events/google-home-includes-6-months-of/
SAVED https://blog.youtube/news-and-events/bringing-storycorps-experience-to-video/
SAVED https://blog.youtube/news-and-events/youtube-go-youtube-reimagined-for-next/
SAVED https://blog.youtube/news-and-events/with-nearly-2-million-concurrent/
SAVED https://blog.youtube/news-and-events/why-flagging-matters/
SAVED https://blog.youtube/news-and-events/watch-tonights-presidential-live-stream/
SAVED https://blog.youtube/news-and-events/voting-matters-now-register-youtube/
SAVED https://blog.youtube/news-and-events/introducing-youtube-creators-for-change/
SAVED https://blog.youtube/news-and-events/growing-our-trusted-flagger-program/
SAVED https://blog.youtube/news-and-events/change-is-made-with-code/
SAVED https://blog.youtube/news-and-events/celebrate-minecon-on-youtube/
SAVED https://blog.youtube/news-and-events/rio-2016-celebrations-on-youtube/
SAVED https://blog.youtube/news-and-events/kids-app-with-youtube-red/
SAVED https://blog.youtube/news-and-events/the-orchestra-of-syrian-musicians-with/
SAVED https://blog.youtube/news-and-events/introducing-youtube-director-suite-of/
SAVED https://blog.youtube/news-and-events/another-great-slate-of-shows-and-movies/
SAVED https://blog.youtube/news-and-events/youtube-brings-e3-to-you-wherever-you/
SAVED https://blog.youtube/news-and-events/highlights-from-tonights-youtube/
SAVED https://blog.youtube/news-and-events/one-step-closer-to-reality-introducing/
SAVED https://blog.youtube/news-and-events/cure-festival-fomo-and-watch-coachella/
SAVED https://blog.youtube/news-and-events/an-exciting-new-way-to-watch-360-videos/
SAVED https://blog.youtube/news-and-events/a-new-mobile-design-for-your-home/
SAVED https://blog.youtube/news-and-events/inviting-more-players-to-game/
SAVED https://blog.youtube/news-and-events/youtube-red-originals-premiere-february-10/
SAVED https://blog.youtube/news-and-events/youtube-red-originals-available-today/
SAVED https://blog.youtube/news-and-events/the-youtube-adblitz-champion-of-2016-is/
SAVED https://blog.youtube/news-and-events/thats-music-to-my-ears-watch-brit/
SAVED https://blog.youtube/news-and-events/nearly-two-centuries-worth-of-big-game/
SAVED https://blog.youtube/news-and-events/game-over-long-live-game-on-youtube/
SAVED https://blog.youtube/news-and-events/youtube-creators-live-from-tomorrows/
SAVED https://blog.youtube/news-and-events/countdown-to-big-game-begins-with/
SAVED https://blog.youtube/news-and-events/youtube-and-nbc-news-present-democratic/
SAVED https://blog.youtube/news-and-events/watch-jay-leno-veritasium-ha-jason/
SAVED https://blog.youtube/news-and-events/specialdelivery-google-spotlight/
SAVED https://blog.youtube/news-and-events/and-top-ads-of-2015-on-youtube-are/
SAVED https://blog.youtube/news-and-events/climate-change-affects-things-we-love/
SAVED https://blog.youtube/news-and-events/a-youtube-built-just-for-music/
SAVED https://blog.youtube/news-and-events/youtube-space-paris-new-home-for-french/
SAVED https://blog.youtube/news-and-events/youtube-goes-even-more-global/
SAVED https://blog.youtube/news-and-events/red/
SAVED https://blog.youtube/news-and-events/red-originals/
SAVED https://blog.youtube/news-and-events/red-is-here/
SAVED https://blog.youtube/news-and-events/more-for-your-family-in-youtube-kids-app/
SAVED https://blog.youtube/news-and-events/introducing-awesome-stuff-week-product/
SAVED https://blog.youtube/news-and-events/gamers-and-streamers-winner-is-you/
SAVED https://blog.youtube/news-and-events/watch-global-citizen-festivallive-on/
SAVED https://blog.youtube/news-and-events/party-with-disclosure-and-james-corden/
SAVED https://blog.youtube/news-and-events/lets-play/
SAVED https://blog.youtube/news-and-events/youtube-mobile-updates-2015/
SAVED https://blog.youtube/news-and-events/youtube-comments/
SAVED https://blog.youtube/news-and-events/proudtolove-and-proud-to-celebrate/
SAVED https://blog.youtube/news-and-events/get-your-game-on-with-youtube-during-e3/
SAVED https://blog.youtube/news-and-events/eyewitness-video-on-youtube-your-window/
SAVED https://blog.youtube/news-and-events/a-youtube-built-for-gamers/
SAVED https://blog.youtube/news-and-events/youtube-to-z-happybirthdayyoutube/
SAVED https://blog.youtube/news-and-events/celebrating-10-years-of-youtube/
SAVED https://blog.youtube/news-and-events/watch-global-citizen-2015-earth-day/
SAVED https://blog.youtube/news-and-events/old-spice-red-bull-and-bears-oh-my-look/
SAVED https://blog.youtube/news-and-events/new-original-content-from-top-youtube/
SAVED https://blog.youtube/news-and-events/youtube-music-awards-winners/
SAVED https://blog.youtube/news-and-events/your-official-invite-to-2015-youtube/
SAVED https://blog.youtube/news-and-events/presenting-2015-youtube-music-awards/
SAVED https://blog.youtube/news-and-events/get-more-into-ncaa-march-madness-on/
SAVED https://blog.youtube/news-and-events/coachella-tmobile-youtube-2015/
SAVED https://blog.youtube/news-and-events/youtube-kids/
SAVED https://blog.youtube/news-and-events/youtube-adblitz-votes-are-in-and-winner/
SAVED https://blog.youtube/news-and-events/shooting-stars-and-puppy-ads-how-world/
SAVED https://blog.youtube/news-and-events/youtube-creators-interview-president/
SAVED https://blog.youtube/news-and-events/the-nfl-is-now-on-youtube-and-google/
SAVED https://blog.youtube/news-and-events/catch-big-ads-from-big-game-all-month/
SAVED https://blog.youtube/news-and-events/youtube-music-awards-are-back-for-encore/
SAVED https://blog.youtube/news-and-events/youtube-music-2014/
SAVED https://blog.youtube/news-and-events/youtube-space-new-york-you-can-make-it/
SAVED https://blog.youtube/news-and-events/pwn-share-repeat-with-youtube-on/
SAVED https://blog.youtube/news-and-events/unearth-your-country-roots-with-tim/
SAVED https://blog.youtube/news-and-events/the-power-of-finding-your-tribe-on/
SAVED https://blog.youtube/news-and-events/laugh-learn-give-at-school-of-youtube/
SAVED https://blog.youtube/news-and-events/join-madness-this-weekend-from/
SAVED https://blog.youtube/news-and-events/more-ways-to-discover-great-music/
SAVED https://blog.youtube/news-and-events/proudtoplay/
SAVED https://blog.youtube/news-and-events/get-happy-tonight-with-pharrell-and/
SAVED https://blog.youtube/news-and-events/tune-in-tomorrow-youtube-onstage-live/
SAVED https://blog.youtube/news-and-events/find-out-if-your-internet-service/
SAVED https://blog.youtube/news-and-events/you-can-now-upload-gameplay-and-snap/
SAVED https://blog.youtube/news-and-events/no-wristband-no-problem-you-can-live/
SAVED https://blog.youtube/news-and-events/vice-brings-24-hour-news-to-youtube/
SAVED https://blog.youtube/news-and-events/the-youtube-2014-ad-blitz-winners-have/
SAVED https://blog.youtube/news-and-events/youtubes-your-one-stop-shop-for-us/
SAVED https://blog.youtube/news-and-events/youtube-nation-discover-something-great/
SAVED https://blog.youtube/news-and-events/youtube-hits-slopes-at-sundance/
SAVED https://blog.youtube/news-and-events/fox-sports-1-million-youtube-challenge/
SAVED https://blog.youtube/news-and-events/catch-sneak-peek-of-2014-super-bowl/
SAVED https://blog.youtube/news-and-events/be-part-of-big-game-with-youtube-ad/
SAVED https://blog.youtube/news-and-events/youtube-on-roku/
SAVED https://blog.youtube/news-and-events/youtube-is-on-xbox-one/
SAVED https://blog.youtube/news-and-events/youtube-announces-youtube-music-award/
SAVED https://blog.youtube/news-and-events/ted-ads-worth-spreading-2013/
SAVED https://blog.youtube/news-and-events/calling-all-music-fans-youtube-music/
SAVED https://blog.youtube/news-and-events/live-from-new-york-fashion-week-on/
SAVED https://blog.youtube/news-and-events/like-eminem-lady-gaga-and-arcade-fire/
SAVED https://blog.youtube/news-and-events/youtube-creators-at-next-weekend-film/
SAVED https://blog.youtube/news-and-events/this-weekend-enjoy-lazypalooza-aka/
SAVED https://blog.youtube/news-and-events/this-friday-watch-all-360-degrees-of/
SAVED https://blog.youtube/news-and-events/play-on-player-with-updated-youtube/
SAVED https://blog.youtube/news-and-events/watch-live-wimbledon-on-youtube/
SAVED https://blog.youtube/news-and-events/this-thursday-robin-thicke-and-jenna/
SAVED https://blog.youtube/news-and-events/yt-pc-2013/
SAVED https://blog.youtube/news-and-events/yt-brandcast-2013/
SAVED https://blog.youtube/news-and-events/youtube-comedy-weeks-very-important/
SAVED https://blog.youtube/news-and-events/youtube-comedy-week-kicks-off-with-big/
SAVED https://blog.youtube/news-and-events/the-social-star-awards-live-on-youtube/
SAVED https://blog.youtube/news-and-events/youtube-wins-case-against-viacom-again/
SAVED https://blog.youtube/news-and-events/vampire-weekend-steve-buscemi-one/
SAVED https://blog.youtube/news-and-events/heyyyy-sexy-music-fans-psy-to-debut-new/
SAVED https://blog.youtube/news-and-events/congress-now-live-on-youtube/
SAVED https://blog.youtube/news-and-events/coachella-2013-live-on-youtube/
SAVED https://blog.youtube/news-and-events/and-winners-are/
SAVED https://blog.youtube/news-and-events/zero-makes-counting-billion-times-more/
SAVED https://blog.youtube/news-and-events/youtube-contest-submissions-closing_31/
SAVED https://blog.youtube/news-and-events/the-2013-dogooder-video-awards-open-for/
SAVED https://blog.youtube/news-and-events/simon-cowell-and-ricky-gervais-on/
SAVED https://blog.youtube/news-and-events/onebillionstrong/
SAVED https://blog.youtube/news-and-events/youtube-just-got-hotter-views-added-to/
SAVED https://blog.youtube/news-and-events/turning-psa-on-its-head-with-youtube/
SAVED https://blog.youtube/news-and-events/teds-ads-worth-spreading-2013-winners/
SAVED https://blog.youtube/news-and-events/support-free-expression-vote-for/
SAVED https://blog.youtube/news-and-events/safer-internet-day-tips-from-youtube/
SAVED https://blog.youtube/news-and-events/haters-and-celebrators-unite-this/
SAVED https://blog.youtube/news-and-events/context-is-king-share-your-story/
SAVED https://blog.youtube/news-and-events/autism-speaks-premieres-inspiring_26/
SAVED https://blog.youtube/news-and-events/a-pop-channel-brings-best-pop-from-asia/
SAVED https://blog.youtube/news-and-events/2013-youtube-ad-blitz-winners-revealed/
SAVED https://blog.youtube/news-and-events/yt-ces-2013/
SAVED https://blog.youtube/news-and-events/youtube-and-adweek-tackle-super-bowl/
SAVED https://blog.youtube/news-and-events/watch-secretary-of-state-hillary-rodham/
SAVED https://blog.youtube/news-and-events/plan-your-big-game-party-on-youtube/
SAVED https://blog.youtube/news-and-events/bringing-youtube-to-sundance-and/
SAVED https://blog.youtube/news-and-events/ytvev/
SAVED https://blog.youtube/news-and-events/youtube-shows-rolls-out-across-sky/
SAVED https://blog.youtube/news-and-events/youtube-on-ipad-and-sweet-updates-for/
SAVED https://blog.youtube/news-and-events/news-on-youtube-2012-in-review/
SAVED https://blog.youtube/news-and-events/film-and-share-videos-instantly-with/
SAVED https://blog.youtube/news-and-events/a-new-look-to-help-you-to-subscribe-and/
SAVED https://blog.youtube/news-and-events/youtubes-news-innovation-award-this/
SAVED https://blog.youtube/news-and-events/youtube-presents-mayday-in-san-bruno/
SAVED https://blog.youtube/news-and-events/youtube-automatic-captions-now-in-six/
SAVED https://blog.youtube/news-and-events/youtube-app-now-on-nintendo-wii-in-us/
SAVED https://blog.youtube/news-and-events/vote-first-and-watch-results-on-youtube/
SAVED https://blog.youtube/news-and-events/the-first-ever-spidernaut-safely/
SAVED https://blog.youtube/news-and-events/making-it-easier-to-watch-youtube/
SAVED https://blog.youtube/news-and-events/just-for-u-youtube-arrives-on-wii-u/
SAVED https://blog.youtube/news-and-events/documenting-your-vote-send-us-your/
SAVED https://blog.youtube/news-and-events/a-cornucopia-of-live-music-rihanna/
SAVED https://blog.youtube/news-and-events/youtubes-original-channels-go-global/
SAVED https://blog.youtube/news-and-events/youtubes-keynote-at-mipcom-building/
SAVED https://blog.youtube/news-and-events/youtube-campaigns-digital-thermometer/
SAVED https://blog.youtube/news-and-events/watch-final-debate-moments-unfold-live/
SAVED https://blog.youtube/news-and-events/throwing-virtual-debate-watch-party/
SAVED https://blog.youtube/news-and-events/the-election-seen-around-world-on/
SAVED https://blog.youtube/news-and-events/the-2012-vice-presidential-debate/
SAVED https://blog.youtube/news-and-events/the-2012-presidential-and-vice/
SAVED https://blog.youtube/news-and-events/supersonic-freefall-from-edge-of-space/
SAVED https://blog.youtube/news-and-events/new-features-for-teachers/
SAVED https://blog.youtube/news-and-events/mission-complete-red-bull-stratos-lands/
SAVED https://blog.youtube/news-and-events/austin-city-limits-live-on-youtube-all/
SAVED https://blog.youtube/news-and-events/5-questions-with-chris-carver-chief/
SAVED https://blog.youtube/news-and-events/watch-killers-unstaged-directed-by/
SAVED https://blog.youtube/news-and-events/make-voting-go-viral/
SAVED https://blog.youtube/news-and-events/live-from-runway-brings-new-york/
SAVED https://blog.youtube/news-and-events/introducing-new-youtube-app-for-your/
SAVED https://blog.youtube/news-and-events/david-victori-is-winner-of-your-film/
SAVED https://blog.youtube/news-and-events/classic-japanese-anime-comes-to-youtube/
SAVED https://blog.youtube/news-and-events/youtube-space-lab-bill-nye-science-guy/
SAVED https://blog.youtube/news-and-events/your-film-festival-finalist-filmmakers/
SAVED https://blog.youtube/news-and-events/watch-republican-and-democratic/
SAVED https://blog.youtube/news-and-events/watch-lollapalooza-live-all-weekend-on/
SAVED https://blog.youtube/news-and-events/the-us-election-live-on-youtube/
SAVED https://blog.youtube/news-and-events/the-journey-to-venice-begins-top-10/
SAVED https://blog.youtube/news-and-events/the-2012-london-summer-paralympics-live/
SAVED https://blog.youtube/news-and-events/music-tuesday-antibalas-psy-and-tom/
SAVED https://blog.youtube/news-and-events/how-olympics-played-out-on-youtube/
SAVED https://blog.youtube/news-and-events/game-on-get-new-youtube-app-for/
SAVED https://blog.youtube/news-and-events/attention-cricket-fans-sri-lanka/
SAVED https://blog.youtube/news-and-events/a-new-home-for-investigative-journalism/
SAVED https://blog.youtube/news-and-events/youtube-fan-lounge-at-san-diego-comic/
SAVED https://blog.youtube/news-and-events/let-us-help-turn-your-video-views-into/
SAVED https://blog.youtube/news-and-events/how-november-will-be-won-by-numbers/
SAVED https://blog.youtube/news-and-events/google-video-content-moving-to-youtube/
SAVED https://blog.youtube/news-and-events/face-blurring-when-footage-requires/
SAVED https://blog.youtube/news-and-events/build-audience-with-how-to-videos/
SAVED https://blog.youtube/news-and-events/bringing-global-games-to-new-global/
SAVED https://blog.youtube/news-and-events/youtube-automatic-captions-now/
SAVED https://blog.youtube/news-and-events/your-film-festival-invites-you-to-vote/
SAVED https://blog.youtube/news-and-events/world-is-playing-football-american/
SAVED https://blog.youtube/news-and-events/watch-kenny-chesney-live-today-on/
SAVED https://blog.youtube/news-and-events/usher-performs-live-from-london/
SAVED https://blog.youtube/news-and-events/us-olympic-team-rolls-out-new-channel/
SAVED https://blog.youtube/news-and-events/take-your-channels-with-you-on-new/
SAVED https://blog.youtube/news-and-events/syria-violence-spacex-landing-second/
SAVED https://blog.youtube/news-and-events/selamat-datang-youtube-indonesia/
SAVED https://blog.youtube/news-and-events/pinteresting-videos-are-coming-your-way/
SAVED https://blog.youtube/news-and-events/new-massacre-in-syria-transit-of-venus/
SAVED https://blog.youtube/news-and-events/music-tuesday-pride-icons-videosongs/
SAVED https://blog.youtube/news-and-events/movies-and-tv-shows-now-available-for/
SAVED https://blog.youtube/news-and-events/ioc-to-show-live-coverage-of-london/
SAVED https://blog.youtube/news-and-events/have-your-own-youtube-party-in-google/
SAVED https://blog.youtube/news-and-events/get-your-game-face-on-e3-is-live-on/
SAVED https://blog.youtube/news-and-events/do-this-do-that-do-something-on-youtube/
SAVED https://blog.youtube/news-and-events/customize-entertainment-for-your-dad/
SAVED https://blog.youtube/news-and-events/choosing-how-youre-seen-on-youtube/
SAVED https://blog.youtube/news-and-events/calling-all-beliebers-ask-justin/
SAVED https://blog.youtube/news-and-events/bonnaroo-live-on-youtube-this-weekend/
SAVED https://blog.youtube/news-and-events/youtube-presents-k-pop-stars-in/
SAVED https://blog.youtube/news-and-events/youtube-creators-can-help-make-mothers/
SAVED https://blog.youtube/news-and-events/vivid-live-from-sydney-opera-house-puts/
SAVED https://blog.youtube/news-and-events/take-virtual-trip-to-jazz-fest-new/
SAVED https://blog.youtube/news-and-events/obama-supports-marriage-equality-double/
SAVED https://blog.youtube/news-and-events/new-human-rights-channel-on-youtube/
SAVED https://blog.youtube/news-and-events/massacre-in-syria-earthquake-in-italy/
SAVED https://blog.youtube/news-and-events/khan-sheikhoun-attack-wildfires-rage/
SAVED https://blog.youtube/news-and-events/kabul-explosion-cairo-sit-in-protest/
SAVED https://blog.youtube/news-and-events/its-youtubes-7th-birthday-and-youve/
SAVED https://blog.youtube/news-and-events/finding-and-following-new-channels-you/
SAVED https://blog.youtube/news-and-events/70-korean-cinema-classics-come-to/
SAVED https://blog.youtube/news-and-events/zimmerman-charged-with-murder/
SAVED https://blog.youtube/news-and-events/tornadoes-in-texas-storms-in-japan/
SAVED https://blog.youtube/news-and-events/siblings-on-youtube-cooler-than-polar/
SAVED https://blog.youtube/news-and-events/see-what-happens-when-gary-oldman/
SAVED https://blog.youtube/news-and-events/mgm-titles-roar-onto-youtube-and-google/
SAVED https://blog.youtube/news-and-events/how-were-making-even-more-3d-video/
SAVED https://blog.youtube/news-and-events/helping-every-business-play-big-on/
SAVED https://blog.youtube/news-and-events/f1-bahrain-protests-intensify-violence/
SAVED https://blog.youtube/news-and-events/coming-soon-to-youtube-and-google-play/
SAVED https://blog.youtube/news-and-events/coachella-2012-live-on-youtube/
SAVED https://blog.youtube/news-and-events/bahrain-grand-prix-france-goes-to-run/
SAVED https://blog.youtube/news-and-events/americas-got-talent-youtube-auditions/
SAVED https://blog.youtube/news-and-events/youtube-shows-comes-to-korea/
SAVED https://blog.youtube/news-and-events/youtube-now-local-in-chile-through/
SAVED https://blog.youtube/news-and-events/youtube-collection-hold-all-magic-of/
SAVED https://blog.youtube/news-and-events/welcome-to-your-new-youtube-channel/
SAVED https://blog.youtube/news-and-events/watch-star-studded-reading-of-play-8/
SAVED https://blog.youtube/news-and-events/versus-liberating-opinion-with-google/
SAVED https://blog.youtube/news-and-events/update-to-youtube-nonprofit-program/
SAVED https://blog.youtube/news-and-events/tornadoes-in-us-midwest-super-tuesday/
SAVED https://blog.youtube/news-and-events/syria-approves-new-constitution/
SAVED https://blog.youtube/news-and-events/super-tuesday-coverage-live-and-from/
SAVED https://blog.youtube/news-and-events/selamat-datang-youtube-malaysia/
SAVED https://blog.youtube/news-and-events/seeing-familiar-faces-on-youtube/
SAVED https://blog.youtube/news-and-events/one-year-of-syrian-protests-japan/
SAVED https://blog.youtube/news-and-events/no-fresh-snow-no-problem-with-ski/
SAVED https://blog.youtube/news-and-events/motorsports-brands-kick-into-high-gear/
SAVED https://blog.youtube/news-and-events/looking-ahead-in-youtube-player/
SAVED https://blog.youtube/news-and-events/live-from-toronto-world-mastercard/
SAVED https://blog.youtube/news-and-events/jetblue-emergency-landing-pope-visits/
SAVED https://blog.youtube/news-and-events/introducing-youtube-with-peruvian/
SAVED https://blog.youtube/news-and-events/infographic-youtube-ad-blitz-post-game/
SAVED https://blog.youtube/news-and-events/ideas-worthy-of-space-travel-youtube/
SAVED https://blog.youtube/news-and-events/how-to-upgrade-to-new-youtube-channels/
SAVED https://blog.youtube/news-and-events/google-makes-great-films-available-in/
SAVED https://blog.youtube/news-and-events/follow-burma-elections-on-youtube_29/
SAVED https://blog.youtube/news-and-events/experience-live-music-that-matches-your/
SAVED https://blog.youtube/news-and-events/create-your-own-video-duels-with/
SAVED https://blog.youtube/news-and-events/are-you-brainiac-take-youtube-edu-pop/
SAVED https://blog.youtube/news-and-events/and-next-causes-are/
SAVED https://blog.youtube/news-and-events/19000-episodes-of-indian-tv-on-youtube/
SAVED https://blog.youtube/news-and-events/your-front-row-seat-to-mercedes-benz/
SAVED https://blog.youtube/news-and-events/woo-your-valentine-with-help-from/
SAVED https://blog.youtube/news-and-events/whitney-houston-tributes-athens-burns/
SAVED https://blog.youtube/news-and-events/vacation-inspiration-from-travel/
SAVED https://blog.youtube/news-and-events/tighten-your-laces-as-we-head-to/
SAVED https://blog.youtube/news-and-events/this-weeks-top-news-stories-on-youtube/
SAVED https://blog.youtube/news-and-events/this-weeks-top-news-on-youtube/
SAVED https://blog.youtube/news-and-events/teds-10-ads-worth-spreading-winners/
SAVED https://blog.youtube/news-and-events/syria-unrest-denver-snowstorm/
SAVED https://blog.youtube/news-and-events/rev-engine-motor-trend-and-drive-now-on/
SAVED https://blog.youtube/news-and-events/more-sports-channels-kick-off-on/
SAVED https://blog.youtube/news-and-events/michael-fassbender-and-your-film/
SAVED https://blog.youtube/news-and-events/madonna-premieres-give-me-all-your/
SAVED https://blog.youtube/news-and-events/lightsabers-out-may-force-be-with-us/
SAVED https://blog.youtube/news-and-events/lights-camera-causes-2012-nonprofit/
SAVED https://blog.youtube/news-and-events/homework-got-you-stumped-our-new-lineup/
SAVED https://blog.youtube/news-and-events/get-more-into-big-day-out-and/
SAVED https://blog.youtube/news-and-events/get-more-into-australias-laneway/
SAVED https://blog.youtube/news-and-events/game-on-youtube-creator-playbook/
SAVED https://blog.youtube/news-and-events/from-snowflakes-to-surfactants-meet/
SAVED https://blog.youtube/news-and-events/four-new-indian-languages-on-youtube/
SAVED https://blog.youtube/news-and-events/content-rules-social-media-roost/
SAVED https://blog.youtube/news-and-events/christchurch-earthquake-one-year-later/
SAVED https://blog.youtube/news-and-events/captions-for-all-more-options-for-your/
SAVED https://blog.youtube/news-and-events/brazils-carnival-goes-social-with/
SAVED https://blog.youtube/news-and-events/and-youtube-ad-blitz-winners-are/
SAVED https://blog.youtube/news-and-events/youtube-for-nonprofits-reloaded-with/
SAVED https://blog.youtube/news-and-events/youtube-creator-playbook-use-analytics/
SAVED https://blog.youtube/news-and-events/where-youll-find-google-and-youtube-at/
SAVED https://blog.youtube/news-and-events/sixty-youtube-space-lab-finalists/
SAVED https://blog.youtube/news-and-events/play-on-youtube-channels-get-more-into/
SAVED https://blog.youtube/news-and-events/opportunity-for-video-on-web/
SAVED https://blog.youtube/news-and-events/opportunity-for-music-publishers-and/
SAVED https://blog.youtube/news-and-events/nbc-sports-and-youtube-bring-super-bowl/
SAVED https://blog.youtube/news-and-events/make-most-of-nfl-playoffs-with-adblitz/
SAVED https://blog.youtube/news-and-events/look-back-as-we-move-forward-youtube/
SAVED https://blog.youtube/news-and-events/how-to-shape-up-your-video-marketing/
SAVED https://blog.youtube/news-and-events/holy-nyans-60-hours-per-minute-and-4/
SAVED https://blog.youtube/news-and-events/global-search-for-worlds-best/
SAVED https://blog.youtube/news-and-events/get-ready-for-grand-slam-with-live/
SAVED https://blog.youtube/news-and-events/get-in-dj-booth-with-tiesto/
SAVED https://blog.youtube/news-and-events/from-west-wing-hanging-out-with/
SAVED https://blog.youtube/news-and-events/bringing-creativity-of-sundance-film/
SAVED https://blog.youtube/news-and-events/beckham-kicks-it-at-google/
SAVED https://blog.youtube/news-and-events/are-you-next-online-beauty-guru/
SAVED https://blog.youtube/news-and-events/turkish-president-abdullah-gul-answers/
SAVED https://blog.youtube/news-and-events/thumbnails-your-videos-billboard-on/
SAVED https://blog.youtube/news-and-events/professional-bull-riding-comes-to/
SAVED https://blog.youtube/news-and-events/opening-up-world-of-educational-content/
SAVED https://blog.youtube/news-and-events/k-pop-latest-genre-in-youtube-music/
SAVED https://blog.youtube/news-and-events/join-our-flash-mobfor-good/
SAVED https://blog.youtube/news-and-events/introducing-youtube-slam/
SAVED https://blog.youtube/news-and-events/how-to-use-youtube-for-your-holiday/
SAVED https://blog.youtube/news-and-events/how-to-make-great-first-impression-for/
SAVED https://blog.youtube/news-and-events/hey-brazil-whos-nextup/
SAVED https://blog.youtube/news-and-events/get-more-into-what-you-love-on-youtube/
SAVED https://blog.youtube/news-and-events/get-more-into-gamingon-big-screen_14/
SAVED https://blog.youtube/news-and-events/geoffrey-canada-and-capella-university/
SAVED https://blog.youtube/news-and-events/bringing-japanese-and-hollywood-full/
SAVED https://blog.youtube/news-and-events/ads-worth-spreading-20-get-your-entries/
SAVED https://blog.youtube/news-and-events/ads-that-entertain-youtubes-top-spots/
SAVED https://blog.youtube/news-and-events/youtube-town-hall-congress-answers-your/
SAVED https://blog.youtube/news-and-events/youtube-now-speaks-isizulu-and/
SAVED https://blog.youtube/news-and-events/youtube-comes-to-colombia/
SAVED https://blog.youtube/news-and-events/winter-x-games-aspen-12-selection-show/
SAVED https://blog.youtube/news-and-events/welcoming-your-favorite-disney-movies/
SAVED https://blog.youtube/news-and-events/welcoming-you-to-youtube/
SAVED https://blog.youtube/news-and-events/watch-mary-j-blige-perform-live-on/
SAVED https://blog.youtube/news-and-events/watch-hajj-in-saudi-arabiathe-worlds/
SAVED https://blog.youtube/news-and-events/turkeys-president-takes-your-questions/
SAVED https://blog.youtube/news-and-events/tune-in-tomorrow-at-10-am-et-for-world/
SAVED https://blog.youtube/news-and-events/tune-in-to-pre-show-for-2011-american/
SAVED https://blog.youtube/news-and-events/starcraft-finals-live-streamed-on/
SAVED https://blog.youtube/news-and-events/recognizing-20-years-of-magic-johnson/
SAVED https://blog.youtube/news-and-events/mid-movember-check-in/
SAVED https://blog.youtube/news-and-events/martha-stewart-visits-google/
SAVED https://blog.youtube/news-and-events/join-presidents-bush-clinton-plus-bono/
SAVED https://blog.youtube/news-and-events/jeff-gordon-driving-you-to-end-hunger/
SAVED https://blog.youtube/news-and-events/broadcasting-tips-beyond-turkey-this/
SAVED https://blog.youtube/news-and-events/bringing-very-best-of-what-we-do-to/
SAVED https://blog.youtube/news-and-events/youtubecompolitics-tracking-2012/
SAVED https://blog.youtube/news-and-events/youtube-now-has-movies-in-uk/
SAVED https://blog.youtube/news-and-events/youtube-creator-playbook-get-audience/
SAVED https://blog.youtube/news-and-events/what-makes-ad-worth-spreading-ted-to/
SAVED https://blog.youtube/news-and-events/watch-coldplays-unstaged-performance/
SAVED https://blog.youtube/news-and-events/trespass-with-nicole-kidman-and-nicolas/
SAVED https://blog.youtube/news-and-events/telemundo-comes-to-youtube/
SAVED https://blog.youtube/news-and-events/technology-and-human-rights/
SAVED https://blog.youtube/news-and-events/nonprofits-use-video-to-drive-action-on/
SAVED https://blog.youtube/news-and-events/new-youtube-features-for-music-artists/
SAVED https://blog.youtube/news-and-events/mabuhay-youtube-philippines/
SAVED https://blog.youtube/news-and-events/life-in-day-now-available-on-youtube/
SAVED https://blog.youtube/news-and-events/get-more-out-of-youtube-through-your/
SAVED https://blog.youtube/news-and-events/bringing-german-history-online/
SAVED https://blog.youtube/news-and-events/911-memorial-museum-is-looking-for-your/
SAVED https://blog.youtube/news-and-events/youtubecomteachers-helping-teachers-use/
SAVED https://blog.youtube/news-and-events/welcome-to-youyoutube-what-do-you-want/
SAVED https://blog.youtube/news-and-events/watch-jonah-hill-live-on-youtube-this/
SAVED https://blog.youtube/news-and-events/watch-austin-city-limits-music-festival/
SAVED https://blog.youtube/news-and-events/visit-from-taylor-swift/
SAVED https://blog.youtube/news-and-events/ufc-fights-including-rampage-vs-bones/
SAVED https://blog.youtube/news-and-events/ten-films-from-ten-filmmakers-under/
SAVED https://blog.youtube/news-and-events/roflcon-summit-exploring-how-internet/
SAVED https://blog.youtube/news-and-events/rock-in-rio-2011-live-on-youtube/
SAVED https://blog.youtube/news-and-events/renting-movies-in-canada-eh-check-out/
SAVED https://blog.youtube/news-and-events/remembering-september-11-10-years-later/
SAVED https://blog.youtube/news-and-events/on-its-70th-anniversary-orson-welles/
SAVED https://blog.youtube/news-and-events/live-from-runway-mercedes-benz-fashion/
SAVED https://blog.youtube/news-and-events/grade-candidates-in-last-nights-fox/
SAVED https://blog.youtube/news-and-events/fox-newsgoogle-debate-live-tonight-on/
SAVED https://blog.youtube/news-and-events/fox-newsgoogle-debate-digging-into-your/
SAVED https://blog.youtube/news-and-events/european-commission-president-barroso/
SAVED https://blog.youtube/news-and-events/espns-sportsnation-is-on-recruiting/
SAVED https://blog.youtube/news-and-events/youtubers-on-americas-got-talent/
SAVED https://blog.youtube/news-and-events/youtube-town-hall-by-numbers-its/
SAVED https://blog.youtube/news-and-events/youtube-brings-you-lollapalooza-live/
SAVED https://blog.youtube/news-and-events/watch-anderson-coopers-exclusive/
SAVED https://blog.youtube/news-and-events/update-on-youtubes-promoted-videos/
SAVED https://blog.youtube/news-and-events/sailing-ships-with-sydney-opera-house/
SAVED https://blog.youtube/news-and-events/king-of-late-night-officially-launches/
SAVED https://blog.youtube/news-and-events/get-your-boat-shoes-because-americas/
SAVED https://blog.youtube/news-and-events/aid-for-africa-youtube-partners-rally/
SAVED https://blog.youtube/news-and-events/youtube-in-palestinian-territories/
SAVED https://blog.youtube/news-and-events/watch-janes-addiction-perform-live/
SAVED https://blog.youtube/news-and-events/tickets-available-for-life-in-day/
SAVED https://blog.youtube/news-and-events/lets-get-ready-for-some/
SAVED https://blog.youtube/news-and-events/hometown-love-for-sf-giants/
SAVED https://blog.youtube/news-and-events/check-out-cosmic-panda-new-experimental/
SAVED https://blog.youtube/news-and-events/auto-captions-now-available-in-japanese/
SAVED https://blog.youtube/news-and-events/youtube-town-hall-members-of-congress/
SAVED https://blog.youtube/news-and-events/youtube-edu-partners-dartmouth-college/
SAVED https://blog.youtube/news-and-events/youtube-and-creative-commons-raising/
SAVED https://blog.youtube/news-and-events/x-factor-us-talent-search-comes-to/
SAVED https://blog.youtube/news-and-events/we-have-five-words-for-you-celebrate/
SAVED https://blog.youtube/news-and-events/watch-lunar-eclipse-from-anywhere/
SAVED https://blog.youtube/news-and-events/us-gamers-look-out-e3-gaming-expo-is/
SAVED https://blog.youtube/news-and-events/top-e3-game-trailers-based-on-your/
SAVED https://blog.youtube/news-and-events/ted-youtube-releasing-power-of-video-to/
SAVED https://blog.youtube/news-and-events/special-invitation-from-wiggles/
SAVED https://blog.youtube/news-and-events/schools-out-for-summer-but-still-open/
SAVED https://blog.youtube/news-and-events/pottermania-at-youtube-live-streams/
SAVED https://blog.youtube/news-and-events/next-step-in-embedded-videos-hd-preview/
SAVED https://blog.youtube/news-and-events/living-life-in-day-and-summer-in/
SAVED https://blog.youtube/news-and-events/live-soccer-on-youtube-2011-copa/
SAVED https://blog.youtube/news-and-events/life-in-day-request-screening-create/
SAVED https://blog.youtube/news-and-events/john-legend-talks-charter-schools-glees/
SAVED https://blog.youtube/news-and-events/inaugural-youtube-us-nextup-class-gives/
SAVED https://blog.youtube/news-and-events/behind-scenes-of-nba-draft-with-golden/
SAVED https://blog.youtube/news-and-events/as-seen-on-youtube-pages-celebrating/
SAVED https://blog.youtube/news-and-events/1-button-on-youtube/
SAVED https://blog.youtube/news-and-events/youtube-town-hall-where-your-views/
SAVED https://blog.youtube/news-and-events/youtube-creator-institute-is-in-session/
SAVED https://blog.youtube/news-and-events/youtube-100-music-chart-is-live/
SAVED https://blog.youtube/news-and-events/you-old-romantics-you72-million-live/
SAVED https://blog.youtube/news-and-events/world-for-making/
SAVED https://blog.youtube/news-and-events/welcome-to-future-of-video-please-stay/
SAVED https://blog.youtube/news-and-events/watch-my-morning-jackets-perform-live/
SAVED https://blog.youtube/news-and-events/thanks-youtube-community-for-two-big/
SAVED https://blog.youtube/news-and-events/shorts-from-cannes-film-festival/
SAVED https://blog.youtube/news-and-events/remembering-fallen-journalists-on-video/
SAVED https://blog.youtube/news-and-events/pomp-and-circumstanceand-speeches/
SAVED https://blog.youtube/news-and-events/out-of-this-world-your-interview-with/
SAVED https://blog.youtube/news-and-events/new-channel-to-help-businesses-in/
SAVED https://blog.youtube/news-and-events/national-teacher-day-celebrating/
SAVED https://blog.youtube/news-and-events/lady-gaga-unveils-born-this-way-on/
SAVED https://blog.youtube/news-and-events/john-legend-takes-your-education/
SAVED https://blog.youtube/news-and-events/introducing-stars-of-future-on-youtube/
SAVED https://blog.youtube/news-and-events/get-more-into-movies-on-youtube/
SAVED https://blog.youtube/news-and-events/cis-fair-use-legal-experts-answer/
SAVED https://blog.youtube/news-and-events/americas-got-talent-wants-you/
SAVED https://blog.youtube/news-and-events/youtube-is-going-live/
SAVED https://blog.youtube/news-and-events/youtube-copyright-education-remixed/
SAVED https://blog.youtube/news-and-events/world-view-heads-to-africa-rwandan/
SAVED https://blog.youtube/news-and-events/whos-next-big-thing-on-youtube-you-tell/
SAVED https://blog.youtube/news-and-events/update-on-google-video-finding-easier/
SAVED https://blog.youtube/news-and-events/stars-line-up-on-youtube-to-take-action/
SAVED https://blog.youtube/news-and-events/spanish-prime-minister-zapatero-is-next/
SAVED https://blog.youtube/news-and-events/royal-wedding-live-on-youtube/
SAVED https://blog.youtube/news-and-events/party-with-nfl-rookies-on-youtube/
SAVED https://blog.youtube/news-and-events/nylon-young-hollywood-comes-to-youtube/
SAVED https://blog.youtube/news-and-events/northern-hemisphere-spring-brings/
SAVED https://blog.youtube/news-and-events/mmm-mmm-good-youtube-videos-now-served/
SAVED https://blog.youtube/news-and-events/mashups-parodies-and-lip-dubs-ask-legal/
SAVED https://blog.youtube/news-and-events/live-from-space-you-talk-to-commander/
SAVED https://blog.youtube/news-and-events/life-in-day-coming-to-theaters-this/
SAVED https://blog.youtube/news-and-events/indian-premier-league-returns-to/
SAVED https://blog.youtube/news-and-events/duran-duran-answers-your-questions-in/
SAVED https://blog.youtube/news-and-events/digitour-live-from-google-hq/
SAVED https://blog.youtube/news-and-events/coachella-broadcasts-live-on-youtube/
SAVED https://blog.youtube/news-and-events/bringing-brazils-carnival-to-world/
SAVED https://blog.youtube/news-and-events/beatification-of-pope-john-paul-ii-to/
SAVED https://blog.youtube/news-and-events/advertising-age-viral-video-awards/
SAVED https://blog.youtube/news-and-events/youtube-symphony-orchestra-2011-arrives/
SAVED https://blog.youtube/news-and-events/youtube-sxsw-2011/
SAVED https://blog.youtube/news-and-events/youtube-person-finder-using-video-to/
SAVED https://blog.youtube/news-and-events/youtube-nextup-are-you-next-big-thing/
SAVED https://blog.youtube/news-and-events/your-interview-with-speaker-of-house/
SAVED https://blog.youtube/news-and-events/your-great-sports-video-shown-on/
SAVED https://blog.youtube/news-and-events/why-connecting-your-youtube-and-google/
SAVED https://blog.youtube/news-and-events/were-turning-off-our-lights-in-honor-of/
SAVED https://blog.youtube/news-and-events/watch-lady-gagas-exclusive-q-with/
SAVED https://blog.youtube/news-and-events/supercharging-next-phase-in-youtube/
SAVED https://blog.youtube/news-and-events/steady-as-she-goes-better-video/
SAVED https://blog.youtube/news-and-events/ooh-la-la-ask-gaga-question/
SAVED https://blog.youtube/news-and-events/no-video-camera-no-problem-create/
SAVED https://blog.youtube/news-and-events/myyoutube-international-launch-eight/
SAVED https://blog.youtube/news-and-events/my-kevin-bacon-film-is-up-on-youtube/
SAVED https://blog.youtube/news-and-events/music-tuesday-your-guide-to-discovering/
SAVED https://blog.youtube/news-and-events/media-and-internet-in-afghanistan/
SAVED https://blog.youtube/news-and-events/lights-camera-edit-new-features-for/
SAVED https://blog.youtube/news-and-events/israeli-prime-minister-benjamin/
SAVED https://blog.youtube/news-and-events/israeli-prime-minister-benjamin_30/
SAVED https://blog.youtube/news-and-events/hollywood-comes-to-youtube-with-girl/
SAVED https://blog.youtube/news-and-events/good-work-enjoy-spotlight-at-cannes/
SAVED https://blog.youtube/news-and-events/duran-durans-unstaged-concert-streams/
SAVED https://blog.youtube/news-and-events/coming-soon-youtube-symphony-orchestra/
SAVED https://blog.youtube/news-and-events/become-youtube-star-in-europe/
SAVED https://blog.youtube/news-and-events/apply-to-youtube-creator-institutes/
SAVED https://blog.youtube/news-and-events/ads-worth-spreading/
SAVED https://blog.youtube/news-and-events/33-million-streams-in-189-countries/
SAVED https://blog.youtube/news-and-events/youtube-livestreaming-direct-from/
SAVED https://blog.youtube/news-and-events/uk-prime-minister-david-cameron-takes/
SAVED https://blog.youtube/news-and-events/uk-pm-david-cameron-answers-your/
SAVED https://blog.youtube/news-and-events/super-bowl-xlv-fun-facts-about-food/
SAVED https://blog.youtube/news-and-events/speed-thrills-tackling-youtube-video/
SAVED https://blog.youtube/news-and-events/speaker-boehner-takes-your-questions-on/
SAVED https://blog.youtube/news-and-events/showtimes-short-stories-recruits/
SAVED https://blog.youtube/news-and-events/send-virtual-love-this-valentines-day/
SAVED https://blog.youtube/news-and-events/join-us-on-youtube-for-carnival-in/
SAVED https://blog.youtube/news-and-events/go-behind-scenes-at-grammys-starting/
SAVED https://blog.youtube/news-and-events/enjoy-videos-about-some-of-greatest/
SAVED https://blog.youtube/news-and-events/at-100-great-communicator-lives-on-via/
SAVED https://blog.youtube/news-and-events/announcing-2011-nonprofit-video-awards/
SAVED https://blog.youtube/news-and-events/ad-blitz-winner-revealed/
SAVED https://blog.youtube/news-and-events/your-youtube-questions-for-president/
SAVED https://blog.youtube/news-and-events/your-window-into-112th-congress/
SAVED https://blog.youtube/news-and-events/your-questions-your-state-of-union/
SAVED https://blog.youtube/news-and-events/your-interview-with-president-obama/
SAVED https://blog.youtube/news-and-events/tune-in-tonight-state-of-union-and-your/
SAVED https://blog.youtube/news-and-events/this-tuesday-broken-social-scene-go/
SAVED https://blog.youtube/news-and-events/sneak-peek-at-life-in-day/
SAVED https://blog.youtube/news-and-events/share-and-share-like-weve-acquired/
SAVED https://blog.youtube/news-and-events/screening-room-now-showing-short-films/
SAVED https://blog.youtube/news-and-events/partners-please-join-us-for-first/
SAVED https://blog.youtube/news-and-events/new-youtube-homepage-launches-to-all/
SAVED https://blog.youtube/news-and-events/music-videos-now-on-youtube-app-for/
SAVED https://blog.youtube/news-and-events/meet-youtube-symphony-orchestra-2011_10/
SAVED https://blog.youtube/news-and-events/life-in-day-now-at-sundance_25/
SAVED https://blog.youtube/news-and-events/join-life-in-day-tonight-for-its-world_27/
SAVED https://blog.youtube/news-and-events/football-hot-wings-cars-commercials/
SAVED https://blog.youtube/news-and-events/egyptian-protest-footage-on-youtube/
SAVED https://blog.youtube/news-and-events/youtube-symphony-orchestra-2011/
SAVED https://blog.youtube/news-and-events/your-ticket-to-davos_11/
SAVED https://blog.youtube/news-and-events/you-and-leanback-this-time-its-personal/
SAVED https://blog.youtube/news-and-events/what-makes-ad-worth-spreading/
SAVED https://blog.youtube/news-and-events/welcome-google-apps-users/
SAVED https://blog.youtube/news-and-events/up-up-and-away-long-videos-for-more/
SAVED https://blog.youtube/news-and-events/trueview-video-ads-give-viewers-choice/
SAVED https://blog.youtube/news-and-events/tis-season-to-send-personal-video/
SAVED https://blog.youtube/news-and-events/subscribe-vote-and-win-over-50-top/
SAVED https://blog.youtube/news-and-events/play-of-year_16/
SAVED https://blog.youtube/news-and-events/live-project-for-awesome-show/
SAVED https://blog.youtube/news-and-events/life-in-day-will-premiere-on-january_08/
SAVED https://blog.youtube/news-and-events/join-your-favorite-youtube-stars-and/
SAVED https://blog.youtube/news-and-events/how-web-is-changing-film-festivals/
SAVED https://blog.youtube/news-and-events/how-to-share-videos-on-youtube-and-50/
SAVED https://blog.youtube/news-and-events/home-sweet-homepage/
SAVED https://blog.youtube/news-and-events/dashing-through-snowwith-norad-youtube/
SAVED https://blog.youtube/news-and-events/context-is-king/
SAVED https://blog.youtube/news-and-events/content-id-turns-three/
SAVED https://blog.youtube/news-and-events/choose-next-community-member-to-go-on/
SAVED https://blog.youtube/news-and-events/chief-household-officer-using-new-media/
SAVED https://blog.youtube/news-and-events/celebrating-our-partners-success/
SAVED https://blog.youtube/news-and-events/aspiring-filmmakers-invited-to-enter/
SAVED https://blog.youtube/news-and-events/announcing-i-want-my-google-tv-contest/
SAVED https://blog.youtube/news-and-events/annotations-updates-now-its-easier-to/
SAVED https://blog.youtube/news-and-events/youtube-to-give-love-bad-name-aka-bon/
SAVED https://blog.youtube/news-and-events/youtube-holiday-solutions-center-to/
SAVED https://blog.youtube/news-and-events/wong-fu-film-premieres-on-youtube/
SAVED https://blog.youtube/news-and-events/video-natural-world-for-national/
SAVED https://blog.youtube/news-and-events/tonight-watch-bon-jovi-perform-their/
SAVED https://blog.youtube/news-and-events/next-new-networks-shares-spotlight-with/
SAVED https://blog.youtube/news-and-events/mexican-revolution-on-youtube/
SAVED https://blog.youtube/news-and-events/longboarding-around-world-with-youtube/
SAVED https://blog.youtube/news-and-events/howcast-vlogger-wanted/
SAVED https://blog.youtube/news-and-events/how-producing-for-web-can-fit-into/
SAVED https://blog.youtube/news-and-events/happy-birthday-automatic-captions/
SAVED https://blog.youtube/news-and-events/great-scott-over-35-hours-of-video/
SAVED https://blog.youtube/news-and-events/give-youtube-topics-on-search-whirl/
SAVED https://blog.youtube/news-and-events/do-you-love-k-pop/
SAVED https://blog.youtube/news-and-events/control-youtube-on-desktop-or-tv-with/
SAVED https://blog.youtube/news-and-events/chrome-extensions-for-youtube/
SAVED https://blog.youtube/news-and-events/2010-election-on-youtube-by-numbers_01/
SAVED https://blog.youtube/news-and-events/youtube-symphony-orchestra-returns/
SAVED https://blog.youtube/news-and-events/youtube-political-commentators-join/
SAVED https://blog.youtube/news-and-events/youtube-leanback-officially-launches-on/
SAVED https://blog.youtube/news-and-events/your-questions-about-ads-and/
SAVED https://blog.youtube/news-and-events/watch-country-duo-sugarland-live-from/
SAVED https://blog.youtube/news-and-events/viewers-say-you-have-our-undivided/
SAVED https://blog.youtube/news-and-events/use-your-video-making-skills-to-make/
SAVED https://blog.youtube/news-and-events/tune-into-youtube-play-live-at/
SAVED https://blog.youtube/news-and-events/trip-report-google-and-youtube-in-iraq/
SAVED https://blog.youtube/news-and-events/tricking-and-treating-with-disney-this/
SAVED https://blog.youtube/news-and-events/tips-for-partners-gimme-content-and/
SAVED https://blog.youtube/news-and-events/station-premieres-hot-girls-season-2-on/
SAVED https://blog.youtube/news-and-events/slamming-boring-old-tech-demo/
SAVED https://blog.youtube/news-and-events/should-quality-matter-in-web-video/
SAVED https://blog.youtube/news-and-events/responding-to-rutgers-university/
SAVED https://blog.youtube/news-and-events/release-notes-community-designed-doodle/
SAVED https://blog.youtube/news-and-events/promoted-videos-hit-half-billion-views/
SAVED https://blog.youtube/news-and-events/musicians-wanted-now-worldwide/
SAVED https://blog.youtube/news-and-events/live-24-hour-webcast-from-conan-obrien/
SAVED https://blog.youtube/news-and-events/jury-selection-for-youtube-play/
SAVED https://blog.youtube/news-and-events/join-willie-norah-and-others-as-they/
SAVED https://blog.youtube/news-and-events/join-birthday-salute-to-john-lennon/
SAVED https://blog.youtube/news-and-events/individual-video-program-one-year-later/
SAVED https://blog.youtube/news-and-events/fred-movie-comes-to-youtube/
SAVED https://blog.youtube/news-and-events/dunk-your-favorite-youtube-star-on/
SAVED https://blog.youtube/news-and-events/afi-fest-2010/
SAVED https://blog.youtube/news-and-events/1-billion-subscriptions-and-counting/
SAVED https://blog.youtube/news-and-events/youtube-launches-in-argentina/
SAVED https://blog.youtube/news-and-events/your-questions-on-future-of-iraq/
SAVED https://blog.youtube/news-and-events/your-ideas-on-human-rights-and-free/
SAVED https://blog.youtube/news-and-events/your-60-seconds-on-60-minutes/
SAVED https://blog.youtube/news-and-events/tune-in-to-john-legend-and-roots-live/
SAVED https://blog.youtube/news-and-events/testing-testingyoutube-begins-trial-of/
SAVED https://blog.youtube/news-and-events/six-films-six-winners-and-six-different/
SAVED https://blog.youtube/news-and-events/responding-to-fires-in-san-bruno/
SAVED https://blog.youtube/news-and-events/release-notes-seven-new-languages-five/
SAVED https://blog.youtube/news-and-events/president-clinton-youtube-interview/
SAVED https://blog.youtube/news-and-events/president-clinton-takes-your-questions/
SAVED https://blog.youtube/news-and-events/new-travel-program-offers-eye-on-world/
SAVED https://blog.youtube/news-and-events/make-great-play-get-on-sportscenter/
SAVED https://blog.youtube/news-and-events/introducing-our-most-monstrous-youtube/
SAVED https://blog.youtube/news-and-events/in-youtube-lab-promotion-works/
SAVED https://blog.youtube/news-and-events/hasbro-brings-trivial-pursuit-to/
SAVED https://blog.youtube/news-and-events/fantastic-fest-curates-youtube-homepage/
SAVED https://blog.youtube/news-and-events/explore-life-in-day-video-gallery/
SAVED https://blog.youtube/news-and-events/elmo-answers-your-questions-about/
SAVED https://blog.youtube/news-and-events/discussing-innovation-and-democracy-in/
SAVED https://blog.youtube/news-and-events/behind-video-chris-andersons-meet-flood/
SAVED https://blog.youtube/news-and-events/50-years-after-nixon-v-kennedy-new-kind/
SAVED https://blog.youtube/news-and-events/5-tips-for-campaigns-on-youtube/
SAVED https://blog.youtube/news-and-events/5-questions-for-jackie-pyo-lg-brand/
SAVED https://blog.youtube/news-and-events/125-video-shortlist-announced-today-for/
SAVED https://blog.youtube/news-and-events/youtube-summer-school-session-5-biology/
SAVED https://blog.youtube/news-and-events/youtube-summer-school-session-4-history/
SAVED https://blog.youtube/news-and-events/youtube-homepage-promoted-videos/
SAVED https://blog.youtube/news-and-events/what-do-you-think-about-human-rights/
SAVED https://blog.youtube/news-and-events/transmission-of-art-by-television-and/
SAVED https://blog.youtube/news-and-events/schedule-or-join-youtube-meetup/
SAVED https://blog.youtube/news-and-events/release-notes-playlist-bar-music/
SAVED https://blog.youtube/news-and-events/off-charts/
SAVED https://blog.youtube/news-and-events/more-blog-goodness-make-room-for/
SAVED https://blog.youtube/news-and-events/more-advertiser-control-on-youtube/
SAVED https://blog.youtube/news-and-events/mission-control-and-flexibility_18/
SAVED https://blog.youtube/news-and-events/live-on-youtube-tonight-president/
SAVED https://blog.youtube/news-and-events/join-arcade-fire-live-from-madison/
SAVED https://blog.youtube/news-and-events/its-official-youtube-is-more-popular/
SAVED https://blog.youtube/news-and-events/its-here-americas-got-talent-youtube/
SAVED https://blog.youtube/news-and-events/its-fall-tv-time/
SAVED https://blog.youtube/news-and-events/instantly-zap-youtube-videos-to-your/
SAVED https://blog.youtube/news-and-events/how-would-you-advance-online-free/
SAVED https://blog.youtube/news-and-events/heating-up-2010-midterm-elections-with/
SAVED https://blog.youtube/news-and-events/five-years-after-hurricane-katrina/
SAVED https://blog.youtube/news-and-events/enjoy-youtube-in-croatian-filipino/
SAVED https://blog.youtube/news-and-events/edu-summer-school-session-6-economics/
SAVED https://blog.youtube/news-and-events/conflicitivism/
SAVED https://blog.youtube/news-and-events/are-you-win-or-are-you-fail-youtube/
SAVED https://blog.youtube/news-and-events/youtube-summer-school-session-3/
SAVED https://blog.youtube/news-and-events/youtube-summer-school-session-2-art/
SAVED https://blog.youtube/news-and-events/youtube-summer-school-session-1-matter/
SAVED https://blog.youtube/news-and-events/youtube-play-jury-selected-and-ready-to/
SAVED https://blog.youtube/news-and-events/youtube-mobile-gets-kick-start/
SAVED https://blog.youtube/news-and-events/youtube-leanback-offers-effortless/
SAVED https://blog.youtube/news-and-events/you-report-whats-happening-now-in-bay/
SAVED https://blog.youtube/news-and-events/whats-bigger-than-1080p-4k-video-comes/
SAVED https://blog.youtube/news-and-events/upload-limit-increases-to-15-minutes/
SAVED https://blog.youtube/news-and-events/unstaged-concert-series-brings-you-live/
SAVED https://blog.youtube/news-and-events/surf-video-all-day-long-on-tv-and-web/
SAVED https://blog.youtube/news-and-events/strike-youre-out-or-maybe-not/
SAVED https://blog.youtube/news-and-events/shakira-talks-world-cup-upsets-waka/
SAVED https://blog.youtube/news-and-events/release-notes-processing-status-share/
SAVED https://blog.youtube/news-and-events/readysetdiscover-more-music-on-youtube/
SAVED https://blog.youtube/news-and-events/our-highlights-from-vidcon/
SAVED https://blog.youtube/news-and-events/on-july-24-its-time-to-make-film/
SAVED https://blog.youtube/news-and-events/lock-and-load-its-life-in-day/
SAVED https://blog.youtube/news-and-events/life-in-day/
SAVED https://blog.youtube/news-and-events/life-in-day-thank-you-for-filming_24/
SAVED https://blog.youtube/news-and-events/katy-perry-bares-all-as-lisa-nova-asks/
SAVED https://blog.youtube/news-and-events/investing-in-future-of-video-youtube/
SAVED https://blog.youtube/news-and-events/did-she-really-kiss-girl-ask-katy-perry/
SAVED https://blog.youtube/news-and-events/decide-who-from-youtube-will-perform-on/
SAVED https://blog.youtube/news-and-events/connecting-google-account-to-your-older/
SAVED https://blog.youtube/news-and-events/announcing-youtube-pro/
SAVED https://blog.youtube/news-and-events/youtube-wins-case-against-viacom/
SAVED https://blog.youtube/news-and-events/youtube-play-searching-with-guggenheim/
SAVED https://blog.youtube/news-and-events/youtube-news-feed-whats-happening-now/
SAVED https://blog.youtube/news-and-events/youtube-answers-your-questions-about/
SAVED https://blog.youtube/news-and-events/wwe-lays-smackdown-on-youtube-community/
SAVED https://blog.youtube/news-and-events/white-house-takes-your-questions-about/
SAVED https://blog.youtube/news-and-events/watch-webby-awards-on-youtube/
SAVED https://blog.youtube/news-and-events/video-game-fans-pick-their-e3-fave/
SAVED https://blog.youtube/news-and-events/street-soccer-through-africa-and-on/
SAVED https://blog.youtube/news-and-events/streaming-live-from-twilight-eclipse/
SAVED https://blog.youtube/news-and-events/show-off-your-dance-moves/
SAVED https://blog.youtube/news-and-events/rumblefish-launches-user-friendly-music/
SAVED https://blog.youtube/news-and-events/protecting-yourself-your-subjects-and/
SAVED https://blog.youtube/news-and-events/professional-caption-services-get/
SAVED https://blog.youtube/news-and-events/paul-mccartney-on-youtube-playing-hyde/
SAVED https://blog.youtube/news-and-events/neda-soltan-and-power-of-human-rights/
SAVED https://blog.youtube/news-and-events/inform-engage-and-mobilize-voters-with/
SAVED https://blog.youtube/news-and-events/food-network-looking-for-its-next-star/
SAVED https://blog.youtube/news-and-events/edit-video-in-cloud-with-youtube-video/
SAVED https://blog.youtube/news-and-events/e3-gaming-expo-streams-live-on-youtube/
SAVED https://blog.youtube/news-and-events/celebrating-internet-safety-month/
SAVED https://blog.youtube/news-and-events/bringing-bonnaroo-to-you-live-stream/
SAVED https://blog.youtube/news-and-events/bob-dudley-chief-executive-for-bp/
SAVED https://blog.youtube/news-and-events/art-imitates-life-re-enacting-prop-8/
SAVED https://blog.youtube/news-and-events/2010-world-cup-all-eyes-on-south-africa/
SAVED https://blog.youtube/news-and-events/youtube-launches-in-south-africa/
SAVED https://blog.youtube/news-and-events/watch-gulf-oil-spill-live-on-youtube/
SAVED https://blog.youtube/news-and-events/want-to-be-on-americas-got-talent/
SAVED https://blog.youtube/news-and-events/small-talk-contest-celebrates-funny/
SAVED https://blog.youtube/news-and-events/national-live-tune-in-saturday-8-pm-et/
SAVED https://blog.youtube/news-and-events/more-choice-for-users-unlisted-videos/
SAVED https://blog.youtube/news-and-events/indian-premiere-league-cricket-exceeds/
SAVED https://blog.youtube/news-and-events/hboreds-hiv-documentary-streaming-live/
SAVED https://blog.youtube/news-and-events/google-moderator-on-youtube-enables/
SAVED https://blog.youtube/news-and-events/defining-democracy-through-art/
SAVED https://blog.youtube/news-and-events/at-five-years-two-billion-views-per-day/
SAVED https://blog.youtube/news-and-events/2010-tribeca-film-festival-on-youtube/
SAVED https://blog.youtube/news-and-events/youtube-to-stream-ipl-semi-finals-and/
SAVED https://blog.youtube/news-and-events/youtube-team-to-respond-to-your/
SAVED https://blog.youtube/news-and-events/youtube-streamy-awards-in-los-angeles/
SAVED https://blog.youtube/news-and-events/webby-peoples-voice-awards-on-youtube/
SAVED https://blog.youtube/news-and-events/release-notes-five-new-languages-email/
SAVED https://blog.youtube/news-and-events/project-report-takes-over-screening/
SAVED https://blog.youtube/news-and-events/nylon-produces-youtube-edition-of-their/
SAVED https://blog.youtube/news-and-events/message-your-subscribers-with-bulletins/
SAVED https://blog.youtube/news-and-events/make-ad-spread-word-go-to-cannes-you/
SAVED https://blog.youtube/news-and-events/introducing-youtube-show-tell/
SAVED https://blog.youtube/news-and-events/five-youtube-reporters-win-10000/
SAVED https://blog.youtube/news-and-events/dirty-dancing-viewing-party/
SAVED https://blog.youtube/news-and-events/content-id-and-fair-use/
SAVED https://blog.youtube/news-and-events/celebrating-curators-as-seen-on-comes/
SAVED https://blog.youtube/news-and-events/celebrating-40-years-of-earth-day/
SAVED https://blog.youtube/news-and-events/broadcast-yourself-with-youtube/
SAVED https://blog.youtube/news-and-events/and-nonprofit-video-awards-go-to/
SAVED https://blog.youtube/news-and-events/al-gore-you-earth-days-40th-celebration/
SAVED https://blog.youtube/news-and-events/youtube-drew-barrymore-select-2010/
SAVED https://blog.youtube/news-and-events/youtube-community-and-hollywood-team-up/
SAVED https://blog.youtube/news-and-events/your-interview-with-prime-minister/
SAVED https://blog.youtube/news-and-events/your-interview-with-prime-minister_17/
SAVED https://blog.youtube/news-and-events/you-and-fcc-chairman-discuss-future-of/
SAVED https://blog.youtube/news-and-events/textp-saves-youtube-bandwidth-money/
SAVED https://blog.youtube/news-and-events/submit-questions-for-youtube-users/
SAVED https://blog.youtube/news-and-events/release-notes-facebook-connect-real/
SAVED https://blog.youtube/news-and-events/recognizing-courage-securing-online/
SAVED https://blog.youtube/news-and-events/project-report-round-2-begins-semi/
SAVED https://blog.youtube/news-and-events/oops-pow-surprise24-hours-of-video-all/
SAVED https://blog.youtube/news-and-events/new-youtube-app-for-windows-mobile-and/
SAVED https://blog.youtube/news-and-events/new-video-page-launches-for-all-users/
SAVED https://blog.youtube/news-and-events/new-video-page-adds-comments-highlight/
SAVED https://blog.youtube/news-and-events/new-default-size-for-embedded-videos/
SAVED https://blog.youtube/news-and-events/join-jeremy-pivens-video-volunteers/
SAVED https://blog.youtube/news-and-events/is-youtube-buggin-check-out-our-current/
SAVED https://blog.youtube/news-and-events/iraqi-voices-voter-perspectives-on/
SAVED https://blog.youtube/news-and-events/internet-in-america-youtube-interview/
SAVED https://blog.youtube/news-and-events/indian-premier-league-bowls-wicked/
SAVED https://blog.youtube/news-and-events/future-will-be-captioned-improving/
SAVED https://blog.youtube/news-and-events/celebrating-innovation-in-youtube/
SAVED https://blog.youtube/news-and-events/broadcast-yourself/
SAVED https://blog.youtube/news-and-events/bbq-and-movies/
SAVED https://blog.youtube/news-and-events/youtube-online-video-revolution/
SAVED https://blog.youtube/news-and-events/youtube-interviews-pelosi-boehner-reid/
SAVED https://blog.youtube/news-and-events/youtube-calls-on-ipv6/
SAVED https://blog.youtube/news-and-events/youtube-101-educational-series-for-new/
SAVED https://blog.youtube/news-and-events/your-questions-for-president-obama/
SAVED https://blog.youtube/news-and-events/your-interview-with-president-live-at/
SAVED https://blog.youtube/news-and-events/white-house-answers-more-of-your/
SAVED https://blog.youtube/news-and-events/what-are-you-doing-tomorrow-at-8am/
SAVED https://blog.youtube/news-and-events/videos-of-88-earthquake-in-chile-and/
SAVED https://blog.youtube/news-and-events/user-experience-manager-shares-her-ted/
SAVED https://blog.youtube/news-and-events/univision-channel-launches-on-youtube/
SAVED https://blog.youtube/news-and-events/super-bowl-sunday-biggest-day-in-sports/
SAVED https://blog.youtube/news-and-events/subsaturday-join-us-on-twitter/
SAVED https://blog.youtube/news-and-events/stand-up-for-your-favorite-health/
SAVED https://blog.youtube/news-and-events/speed-matters-introducing-youtube-video/
SAVED https://blog.youtube/news-and-events/serious-threat-to-web-in-italy/
SAVED https://blog.youtube/news-and-events/saluting-best-nonprofit-videos-of-year/
SAVED https://blog.youtube/news-and-events/safety-mode-giving-you-more-control-on/
SAVED https://blog.youtube/news-and-events/release-notes-nonprofit-program-private/
SAVED https://blog.youtube/news-and-events/project-report-2010-sharing-your/
SAVED https://blog.youtube/news-and-events/pop-star-jesse-mccartney-headlines/
SAVED https://blog.youtube/news-and-events/live-and-open-for-questions-health-care/
SAVED https://blog.youtube/news-and-events/latest-changes-to-video-page-new/
SAVED https://blog.youtube/news-and-events/five-days-left-to-submit-in-round-1-of/
SAVED https://blog.youtube/news-and-events/500-videos-from-davos-now-with-captions/
SAVED https://blog.youtube/news-and-events/33rd-americas-cup-live-on-youtube/
SAVED https://blog.youtube/news-and-events/youtubes-all-access-pass-to-davos/
SAVED https://blog.youtube/news-and-events/youtube-to-sundance-independent/
SAVED https://blog.youtube/news-and-events/youtube-no-place-for-bullies/
SAVED https://blog.youtube/news-and-events/your-state-of-union/
SAVED https://blog.youtube/news-and-events/wanted-creative-content-to-support-arts/
SAVED https://blog.youtube/news-and-events/vote-on-2010s-most-critical-issue/
SAVED https://blog.youtube/news-and-events/vote-now-send-youtube-activist-to-davos/
SAVED https://blog.youtube/news-and-events/video-page-gets-makeover/
SAVED https://blog.youtube/news-and-events/sundance-shorts-in-screening-room/
SAVED https://blog.youtube/news-and-events/sundance-film-festival-rentals-now/
SAVED https://blog.youtube/news-and-events/subscriptions-enhanced-with-bulletins/
SAVED https://blog.youtube/news-and-events/spring-cleaning-comes-early-to-youtube/
SAVED https://blog.youtube/news-and-events/remembering-dr-martin-luther-king/
SAVED https://blog.youtube/news-and-events/release-notes-subscription-news-product/
SAVED https://blog.youtube/news-and-events/ones-to-watch-ces-edition-gadget/
SAVED https://blog.youtube/news-and-events/one-week-left-to-define-democracy-and/
SAVED https://blog.youtube/news-and-events/nexus-one-offers-seamless-youtube/
SAVED https://blog.youtube/news-and-events/new-thumbnail-flipbook-in-upload-shows/
SAVED https://blog.youtube/news-and-events/live-tonight-top-artists-perform-in/
SAVED https://blog.youtube/news-and-events/live-tonight-on-youtube-state-of-union/
SAVED https://blog.youtube/news-and-events/live-tomorrow-youtube-panel-at-davos-on/
SAVED https://blog.youtube/news-and-events/learn-secrets-to-low-budget-high/
SAVED https://blog.youtube/news-and-events/introducing-youtube-html5-supported/
SAVED https://blog.youtube/news-and-events/in-aftermath-of-haiti-earthquake/
SAVED https://blog.youtube/news-and-events/gripping-videos-calls-for-help-dominate/
SAVED https://blog.youtube/news-and-events/four-experts-address-your-state-of/
SAVED https://blog.youtube/news-and-events/forty-eight-hours-to-submit-your/
SAVED https://blog.youtube/news-and-events/film-your-issue-share-it-with-thought/
SAVED https://blog.youtube/news-and-events/countdown-to-super-bowl-xliv/
SAVED https://blog.youtube/news-and-events/celebration-of-arts-on-youtube/
SAVED https://blog.youtube/news-and-events/youtubes-top-10-launches-of-2009/
SAVED https://blog.youtube/news-and-events/youtube-blogging-in-2009/
SAVED https://blog.youtube/news-and-events/webinar-on-basic-editing-techniques-dec/
SAVED https://blog.youtube/news-and-events/tis-season-to-sing-christmas-carol-on/
SAVED https://blog.youtube/news-and-events/shining-light-on-human-rights-abuses/
SAVED https://blog.youtube/news-and-events/release-notes-find-facebook-friends/
SAVED https://blog.youtube/news-and-events/pbs-newshour-comes-to-youtube/
SAVED https://blog.youtube/news-and-events/panelists-for-cnnyoutube-climate-debate/
SAVED https://blog.youtube/news-and-events/ordinary-citizens-extraordinary-videos/
SAVED https://blog.youtube/news-and-events/one-week-to-make-your-pitch-to-attend/
SAVED https://blog.youtube/news-and-events/make-way-for-youtube-links/
SAVED https://blog.youtube/news-and-events/live-stream-to-save-lives-alicia-keys/
SAVED https://blog.youtube/news-and-events/live-on-youtube-leaders-answer-your/
SAVED https://blog.youtube/news-and-events/join-morgan-freeman-to-bring-human/
SAVED https://blog.youtube/news-and-events/introducing-vevo-new-music-video/
SAVED https://blog.youtube/news-and-events/introducing-feather-lighter-way-to/
SAVED https://blog.youtube/news-and-events/happy-solstice/
SAVED https://blog.youtube/news-and-events/follow-santas-journey/
SAVED https://blog.youtube/news-and-events/facebook-feeds-begin-showing-up-on/
SAVED https://blog.youtube/news-and-events/davos-debates-2010-your-pitch-to-world/
SAVED https://blog.youtube/news-and-events/connect-with-world-leaders-on-climate/
SAVED https://blog.youtube/news-and-events/beautiful-life-makes-its-youtube/
SAVED https://blog.youtube/news-and-events/youtube-salutes-vets-and-their/
SAVED https://blog.youtube/news-and-events/youtube-community-gives-thanks-to-those/
SAVED https://blog.youtube/news-and-events/last-chance-for-bram-stokers-dracula/
SAVED https://blog.youtube/news-and-events/iraqi-government-on-youtube/
SAVED https://blog.youtube/news-and-events/innovation-in-accessibility/
SAVED https://blog.youtube/news-and-events/hub-for-parents-launches/
SAVED https://blog.youtube/news-and-events/how-we-think-about-social/
SAVED https://blog.youtube/news-and-events/holiday-solutions-channel-debuts/
SAVED https://blog.youtube/news-and-events/help-hungry-this-thanksgiving/
SAVED https://blog.youtube/news-and-events/giving-thanks/
SAVED https://blog.youtube/news-and-events/funny-or-die-joins-youtube/
SAVED https://blog.youtube/news-and-events/connecting-citizens-and-journalists/
SAVED https://blog.youtube/news-and-events/android-20-introduces-improvements-for/
SAVED https://blog.youtube/news-and-events/alicia-keys-live-on-youtube/
SAVED https://blog.youtube/news-and-events/1080p-hd-comes-to-youtube/
SAVED https://blog.youtube/news-and-events/you-talking-to-me/
SAVED https://blog.youtube/news-and-events/y000000000utube/
SAVED https://blog.youtube/news-and-events/webinar-on-basic-shooting-techniques/
SAVED https://blog.youtube/news-and-events/we-interrupt-this-broadcast-to-thank/
SAVED https://blog.youtube/news-and-events/wanted-puppy-and-kitty-videos-for-good_2651/
SAVED https://blog.youtube/news-and-events/u2-plays-live-on-youtube-tonight/
SAVED https://blog.youtube/news-and-events/u2-on-youtube-live/
SAVED https://blog.youtube/news-and-events/today-animals-take-center-stage-on/
SAVED https://blog.youtube/news-and-events/thanks-youtube-140000-children-have/
SAVED https://blog.youtube/news-and-events/taxi-driver-viewing-party-tonight/
SAVED https://blog.youtube/news-and-events/search-comments-on-youtube-in-real-time/
SAVED https://blog.youtube/news-and-events/release-notes-10109/
SAVED https://blog.youtube/news-and-events/key-to-curation-is-curiosity-meet-our/
SAVED https://blog.youtube/news-and-events/inside-user-research-at-youtube/
SAVED https://blog.youtube/news-and-events/hollywood-honors-top-come-clean-4-congo/
SAVED https://blog.youtube/news-and-events/go-mobile-its-tips-tricks-week-for/
SAVED https://blog.youtube/news-and-events/follow-announcement-of-nobel-prizes-in/
SAVED https://blog.youtube/news-and-events/doha-tribeca-film-festival-hits-youtube/
SAVED https://blog.youtube/news-and-events/celebrating-free-expression-20-years/
SAVED https://blog.youtube/news-and-events/can-billion-views-help-billion-people/
SAVED https://blog.youtube/news-and-events/year-of-interactive-video-annotations/
SAVED https://blog.youtube/news-and-events/warner-music-comes-back-to-youtube/
SAVED https://blog.youtube/news-and-events/votes-are-in-fall-tvs-most-anticipated/
SAVED https://blog.youtube/news-and-events/user-inspires-favicon-change/
SAVED https://blog.youtube/news-and-events/release-notes-91709/
SAVED https://blog.youtube/news-and-events/looking-back-on-911-in-remembrance-and/
SAVED https://blog.youtube/news-and-events/live-on-youtube-today-president-obamas/
SAVED https://blog.youtube/news-and-events/join-world-leaders-on-road-to/
SAVED https://blog.youtube/news-and-events/if-only-every-homework-assignment-had/
SAVED https://blog.youtube/news-and-events/how-do-we-build-better-schools-ask/
SAVED https://blog.youtube/news-and-events/hackday-yields-easier-way-of-sharing/
