SAVED https://www.iheart.com/artist/ikechukwu-243/
SAVED https://www.iheart.com/artist/the-skatalites-496/
SAVED https://www.iheart.com/artist/jonas-540/
SAVED https://www.iheart.com/artist/the-failures-833/
SAVED https://www.iheart.com/artist/ministry-1303/
SAVED https://www.iheart.com/artist/bloodstone-1342/
SAVED https://www.iheart.com/artist/barbarito-diez-1395/
SAVED https://www.iheart.com/artist/the-sultans-of-swing-1591/
SAVED https://www.iheart.com/artist/santiago-1650/
SAVED https://www.iheart.com/artist/nattefrost-feat-michel-moers-2122/
SAVED https://www.iheart.com/artist/malene-mortensen-2366/
SAVED https://www.iheart.com/artist/merengue-latin-band-2711/
SAVED https://www.iheart.com/artist/khymera-3226/
SAVED https://www.iheart.com/artist/freddy-king-3698/
SAVED https://www.iheart.com/artist/quincy-jones-3918/
SAVED https://www.iheart.com/artist/revelation-time-4101/
SAVED https://www.iheart.com/artist/sonic-sum-4190/
SAVED https://www.iheart.com/artist/was-not-was-6357/
SAVED https://www.iheart.com/artist/randy-weston-6623/
SAVED https://www.iheart.com/artist/los-natas-7168/
SAVED https://www.iheart.com/artist/robin-meloy-goldsby-7880/
SAVED https://www.iheart.com/artist/talamasca-and-yuman-8928/
SAVED https://www.iheart.com/artist/chicos-aventura-9465/
SAVED https://www.iheart.com/artist/charles-dickens-9517/
SAVED https://www.iheart.com/artist/sheb-wooley-9558/
SAVED https://www.iheart.com/artist/dave-baby-cortez-10623/
SAVED https://www.iheart.com/artist/the-fuzz-patrol-10817/
SAVED https://www.iheart.com/artist/robert-pete-williams-10914/
SAVED https://www.iheart.com/artist/markus-vail-12046/
SAVED https://www.iheart.com/artist/peter-godwin-johnson-somerset-nuevo-12139/
SAVED https://www.iheart.com/artist/destra-garcia-12626/
SAVED https://www.iheart.com/artist/the-bobbettes-13289/
SAVED https://www.iheart.com/artist/judge-d-13483/
SAVED https://www.iheart.com/artist/black-lodge-14837/
SAVED https://www.iheart.com/artist/mr-sinister-16339/
SAVED https://www.iheart.com/artist/deadwaiter-16534/
SAVED https://www.iheart.com/artist/the-northern-way-17783/
SAVED https://www.iheart.com/artist/alexis-19206/
SAVED https://www.iheart.com/artist/pepe-urquiaga-19614/
SAVED https://www.iheart.com/artist/dick-deedee-20134/
SAVED https://www.iheart.com/artist/dj-sangeet-20382/
SAVED https://www.iheart.com/artist/james-keane-20396/
SAVED https://www.iheart.com/artist/chalk-dust-21058/
SAVED https://www.iheart.com/artist/fred-worx-21116/
SAVED https://www.iheart.com/artist/multiply-22097/
SAVED https://www.iheart.com/artist/tribal-spirit-23523/
SAVED https://www.iheart.com/artist/squared-curves-23709/
SAVED https://www.iheart.com/artist/little-axe-23727/
SAVED https://www.iheart.com/artist/iain-macpherson-24171/
SAVED https://www.iheart.com/artist/najma-24663/
SAVED https://www.iheart.com/artist/silverblue-24855/
SAVED https://www.iheart.com/artist/phobos-azazel-25591/
SAVED https://www.iheart.com/artist/boogi-section-vs-bent-sentient-26583/
SAVED https://www.iheart.com/artist/triona-26623/
SAVED https://www.iheart.com/artist/davide-squillace-26801/
SAVED https://www.iheart.com/artist/the-ark-27760/
SAVED https://www.iheart.com/artist/netinho-de-paula-27974/
SAVED https://www.iheart.com/artist/craig-duncan-28024/
SAVED https://www.iheart.com/artist/steve-miller-band-28836/
SAVED https://www.iheart.com/artist/wir-sind-helden-29058/
SAVED https://www.iheart.com/artist/cryptic-tales-29595/
SAVED https://www.iheart.com/artist/clifton-32560/
SAVED https://www.iheart.com/artist/the-sugarcubes-32988/
SAVED https://www.iheart.com/artist/orchestre-philharmonique-de-radio-francepaavo-jarvi-34569/
SAVED https://www.iheart.com/artist/marcus-cole-34602/
SAVED https://www.iheart.com/artist/carlos-bonell-35351/
SAVED https://www.iheart.com/artist/marshall-hall-35988/
SAVED https://www.iheart.com/artist/rory-gallagher-36312/
SAVED https://www.iheart.com/artist/steve-rhythm-36468/
SAVED https://www.iheart.com/artist/pryslezz-36538/
SAVED https://www.iheart.com/artist/tiziano-ferropepe-aguilar-36982/
SAVED https://www.iheart.com/artist/karsan-sagathia-manoj-dave-lalita-ghodadra-vatsala-patil-37409/
SAVED https://www.iheart.com/artist/johnny-clegg-savuka-38152/
SAVED https://www.iheart.com/artist/scala-kolacny-brothers-38621/
SAVED https://www.iheart.com/artist/cultura-profetica-39977/
SAVED https://www.iheart.com/artist/the-upsetters-40011/
SAVED https://www.iheart.com/artist/dj-kazzanova-40332/
SAVED https://www.iheart.com/artist/gavin-rossdale-40631/
SAVED https://www.iheart.com/artist/klymaxx-42613/
SAVED https://www.iheart.com/artist/tricky-woo-43302/
SAVED https://www.iheart.com/artist/bob-schneider-43527/
SAVED https://www.iheart.com/artist/shad-44884/
SAVED https://www.iheart.com/artist/schoolly-d-47497/
SAVED https://www.iheart.com/artist/australian-aboriginal-49331/
SAVED https://www.iheart.com/artist/magal-vs-justin-50546/
SAVED https://www.iheart.com/artist/knowsleep-53634/
SAVED https://www.iheart.com/artist/top-secret-feat-gordon-b-free-53963/
SAVED https://www.iheart.com/artist/nick-muir-john-digweed-55498/
SAVED https://www.iheart.com/artist/violet-sky-55539/
SAVED https://www.iheart.com/artist/elad-emek-56680/
SAVED https://www.iheart.com/artist/david-lindley-58395/
SAVED https://www.iheart.com/artist/riccardo-maffoni-60455/
SAVED https://www.iheart.com/artist/doris-jones-62542/
SAVED https://www.iheart.com/artist/mats-up-63469/
SAVED https://www.iheart.com/artist/frank-proffitt-65353/
ERR https://www.iheart.com/artist/anil-chawla-sam-ball-65726/ :: 404 Client Error: Not Found for url: https://www.iheart.com/artist/anil-chawla-sam-ball-65726/
SAVED https://www.iheart.com/artist/peter-de-royce-65867/
SAVED https://www.iheart.com/artist/royal-philharmonic-orchestra-conducted-by-jane-glover-66562/
SAVED https://www.iheart.com/artist/nikos-papazoglou-67089/
SAVED https://www.iheart.com/artist/p-suseela-67278/
SAVED https://www.iheart.com/artist/signature-x-68090/
SAVED https://www.iheart.com/artist/atlantas-chorale-69048/
SAVED https://www.iheart.com/artist/phil-kieran-69247/
SAVED https://www.iheart.com/artist/plastnoist-69341/
SAVED https://www.iheart.com/artist/xyz-70830/
SAVED https://www.iheart.com/artist/mike-pachelli-71670/
SAVED https://www.iheart.com/artist/abhijit-pokhankar-71995/
SAVED https://www.iheart.com/artist/ryan-driver-72981/
SAVED https://www.iheart.com/artist/deborahe-glasgow-73156/
SAVED https://www.iheart.com/artist/grupo-moncada-feat-vocal-renacer-73436/
SAVED https://www.iheart.com/artist/zelda-and-the-unibrows-73683/
SAVED https://www.iheart.com/artist/joelho-de-porco-74440/
SAVED https://www.iheart.com/artist/diamond-rexx-74854/
SAVED https://www.iheart.com/artist/la-argentinita-75039/
SAVED https://www.iheart.com/artist/annabelle-mouloudji-elodie-frenck-75509/
ERR https://www.iheart.com/artist/the-colorado-quartet-75614/ :: 404 Client Error: Not Found for url: https://www.iheart.com/artist/the-colorado-quartet-75614/
SAVED https://www.iheart.com/artist/kuldeep-paras-77234/
SAVED https://www.iheart.com/artist/joe-maneri-quartet-77488/
SAVED https://www.iheart.com/artist/tim-davis-78023/
SAVED https://www.iheart.com/artist/frank-ayers-78440/
SAVED https://www.iheart.com/artist/tino-rossi-78905/
SAVED https://www.iheart.com/artist/pennys-pet-dragonfly-79361/
SAVED https://www.iheart.com/artist/malaysian-pale-80644/
SAVED https://www.iheart.com/artist/voodoo-glow-skulls-80898/
SAVED https://www.iheart.com/artist/a-breach-on-heaven-81496/
SAVED https://www.iheart.com/artist/architecture-in-helsinki-81527/
SAVED https://www.iheart.com/artist/monofader-82498/
SAVED https://www.iheart.com/artist/love-boat-crew-82516/
SAVED https://www.iheart.com/artist/modern-life-is-war-82672/
SAVED https://www.iheart.com/artist/arbol-83693/
SAVED https://www.iheart.com/artist/emory-university-concert-choir-83769/
SAVED https://www.iheart.com/artist/tela-marinera-84247/
SAVED https://www.iheart.com/artist/massala-84275/
SAVED https://www.iheart.com/artist/femi-temowo-feat-engines-orchestra-84542/
SAVED https://www.iheart.com/artist/mohammad-aziz-84720/
SAVED https://www.iheart.com/artist/derek-lamb-85052/
SAVED https://www.iheart.com/artist/no-turning-back-85321/
SAVED https://www.iheart.com/artist/talib-husain-warsi-qawwal-85349/
SAVED https://www.iheart.com/artist/fonda-500-87023/
SAVED https://www.iheart.com/artist/michel-plasson-richard-leech-orchestre-du-capitole-de-toulouse-cheryl-studer-jose-van-dam-87462/
SAVED https://www.iheart.com/artist/victor-zinchuk-87905/
SAVED https://www.iheart.com/artist/haizea-featuring-akademix-beats-89166/
SAVED https://www.iheart.com/artist/sara-bareilles-89461/
SAVED https://www.iheart.com/artist/caedmons-call-90228/
SAVED https://www.iheart.com/artist/yan-tregger-90450/
SAVED https://www.iheart.com/artist/longspur-90457/
SAVED https://www.iheart.com/artist/eye-of-the-storm-90692/
SAVED https://www.iheart.com/artist/conrad-steinmann-london-baroque-91299/
SAVED https://www.iheart.com/artist/alex-damiani-92235/
SAVED https://www.iheart.com/artist/nino-de-sevilla-93240/
SAVED https://www.iheart.com/artist/ralph-stanley-ii-93431/
SAVED https://www.iheart.com/artist/teshome-mitiku-94265/
SAVED https://www.iheart.com/artist/albert-carey-project-95476/
SAVED https://www.iheart.com/artist/mark-no-limits-96393/
SAVED https://www.iheart.com/artist/alexei-aigui-97413/
SAVED https://www.iheart.com/artist/sun-allah-97435/
SAVED https://www.iheart.com/artist/lonnie-liston-smith-and-the-cosmic-echoes-97804/
SAVED https://www.iheart.com/artist/christopher-moore-100615/
SAVED https://www.iheart.com/artist/mary-had-a-little-lamb-baby-lullabies-music-dream-baby-bedtime-baby-101971/
SAVED https://www.iheart.com/artist/bryan-kearney-christina-novelli-102119/
SAVED https://www.iheart.com/artist/gearoid-maclachlainn-102151/
SAVED https://www.iheart.com/artist/tomato-rotten-102982/
SAVED https://www.iheart.com/artist/rick-arren-103556/
SAVED https://www.iheart.com/artist/leslie-stevens-singers-103942/
SAVED https://www.iheart.com/artist/vasta-104064/
SAVED https://www.iheart.com/artist/cem-okan-105086/
SAVED https://www.iheart.com/artist/loretta-martin-105153/
SAVED https://www.iheart.com/artist/phoenix-sidewinder-105796/
SAVED https://www.iheart.com/artist/sandesh-shandilyausha-uthupkavita-krishnamurthy-106303/
SAVED https://www.iheart.com/artist/panteon-rococo-106535/
SAVED https://www.iheart.com/artist/puhdys-106724/
SAVED https://www.iheart.com/artist/jay-alexander-107032/
SAVED https://www.iheart.com/artist/macbeth-the-great-108223/
SAVED https://www.iheart.com/artist/the-burnerz-zumbi-the-are-108594/
SAVED https://www.iheart.com/artist/ragheb-alama-108806/
SAVED https://www.iheart.com/artist/peabody-conservatory-wind-ensemble-109923/
SAVED https://www.iheart.com/artist/joao-fernandes-110203/
SAVED https://www.iheart.com/artist/scorched-earth-policy-110938/
SAVED https://www.iheart.com/artist/joe-swift-111174/
SAVED https://www.iheart.com/artist/regenwald-113000/
SAVED https://www.iheart.com/artist/el-general-paz-la-triple-frontera-113812/
SAVED https://www.iheart.com/artist/prep-114503/
SAVED https://www.iheart.com/artist/silver-swans-116707/
SAVED https://www.iheart.com/artist/kata-janza-erika-miklosa-117437/
SAVED https://www.iheart.com/artist/the-sixteen-118627/
SAVED https://www.iheart.com/artist/atlanta-119517/
SAVED https://www.iheart.com/artist/christophe-rousset-les-talens-lyriques-vicente-martin-y-soler-120422/
SAVED https://www.iheart.com/artist/jon-snodgrass-120564/
SAVED https://www.iheart.com/artist/mecano-120953/
SAVED https://www.iheart.com/artist/eros-ramazzotti-take-6-121434/
SAVED https://www.iheart.com/artist/azul-azul-122604/
SAVED https://www.iheart.com/artist/qntal-123529/
SAVED https://www.iheart.com/artist/apelo-123839/
SAVED https://www.iheart.com/artist/the-david-michael-project-124647/
SAVED https://www.iheart.com/artist/le-procope-128389/
SAVED https://www.iheart.com/artist/mark-de-clive-lowe-featuring-bembe-segue-and-lain-129902/
SAVED https://www.iheart.com/artist/bennis-cletin-131389/
SAVED https://www.iheart.com/artist/midwest-product-131479/
SAVED https://www.iheart.com/artist/juan-carlos-abara-132406/
SAVED https://www.iheart.com/artist/relax-music-132478/
SAVED https://www.iheart.com/artist/pierre-cornubert-132725/
SAVED https://www.iheart.com/artist/jeye-severe-132973/
SAVED https://www.iheart.com/artist/starcellar-feat-tobias-bachmann-133189/
SAVED https://www.iheart.com/artist/celtic-fc-supporters-134873/
SAVED https://www.iheart.com/artist/esker-demirbas-135846/
SAVED https://www.iheart.com/artist/ted-beard-135965/
SAVED https://www.iheart.com/artist/rozerin-besta-135976/
SAVED https://www.iheart.com/artist/mr-challace-136631/
SAVED https://www.iheart.com/artist/eddy-clearwater-137193/
SAVED https://www.iheart.com/artist/milan-verni-tamburitza-orchestra-139128/
SAVED https://www.iheart.com/artist/jan-wanat-139255/
SAVED https://www.iheart.com/artist/the-steroid-kiddies-139335/
SAVED https://www.iheart.com/artist/terry-dactyl-and-the-dinosaurs-139459/
SAVED https://www.iheart.com/artist/daniel-koulack-140021/
SAVED https://www.iheart.com/artist/david-allen-140541/
SAVED https://www.iheart.com/artist/nicolas-moreaux-141499/
SAVED https://www.iheart.com/artist/lukan-i-141564/
SAVED https://www.iheart.com/artist/the-visitors-142084/
SAVED https://www.iheart.com/artist/jelly-roll-mortons-incomparables-142227/
SAVED https://www.iheart.com/artist/the-roach-twins-band-144522/
SAVED https://www.iheart.com/artist/trio-autoctono-los-ruisenortes-de-mexico-144991/
SAVED https://www.iheart.com/artist/armalite-145184/
SAVED https://www.iheart.com/artist/kreators-145892/
SAVED https://www.iheart.com/artist/sepehr-ensemble-146990/
SAVED https://www.iheart.com/artist/chris-michell-150087/
SAVED https://www.iheart.com/artist/maxim-rysanov-150420/
SAVED https://www.iheart.com/artist/richard-wile-150843/
SAVED https://www.iheart.com/artist/herbie-the-royalists-150977/
SAVED https://www.iheart.com/artist/ntb-153484/
ERR https://www.iheart.com/artist/bernell-james-153970/ :: 404 Client Error: Not Found for url: https://www.iheart.com/artist/bernell-james-153970/
SAVED https://www.iheart.com/artist/bob-pope-his-orchestra-154033/
SAVED https://www.iheart.com/artist/evgeny-nesterenko-elena-obraztsova-vladimir-atlantov-154234/
SAVED https://www.iheart.com/artist/pops-mohamed-155510/
SAVED https://www.iheart.com/artist/urban-legends-156534/
SAVED https://www.iheart.com/artist/subtropicais-156645/
SAVED https://www.iheart.com/artist/danny-bonnici-156849/
SAVED https://www.iheart.com/artist/charles-hackett-157031/
SAVED https://www.iheart.com/artist/ros-serey-sothea-157983/
SAVED https://www.iheart.com/artist/stefan-dimitrov-orlin-goranov-158648/
SAVED https://www.iheart.com/artist/muzio-162804/
SAVED https://www.iheart.com/artist/mihaela-martin-163934/
SAVED https://www.iheart.com/artist/dave-spoon-feat-laura-vane-163988/
SAVED https://www.iheart.com/artist/wada-blood-165310/
SAVED https://www.iheart.com/artist/pat-hatherly-165810/
SAVED https://www.iheart.com/artist/village-of-savoonga-165960/
SAVED https://www.iheart.com/artist/sherman-brooker-brooks-the-blue-notes-166445/
SAVED https://www.iheart.com/artist/yndi-halda-166547/
SAVED https://www.iheart.com/artist/the-inbreds-167532/
SAVED https://www.iheart.com/artist/espinosa-y-bedoya-168235/
SAVED https://www.iheart.com/artist/flak-168375/
SAVED https://www.iheart.com/artist/kon-kan-168654/
SAVED https://www.iheart.com/artist/enzo-gesualdo-168902/
SAVED https://www.iheart.com/artist/lilian-saba-170080/
SAVED https://www.iheart.com/artist/era-flair-171037/
SAVED https://www.iheart.com/artist/lucky-shakes-the-dt-rollers-171609/
SAVED https://www.iheart.com/artist/secret-chiefs-3-171642/
ERR https://www.iheart.com/artist/tiina-tamminen-171723/ :: 404 Client Error: Not Found for url: https://www.iheart.com/artist/tiina-tamminen-171723/
SAVED https://www.iheart.com/artist/the-last-relapse-172523/
SAVED https://www.iheart.com/artist/anstalt-172959/
SAVED https://www.iheart.com/artist/orquesta-los-caribes-173382/
SAVED https://www.iheart.com/artist/girls-on-top-173632/
SAVED https://www.iheart.com/artist/mike-chiarot-173691/
SAVED https://www.iheart.com/artist/fila-brazilia-174229/
SAVED https://www.iheart.com/artist/schloss-174655/
SAVED https://www.iheart.com/artist/vastic-175559/
SAVED https://www.iheart.com/artist/humble-gods-176190/
SAVED https://www.iheart.com/artist/ale-ramallo-176684/
SAVED https://www.iheart.com/artist/alien-pimp-and-dj-shiva-176877/
SAVED https://www.iheart.com/artist/elise-and-the-ladies-177167/
SAVED https://www.iheart.com/artist/imagine-live-177221/
SAVED https://www.iheart.com/artist/nickbee-feat-swift-177315/
SAVED https://www.iheart.com/artist/bvaltik-177771/
SAVED https://www.iheart.com/artist/miss-mayra-178342/
SAVED https://www.iheart.com/artist/matheux-178462/
SAVED https://www.iheart.com/artist/karl-leister-178564/
SAVED https://www.iheart.com/artist/ignoss-179733/
SAVED https://www.iheart.com/artist/david-geringas-180817/
SAVED https://www.iheart.com/artist/manos-vafeiadis-181294/
SAVED https://www.iheart.com/artist/bass-addiction-182750/
SAVED https://www.iheart.com/artist/bass-automator-182760/
SAVED https://www.iheart.com/artist/larry-the-little-dogs-183485/
SAVED https://www.iheart.com/artist/hugh-gillespie-183912/
ERR https://www.iheart.com/artist/nullify-183993/ :: 404 Client Error: Not Found for url: https://www.iheart.com/artist/nullify-183993/
SAVED https://www.iheart.com/artist/billy-chernoff-184483/
SAVED https://www.iheart.com/artist/hermitude-feat-cam-bluff-184910/
SAVED https://www.iheart.com/artist/surajit-das-185931/
ERR https://www.iheart.com/artist/liu-fang-lise-daoust-186109/ :: 404 Client Error: Not Found for url: https://www.iheart.com/artist/liu-fang-lise-daoust-186109/
SAVED https://www.iheart.com/artist/skin-area-186121/
SAVED https://www.iheart.com/artist/bipolar-bear-186607/
SAVED https://www.iheart.com/artist/charles-perrault-187028/
SAVED https://www.iheart.com/artist/pantaleimon-187649/
SAVED https://www.iheart.com/artist/whysall-lane-188614/
SAVED https://www.iheart.com/artist/aurelia-saxophone-quartet-189182/
SAVED https://www.iheart.com/artist/richard-marley-190174/
SAVED https://www.iheart.com/artist/rev-ce-hodges-190387/
SAVED https://www.iheart.com/artist/boleros-rancheros-190509/
SAVED https://www.iheart.com/artist/rainbow-girl-190693/
SAVED https://www.iheart.com/artist/the-plan-191536/
SAVED https://www.iheart.com/artist/vincent-kwok-leedia-192008/
SAVED https://www.iheart.com/artist/super-player-192087/
SAVED https://www.iheart.com/artist/child-of-light-192260/
SAVED https://www.iheart.com/artist/thee-tumbitas-193728/
SAVED https://www.iheart.com/artist/all-hail-the-ruin-194974/
SAVED https://www.iheart.com/artist/acma-195574/
SAVED https://www.iheart.com/artist/eaon-elvis-pritchard-195869/
SAVED https://www.iheart.com/artist/dantesco-196628/
SAVED https://www.iheart.com/artist/spitch-197890/
SAVED https://www.iheart.com/artist/lil-italy-199735/
SAVED https://www.iheart.com/artist/jocke-sandal-200997/
SAVED https://www.iheart.com/artist/fredrik-klingwall-201125/
SAVED https://www.iheart.com/artist/flogger-band-201249/
SAVED https://www.iheart.com/artist/black-devil-disco-club-with-quiet-village-201988/
SAVED https://www.iheart.com/artist/shox-202521/
SAVED https://www.iheart.com/artist/once-waz-nice-202554/
SAVED https://www.iheart.com/artist/tony-haven-202808/
SAVED https://www.iheart.com/artist/royaltones-204923/
SAVED https://www.iheart.com/artist/the-flock-204990/
SAVED https://www.iheart.com/artist/federico-wiman-205744/
SAVED https://www.iheart.com/artist/lokua-kanza-205890/
SAVED https://www.iheart.com/artist/turhan-yukseler-206144/
SAVED https://www.iheart.com/artist/rob-reng-206380/
SAVED https://www.iheart.com/artist/bab-peter-206516/
SAVED https://www.iheart.com/artist/infant-206922/
SAVED https://www.iheart.com/artist/general-good-207103/
SAVED https://www.iheart.com/artist/haaksman-haaksman-feat-guga-rei-208696/
SAVED https://www.iheart.com/artist/defosto-208797/
SAVED https://www.iheart.com/artist/morgan-heritage-busy-signal-208866/
SAVED https://www.iheart.com/artist/marc-delmas-211077/
SAVED https://www.iheart.com/artist/hank-penny-his-radio-cowboys-212128/
SAVED https://www.iheart.com/artist/naftule-brandwein-212872/
SAVED https://www.iheart.com/artist/david-devant-and-his-spirit-wife-213021/
SAVED https://www.iheart.com/artist/phyllis-curtin-213271/
SAVED https://www.iheart.com/artist/rodney-p-213468/
SAVED https://www.iheart.com/artist/the-commies-214084/
SAVED https://www.iheart.com/artist/kartoon-215100/
SAVED https://www.iheart.com/artist/lookbook-215373/
SAVED https://www.iheart.com/artist/deep-melange-vs-backens-gruenwald-215422/
SAVED https://www.iheart.com/artist/jochen-miller-feat-robin-valo-215741/
SAVED https://www.iheart.com/artist/the-missionaries-216014/
SAVED https://www.iheart.com/artist/solar-powered-rocket-car-216135/
SAVED https://www.iheart.com/artist/spider-virus-216226/
SAVED https://www.iheart.com/artist/the-dearhunters-216441/
SAVED https://www.iheart.com/artist/the-weekend-216558/
SAVED https://www.iheart.com/artist/the-christmas-spirit-ensemble-christmas-carols-funny-christmas-songs-216627/
SAVED https://www.iheart.com/artist/danny-dimperio-216635/
SAVED https://www.iheart.com/artist/peter-leitch-217023/
SAVED https://www.iheart.com/artist/loop-land-217386/
SAVED https://www.iheart.com/artist/polar-217430/
SAVED https://www.iheart.com/artist/brookhaven-217638/
SAVED https://www.iheart.com/artist/afro-rican-222550/
SAVED https://www.iheart.com/artist/cobretti-223475/
SAVED https://www.iheart.com/artist/morningbell-223505/
SAVED https://www.iheart.com/artist/kelley-mcrae-224186/
SAVED https://www.iheart.com/artist/revue-noir-224413/
SAVED https://www.iheart.com/artist/grim-grinning-ghosts-225277/
SAVED https://www.iheart.com/artist/closet-monster-226563/
SAVED https://www.iheart.com/artist/damir-avdic-227101/
SAVED https://www.iheart.com/artist/eltronica-228735/
SAVED https://www.iheart.com/artist/dead-snares-229338/
SAVED https://www.iheart.com/artist/maxee-229702/
SAVED https://www.iheart.com/artist/master-dji-230794/
SAVED https://www.iheart.com/artist/sickfrown-231270/
SAVED https://www.iheart.com/artist/critical-point-231509/
SAVED https://www.iheart.com/artist/goreinhaled-231609/
SAVED https://www.iheart.com/artist/dann-potvin-232209/
SAVED https://www.iheart.com/artist/rondenion-tokyo-deep-233567/
SAVED https://www.iheart.com/artist/kid-cola-236323/
SAVED https://www.iheart.com/artist/gene-wendell-236575/
SAVED https://www.iheart.com/artist/bobby-fisher-238233/
SAVED https://www.iheart.com/artist/tekpot-238623/
SAVED https://www.iheart.com/artist/the-prairie-winds-238902/
SAVED https://www.iheart.com/artist/david-yearsley-238993/
SAVED https://www.iheart.com/artist/telefunka-239940/
SAVED https://www.iheart.com/artist/zaid-nasser-240209/
SAVED https://www.iheart.com/artist/ard-ri-tradition-241236/
SAVED https://www.iheart.com/artist/jiro-kawakami-241533/
SAVED https://www.iheart.com/artist/adam-cruz-243022/
SAVED https://www.iheart.com/artist/echoes-of-nature-243043/
SAVED https://www.iheart.com/artist/i-are-droid-243119/
SAVED https://www.iheart.com/artist/the-caribean-band-243191/
SAVED https://www.iheart.com/artist/the-forms-243664/
SAVED https://www.iheart.com/artist/the-stables-243667/
SAVED https://www.iheart.com/artist/adonis-rose-new-orleans-jazz-orchestra-243856/
SAVED https://www.iheart.com/artist/hotel-hunger-245558/
SAVED https://www.iheart.com/artist/maria-marcus-245673/
SAVED https://www.iheart.com/artist/12th-avenue-245857/
SAVED https://www.iheart.com/artist/actors-scene-unseen-246944/
SAVED https://www.iheart.com/artist/herman-ze-german-248067/
SAVED https://www.iheart.com/artist/dan-reeder-248170/
SAVED https://www.iheart.com/artist/rude-dale-248280/
SAVED https://www.iheart.com/artist/russell-van-den-berg-249226/
SAVED https://www.iheart.com/artist/quinteto-mocambo-249818/
SAVED https://www.iheart.com/artist/goner-249915/
SAVED https://www.iheart.com/artist/zorro-viejo-250301/
SAVED https://www.iheart.com/artist/the-new-london-soloists-ensemble-250886/
SAVED https://www.iheart.com/artist/andrea-diletti-251086/
SAVED https://www.iheart.com/artist/inverness-251305/
SAVED https://www.iheart.com/artist/radha-251529/
SAVED https://www.iheart.com/artist/franco-bonetti-y-su-sax-de-oro-251559/
SAVED https://www.iheart.com/artist/samba-de-rainha-251779/
SAVED https://www.iheart.com/artist/miyuki-yamaoka-252225/
SAVED https://www.iheart.com/artist/amber-rhodes-252487/
SAVED https://www.iheart.com/artist/irm-hassan-252808/
SAVED https://www.iheart.com/artist/jon-hazilla-253174/
SAVED https://www.iheart.com/artist/lazaro-calvo-255308/
SAVED https://www.iheart.com/artist/don-chambers-255617/
SAVED https://www.iheart.com/artist/jer-martin-256621/
SAVED https://www.iheart.com/artist/10000-fathers-257473/
SAVED https://www.iheart.com/artist/fiorenza-cossotto-luigi-alva-mirella-freni-257563/
SAVED https://www.iheart.com/artist/doris-lavin-257818/
SAVED https://www.iheart.com/artist/roimungstrupp-258283/
SAVED https://www.iheart.com/artist/magazino-258458/
SAVED https://www.iheart.com/artist/kaleel-csp-260310/
SAVED https://www.iheart.com/artist/andy-street-krys-mach-jo-azusa-jerome-mokar-260710/
SAVED https://www.iheart.com/artist/daniel-pearce-260819/
SAVED https://www.iheart.com/artist/nathaniel-shilkret-the-symphonic-pops-orchestra-261168/
SAVED https://www.iheart.com/artist/monica-lewis-262700/
SAVED https://www.iheart.com/artist/the-bands-of-hm-royal-marines-the-british-army-and-the-royal-air-force-263002/
SAVED https://www.iheart.com/artist/michael-dietmayr-263102/
SAVED https://www.iheart.com/artist/the-graduates-steelband-263545/
SAVED https://www.iheart.com/artist/formelwesen-263827/
SAVED https://www.iheart.com/artist/futurhythms-264147/
SAVED https://www.iheart.com/artist/craw-265780/
SAVED https://www.iheart.com/artist/mel-merio-265819/
SAVED https://www.iheart.com/artist/german-sushi-265843/
SAVED https://www.iheart.com/artist/peter-kingsbery-266107/
SAVED https://www.iheart.com/artist/berliner-philharmonisches-blaserensemble-267769/
SAVED https://www.iheart.com/artist/ian-bostridgeleif-ove-andsnes-268130/
SAVED https://www.iheart.com/artist/thugz-from-da-southside-268695/
SAVED https://www.iheart.com/artist/rawside-269359/
SAVED https://www.iheart.com/artist/agresivo-270553/
SAVED https://www.iheart.com/artist/purple-mercy-270598/
SAVED https://www.iheart.com/artist/haydamaky-271558/
SAVED https://www.iheart.com/artist/pauli-pena-271694/
SAVED https://www.iheart.com/artist/upper-left-trio-272391/
SAVED https://www.iheart.com/artist/paul-cortese-274649/
SAVED https://www.iheart.com/artist/tom-laws-274765/
SAVED https://www.iheart.com/artist/byu-philharmonic-orchestra-275234/
SAVED https://www.iheart.com/artist/christophe-buren-oisin-stack-275400/
SAVED https://www.iheart.com/artist/este-mundo-275565/
SAVED https://www.iheart.com/artist/abstract-vision-rebecca-louise-burch-275908/
SAVED https://www.iheart.com/artist/russell-lee-276250/
SAVED https://www.iheart.com/artist/bill-horist-276652/
SAVED https://www.iheart.com/artist/rumer-featuring-redtenbachers-funkestra-278515/
SAVED https://www.iheart.com/artist/turn-4-278646/
SAVED https://www.iheart.com/artist/emptiness-279140/
SAVED https://www.iheart.com/artist/ubud-279233/
SAVED https://www.iheart.com/artist/cassandra-eason-279702/
SAVED https://www.iheart.com/artist/den-saakaldte-279839/
SAVED https://www.iheart.com/artist/outl4w-282097/
SAVED https://www.iheart.com/artist/magic-car-282183/
SAVED https://www.iheart.com/artist/et-incarnatus-283456/
SAVED https://www.iheart.com/artist/tensione-dinamica-283670/
SAVED https://www.iheart.com/artist/laura-bono-285208/
SAVED https://www.iheart.com/artist/dutch-rhythm-combo-feat-isa-gt-286339/
SAVED https://www.iheart.com/artist/pepper-mcbride-286766/
SAVED https://www.iheart.com/artist/supersound-287874/
SAVED https://www.iheart.com/artist/decota-mcnamara-288219/
SAVED https://www.iheart.com/artist/joanna-jordan-288246/
SAVED https://www.iheart.com/artist/damiano-binetti-prague-madrigal-singers-ales-barta-pavel-baxa-jiri-biba-prague-madrigal-orchestra-288368/
SAVED https://www.iheart.com/artist/anni-moni-288414/
SAVED https://www.iheart.com/artist/sweden-288522/
SAVED https://www.iheart.com/artist/cash-casia-289076/
SAVED https://www.iheart.com/artist/matt-butler-289088/
SAVED https://www.iheart.com/artist/walt-churchey-290339/
SAVED https://www.iheart.com/artist/david-weissner-290634/
SAVED https://www.iheart.com/artist/colma-290809/
SAVED https://www.iheart.com/artist/crimson-sky-290945/
SAVED https://www.iheart.com/artist/darryl-shanon-holt-291718/
SAVED https://www.iheart.com/artist/the-days-292080/
SAVED https://www.iheart.com/artist/daytime-music-group-292083/
SAVED https://www.iheart.com/artist/brian-davis-292110/
SAVED https://www.iheart.com/artist/day-with-wine-292178/
SAVED https://www.iheart.com/artist/elijah-emanuel-294544/
SAVED https://www.iheart.com/artist/elsinore-294592/
ERR https://www.iheart.com/artist/gene-cornish-and-the-guitar-club-for-men-296705/ :: 404 Client Error: Not Found for url: https://www.iheart.com/artist/gene-cornish-and-the-guitar-club-for-men-296705/
SAVED https://www.iheart.com/artist/glenn-anderson-296964/
SAVED https://www.iheart.com/artist/jon-baz-297685/
SAVED https://www.iheart.com/artist/natascha-roth-297923/
SAVED https://www.iheart.com/artist/christy-snow-299033/
SAVED https://www.iheart.com/artist/groj-299407/
SAVED https://www.iheart.com/artist/cast-of-characters-299533/
SAVED https://www.iheart.com/artist/jason-conley-299700/
SAVED https://www.iheart.com/artist/concept6-299702/
SAVED https://www.iheart.com/artist/cone-five-299772/
SAVED https://www.iheart.com/artist/dean-jones-301535/
SAVED https://www.iheart.com/artist/debbie-dixon-301776/
SAVED https://www.iheart.com/artist/denise-dukes-301798/
SAVED https://www.iheart.com/artist/dialog-301839/
SAVED https://www.iheart.com/artist/dave-holiday-sylvester-301895/
SAVED https://www.iheart.com/artist/teraflop-302117/
SAVED https://www.iheart.com/artist/dolorata-302796/
SAVED https://www.iheart.com/artist/ed-fingerling-303632/
SAVED https://www.iheart.com/artist/equatronic-304233/
SAVED https://www.iheart.com/artist/ep-island-304334/
SAVED https://www.iheart.com/artist/esque-304453/
SAVED https://www.iheart.com/artist/floydian-slip-305148/
SAVED https://www.iheart.com/artist/gary-michael-bass-306257/
SAVED https://www.iheart.com/artist/gg-lee-306786/
SAVED https://www.iheart.com/artist/mike-germano-307303/
SAVED https://www.iheart.com/artist/gone-troppo-307870/
SAVED https://www.iheart.com/artist/john-a-hughes-310728/
SAVED https://www.iheart.com/artist/ioi-312252/
SAVED https://www.iheart.com/artist/janet-ritz-313389/
SAVED https://www.iheart.com/artist/johnnys-body-313999/
SAVED https://www.iheart.com/artist/jerry-vernon-and-pat-sowash-315096/
SAVED https://www.iheart.com/artist/jim-golden-315781/
SAVED https://www.iheart.com/artist/john-paul-sharp-318927/
SAVED https://www.iheart.com/artist/cherokee-national-youth-choir-319532/
SAVED https://www.iheart.com/artist/frank-nitt-319929/
SAVED https://www.iheart.com/artist/leo-clarens-y-su-orquesta-320423/
SAVED https://www.iheart.com/artist/celtic-elvis-321111/
SAVED https://www.iheart.com/artist/chata-addy-321560/
SAVED https://www.iheart.com/artist/abs-322183/
SAVED https://www.iheart.com/artist/african-gospel-rhythms-322355/
SAVED https://www.iheart.com/artist/andy-guthrie-323090/
SAVED https://www.iheart.com/artist/ahfrica-323250/
SAVED https://www.iheart.com/artist/amberlee-sheehan-323429/
SAVED https://www.iheart.com/artist/aserela-maine-youth-chorus-324084/
SAVED https://www.iheart.com/artist/ashaka-324192/
SAVED https://www.iheart.com/artist/aq-324242/
SAVED https://www.iheart.com/artist/songs-from-the-abiding-place-325615/
SAVED https://www.iheart.com/artist/atomici-325894/
SAVED https://www.iheart.com/artist/abusive-process-326371/
SAVED https://www.iheart.com/artist/honeyflood-326776/
SAVED https://www.iheart.com/artist/h-r-gunz-327294/
SAVED https://www.iheart.com/artist/alien-kiss-327642/
SAVED https://www.iheart.com/artist/24unity-327900/
SAVED https://www.iheart.com/artist/hristo-vitchev-quartet-328283/
SAVED https://www.iheart.com/artist/ava-wait-328970/
SAVED https://www.iheart.com/artist/anisa-hayes-329032/
SAVED https://www.iheart.com/artist/the-anix-329186/
SAVED https://www.iheart.com/artist/time-space-society-331184/
SAVED https://www.iheart.com/artist/bobby-pizazz-332331/
SAVED https://www.iheart.com/artist/jeannette-lambert-332988/
SAVED https://www.iheart.com/artist/boles-333011/
SAVED https://www.iheart.com/artist/bixby-lane-333487/
SAVED https://www.iheart.com/artist/beltaines-fire-333931/
SAVED https://www.iheart.com/artist/blackmindz-334463/
SAVED https://www.iheart.com/artist/dan-bailey-335014/
SAVED https://www.iheart.com/artist/big-secret-music-group-stray-winds-moving-gradients-335264/
SAVED https://www.iheart.com/artist/brenroper-friends-335841/
SAVED https://www.iheart.com/artist/brian-crain-336113/
SAVED https://www.iheart.com/artist/cali-miles-336908/
SAVED https://www.iheart.com/artist/brigit-drake-337329/
SAVED https://www.iheart.com/artist/alice-in-dixieland-337873/
SAVED https://www.iheart.com/artist/willow-mount-338679/
SAVED https://www.iheart.com/artist/kimberly-ann-klasnic-339831/
SAVED https://www.iheart.com/artist/kiss-her-for-the-kid-339869/
SAVED https://www.iheart.com/artist/jim-kovalcik-340002/
SAVED https://www.iheart.com/artist/krack-free-media-340023/
SAVED https://www.iheart.com/artist/gayang-kulintangan-340227/
SAVED https://www.iheart.com/artist/bernard-leclerc-340673/
SAVED https://www.iheart.com/artist/lebocat-340717/
SAVED https://www.iheart.com/artist/john-leckenby-340768/
SAVED https://www.iheart.com/artist/liquorice-sea-341100/
SAVED https://www.iheart.com/artist/live-fish-341217/
SAVED https://www.iheart.com/artist/linda-maria-bongiovanni-341531/
SAVED https://www.iheart.com/artist/m-80-341822/
SAVED https://www.iheart.com/artist/joel-mac-341978/
SAVED https://www.iheart.com/artist/od-342674/
SAVED https://www.iheart.com/artist/mark-leland-342755/
SAVED https://www.iheart.com/artist/markamusic-342818/
SAVED https://www.iheart.com/artist/messenjah-selah-343707/
SAVED https://www.iheart.com/artist/michael-francis-hughes-343819/
SAVED https://www.iheart.com/artist/mike-kotulka-344070/
SAVED https://www.iheart.com/artist/the-nasty-clan-345301/
SAVED https://www.iheart.com/artist/new-shoes-345602/
SAVED https://www.iheart.com/artist/flora-j-anders-345616/
SAVED https://www.iheart.com/artist/no-service-project-345903/
SAVED https://www.iheart.com/artist/nuala-pinson-philip-hickman-346090/
SAVED https://www.iheart.com/artist/otis-houston-jr-346456/
SAVED https://www.iheart.com/artist/pacewon-mr-green-346598/
SAVED https://www.iheart.com/artist/paradaem-346760/
SAVED https://www.iheart.com/artist/bob-parduhn-346809/
SAVED https://www.iheart.com/artist/pat-dixon-346916/
SAVED https://www.iheart.com/artist/rankin-cobra-348429/
SAVED https://www.iheart.com/artist/amanda-rheaume-349640/
SAVED https://www.iheart.com/artist/rabbi-reuven-frankel-349682/
SAVED https://www.iheart.com/artist/riley-girt-350106/
SAVED https://www.iheart.com/artist/rick-rose-350614/
SAVED https://www.iheart.com/artist/dj-salah-kriss-dek-351017/
SAVED https://www.iheart.com/artist/scene-whop-351369/
SAVED https://www.iheart.com/artist/scott-greeson-351408/
SAVED https://www.iheart.com/artist/charles-seafous-351606/
SAVED https://www.iheart.com/artist/sequoia-351667/
SAVED https://www.iheart.com/artist/sera-del-fuego-351690/
SAVED https://www.iheart.com/artist/shady-deal-351857/
SAVED https://www.iheart.com/artist/peekaboo-352656/
SAVED https://www.iheart.com/artist/bryan-ford-feat-killah-priest-pugs-atomz-awdazcate-352750/
SAVED https://www.iheart.com/artist/brandon-infared-menard-353025/
SAVED https://www.iheart.com/artist/kartua-353909/
SAVED https://www.iheart.com/artist/kenneth-w-anderson-354234/
SAVED https://www.iheart.com/artist/lennie-macdonald-355659/
SAVED https://www.iheart.com/artist/justin-marra-357763/
SAVED https://www.iheart.com/artist/martial-357778/
SAVED https://www.iheart.com/artist/matt-watts-358077/
SAVED https://www.iheart.com/artist/midnite-youssoupha-sidibe-358767/
SAVED https://www.iheart.com/artist/moon-mountain-ramblers-359368/
SAVED https://www.iheart.com/artist/barrence-whitfield-eta-petti-the-bloodyhotsak-359430/
SAVED https://www.iheart.com/artist/name-in-vain-360399/
SAVED https://www.iheart.com/artist/national-sunday-law-360530/
SAVED https://www.iheart.com/artist/none-of-the-above-361053/
SAVED https://www.iheart.com/artist/noxious-361090/
SAVED https://www.iheart.com/artist/passionata-361836/
SAVED https://www.iheart.com/artist/phil-calkins-362108/
SAVED https://www.iheart.com/artist/peter-parker-362511/
SAVED https://www.iheart.com/artist/peter-dixon-362520/
SAVED https://www.iheart.com/artist/polly-put-the-kettle-on-363130/
SAVED https://www.iheart.com/artist/craig-pruess-russell-stone-363278/
SAVED https://www.iheart.com/artist/rachel-sumner-363548/
SAVED https://www.iheart.com/artist/rebekah-antoine-363990/
SAVED https://www.iheart.com/artist/red-sammy-364127/
SAVED https://www.iheart.com/artist/josh-roberts-and-the-hinges-364886/
SAVED https://www.iheart.com/artist/ron-pacheco-jr-365069/
SAVED https://www.iheart.com/artist/roper-electric-365238/
SAVED https://www.iheart.com/artist/safety-orange-365661/
SAVED https://www.iheart.com/artist/scotts-garage-366313/
SAVED https://www.iheart.com/artist/sean-park-366420/
SAVED https://www.iheart.com/artist/seung-un-ha-366610/
SAVED https://www.iheart.com/artist/screaming-gypsy-bandits-366735/
SAVED https://www.iheart.com/artist/infernal-angels-368149/
SAVED https://www.iheart.com/artist/c-dubs-368227/
SAVED https://www.iheart.com/artist/media-may-368691/
SAVED https://www.iheart.com/artist/king-mon-369288/
SAVED https://www.iheart.com/artist/midnight-mass-370037/
SAVED https://www.iheart.com/artist/kelvynator-371038/
SAVED https://www.iheart.com/artist/trikot-373799/
SAVED https://www.iheart.com/artist/black-thunder-373943/
SAVED https://www.iheart.com/artist/cello-trio-374226/
SAVED https://www.iheart.com/artist/arome-374398/
SAVED https://www.iheart.com/artist/tetra-375032/
SAVED https://www.iheart.com/artist/michael-valenta-felix-wolter-375375/
SAVED https://www.iheart.com/artist/tragic-black-376184/
SAVED https://www.iheart.com/artist/rob-die-gang-377114/
SAVED https://www.iheart.com/artist/k-mob-377586/
SAVED https://www.iheart.com/artist/gotterdammerung-377793/
SAVED https://www.iheart.com/artist/squeezebox-ltd-377808/
SAVED https://www.iheart.com/artist/solistes-de-l-opera-national-de-paris-378003/
SAVED https://www.iheart.com/artist/due-voci-378891/
SAVED https://www.iheart.com/artist/katzenjammer-379443/
SAVED https://www.iheart.com/artist/d-boe-379834/
SAVED https://www.iheart.com/artist/angie-be-381099/
SAVED https://www.iheart.com/artist/albert-da-costa-382301/
SAVED https://www.iheart.com/artist/patty-382562/
SAVED https://www.iheart.com/artist/phuture-dust-382614/
SAVED https://www.iheart.com/artist/yung-millna-383017/
SAVED https://www.iheart.com/artist/ray-dar-vees-383110/
SAVED https://www.iheart.com/artist/kidstreet-and-karl-boltzmann-383183/
SAVED https://www.iheart.com/artist/lentos-384609/
SAVED https://www.iheart.com/artist/hoogs-385128/
SAVED https://www.iheart.com/artist/yotam-386073/
SAVED https://www.iheart.com/artist/reg-owen-386091/
SAVED https://www.iheart.com/artist/roy-schenkenberger-386764/
SAVED https://www.iheart.com/artist/monks-for-peace-neural-noise-project-emitrior-387060/
SAVED https://www.iheart.com/artist/rabotnik-387116/
SAVED https://www.iheart.com/artist/paula-sergio-387285/
SAVED https://www.iheart.com/artist/boxtavsbarn-388182/
SAVED https://www.iheart.com/artist/paolo-cecchin-388859/
SAVED https://www.iheart.com/artist/marie-oneill-389063/
SAVED https://www.iheart.com/artist/jolly-das-389359/
SAVED https://www.iheart.com/artist/marcus-j-391569/
SAVED https://www.iheart.com/artist/agregator-392046/
SAVED https://www.iheart.com/artist/solos-unit-392151/
SAVED https://www.iheart.com/artist/jack-m-lane-392961/
SAVED https://www.iheart.com/artist/diagon-394441/
SAVED https://www.iheart.com/artist/dj-tru-masta-394664/
SAVED https://www.iheart.com/artist/demis-tzivis-395590/
SAVED https://www.iheart.com/artist/spinlight-city-395630/
SAVED https://www.iheart.com/artist/urban-monarchy-395668/
SAVED https://www.iheart.com/artist/pierre-van-der-westhuizen-395683/
SAVED https://www.iheart.com/artist/yt-little-d-396195/
SAVED https://www.iheart.com/artist/yukialani-396208/
SAVED https://www.iheart.com/artist/yolo-akili-396253/
SAVED https://www.iheart.com/artist/eggnoise-396732/
SAVED https://www.iheart.com/artist/al-kush-397470/
SAVED https://www.iheart.com/artist/matthew-cameron-397549/
SAVED https://www.iheart.com/artist/cherry-babes-398558/
SAVED https://www.iheart.com/artist/pacheko-398701/
SAVED https://www.iheart.com/artist/jim-reeves-deborah-allen-398903/
SAVED https://www.iheart.com/artist/the-royal-hollywood-orchestra-399044/
SAVED https://www.iheart.com/artist/marika-klambatsea-400003/
SAVED https://www.iheart.com/artist/ljubljanski-lumpi-401161/
SAVED https://www.iheart.com/artist/hope-irish-402253/
SAVED https://www.iheart.com/artist/ike-mbamali-402868/
SAVED https://www.iheart.com/artist/iris-ingram-403659/
SAVED https://www.iheart.com/artist/hampton-404171/
SAVED https://www.iheart.com/artist/the-irises-404246/
SAVED https://www.iheart.com/artist/jim-stephens-404362/
SAVED https://www.iheart.com/artist/human-motion-404436/
SAVED https://www.iheart.com/artist/john-franks-404585/
SAVED https://www.iheart.com/artist/kenny-feinberg-404777/
SAVED https://www.iheart.com/artist/john-de-roo-404912/
SAVED https://www.iheart.com/artist/leon-the-jazzman-404969/
SAVED https://www.iheart.com/artist/larry-griffith-405082/
SAVED https://www.iheart.com/artist/nathen-aswell-406782/
SAVED https://www.iheart.com/artist/pictator-the-emperor-407324/
SAVED https://www.iheart.com/artist/ryden-ridge-408133/
SAVED https://www.iheart.com/artist/t-quez-408486/
SAVED https://www.iheart.com/artist/om-unit-408493/
SAVED https://www.iheart.com/artist/dinesh-kumar-408779/
SAVED https://www.iheart.com/artist/shams-zameel-409157/
SAVED https://www.iheart.com/artist/khusboo-raaj-409162/
SAVED https://www.iheart.com/artist/neetu-sharma-kanhaiya-haripuri-409181/
SAVED https://www.iheart.com/artist/martell-beigang-412467/
SAVED https://www.iheart.com/artist/g220-412735/
ERR https://www.iheart.com/artist/wwe-beth-phoenix-413259/ :: 404 Client Error: Not Found for url: https://www.iheart.com/artist/wwe-beth-phoenix-413259/
SAVED https://www.iheart.com/artist/dr-stereo-413735/
SAVED https://www.iheart.com/artist/dg-projet-413891/
SAVED https://www.iheart.com/artist/jj-wizzle-rico-tayla-414276/
SAVED https://www.iheart.com/artist/brothertunes-414960/
SAVED https://www.iheart.com/artist/roger-shah-signum-415634/
SAVED https://www.iheart.com/artist/k-young-415982/
SAVED https://www.iheart.com/artist/el-cejas-y-su-banda-fuego-la-dinastia-de-tuzantla-michoacan-la-dinastia-de-tuzantla-416038/
SAVED https://www.iheart.com/artist/rajendra-chauhan-416269/
SAVED https://www.iheart.com/artist/alan-gordon-416539/
SAVED https://www.iheart.com/artist/rasiklal-bhojak-416595/
SAVED https://www.iheart.com/artist/nifu-nifa-416852/
SAVED https://www.iheart.com/artist/shri-kalgidhar-satsang-mandal-417183/
SAVED https://www.iheart.com/artist/roney-giah-perseptom-vocal-band-417821/
SAVED https://www.iheart.com/artist/fariborz-lachini-pari-zanganeh-418110/
SAVED https://www.iheart.com/artist/rev-issac-whittmon-418461/
SAVED https://www.iheart.com/artist/mattykore-418465/
SAVED https://www.iheart.com/artist/kenya-henry-419191/
SAVED https://www.iheart.com/artist/alternative-allstars-419385/
SAVED https://www.iheart.com/artist/don-blackman-419413/
SAVED https://www.iheart.com/artist/sweethaven-420077/
SAVED https://www.iheart.com/artist/shane-wallin-420159/
SAVED https://www.iheart.com/artist/rock-in-the-classroom-420378/
SAVED https://www.iheart.com/artist/marianne-payette-carter-voyager-420588/
ERR https://www.iheart.com/artist/euline-alvarez-421470/ :: 404 Client Error: Not Found for url: https://www.iheart.com/artist/euline-alvarez-421470/
SAVED https://www.iheart.com/artist/the-brothers-dirt-421656/
SAVED https://www.iheart.com/artist/archdeacon-421983/
SAVED https://www.iheart.com/artist/australis-421988/
SAVED https://www.iheart.com/artist/kansas-emissions-422583/
SAVED https://www.iheart.com/artist/shannon-marsyada-422886/
SAVED https://www.iheart.com/artist/marry-a-thief-422961/
SAVED https://www.iheart.com/artist/rusk-423877/
SAVED https://www.iheart.com/artist/ray-saunders-424189/
SAVED https://www.iheart.com/artist/lou-jean-rudd-425010/
SAVED https://www.iheart.com/artist/michael-himes-425459/
SAVED https://www.iheart.com/artist/michael-j-gagliardi-425532/
SAVED https://www.iheart.com/artist/bobby-zee-425701/
SAVED https://www.iheart.com/artist/mud-angels-425764/
SAVED https://www.iheart.com/artist/prince-jesse-426519/
SAVED https://www.iheart.com/artist/the-robber-barons-427789/
SAVED https://www.iheart.com/artist/shoshana-smith-428615/
SAVED https://www.iheart.com/artist/sonic-reducer-429517/
SAVED https://www.iheart.com/artist/ricky-le-roy-431112/
SAVED https://www.iheart.com/artist/masoud-khadem-431307/
SAVED https://www.iheart.com/artist/benny-hawes-431424/
SAVED https://www.iheart.com/artist/patrick-lanzetta-431777/
SAVED https://www.iheart.com/artist/o-bando-de-maria-432078/
ERR https://www.iheart.com/artist/huub-van-den-brand-432294/ :: 404 Client Error: Not Found for url: https://www.iheart.com/artist/huub-van-den-brand-432294/
SAVED https://www.iheart.com/artist/the-marathons-friends-432326/
SAVED https://www.iheart.com/artist/embrace-the-embers-432425/
SAVED https://www.iheart.com/artist/maranatha-vocal-band-432694/
SAVED https://www.iheart.com/artist/the-december-question-434707/
SAVED https://www.iheart.com/artist/southern-tide-435302/
SAVED https://www.iheart.com/artist/soul-without-a-face-435426/
SAVED https://www.iheart.com/artist/notecrusher-435449/
SAVED https://www.iheart.com/artist/peter-galperin-436235/
SAVED https://www.iheart.com/artist/the-troubadours-436580/
SAVED https://www.iheart.com/artist/kaiyin-436943/
SAVED https://www.iheart.com/artist/letters-to-mary-437936/
SAVED https://www.iheart.com/artist/natasha-pearce-438457/
SAVED https://www.iheart.com/artist/mr-ruff-438724/
SAVED https://www.iheart.com/artist/vor-439253/
SAVED https://www.iheart.com/artist/gathered-by-grace-439363/
SAVED https://www.iheart.com/artist/ian-evans-439407/
SAVED https://www.iheart.com/artist/evalyn-parry-439816/
SAVED https://www.iheart.com/artist/gathering-moss-440242/
SAVED https://www.iheart.com/artist/jeffery-smith-440950/
SAVED https://www.iheart.com/artist/jesse-raiford-441000/
SAVED https://www.iheart.com/artist/kern-441181/
SAVED https://www.iheart.com/artist/john-timothy-442022/
SAVED https://www.iheart.com/artist/the-cat-and-cage-442659/
SAVED https://www.iheart.com/artist/nhieu-nghe-si-442679/
SAVED https://www.iheart.com/artist/jack-mosley-443065/
SAVED https://www.iheart.com/artist/yener-korkut-443104/
SAVED https://www.iheart.com/artist/rock-moran-443281/
SAVED https://www.iheart.com/artist/win-naung-orchestra-443579/
SAVED https://www.iheart.com/artist/jimmy-snakes-the-langston-hughes-wit-gangsta-views-443881/
SAVED https://www.iheart.com/artist/dragan-kojic-keba-444849/
SAVED https://www.iheart.com/artist/strife-rollins-445202/
SAVED https://www.iheart.com/artist/carlos-do-carmo-445516/
SAVED https://www.iheart.com/artist/power-of-zeus-447242/
SAVED https://www.iheart.com/artist/warriors-music-for-dreams-artist-447818/
SAVED https://www.iheart.com/artist/schneeflocke-448074/
SAVED https://www.iheart.com/artist/zwei-kanister-448126/
SAVED https://www.iheart.com/artist/bonneville-448431/
SAVED https://www.iheart.com/artist/jeff-iftekaruddin-448531/
SAVED https://www.iheart.com/artist/pre-fade-listening-448991/
SAVED https://www.iheart.com/artist/mikey-pauker-cas-haley-448999/
SAVED https://www.iheart.com/artist/the-god-chaser-449920/
SAVED https://www.iheart.com/artist/david-grindstaff-450400/
SAVED https://www.iheart.com/artist/david-oldfield-450546/
SAVED https://www.iheart.com/artist/cyril-achard-450803/
SAVED https://www.iheart.com/artist/joe-foster-451579/
SAVED https://www.iheart.com/artist/charlene-lockwood-452119/
SAVED https://www.iheart.com/artist/caloge-452438/
SAVED https://www.iheart.com/artist/bounds-brazzel-baley-york-452672/
SAVED https://www.iheart.com/artist/braxton-bragg-452763/
SAVED https://www.iheart.com/artist/ball-of-clay-452986/
SAVED https://www.iheart.com/artist/zylascope-453075/
SAVED https://www.iheart.com/artist/anna-searight-453247/
SAVED https://www.iheart.com/artist/trev-453443/
SAVED https://www.iheart.com/artist/c3-fuzzzion-454911/
SAVED https://www.iheart.com/artist/jon-kwest-455143/
SAVED https://www.iheart.com/artist/saana-liikanen-455279/
SAVED https://www.iheart.com/artist/sian-brown-456622/
SAVED https://www.iheart.com/artist/lisa-lossong-456851/
SAVED https://www.iheart.com/artist/dj-monster-457073/
SAVED https://www.iheart.com/artist/grim-reality-entertainment-457346/
SAVED https://www.iheart.com/artist/highlonesome-458700/
SAVED https://www.iheart.com/artist/surina-458990/
SAVED https://www.iheart.com/artist/tanya-darling-459052/
SAVED https://www.iheart.com/artist/cynthia-carle-459762/
SAVED https://www.iheart.com/artist/broken-toyz-459964/
SAVED https://www.iheart.com/artist/big-poppa-e-460108/
SAVED https://www.iheart.com/artist/bane-shaman-460258/
SAVED https://www.iheart.com/artist/bruce-barham-460315/
SAVED https://www.iheart.com/artist/ud3-460601/
SAVED https://www.iheart.com/artist/the-knot-461330/
SAVED https://www.iheart.com/artist/streak-461743/
SAVED https://www.iheart.com/artist/david-stockden-461893/
SAVED https://www.iheart.com/artist/scott-d-strader-462068/
SAVED https://www.iheart.com/artist/steve-kurtin-462122/
SAVED https://www.iheart.com/artist/michael-busch-462959/
SAVED https://www.iheart.com/artist/randall-atcheson-and-his-orchestra-463309/
SAVED https://www.iheart.com/artist/when-girls-kiss-girls-463346/
SAVED https://www.iheart.com/artist/vicky-juma-463562/
SAVED https://www.iheart.com/artist/sonia-rivas-463949/
SAVED https://www.iheart.com/artist/javier-sainz-464435/
SAVED https://www.iheart.com/artist/south-jordan-464810/
SAVED https://www.iheart.com/artist/sugar-free-allstars-465292/
SAVED https://www.iheart.com/artist/sudden-ensemble-465341/
SAVED https://www.iheart.com/artist/trapper-the-rapper-466586/
SAVED https://www.iheart.com/artist/trinitude-466709/
SAVED https://www.iheart.com/artist/vince-grant-467305/
SAVED https://www.iheart.com/artist/sounds-for-life-467822/
SAVED https://www.iheart.com/artist/the-returners-468284/
SAVED https://www.iheart.com/artist/ray-bright-music-469798/
SAVED https://www.iheart.com/artist/filmi-470160/
SAVED https://www.iheart.com/artist/kevin-anthony-470358/
SAVED https://www.iheart.com/artist/woslom-470483/
SAVED https://www.iheart.com/artist/the-new-england-football-band-470640/
SAVED https://www.iheart.com/artist/llops-de-mar-470742/
SAVED https://www.iheart.com/artist/patrik-carrera-470763/
SAVED https://www.iheart.com/artist/kasi-rocswell-471356/
SAVED https://www.iheart.com/artist/mama-dc-471427/
SAVED https://www.iheart.com/artist/tma-music-472499/
SAVED https://www.iheart.com/artist/faytinga-472902/
SAVED https://www.iheart.com/artist/one4five-472989/
SAVED https://www.iheart.com/artist/greg-hansen-473911/
SAVED https://www.iheart.com/artist/andrea-chimenti-474337/
SAVED https://www.iheart.com/artist/andrew-anderson-474838/
SAVED https://www.iheart.com/artist/party-music-unlimited-475131/
SAVED https://www.iheart.com/artist/daiki-yasukagawa-trio-475638/
SAVED https://www.iheart.com/artist/soni-sfardati-476280/
SAVED https://www.iheart.com/artist/wazabi-476836/
SAVED https://www.iheart.com/artist/kyle-harrington-477521/
SAVED https://www.iheart.com/artist/the-producers-heart-and-soul-478203/
SAVED https://www.iheart.com/artist/peter-presta-introduces-stephen-seidita-478847/
SAVED https://www.iheart.com/artist/phatos-478909/
SAVED https://www.iheart.com/artist/biondo-479100/
SAVED https://www.iheart.com/artist/chloe-olivia-479698/
SAVED https://www.iheart.com/artist/phil-woods-the-italian-rhythm-machine-480179/
SAVED https://www.iheart.com/artist/king-lizard-480946/
SAVED https://www.iheart.com/artist/vapor-mache-481552/
SAVED https://www.iheart.com/artist/international-pub-ensemble-481989/
SAVED https://www.iheart.com/artist/stephen-kaminski-482319/
ERR https://www.iheart.com/artist/ismael-kamawool-483745/ :: 404 Client Error: Not Found for url: https://www.iheart.com/artist/ismael-kamawool-483745/
SAVED https://www.iheart.com/artist/death-saw-483878/
SAVED https://www.iheart.com/artist/henry-turner-jr-and-kenny-ingianni-483918/
SAVED https://www.iheart.com/artist/diove-484364/
SAVED https://www.iheart.com/artist/paint-the-town-red-484685/
SAVED https://www.iheart.com/artist/verily-485492/
SAVED https://www.iheart.com/artist/john-belly-486017/
SAVED https://www.iheart.com/artist/edward-james-486780/
SAVED https://www.iheart.com/artist/dan-insley-mark-sanderson-487318/
SAVED https://www.iheart.com/artist/bumdoser-488697/
SAVED https://www.iheart.com/artist/roy-rosenfeld-488977/
SAVED https://www.iheart.com/artist/orange-allstars-489233/
SAVED https://www.iheart.com/artist/nea-roz-489370/
SAVED https://www.iheart.com/artist/dub-spirits-490807/
SAVED https://www.iheart.com/artist/richard-povall-490852/
SAVED https://www.iheart.com/artist/luanne-hunt-491453/
SAVED https://www.iheart.com/artist/the-rudy-trouve-septet-491559/
SAVED https://www.iheart.com/artist/jah-turban-491853/
SAVED https://www.iheart.com/artist/out-of-yesteryear-491907/
SAVED https://www.iheart.com/artist/sunny-choi-492867/
SAVED https://www.iheart.com/artist/the-orangetree-ep-492928/
SAVED https://www.iheart.com/artist/rotoya-williams-the-true-worship-experience-movement-493101/
SAVED https://www.iheart.com/artist/mohammad-nouri-shahram-golparian-493876/
ERR https://www.iheart.com/artist/erik-lindqvist-493967/ :: 404 Client Error: Not Found for url: https://www.iheart.com/artist/erik-lindqvist-493967/
SAVED https://www.iheart.com/artist/dina-ugorskaja-494415/
SAVED https://www.iheart.com/artist/dead-gaze-494533/
SAVED https://www.iheart.com/artist/rioux-494631/
SAVED https://www.iheart.com/artist/ruberlaris-495770/
SAVED https://www.iheart.com/artist/havoc-unit-496548/
SAVED https://www.iheart.com/artist/robert-foster-and-richard-wells-496602/
SAVED https://www.iheart.com/artist/torchur-496723/
SAVED https://www.iheart.com/artist/carlos-joe-costa-496825/
SAVED https://www.iheart.com/artist/grayscale-496956/
SAVED https://www.iheart.com/artist/combination-497605/
SAVED https://www.iheart.com/artist/orio-circus-497704/
SAVED https://www.iheart.com/artist/lord-andy-497874/
SAVED https://www.iheart.com/artist/josh-roseman-unit-498174/
SAVED https://www.iheart.com/artist/doctor-sausage-498343/
SAVED https://www.iheart.com/artist/modern-classics-ensemble-499240/
SAVED https://www.iheart.com/artist/christian-mann-500053/
SAVED https://www.iheart.com/artist/solveig-sandnes-501433/
SAVED https://www.iheart.com/artist/joe-miller-503980/
SAVED https://www.iheart.com/artist/jeremiah-roiko-band-504058/
SAVED https://www.iheart.com/artist/jonathan-baldwin-504109/
SAVED https://www.iheart.com/artist/mc-toasta-504256/
SAVED https://www.iheart.com/artist/stalwart-504273/
SAVED https://www.iheart.com/artist/we-wish-you-a-merry-christmas-christmas-eve-carols-academy-magic-time-504351/
SAVED https://www.iheart.com/artist/bgrimm-504532/
SAVED https://www.iheart.com/artist/loka-nunda-504537/
SAVED https://www.iheart.com/artist/archon-505164/
SAVED https://www.iheart.com/artist/sweet-connection-505245/
SAVED https://www.iheart.com/artist/black-jake-506978/
SAVED https://www.iheart.com/artist/the-southern-alliance-507170/
SAVED https://www.iheart.com/artist/nino-forestieri-508389/
SAVED https://www.iheart.com/artist/spaceport-aou-heydboy-509629/
SAVED https://www.iheart.com/artist/florian-filsinger-509779/
SAVED https://www.iheart.com/artist/wesley-taylor-510112/
SAVED https://www.iheart.com/artist/chris-ronald-510243/
SAVED https://www.iheart.com/artist/jean-lumiere-510411/
SAVED https://www.iheart.com/artist/gem-cutterz-511208/
SAVED https://www.iheart.com/artist/steve-rot-511225/
SAVED https://www.iheart.com/artist/shaun-williams-512422/
SAVED https://www.iheart.com/artist/firewall-crossbones-512829/
SAVED https://www.iheart.com/artist/the-electrotunetrip-512853/
SAVED https://www.iheart.com/artist/tobias-mucke-512861/
SAVED https://www.iheart.com/artist/emiliano-rodriguez-stefano-de-bonis-513762/
SAVED https://www.iheart.com/artist/philoop-513940/
SAVED https://www.iheart.com/artist/taleamus-514216/
SAVED https://www.iheart.com/artist/djedi-miriji-514409/
SAVED https://www.iheart.com/artist/don-luca-djalu-514632/
SAVED https://www.iheart.com/artist/valentina-farci-514809/
SAVED https://www.iheart.com/artist/thorsten-hammer-marc-liquid-515122/
SAVED https://www.iheart.com/artist/aron-scott-515303/
SAVED https://www.iheart.com/artist/matthew-colss-515522/
SAVED https://www.iheart.com/artist/maximhacks-kevin-queen-515575/
SAVED https://www.iheart.com/artist/vide-geiger-515809/
SAVED https://www.iheart.com/artist/pla-boi-516208/
SAVED https://www.iheart.com/artist/miss-information-age-516367/
SAVED https://www.iheart.com/artist/religious-christmas-music-517281/
SAVED https://www.iheart.com/artist/alpenrebellen-517449/
SAVED https://www.iheart.com/artist/gunther-emmerlich-518444/
SAVED https://www.iheart.com/artist/man-friday-518719/
SAVED https://www.iheart.com/artist/6head_slug-518954/
SAVED https://www.iheart.com/artist/airged-lamh-520612/
SAVED https://www.iheart.com/artist/gianfranco-salis-520832/
SAVED https://www.iheart.com/artist/wilskinit-520835/
SAVED https://www.iheart.com/artist/sunne-buebe-520845/
SAVED https://www.iheart.com/artist/nachtalarm-521089/
SAVED https://www.iheart.com/artist/spit-521313/
SAVED https://www.iheart.com/artist/pathfinders-522190/
SAVED https://www.iheart.com/artist/andrea-mnt-lux-star-522368/
SAVED https://www.iheart.com/artist/dj-seb-l-522398/
SAVED https://www.iheart.com/artist/osf-523441/
SAVED https://www.iheart.com/artist/horse-opera-523480/
SAVED https://www.iheart.com/artist/wenge-musica-aile-paris-523496/
SAVED https://www.iheart.com/artist/maccussion-525277/
SAVED https://www.iheart.com/artist/deep-tree-mantra-525570/
SAVED https://www.iheart.com/artist/westcoast-anthem-525640/
SAVED https://www.iheart.com/artist/the-dead-last-525831/
SAVED https://www.iheart.com/artist/aura-surey-525916/
SAVED https://www.iheart.com/artist/grupo-x-tigma-526799/
SAVED https://www.iheart.com/artist/petros-bereketis-527883/
SAVED https://www.iheart.com/artist/le-stelle-di-mario-schifano-528102/
SAVED https://www.iheart.com/artist/6fo-529353/
SAVED https://www.iheart.com/artist/hip-hop-beats-for-iphone-529716/
SAVED https://www.iheart.com/artist/afternaut-529887/
SAVED https://www.iheart.com/artist/inner-quest-531176/
SAVED https://www.iheart.com/artist/ander-plau-531391/
SAVED https://www.iheart.com/artist/the-voices-factory-532135/
SAVED https://www.iheart.com/artist/cherry-pimps-533002/
SAVED https://www.iheart.com/artist/tunisiano-aketo-sniper-533201/
SAVED https://www.iheart.com/artist/rituali-533462/
SAVED https://www.iheart.com/artist/shift-lock-533542/
SAVED https://www.iheart.com/artist/gavin-hume-533655/
SAVED https://www.iheart.com/artist/achtung-baby-534567/
SAVED https://www.iheart.com/artist/brighton-534631/
SAVED https://www.iheart.com/artist/nicole-yung-534802/
SAVED https://www.iheart.com/artist/julia-morgan-534878/
SAVED https://www.iheart.com/artist/nicolas-sasson-535471/
SAVED https://www.iheart.com/artist/tafuro-535586/
ERR https://www.iheart.com/artist/theo-adam-rudolf-dunckel-537354/ :: 404 Client Error: Not Found for url: https://www.iheart.com/artist/theo-adam-rudolf-dunckel-537354/
SAVED https://www.iheart.com/artist/esham-aka-homey-538078/
SAVED https://www.iheart.com/artist/re-dupre-rod-b-538420/
SAVED https://www.iheart.com/artist/mb-538708/
SAVED https://www.iheart.com/artist/stella-by-starlight-539206/
SAVED https://www.iheart.com/artist/rset-539516/
SAVED https://www.iheart.com/artist/mdcl-presents-539604/
SAVED https://www.iheart.com/artist/crystal-ginger-540068/
