SAVED https://www.finra.org/rules-guidance/key-topics/gifts-gratuities-and-non-cash-compensation/faqs
SAVED https://www.finra.org/filing-reporting/regulatory-filing-systems/supplemental-statement-income-ssoi/faq
SAVED https://www.finra.org/rules-guidance/key-topics/suitability/faq
SAVED https://www.finra.org/rules-guidance/key-topics/aml/faq
SAVED https://www.finra.org/rules-guidance/guidance/interpretations-financial-operational-rules
SAVED https://www.finra.org/node/372731
SAVED https://www.finra.org/node/372726
SAVED https://www.finra.org/node/372721
SAVED https://www.finra.org/rules-guidance/rule-filings/sr-finra-2025-013
SAVED https://www.finra.org/rules-guidance/notices/comment/christopher-mcdaniel-comment-regulatory-notice-24-13
SAVED https://www.finra.org/careers
SAVED https://www.finra.org/finra-data
SAVED https://www.finra.org/media-center
SAVED https://www.finra.org/member-firm-hub
SAVED https://www.finra.org/filing-reporting/systems-status
SAVED https://www.finra.org/filing-reporting/entitlement/systems
SAVED https://www.finra.org/
SAVED https://www.finra.org/rules-guidance
SAVED https://www.finra.org/rules-guidance/finra-manual
SAVED https://www.finra.org/rules-guidance/rulebooks/updates
SAVED https://www.finra.org/rules-guidance/interpreting-rules
SAVED https://www.finra.org/rules-guidance/notices
SAVED https://www.finra.org/rules-guidance/guidance
SAVED https://www.finra.org/rules-guidance/guidance/faqs
SAVED https://www.finra.org/rules-guidance/key-topics
SAVED https://www.finra.org/rules-guidance/interpretive-questions
SAVED https://www.finra.org/rules-guidance/rulemaking-process
SAVED https://www.finra.org/rules-guidance/rule-filings
SAVED https://www.finra.org/rules-guidance/requests-for-comments
SAVED https://www.finra.org/rules-guidance/rulebook-consolidation
SAVED https://www.finra.org/rules-guidance/adjudication-decisions
SAVED https://www.finra.org/rules-guidance/adjudication-decisions/national-adjudicatory-council-nac
SAVED https://www.finra.org/rules-guidance/enforcement
SAVED https://www.finra.org/rules-guidance/oversight-enforcement/disciplinary-actions-online
SAVED https://www.finra.org/rules-guidance/oversight-enforcement/disciplinary-actions
SAVED https://www.finra.org/rules-guidance/oversight-enforcement/sanction-guidelines
SAVED https://www.finra.org/rules-guidance/oversight-Oversight%20%26%20Enforcement/individuals-barred-finra
SAVED https://www.finra.org/registration-exams-ce
SAVED https://www.finra.org/registration-exams-ce/registration
SAVED https://www.finra.org/registration-exams-ce/broker-dealers
SAVED https://www.finra.org/registration-exams-ce/capital-acquisition-brokers
SAVED https://www.finra.org/registration-exams-ce/funding-portals
SAVED https://www.finra.org/registration-exams-ce/individuals
SAVED https://www.finra.org/registration-exams-ce/qualification-exams
SAVED https://www.finra.org/registration-exams-ce/qualification-exams/securities-industry-essentials-exam-sie
SAVED https://www.finra.org/registration-exams-ce/qualification-exams/series7
SAVED https://www.finra.org/registration-exams-ce/continuing-education
SAVED https://www.finra.org/registration-exams-ce/continuing-education/regulatory-element-topics
SAVED https://www.finra.org/registration-exams-ce/classic-crd
SAVED https://www.finra.org/registration-exams-ce/finpro
SAVED https://www.finra.org/registration-exams-ce/financial-industry-networking-directory
SAVED https://www.finra.org/events-training
SAVED https://www.finra.org/events-training/conferences-events
SAVED https://www.finra.org/events-training/finra-georgetown
SAVED https://www.finra.org/events-training/flex
SAVED https://www.finra.org/events-training/small-firm-briefing
SAVED https://www.finra.org/events-training/webinars
SAVED https://www.finra.org/filing-reporting
SAVED https://www.finra.org/filing-reporting/finra-gateway
SAVED https://www.finra.org/filing-reporting/entitlement
SAVED https://www.finra.org/filing-reporting/market-transparency-reporting
SAVED https://www.finra.org/filing-reporting/regulatory-filing-systems
SAVED https://www.finra.org/filing-reporting/data-transfer-tools
SAVED https://www.finra.org/filing-reporting/e-bill
SAVED https://www.finra.org/compliance-tools
SAVED https://www.finra.org/compliance-tools/anti-money-laundering-template-small-firms
SAVED https://www.finra.org/compliance-tools/cybersecurity-checklist
SAVED https://www.finra.org/compliance-tools/compliance-calendar
SAVED https://www.finra.org/compliance-tools/weekly-archive
SAVED https://www.finra.org/compliance-tools/peer-2-peer-compliance-library
SAVED https://www.finra.org/investors
SAVED https://www.finra.org/investors/insights
SAVED https://www.finra.org/investors/tools-and-calculators
SAVED https://www.finra.org/investors/personal-finance
ERR https://www.finra.org/investors/insights/set-time-frame-your-financial-goals-rot :: 404 Client Error: Not Found for url: https://www.finra.org/investors/insights/set-time-frame-your-financial-goals-rot
SAVED https://www.finra.org/investors/personal-finance/know-your-net-worth
SAVED https://www.finra.org/investors/personal-finance/control-spending-calculate-cash-flow
SAVED https://www.finra.org/investors/personal-finance/manage-your-debt
SAVED https://www.finra.org/investors/personal-finance/how-your-credit-score-impacts-your-financial-future
SAVED https://www.finra.org/investors/personal-finance/start-emergency-fund
SAVED https://www.finra.org/investors/investing
SAVED https://www.finra.org/investors/investing/investing-basics
SAVED https://www.finra.org/investors/investing/investment-products
SAVED https://www.finra.org/investors/investing/investment-accounts
SAVED https://www.finra.org/investors/investing/working-with-investment-professional
SAVED https://www.finra.org/investors/protect-your-money
SAVED https://www.finra.org/investors/protect-your-money/check-registration
SAVED https://www.finra.org/investors/protect-your-money/avoid-fraud
SAVED https://www.finra.org/investors/protect-your-money/watch-red-flags
SAVED https://www.finra.org/investors/protect-your-money/safeguard-your-identity
SAVED https://www.finra.org/investors/military
SAVED https://www.finra.org/investors/need-help
SAVED https://www.finra.org/investors/need-help/file-a-complaint
SAVED https://www.finra.org/investors/need-help/helpline-seniors
SAVED https://www.finra.org/arbitration-mediation
ERR https://www.finra.org/investors/need-help/your-rights-under-sipc-protection-rot :: 404 Client Error: Not Found for url: https://www.finra.org/investors/need-help/your-rights-under-sipc-protection-rot
SAVED https://www.finra.org/investors/need-help/legitimate-avenues-recovery-investment-losses
SAVED https://www.finra.org/registration-exams-ce/qualification-exams/securities-industry-essentials-exam
SKIP robots https://www.finra.org/rules-guidance/oversight-enforcement/finra-disciplinary-actions-online
SAVED https://www.finra.org/media-center/reports-studies/2025-industry-snapshot
SAVED https://www.finra.org/media-center/blog/new-finra-initiatives-support-members-markets-and-investors-they-serve
SAVED https://www.finra.org/events-training/conferences-events/2025-small-firm-conference
SAVED https://www.finra.org/whats-new
SAVED https://www.finra.org/media-center/blog/finra-plays-vital-role-exposing-insider-trading
SAVED https://www.finra.org/rules-guidance/key-topics/crypto-assets
SAVED https://www.finra.org/follow-finra-on-instagram-redirect
SAVED https://www.finra.org/investors/insights/auto-trading-unregistered-entities
SAVED https://www.finra.org/investors/insights/finra-foundation-national-financial-capability-study
SAVED https://www.finra.org/rules-guidance/notices/25-08
SAVED https://www.finra.org/investors/have-a-problem/helpline-seniors
SAVED https://www.finra.org/compliance-tools/finra-small-firm-helpline
SAVED https://www.finra.org/site-map
SAVED https://www.finra.org/translate
