SAVED https://www.law.cornell.edu/
SAVED https://www.law.cornell.edu/donate
SAVED https://www.law.cornell.edu/lii/get_the_law
SAVED https://www.law.cornell.edu/constitution
SAVED https://www.law.cornell.edu/supremecourt/text/home
SAVED https://www.law.cornell.edu/uscode/text
SAVED https://www.law.cornell.edu/cfr/text
SAVED https://www.law.cornell.edu/rules
SAVED https://www.law.cornell.edu/rules/frap
SAVED https://www.law.cornell.edu/rules/frcp
SAVED https://www.law.cornell.edu/rules/frcrmp
SAVED https://www.law.cornell.edu/rules/fre
SAVED https://www.law.cornell.edu/rules/frbp
SAVED https://www.law.cornell.edu/ucc
SAVED https://www.law.cornell.edu/states
SAVED https://www.law.cornell.edu/uniform
SAVED https://www.law.cornell.edu/federal
SAVED https://www.law.cornell.edu/world
SAVED https://www.law.cornell.edu/wex
SAVED https://www.law.cornell.edu/wex/wex_articles
SAVED https://www.law.cornell.edu/lii/help_out
SAVED https://www.law.cornell.edu/lii/help_out/sponsor
SAVED https://www.law.cornell.edu/lii/help_out/advertise
SAVED https://www.law.cornell.edu/lii/help_out/create
SAVED https://www.law.cornell.edu/lii/help_out/promote
SAVED https://www.law.cornell.edu/lii/help_out/join_directory
SAVED https://www.law.cornell.edu/regulations
SAVED https://www.law.cornell.edu/wex/statutory_interpretation
SAVED https://www.law.cornell.edu/wex/corruption
SAVED https://www.law.cornell.edu/supct/cert
SAVED https://www.law.cornell.edu/supct/oral_arg_previews.php?when=thisterm
SAVED https://www.law.cornell.edu/supct/cert/23-719
SAVED https://www.law.cornell.edu/women-and-justice
SAVED https://www.law.cornell.edu/women-and-justice/location/ukraine
SAVED https://www.law.cornell.edu/constitution-conan
SAVED https://www.law.cornell.edu/constitution-conan/amendment-14/modern-doctrine-on-appropriate-scrutiny
SAVED https://www.law.cornell.edu/constitution-conan/article-1/section-4/clause-1/states-and-elections-clause
SAVED https://www.law.cornell.edu/constitution-conan/amendment-1/true-threats
SAVED https://www.law.cornell.edu/supremecourt/text
SAVED https://www.law.cornell.edu/rules/us-supreme-court-code-of-conduct-for-justices
SAVED https://www.law.cornell.edu/uscode
SAVED https://www.law.cornell.edu/cfr
SAVED https://www.law.cornell.edu/supct
SAVED https://www.law.cornell.edu/executive-orders
SAVED https://www.law.cornell.edu/states/
SAVED https://www.law.cornell.edu/uniform/
SAVED https://www.law.cornell.edu/wex/state_statutes
SAVED https://www.law.cornell.edu/world/
SAVED https://www.law.cornell.edu/constitution-conan/
SAVED https://www.law.cornell.edu/supct/cert/
SAVED https://www.law.cornell.edu/citation/
SAVED https://www.law.cornell.edu/ptoa
SAVED https://www.law.cornell.edu/rio
SAVED https://www.law.cornell.edu/topn
SAVED https://www.law.cornell.edu/wex/administrative_law
SAVED https://www.law.cornell.edu/wex/constitutional_law
SAVED https://www.law.cornell.edu/wex/consumer_protection_laws
SAVED https://www.law.cornell.edu/wex/corporations
SAVED https://www.law.cornell.edu/wex/intellectual_property
SAVED https://www.law.cornell.edu/wex/legislation
SAVED https://www.law.cornell.edu/wex/real_estate
SAVED https://www.law.cornell.edu/wex/estate_planning
SAVED https://www.law.cornell.edu/wex/immigration
SAVED https://www.law.cornell.edu/wex/landlord-tenant_law
SAVED https://www.law.cornell.edu/wex/personal_injury
SAVED https://www.law.cornell.edu/supct/cert/subscribe
SAVED http://www.law.cornell.edu/donors/
SAVED http://www.law.cornell.edu/wex
SAVED http://www.law.cornell.edu/lii/business_opportunities
SAVED https://www.law.cornell.edu/lii/help
