SAVED https://www.nhs.uk/
SAVED https://www.nhs.uk/conditions/
SAVED https://www.nhs.uk/conditions/acanthosis-nigricans/
SAVED https://www.nhs.uk/conditions/achalasia/
SAVED https://www.nhs.uk/conditions/acid-and-chemical-burns/
SAVED https://www.nhs.uk/conditions/acoustic-neuroma/
SAVED https://www.nhs.uk/conditions/acromegaly/
SAVED https://www.nhs.uk/conditions/acr-test/
SAVED https://www.nhs.uk/conditions/actinic-keratoses/
SAVED https://www.nhs.uk/conditions/acupuncture/
SAVED https://www.nhs.uk/conditions/acute-cholecystitis/
SAVED https://www.nhs.uk/conditions/acute-kidney-injury/
SAVED https://www.nhs.uk/conditions/acute-respiratory-distress-syndrome/
SAVED https://www.nhs.uk/conditions/adenoidectomy/
SAVED https://www.nhs.uk/conditions/alcohol-poisoning/
SAVED https://www.nhs.uk/conditions/alexander-technique/
SAVED https://www.nhs.uk/conditions/alkaptonuria/
SAVED https://www.nhs.uk/conditions/amputation/
SAVED https://www.nhs.uk/conditions/amyloidosis/
SAVED https://www.nhs.uk/conditions/anabolic-steroid-misuse/
SAVED https://www.nhs.uk/conditions/anal-pain/
SAVED https://www.nhs.uk/conditions/angelman-syndrome/
SAVED https://www.nhs.uk/conditions/animal-and-human-bites/
SAVED https://www.nhs.uk/conditions/antacids/
SAVED https://www.nhs.uk/conditions/antihistamines/
SAVED https://www.nhs.uk/conditions/arrhythmia/
SAVED https://www.nhs.uk/conditions/intrauterine-insemination-iui/
SAVED https://www.nhs.uk/conditions/asbestosis/
SAVED https://www.nhs.uk/conditions/atherosclerosis/
SAVED https://www.nhs.uk/conditions/athletes-foot/
SAVED https://www.nhs.uk/conditions/auditory-processing-disorder/
SAVED https://www.nhs.uk/conditions/balanitis/
SAVED https://www.nhs.uk/conditions/barium-enema/
SAVED https://www.nhs.uk/conditions/bedbugs/
SAVED https://www.nhs.uk/conditions/beta-blockers/
SAVED https://www.nhs.uk/conditions/black-eye/
SAVED https://www.nhs.uk/conditions/blood-groups/
SAVED https://www.nhs.uk/conditions/blood-in-semen/
SAVED https://www.nhs.uk/conditions/blood-in-urine/
SAVED https://www.nhs.uk/conditions/blood-pressure-test/
SAVED https://www.nhs.uk/conditions/infected-piercings/
SAVED https://www.nhs.uk/conditions/boils/
SAVED https://www.nhs.uk/conditions/botulism/
SAVED https://www.nhs.uk/conditions/bowel-polyps/
SAVED https://www.nhs.uk/conditions/bowens-disease/
SAVED https://www.nhs.uk/conditions/brain-tumours/
SAVED https://www.nhs.uk/conditions/breast-pain/
ERR https://www.nhs.uk/conditions/breast-reduction-on-the-nhs/ :: 404 Client Error: Not Found for url: https://www.nhs.uk/tests-and-treatments/breast-reduction-on-the-nhs/
SAVED https://www.nhs.uk/conditions/breath-holding-in-babies-and-children/
SAVED https://www.nhs.uk/conditions/broken-ankle/
SAVED https://www.nhs.uk/conditions/broken-arm-or-wrist/
SAVED https://www.nhs.uk/conditions/broken-collarbone/
SAVED https://www.nhs.uk/conditions/broken-finger/
SAVED https://www.nhs.uk/conditions/broken-leg/
SAVED https://www.nhs.uk/conditions/broken-nose/
SAVED https://www.nhs.uk/conditions/broken-or-bruised-ribs/
SAVED https://www.nhs.uk/conditions/broken-toe/
SAVED https://www.nhs.uk/conditions/bronchitis/
SAVED https://www.nhs.uk/conditions/brucellosis/
SAVED https://www.nhs.uk/conditions/brugada-syndrome/
SAVED https://www.nhs.uk/conditions/carbon-monoxide-poisoning/
SAVED https://www.nhs.uk/conditions/cardiomyopathy/
SAVED https://www.nhs.uk/conditions/cardiovascular-disease/
SAVED https://www.nhs.uk/conditions/cataracts/
SAVED https://www.nhs.uk/conditions/catarrh/
SAVED https://www.nhs.uk/conditions/cavernoma/
SAVED https://www.nhs.uk/conditions/c-difficile/
SAVED https://www.nhs.uk/conditions/charles-bonnet-syndrome/
SAVED https://www.nhs.uk/conditions/chest-infection/
SAVED https://www.nhs.uk/conditions/chest-pain/
SAVED https://www.nhs.uk/conditions/chiari-malformation/
SAVED https://www.nhs.uk/conditions/chilblains/
SAVED https://www.nhs.uk/conditions/chiropractic/
SAVED https://www.nhs.uk/conditions/cholesteatoma/
SAVED https://www.nhs.uk/conditions/chronic-traumatic-encephalopathy/
SAVED https://www.nhs.uk/conditions/circumcision-in-boys/
SAVED https://www.nhs.uk/conditions/circumcision-in-men/
SAVED https://www.nhs.uk/conditions/cluster-headaches/
SAVED https://www.nhs.uk/conditions/colour-vision-deficiency/
SAVED https://www.nhs.uk/conditions/compartment-syndrome/
SAVED https://www.nhs.uk/conditions/confusion/
SAVED https://www.nhs.uk/conditions/costochondritis/
SAVED https://www.nhs.uk/conditions/cough/
SAVED https://www.nhs.uk/conditions/coughing-up-blood/
SAVED https://www.nhs.uk/conditions/cradle-cap/
SAVED https://www.nhs.uk/conditions/ct-scan/
SAVED https://www.nhs.uk/conditions/cuts-and-grazes/
SAVED https://www.nhs.uk/conditions/blue-skin-or-lips-cyanosis/
SAVED https://www.nhs.uk/conditions/cyclical-vomiting-syndrome/
SAVED https://www.nhs.uk/conditions/cyclospora/
SAVED https://www.nhs.uk/conditions/dandruff/
SAVED https://www.nhs.uk/conditions/decongestants/
SAVED https://www.nhs.uk/conditions/dental-abscess/
SAVED https://www.nhs.uk/conditions/dentures/
SAVED https://www.nhs.uk/conditions/developmental-coordination-disorder-dyspraxia-in-adults/
SAVED https://www.nhs.uk/conditions/developmental-dysplasia-of-the-hip/
SAVED https://www.nhs.uk/conditions/diabetes/
SAVED https://www.nhs.uk/conditions/diabetic-eye-screening/
SAVED https://www.nhs.uk/conditions/diabetic-ketoacidosis/
SAVED https://www.nhs.uk/conditions/digeorge-syndrome/
SAVED https://www.nhs.uk/conditions/dislocated-kneecap/
SAVED https://www.nhs.uk/conditions/dislocated-shoulder/
SAVED https://www.nhs.uk/conditions/differences-in-sex-development/
SAVED https://www.nhs.uk/conditions/diverticular-disease-and-diverticulitis/
SAVED https://www.nhs.uk/conditions/dizziness/
SAVED https://www.nhs.uk/conditions/dry-mouth/
SAVED https://www.nhs.uk/conditions/dysarthria/
SAVED https://www.nhs.uk/conditions/dysentery/
SAVED https://www.nhs.uk/conditions/earache/
SAVED https://www.nhs.uk/conditions/early-or-delayed-puberty/
SAVED https://www.nhs.uk/conditions/earwax-build-up/
SAVED https://www.nhs.uk/conditions/ebola/
SAVED https://www.nhs.uk/conditions/echocardiogram/
SAVED https://www.nhs.uk/conditions/ectropion/
SAVED https://www.nhs.uk/conditions/edwards-syndrome/
SAVED https://www.nhs.uk/conditions/ehlers-danlos-syndromes/
SAVED https://www.nhs.uk/conditions/ejaculation-problems/
SAVED https://www.nhs.uk/conditions/elbow-and-arm-pain/
SAVED https://www.nhs.uk/conditions/electrocardiogram/
SAVED https://www.nhs.uk/conditions/electroencephalogram/
SAVED https://www.nhs.uk/conditions/electrolyte-test/
SAVED https://www.nhs.uk/conditions/emollients/
SAVED https://www.nhs.uk/conditions/empyema/
SAVED https://www.nhs.uk/conditions/endoscopy/
SAVED https://www.nhs.uk/conditions/enhanced-recovery/
SAVED https://www.nhs.uk/conditions/epididymitis/
SAVED https://www.nhs.uk/conditions/epiglottitis/
SAVED https://www.nhs.uk/conditions/erythema-multiforme/
SAVED https://www.nhs.uk/conditions/erythema-nodosum/
SAVED https://www.nhs.uk/conditions/erythromelalgia/
SAVED https://www.nhs.uk/conditions/euthanasia-and-assisted-suicide/
SAVED https://www.nhs.uk/conditions/excessive-daytime-sleepiness-hypersomnia/
SAVED https://www.nhs.uk/conditions/eye-cancer/
SAVED https://www.nhs.uk/conditions/eye-injuries/
SAVED https://www.nhs.uk/conditions/eyelid-problems/
SAVED https://www.nhs.uk/conditions/eye-tests-in-children/
SAVED https://www.nhs.uk/conditions/face-blindness/
SAVED https://www.nhs.uk/conditions/febrile-seizures/
SAVED https://www.nhs.uk/conditions/female-genital-mutilation-fgm/
SAVED https://www.nhs.uk/conditions/female-genital-mutilation-fgm/national-fgm-support-clinics/
SAVED https://www.nhs.uk/conditions/fever-in-children/
SAVED https://www.nhs.uk/conditions/flat-feet/
SAVED https://www.nhs.uk/conditions/fetal-alcohol-spectrum-disorder/
SAVED https://www.nhs.uk/conditions/food-colours-and-hyperactivity/
SAVED https://www.nhs.uk/conditions/food-intolerance/
SAVED https://www.nhs.uk/conditions/foot-drop/
SAVED https://www.nhs.uk/conditions/ganglion/
SAVED https://www.nhs.uk/conditions/gastritis/
SAVED https://www.nhs.uk/conditions/gastroparesis/
SAVED https://www.nhs.uk/conditions/general-anaesthesia/
SAVED https://www.nhs.uk/conditions/gilberts-syndrome/
SAVED https://www.nhs.uk/conditions/glutaric-aciduria/
SAVED https://www.nhs.uk/conditions/granuloma-annulare/
SAVED https://www.nhs.uk/conditions/granulomatosis-with-polyangiitis/
SAVED https://www.nhs.uk/conditions/growing-pains/
SAVED https://www.nhs.uk/conditions/hair-dye-reactions/
SAVED https://www.nhs.uk/conditions/hamstring-injury/
SAVED https://www.nhs.uk/conditions/hand-foot-mouth-disease/
SAVED https://www.nhs.uk/conditions/heart-palpitations/
SAVED https://www.nhs.uk/conditions/heat-exhaustion-heatstroke/
SAVED https://www.nhs.uk/conditions/heat-rash-prickly-heat/
SAVED https://www.nhs.uk/conditions/henoch-schonlein-purpura-hsp/
SAVED https://www.nhs.uk/conditions/hepatitis/
SAVED https://www.nhs.uk/conditions/herbal-medicines/
SAVED https://www.nhs.uk/conditions/hereditary-haemorrahagic-telangiectasia/
SAVED https://www.nhs.uk/conditions/hereditary-spastic-paraplegia/
SAVED https://www.nhs.uk/conditions/hernia/
SAVED https://www.nhs.uk/conditions/herpes-simplex-eye-infections/
SAVED https://www.nhs.uk/conditions/herpetic-whitlow/
SAVED https://www.nhs.uk/conditions/hib/
SAVED https://www.nhs.uk/conditions/hidradenitis-suppurativa/
SAVED https://www.nhs.uk/conditions/high-blood-sugar-hyperglycaemia/
SAVED https://www.nhs.uk/conditions/hip-pain/
SAVED https://www.nhs.uk/conditions/hirschsprungs-disease/
SAVED https://www.nhs.uk/conditions/homeopathy/
SAVED https://www.nhs.uk/conditions/home-oxygen-treatment/
SAVED https://www.nhs.uk/conditions/homocystinuria/
SAVED https://www.nhs.uk/conditions/hyperacusis/
SAVED https://www.nhs.uk/conditions/hypnotherapy/
SAVED https://www.nhs.uk/conditions/hypothermia/
SAVED https://www.nhs.uk/conditions/ichthyosis/
SAVED https://www.nhs.uk/conditions/indigestion/
SAVED https://www.nhs.uk/conditions/inflammatory-bowel-disease/
SAVED https://www.nhs.uk/conditions/ingrown-hairs/
SAVED https://www.nhs.uk/conditions/ingrown-toenail/
SAVED https://www.nhs.uk/conditions/intensive-care/
SAVED https://www.nhs.uk/conditions/interstitial-cystitis/
SAVED https://www.nhs.uk/conditions/intracranial-hypertension/
SAVED https://www.nhs.uk/conditions/hip-pain-children-irritable-hip/
SAVED https://www.nhs.uk/conditions/isovaleric-acidaemia/
SAVED https://www.nhs.uk/conditions/joint-pain/
SAVED https://www.nhs.uk/conditions/keratosis-pilaris/
SAVED https://www.nhs.uk/conditions/klinefelters-syndrome/
SAVED https://www.nhs.uk/conditions/knee-pain/
SAVED https://www.nhs.uk/conditions/knock-knees/
SAVED https://www.nhs.uk/conditions/labial-fusion/
SAVED https://www.nhs.uk/conditions/lambert-eaton-myasthenic-syndrome/
SAVED https://www.nhs.uk/conditions/ldh-test/
SAVED https://www.nhs.uk/conditions/legionnaires-disease/
SAVED https://www.nhs.uk/conditions/lichen-sclerosus/
SAVED https://www.nhs.uk/conditions/limp-in-children/
SAVED https://www.nhs.uk/conditions/lipoedema/
SAVED https://www.nhs.uk/conditions/lipoma/
SAVED https://www.nhs.uk/conditions/liver-disease/
SAVED https://www.nhs.uk/conditions/local-anaesthesia/
SAVED https://www.nhs.uk/conditions/long-qt-syndrome/
SAVED https://www.nhs.uk/conditions/loss-of-libido/
SAVED https://www.nhs.uk/conditions/low-blood-sugar-hypoglycaemia/
SAVED https://www.nhs.uk/conditions/low-sperm-count/
SAVED https://www.nhs.uk/conditions/lumps/
SAVED https://www.nhs.uk/conditions/lyme-disease/
SAVED https://www.nhs.uk/conditions/macular-hole/
SAVED https://www.nhs.uk/conditions/magnesium-test/
SAVED https://www.nhs.uk/conditions/male-menopause/
SAVED https://www.nhs.uk/conditions/mallet-finger/
SAVED https://www.nhs.uk/conditions/maple-syrup-urine-disease/
SAVED https://www.nhs.uk/conditions/mastoiditis/
SAVED https://www.nhs.uk/conditions/mcadd/
SAVED https://www.nhs.uk/conditions/medically-unexplained-symptoms/
SAVED https://www.nhs.uk/conditions/menieres-disease/
SAVED https://www.nhs.uk/conditions/mesothelioma/
SAVED https://www.nhs.uk/conditions/metabolic-syndrome/
SAVED https://www.nhs.uk/conditions/metallic-taste/
SAVED https://www.nhs.uk/conditions/heart-valve-disease/
SAVED https://www.nhs.uk/conditions/molar-pregnancy/
SAVED https://www.nhs.uk/conditions/mortons-neuroma/
SAVED https://www.nhs.uk/conditions/motion-sickness/
SAVED https://www.nhs.uk/conditions/mouth-ulcers/
SAVED https://www.nhs.uk/conditions/mrsa/
SAVED https://www.nhs.uk/conditions/multiple-system-atrophy/
SAVED https://www.nhs.uk/conditions/myositis/
SAVED https://www.nhs.uk/conditions/nail-patella-syndrome/
SAVED https://www.nhs.uk/conditions/nail-problems/
SAVED https://www.nhs.uk/conditions/nasal-and-sinus-cancer/
SAVED https://www.nhs.uk/conditions/nasopharyngeal-cancer/
SAVED https://www.nhs.uk/conditions/neck-pain-and-stiff-neck/
SAVED https://www.nhs.uk/conditions/necrotising-fasciitis/
SAVED https://www.nhs.uk/conditions/neonatal-herpes/
SAVED https://www.nhs.uk/conditions/nephrotic-syndrome/
SAVED https://www.nhs.uk/conditions/neuromyelitis-optica/
SAVED https://www.nhs.uk/conditions/night-sweats/
SAVED https://www.nhs.uk/conditions/night-terrors/
SAVED https://www.nhs.uk/conditions/nipple-discharge/
SAVED https://www.nhs.uk/conditions/non-alcoholic-fatty-liver-disease/
SAVED https://www.nhs.uk/conditions/norovirus/
SAVED https://www.nhs.uk/conditions/nsaids/
SAVED https://www.nhs.uk/conditions/oedema/
SAVED https://www.nhs.uk/conditions/oesophageal-atresia/
SAVED https://www.nhs.uk/conditions/orf/
SAVED https://www.nhs.uk/conditions/osteophyte/
SAVED https://www.nhs.uk/conditions/otosclerosis/
SAVED https://www.nhs.uk/conditions/ovulation-pain/
SAVED https://www.nhs.uk/conditions/pataus-syndrome/
SAVED https://www.nhs.uk/conditions/peak-flow-test/
SAVED https://www.nhs.uk/conditions/pelvic-pain/
SAVED https://www.nhs.uk/conditions/period-pain/
SAVED https://www.nhs.uk/conditions/periods/
SAVED https://www.nhs.uk/conditions/periods/starting-periods/
SAVED https://www.nhs.uk/conditions/periods/period-problems/
SAVED https://www.nhs.uk/conditions/periods/fertility-in-the-menstrual-cycle/
SAVED https://www.nhs.uk/conditions/pet-scan/
SAVED https://www.nhs.uk/conditions/phaeochromocytoma/
SAVED https://www.nhs.uk/conditions/phenylketonuria/
SAVED https://www.nhs.uk/conditions/phimosis/
SAVED https://www.nhs.uk/conditions/phlebitis/
SAVED https://www.nhs.uk/conditions/phosphate-test/
SAVED https://www.nhs.uk/conditions/photodynamic-therapy/
SAVED https://www.nhs.uk/conditions/pins-and-needles/
SAVED https://www.nhs.uk/conditions/pip-implants/
SAVED https://www.nhs.uk/conditions/pityriasis-rosea/
SAVED https://www.nhs.uk/conditions/pityriasis-versicolor/
SAVED https://www.nhs.uk/conditions/plagiocephaly-brachycephaly/
SAVED https://www.nhs.uk/conditions/pleurisy/
SAVED https://www.nhs.uk/conditions/polio/
SAVED https://www.nhs.uk/conditions/polyhydramnios/
SAVED https://www.nhs.uk/conditions/polymorphic-light-eruption/
SAVED https://www.nhs.uk/conditions/pompholyx/
SAVED https://www.nhs.uk/conditions/post-menopausal-bleeding/
SAVED https://www.nhs.uk/conditions/post-mortem/
SAVED https://www.nhs.uk/conditions/postural-tachycardia-syndrome/
SAVED https://www.nhs.uk/conditions/potassium-test/
ERR https://www.nhs.uk/conditions/predictive-genetic-tests-cancer/ :: 404 Client Error: Not Found for url: https://www.nhs.uk/tests-and-treatments/predictive-genetic-tests-cancer/
SAVED https://www.nhs.uk/conditions/probiotics/
SAVED https://www.nhs.uk/conditions/problems-swallowing-pills/
SAVED https://www.nhs.uk/conditions/prostatitis/
SAVED https://www.nhs.uk/conditions/psoriatic-arthritis/
SAVED https://www.nhs.uk/conditions/pubic-lice/
SAVED https://www.nhs.uk/conditions/pudendal-neuralgia/
SAVED https://www.nhs.uk/conditions/pyoderma-gangrenosum/
SAVED https://www.nhs.uk/conditions/q-fever/
SAVED https://www.nhs.uk/conditions/rashes-babies-and-children/
SAVED https://www.nhs.uk/conditions/red-blood-count/
SAVED https://www.nhs.uk/conditions/red-eye/
SAVED https://www.nhs.uk/conditions/reflux-in-babies/
SAVED https://www.nhs.uk/conditions/respiratory-tract-infection/
SAVED https://www.nhs.uk/conditions/retinal-migraine/
SAVED https://www.nhs.uk/conditions/rett-syndrome/
SAVED https://www.nhs.uk/conditions/reyes-syndrome/
SAVED https://www.nhs.uk/conditions/roseola/
SAVED https://www.nhs.uk/conditions/salivary-gland-stones/
SAVED https://www.nhs.uk/conditions/sarcoidosis/
SAVED https://www.nhs.uk/conditions/scarlet-fever/
SAVED https://www.nhs.uk/conditions/schistosomiasis/
SAVED https://www.nhs.uk/conditions/scleroderma/
SAVED https://www.nhs.uk/conditions/septic-arthritis/
SAVED https://www.nhs.uk/conditions/sexually-transmitted-infections-stis/
SAVED https://www.nhs.uk/conditions/shin-splints/
SAVED https://www.nhs.uk/conditions/shortness-of-breath/
SAVED https://www.nhs.uk/conditions/shoulder-impingement-syndrome/
SAVED https://www.nhs.uk/conditions/sick-building-syndrome/
SAVED https://www.nhs.uk/conditions/silicosis/
SAVED https://www.nhs.uk/conditions/skin-cyst/
SAVED https://www.nhs.uk/conditions/skin-tags/
SAVED https://www.nhs.uk/conditions/slapped-cheek-syndrome/
SAVED https://www.nhs.uk/conditions/sleepwalking/
SAVED https://www.nhs.uk/conditions/smelly-urine/
SAVED https://www.nhs.uk/conditions/snake-bites/
SAVED https://www.nhs.uk/conditions/sore-or-dry-lips/
SAVED https://www.nhs.uk/conditions/sore-or-white-tongue/
SAVED https://www.nhs.uk/conditions/sore-throat/
SAVED https://www.nhs.uk/conditions/spirometry/
SAVED https://www.nhs.uk/conditions/spleen-problems-and-spleen-removal/
SAVED https://www.nhs.uk/conditions/spondylolisthesis/
SAVED https://www.nhs.uk/conditions/staphylococcal-infections/
SAVED https://www.nhs.uk/conditions/steroid-inhalers/
SAVED https://www.nhs.uk/conditions/steroid-injections/
SAVED https://www.nhs.uk/conditions/steroid-nasal-sprays/
SAVED https://www.nhs.uk/conditions/steroids/
SAVED https://www.nhs.uk/conditions/steroid-tablets/
SAVED https://www.nhs.uk/conditions/stevens-johnson-syndrome/
SAVED https://www.nhs.uk/conditions/stomach-ache/
SAVED https://www.nhs.uk/conditions/missed-or-late-periods/
SAVED https://www.nhs.uk/conditions/stretch-marks/
SAVED https://www.nhs.uk/conditions/stye/
SAVED https://www.nhs.uk/conditions/sudden-infant-death-syndrome-sids/
SAVED https://www.nhs.uk/conditions/sunburn/
SAVED https://www.nhs.uk/conditions/swollen-glands/
SAVED https://www.nhs.uk/conditions/temporomandibular-disorder-tmd/
SAVED https://www.nhs.uk/conditions/tension-headaches/
SAVED https://www.nhs.uk/conditions/tetanus/
SAVED https://www.nhs.uk/conditions/thirst/
SAVED https://www.nhs.uk/conditions/thrombophilia/
SAVED https://www.nhs.uk/conditions/tibc-test/
SAVED https://www.nhs.uk/conditions/tongue-tie/
SAVED https://www.nhs.uk/conditions/toothache/
SAVED https://www.nhs.uk/conditions/tooth-decay/
SAVED https://www.nhs.uk/conditions/topical-steroids/
SAVED https://www.nhs.uk/conditions/total-protein-test/
SAVED https://www.nhs.uk/conditions/toxic-shock-syndrome/
SAVED https://www.nhs.uk/conditions/transcutaneous-electrical-nerve-stimulation-tens/
SAVED https://www.nhs.uk/conditions/typhus/
SAVED https://www.nhs.uk/conditions/ultrasound-scan/
SAVED https://www.nhs.uk/conditions/unintentional-weight-loss/
SAVED https://www.nhs.uk/conditions/urinary-tract-infections-utis/
SAVED https://www.nhs.uk/conditions/vaginal-discharge/
SAVED https://www.nhs.uk/conditions/vaginal-dryness/
SAVED https://www.nhs.uk/conditions/vaginitis/
SAVED https://www.nhs.uk/conditions/vasculitis/
SAVED https://www.nhs.uk/conditions/vision-loss/
SAVED https://www.nhs.uk/conditions/vomiting-blood/
SAVED https://www.nhs.uk/conditions/von-willebrand-disease/
SAVED https://www.nhs.uk/conditions/vulvodynia/
SAVED https://www.nhs.uk/conditions/warts-and-verrucas/
SAVED https://www.nhs.uk/conditions/whooping-cough/
SAVED https://www.nhs.uk/conditions/wolff-parkinson-white-syndrome/
SAVED https://www.nhs.uk/conditions/x-ray/
SAVED https://www.nhs.uk/conditions/zika/
SAVED https://www.nhs.uk/conditions/abdominal-aortic-aneurysm/
SAVED https://www.nhs.uk/conditions/abdominal-aortic-aneurysm-screening/
SAVED https://www.nhs.uk/conditions/skin-abscess/
SAVED https://www.nhs.uk/conditions/acne/
SAVED https://www.nhs.uk/conditions/acne/causes/
SAVED https://www.nhs.uk/conditions/acne/diagnosis/
SAVED https://www.nhs.uk/conditions/acne/treatment/
SAVED https://www.nhs.uk/conditions/acne/complications/
SAVED https://www.nhs.uk/conditions/actinomycosis/
SAVED https://www.nhs.uk/conditions/acute-myeloid-leukaemia/
SAVED https://www.nhs.uk/conditions/acute-myeloid-leukaemia/symptoms/
SAVED https://www.nhs.uk/conditions/acute-myeloid-leukaemia/causes/
SAVED https://www.nhs.uk/conditions/acute-myeloid-leukaemia/diagnosis/
SAVED https://www.nhs.uk/conditions/acute-myeloid-leukaemia/treatment/
SAVED https://www.nhs.uk/conditions/acute-myeloid-leukaemia/complications/
SAVED https://www.nhs.uk/conditions/acute-pancreatitis/
SAVED https://www.nhs.uk/conditions/acute-pancreatitis/symptoms/
SAVED https://www.nhs.uk/conditions/acute-pancreatitis/causes/
SAVED https://www.nhs.uk/conditions/acute-pancreatitis/diagnosis/
SAVED https://www.nhs.uk/conditions/acute-pancreatitis/treatment/
SAVED https://www.nhs.uk/conditions/acute-pancreatitis/complications/
SAVED https://www.nhs.uk/conditions/acute-pancreatitis/prevention/
SAVED https://www.nhs.uk/conditions/addisons-disease/
SAVED https://www.nhs.uk/conditions/addisons-disease/symptoms/
SAVED https://www.nhs.uk/conditions/addisons-disease/causes/
SAVED https://www.nhs.uk/conditions/addisons-disease/diagnosis/
SAVED https://www.nhs.uk/conditions/addisons-disease/treatment/
SAVED https://www.nhs.uk/conditions/albinism/
SAVED https://www.nhs.uk/conditions/alcohol-misuse/
SAVED https://www.nhs.uk/conditions/alcohol-misuse/risks/
SAVED https://www.nhs.uk/conditions/alcohol-misuse/treatment/
SAVED https://www.nhs.uk/conditions/alcohol-related-liver-disease-arld/
SAVED https://www.nhs.uk/conditions/alcohol-related-liver-disease-arld/symptoms/
SAVED https://www.nhs.uk/conditions/alcohol-related-liver-disease-arld/causes/
SAVED https://www.nhs.uk/conditions/alcohol-related-liver-disease-arld/diagnosis/
SAVED https://www.nhs.uk/conditions/alcohol-related-liver-disease-arld/treatment/
SAVED https://www.nhs.uk/conditions/alcohol-related-liver-disease-arld/complications/
SAVED https://www.nhs.uk/conditions/allergic-rhinitis/
SAVED https://www.nhs.uk/conditions/allergies/
SAVED https://www.nhs.uk/conditions/altitude-sickness/
SAVED https://www.nhs.uk/conditions/alzheimers-disease/
SAVED https://www.nhs.uk/conditions/alzheimers-disease/symptoms/
SAVED https://www.nhs.uk/conditions/alzheimers-disease/causes/
SAVED https://www.nhs.uk/conditions/alzheimers-disease/diagnosis/
SAVED https://www.nhs.uk/conditions/alzheimers-disease/treatment/
SAVED https://www.nhs.uk/conditions/alzheimers-disease/prevention/
SAVED https://www.nhs.uk/conditions/amniocentesis/
SAVED https://www.nhs.uk/conditions/amniocentesis/why-its-done/
SAVED https://www.nhs.uk/conditions/amniocentesis/what-happens/
SAVED https://www.nhs.uk/conditions/amniocentesis/results/
SAVED https://www.nhs.uk/conditions/amniocentesis/risks/
SAVED https://www.nhs.uk/conditions/anal-fissure/
SAVED https://www.nhs.uk/conditions/anal-fissure/treatment/
SAVED https://www.nhs.uk/conditions/anal-fistula/
SAVED https://www.nhs.uk/conditions/anal-fistula/treatment/
SAVED https://www.nhs.uk/conditions/anaphylaxis/
SAVED https://www.nhs.uk/conditions/androgen-insensitivity-syndrome/
SAVED https://www.nhs.uk/conditions/androgen-insensitivity-syndrome/symptoms/
SAVED https://www.nhs.uk/conditions/androgen-insensitivity-syndrome/causes/
SAVED https://www.nhs.uk/conditions/androgen-insensitivity-syndrome/diagnosis/
SAVED https://www.nhs.uk/conditions/androgen-insensitivity-syndrome/treatment/
SAVED https://www.nhs.uk/conditions/angina/
SAVED https://www.nhs.uk/conditions/angioedema/
SAVED https://www.nhs.uk/conditions/angiography/
SAVED https://www.nhs.uk/conditions/angiography/what-happens/
SAVED https://www.nhs.uk/conditions/angiography/risks/
SAVED https://www.nhs.uk/conditions/ankylosing-spondylitis/
SAVED https://www.nhs.uk/conditions/ankylosing-spondylitis/symptoms/
SAVED https://www.nhs.uk/conditions/ankylosing-spondylitis/causes/
SAVED https://www.nhs.uk/conditions/ankylosing-spondylitis/diagnosis/
SAVED https://www.nhs.uk/conditions/ankylosing-spondylitis/treatment/
SAVED https://www.nhs.uk/conditions/ankylosing-spondylitis/complications/
SAVED https://www.nhs.uk/conditions/antibiotics/
SAVED https://www.nhs.uk/conditions/antibiotics/uses/
SAVED https://www.nhs.uk/conditions/antibiotics/side-effects/
SAVED https://www.nhs.uk/conditions/antibiotics/interactions/
SAVED https://www.nhs.uk/conditions/antibiotics/antibiotic-antimicrobial-resistance/
SAVED https://www.nhs.uk/conditions/anticoagulants/
SAVED https://www.nhs.uk/conditions/anticoagulants/uses/
SAVED https://www.nhs.uk/conditions/anticoagulants/dosage/
SAVED https://www.nhs.uk/conditions/anticoagulants/considerations/
SAVED https://www.nhs.uk/conditions/anticoagulants/side-effects/
SAVED https://www.nhs.uk/conditions/antiphospholipid-syndrome/
SAVED https://www.nhs.uk/conditions/antiphospholipid-syndrome/symptoms/
SAVED https://www.nhs.uk/conditions/antiphospholipid-syndrome/causes/
SAVED https://www.nhs.uk/conditions/antiphospholipid-syndrome/diagnosis/
SAVED https://www.nhs.uk/conditions/antiphospholipid-syndrome/treatment/
SAVED https://www.nhs.uk/conditions/antiphospholipid-syndrome/complications/
SAVED https://www.nhs.uk/conditions/aortic-valve-replacement/
SAVED https://www.nhs.uk/conditions/aortic-valve-replacement/whyitsdone/
SAVED https://www.nhs.uk/conditions/aortic-valve-replacement/what-happens/
SAVED https://www.nhs.uk/conditions/aortic-valve-replacement/recovery/
SAVED https://www.nhs.uk/conditions/aortic-valve-replacement/risks/
SAVED https://www.nhs.uk/conditions/aortic-valve-replacement/alternatives/
SAVED https://www.nhs.uk/conditions/aphasia/
SAVED https://www.nhs.uk/conditions/appendicitis/
SAVED https://www.nhs.uk/conditions/arthritis/
SAVED https://www.nhs.uk/conditions/arthritis/living-with/
SAVED https://www.nhs.uk/conditions/arthroscopy/
SAVED https://www.nhs.uk/conditions/arthroscopy/why-its-done/
SAVED https://www.nhs.uk/conditions/arthroscopy/getting-ready/
SAVED https://www.nhs.uk/conditions/arthroscopy/what-happens-on-the-day/
SAVED https://www.nhs.uk/conditions/arthroscopy/recovery/
SAVED https://www.nhs.uk/conditions/aspergillosis/
SAVED https://www.nhs.uk/conditions/asthma/
SAVED https://www.nhs.uk/conditions/astigmatism/
SAVED https://www.nhs.uk/conditions/ataxia/
SAVED https://www.nhs.uk/conditions/ataxia/symptoms/
SAVED https://www.nhs.uk/conditions/ataxia/causes/
SAVED https://www.nhs.uk/conditions/ataxia/diagnosis/
SAVED https://www.nhs.uk/conditions/ataxia/treatment/
SAVED https://www.nhs.uk/conditions/atrial-fibrillation/
SAVED https://www.nhs.uk/conditions/autosomal-dominant-polycystic-kidney-disease-adpkd/
SAVED https://www.nhs.uk/conditions/autosomal-dominant-polycystic-kidney-disease-adpkd/symptoms/
SAVED https://www.nhs.uk/conditions/autosomal-dominant-polycystic-kidney-disease-adpkd/diagnosis/
SAVED https://www.nhs.uk/conditions/autosomal-dominant-polycystic-kidney-disease-adpkd/treatment/
SAVED https://www.nhs.uk/conditions/autosomal-dominant-polycystic-kidney-disease-adpkd/complications/
SAVED https://www.nhs.uk/conditions/autosomal-recessive-polycystic-kidney-disease-arpkd/
SAVED https://www.nhs.uk/conditions/autosomal-recessive-polycystic-kidney-disease-arpkd/symptoms/
SAVED https://www.nhs.uk/conditions/autosomal-recessive-polycystic-kidney-disease-arpkd/complications/
SAVED https://www.nhs.uk/conditions/autosomal-recessive-polycystic-kidney-disease-arpkd/diagnosis/
SAVED https://www.nhs.uk/conditions/autosomal-recessive-polycystic-kidney-disease-arpkd/treatment/
SAVED https://www.nhs.uk/conditions/back-pain/
SAVED https://www.nhs.uk/conditions/bacterial-vaginosis/
SAVED https://www.nhs.uk/conditions/bad-breath/
SAVED https://www.nhs.uk/conditions/bakers-cyst/
SAVED https://www.nhs.uk/conditions/bakers-cyst/treatment/
SAVED https://www.nhs.uk/conditions/bartholins-cyst/
SAVED https://www.nhs.uk/conditions/bedwetting/
SAVED https://www.nhs.uk/conditions/behcets-disease/
SAVED https://www.nhs.uk/conditions/behcets-disease/symptoms/
SAVED https://www.nhs.uk/conditions/behcets-disease/treatment/
SAVED https://www.nhs.uk/conditions/bells-palsy/
SAVED https://www.nhs.uk/conditions/biopsy/
ERR https://www.nhs.uk/conditions/biopsy/what-happens/ :: 404 Client Error: Not Found for url: https://www.nhs.uk/tests-and-treatments/biopsy/what-happens/
ERR https://www.nhs.uk/conditions/biopsy/recovery/ :: 404 Client Error: Not Found for url: https://www.nhs.uk/tests-and-treatments/biopsy/recovery/
SAVED https://www.nhs.uk/conditions/birthmarks/
SAVED https://www.nhs.uk/conditions/bladder-stones/
SAVED https://www.nhs.uk/conditions/bladder-stones/causes/
SAVED https://www.nhs.uk/conditions/bladder-stones/treatment/
SAVED https://www.nhs.uk/conditions/bleeding-from-the-bottom-rectal-bleeding/
SAVED https://www.nhs.uk/conditions/blepharitis/
SAVED https://www.nhs.uk/conditions/blisters/
SAVED https://www.nhs.uk/conditions/blood-tests/
SAVED https://www.nhs.uk/conditions/blushing/
SAVED https://www.nhs.uk/conditions/bone-cancer/
SAVED https://www.nhs.uk/conditions/bone-cancer/symptoms/
SAVED https://www.nhs.uk/conditions/bone-cancer/causes/
SAVED https://www.nhs.uk/conditions/bone-cancer/diagnosis/
SAVED https://www.nhs.uk/conditions/bone-cancer/treatment/
SAVED https://www.nhs.uk/conditions/bone-cyst/
SAVED https://www.nhs.uk/conditions/bowel-cancer-screening/
SAVED https://www.nhs.uk/conditions/bowel-incontinence/
SAVED https://www.nhs.uk/conditions/brain-abscess/
SAVED https://www.nhs.uk/conditions/brain-abscess/causes/
SAVED https://www.nhs.uk/conditions/brain-abscess/treatment/
SAVED https://www.nhs.uk/conditions/brain-aneurysm/
SAVED https://www.nhs.uk/conditions/brain-aneurysm/symptoms/
SAVED https://www.nhs.uk/conditions/brain-aneurysm/causes/
SAVED https://www.nhs.uk/conditions/brain-aneurysm/diagnosis/
SAVED https://www.nhs.uk/conditions/brain-aneurysm/treatment/
SAVED https://www.nhs.uk/conditions/brain-aneurysm/prevention/
SAVED https://www.nhs.uk/conditions/brain-death/
SAVED https://www.nhs.uk/conditions/brain-death/diagnosis/
SAVED https://www.nhs.uk/conditions/breast-abscess/
SAVED https://www.nhs.uk/conditions/breast-lump/
SAVED https://www.nhs.uk/conditions/bronchiectasis/
SAVED https://www.nhs.uk/conditions/bronchiectasis/symptoms/
SAVED https://www.nhs.uk/conditions/bronchiectasis/causes/
SAVED https://www.nhs.uk/conditions/bronchiectasis/diagnosis/
SAVED https://www.nhs.uk/conditions/bronchiectasis/treatment/
SAVED https://www.nhs.uk/conditions/bronchiectasis/complications/
SAVED https://www.nhs.uk/conditions/bronchiolitis/
SAVED https://www.nhs.uk/conditions/bronchodilators/
SAVED https://www.nhs.uk/conditions/bronchodilators/side-effects/
SAVED https://www.nhs.uk/conditions/bulging-eyes/
SAVED https://www.nhs.uk/conditions/burns-and-scalds/
SAVED https://www.nhs.uk/conditions/burns-and-scalds/treatment/
SAVED https://www.nhs.uk/conditions/burns-and-scalds/recovery/
SAVED https://www.nhs.uk/conditions/burns-and-scalds/complications/
SAVED https://www.nhs.uk/conditions/burns-and-scalds/prevention/
SAVED https://www.nhs.uk/conditions/bursitis/
SAVED https://www.nhs.uk/conditions/caesarean-section/
SAVED https://www.nhs.uk/conditions/caesarean-section/what-happens/
SAVED https://www.nhs.uk/conditions/caesarean-section/recovery/
SAVED https://www.nhs.uk/conditions/caesarean-section/risks/
SAVED https://www.nhs.uk/conditions/cancer/
SAVED https://www.nhs.uk/conditions/cancer/symptoms/
SAVED https://www.nhs.uk/conditions/carotid-endarterectomy/
SAVED https://www.nhs.uk/conditions/carotid-endarterectomy/why-its-done/
SAVED https://www.nhs.uk/conditions/carotid-endarterectomy/preparation/
SAVED https://www.nhs.uk/conditions/carotid-endarterectomy/what-happens/
SAVED https://www.nhs.uk/conditions/carotid-endarterectomy/recovery/
SAVED https://www.nhs.uk/conditions/carotid-endarterectomy/risks/
SAVED https://www.nhs.uk/conditions/carotid-endarterectomy/alternatives/
SAVED https://www.nhs.uk/conditions/carpal-tunnel-syndrome/
SAVED https://www.nhs.uk/conditions/meniscus-tear/
SAVED https://www.nhs.uk/conditions/cataract-surgery/
SAVED https://www.nhs.uk/conditions/cavernous-sinus-thrombosis/
SAVED https://www.nhs.uk/conditions/cavernous-sinus-thrombosis/symptoms/
SAVED https://www.nhs.uk/conditions/cavernous-sinus-thrombosis/causes/
SAVED https://www.nhs.uk/conditions/cavernous-sinus-thrombosis/complications/
SAVED https://www.nhs.uk/conditions/cellulitis/
SAVED https://www.nhs.uk/conditions/cerebral-palsy/
SAVED https://www.nhs.uk/conditions/cerebral-palsy/symptoms/
SAVED https://www.nhs.uk/conditions/cerebral-palsy/causes/
SAVED https://www.nhs.uk/conditions/cerebral-palsy/diagnosis/
SAVED https://www.nhs.uk/conditions/cerebral-palsy/treatment/
SAVED https://www.nhs.uk/conditions/cervical-spondylosis/
SAVED https://www.nhs.uk/conditions/charcot-marie-tooth-disease/
SAVED https://www.nhs.uk/conditions/charcot-marie-tooth-disease/symptoms/
SAVED https://www.nhs.uk/conditions/charcot-marie-tooth-disease/causes/
SAVED https://www.nhs.uk/conditions/charcot-marie-tooth-disease/diagnosis/
SAVED https://www.nhs.uk/conditions/charcot-marie-tooth-disease/treatment/
SAVED https://www.nhs.uk/conditions/chickenpox/
SAVED https://www.nhs.uk/conditions/childhood-cataracts/
SAVED https://www.nhs.uk/conditions/childhood-cataracts/symptoms/
SAVED https://www.nhs.uk/conditions/childhood-cataracts/causes/
SAVED https://www.nhs.uk/conditions/childhood-cataracts/diagnosis/
SAVED https://www.nhs.uk/conditions/childhood-cataracts/treatment/
SAVED https://www.nhs.uk/conditions/childhood-cataracts/complications/
SAVED https://www.nhs.uk/conditions/chlamydia/
SAVED https://www.nhs.uk/conditions/cholera/
SAVED https://www.nhs.uk/conditions/chorionic-villus-sampling-cvs/
SAVED https://www.nhs.uk/conditions/chorionic-villus-sampling-cvs/why-its-done/
SAVED https://www.nhs.uk/conditions/chorionic-villus-sampling-cvs/what-happens/
SAVED https://www.nhs.uk/conditions/chorionic-villus-sampling-cvs/results/
SAVED https://www.nhs.uk/conditions/chorionic-villus-sampling-cvs/risks/
SAVED https://www.nhs.uk/conditions/chronic-fatigue-syndrome-cfs/
SAVED https://www.nhs.uk/conditions/chronic-fatigue-syndrome-cfs/symptoms/
SAVED https://www.nhs.uk/conditions/chronic-fatigue-syndrome-cfs/diagnosis/
SAVED https://www.nhs.uk/conditions/chronic-fatigue-syndrome-cfs/treatment/
SAVED https://www.nhs.uk/conditions/chronic-lymphocytic-leukaemia/
SAVED https://www.nhs.uk/conditions/chronic-lymphocytic-leukaemia/symptoms/
SAVED https://www.nhs.uk/conditions/chronic-lymphocytic-leukaemia/causes/
SAVED https://www.nhs.uk/conditions/chronic-lymphocytic-leukaemia/tests-and-next-steps/
SAVED https://www.nhs.uk/conditions/chronic-lymphocytic-leukaemia/treatment/
SAVED https://www.nhs.uk/conditions/chronic-lymphocytic-leukaemia/help-and-support/
SAVED https://www.nhs.uk/conditions/chronic-obstructive-pulmonary-disease-copd/
SAVED https://www.nhs.uk/conditions/chronic-obstructive-pulmonary-disease-copd/symptoms/
SAVED https://www.nhs.uk/conditions/chronic-obstructive-pulmonary-disease-copd/causes/
SAVED https://www.nhs.uk/conditions/chronic-obstructive-pulmonary-disease-copd/diagnosis/
SAVED https://www.nhs.uk/conditions/chronic-obstructive-pulmonary-disease-copd/treatment/
SAVED https://www.nhs.uk/conditions/chronic-obstructive-pulmonary-disease-copd/living-with/
SAVED https://www.nhs.uk/conditions/chronic-pancreatitis/
SAVED https://www.nhs.uk/conditions/chronic-pancreatitis/treatment/
SAVED https://www.nhs.uk/conditions/cirrhosis/
SAVED https://www.nhs.uk/conditions/cleft-lip-and-palate/
SAVED https://www.nhs.uk/conditions/cleft-lip-and-palate/treatment/
SAVED https://www.nhs.uk/conditions/clinical-trials/
SAVED https://www.nhs.uk/conditions/club-foot/
SAVED https://www.nhs.uk/conditions/coeliac-disease/
SAVED https://www.nhs.uk/conditions/coeliac-disease/symptoms/
SAVED https://www.nhs.uk/conditions/coeliac-disease/causes/
SAVED https://www.nhs.uk/conditions/coeliac-disease/diagnosis/
SAVED https://www.nhs.uk/conditions/coeliac-disease/treatment/
SAVED https://www.nhs.uk/conditions/coeliac-disease/complications/
SAVED https://www.nhs.uk/conditions/colic/
SAVED https://www.nhs.uk/conditions/colposcopy/
SAVED https://www.nhs.uk/conditions/colposcopy/why-its-done/
SAVED https://www.nhs.uk/conditions/colposcopy/getting-ready/
SAVED https://www.nhs.uk/conditions/colposcopy/what-happens/
SAVED https://www.nhs.uk/conditions/colposcopy/results/
SAVED https://www.nhs.uk/conditions/common-cold/
SAVED https://www.nhs.uk/conditions/complex-regional-pain-syndrome/
SAVED https://www.nhs.uk/conditions/complex-regional-pain-syndrome/symptoms/
SAVED https://www.nhs.uk/conditions/complex-regional-pain-syndrome/causes/
SAVED https://www.nhs.uk/conditions/complex-regional-pain-syndrome/diagnosis/
SAVED https://www.nhs.uk/conditions/complex-regional-pain-syndrome/treatment/
SAVED https://www.nhs.uk/conditions/congenital-heart-disease/
SAVED https://www.nhs.uk/conditions/congenital-heart-disease/types/
SAVED https://www.nhs.uk/conditions/congenital-heart-disease/symptoms/
SAVED https://www.nhs.uk/conditions/congenital-heart-disease/causes/
SAVED https://www.nhs.uk/conditions/congenital-heart-disease/diagnosis/
SAVED https://www.nhs.uk/conditions/congenital-heart-disease/treatment/
SAVED https://www.nhs.uk/conditions/congenital-heart-disease/complications/
SAVED https://www.nhs.uk/conditions/congenital-heart-disease/prevention/
SAVED https://www.nhs.uk/conditions/conjunctivitis/
SAVED https://www.nhs.uk/conditions/consent-to-treatment/
SAVED https://www.nhs.uk/conditions/consent-to-treatment/capacity/
SAVED https://www.nhs.uk/conditions/consent-to-treatment/children/
SAVED https://www.nhs.uk/conditions/constipation/
SAVED https://www.nhs.uk/conditions/cornea-transplant/
SAVED https://www.nhs.uk/conditions/cornea-transplant/why-its-done/
SAVED https://www.nhs.uk/conditions/cornea-transplant/what-happens/
SAVED https://www.nhs.uk/conditions/cornea-transplant/recovery/
SAVED https://www.nhs.uk/conditions/cornea-transplant/risks/
SAVED https://www.nhs.uk/conditions/corns-and-calluses/
SAVED https://www.nhs.uk/conditions/coronary-angiography/
SAVED https://www.nhs.uk/conditions/coronary-angiography/why-its-done/
SAVED https://www.nhs.uk/conditions/coronary-angiography/what-happens/
SAVED https://www.nhs.uk/conditions/coronary-angiography/recovery/
SAVED https://www.nhs.uk/conditions/coronary-angiography/risks/
SAVED https://www.nhs.uk/conditions/coronary-angioplasty/
SAVED https://www.nhs.uk/conditions/coronary-angioplasty/what-happens/
SAVED https://www.nhs.uk/conditions/coronary-angioplasty/recovery/
SAVED https://www.nhs.uk/conditions/coronary-angioplasty/risks/
SAVED https://www.nhs.uk/conditions/coronary-angioplasty/alternatives/
SAVED https://www.nhs.uk/conditions/coronary-artery-bypass-graft-cabg/
SAVED https://www.nhs.uk/conditions/coronary-artery-bypass-graft-cabg/preparation/
SAVED https://www.nhs.uk/conditions/coronary-artery-bypass-graft-cabg/what-happens/
SAVED https://www.nhs.uk/conditions/coronary-artery-bypass-graft-cabg/recovery/
SAVED https://www.nhs.uk/conditions/coronary-artery-bypass-graft-cabg/risks/
SAVED https://www.nhs.uk/conditions/coronary-artery-bypass-graft-cabg/living-with/
SAVED https://www.nhs.uk/conditions/coronary-artery-bypass-graft-cabg/alternatives/
SAVED https://www.nhs.uk/conditions/coronary-heart-disease/
SAVED https://www.nhs.uk/conditions/coronary-heart-disease/symptoms/
SAVED https://www.nhs.uk/conditions/coronary-heart-disease/causes/
SAVED https://www.nhs.uk/conditions/coronary-heart-disease/diagnosis/
SAVED https://www.nhs.uk/conditions/coronary-heart-disease/treatment/
SAVED https://www.nhs.uk/conditions/coronary-heart-disease/recovery/
SAVED https://www.nhs.uk/conditions/coronary-heart-disease/prevention/
SAVED https://www.nhs.uk/conditions/corticobasal-degeneration/
SAVED https://www.nhs.uk/conditions/corticobasal-degeneration/symptoms/
SAVED https://www.nhs.uk/conditions/corticobasal-degeneration/diagnosis/
SAVED https://www.nhs.uk/conditions/corticobasal-degeneration/treatment/
SAVED https://www.nhs.uk/conditions/craniosynostosis/
SAVED https://www.nhs.uk/conditions/creutzfeldt-jakob-disease-cjd/
SAVED https://www.nhs.uk/conditions/creutzfeldt-jakob-disease-cjd/symptoms/
SAVED https://www.nhs.uk/conditions/creutzfeldt-jakob-disease-cjd/causes/
SAVED https://www.nhs.uk/conditions/creutzfeldt-jakob-disease-cjd/diagnosis/
SAVED https://www.nhs.uk/conditions/creutzfeldt-jakob-disease-cjd/treatment/
SAVED https://www.nhs.uk/conditions/creutzfeldt-jakob-disease-cjd/prevention/
SAVED https://www.nhs.uk/conditions/crohns-disease/
SAVED https://www.nhs.uk/conditions/croup/
SAVED https://www.nhs.uk/conditions/cushings-syndrome/
SAVED https://www.nhs.uk/conditions/cystic-fibrosis/
SAVED https://www.nhs.uk/conditions/cystitis/
SAVED https://www.nhs.uk/conditions/cytomegalovirus-cmv/
SAVED https://www.nhs.uk/conditions/deafblindness/
SAVED https://www.nhs.uk/conditions/deafblindness/symptoms/
SAVED https://www.nhs.uk/conditions/deafblindness/causes/
SAVED https://www.nhs.uk/conditions/deafblindness/diagnosis/
SAVED https://www.nhs.uk/conditions/deafblindness/treatment/
SAVED https://www.nhs.uk/conditions/deep-vein-thrombosis-dvt/
SAVED https://www.nhs.uk/conditions/dehydration/
SAVED https://www.nhs.uk/conditions/dementia-with-lewy-bodies/
SAVED https://www.nhs.uk/conditions/dementia-with-lewy-bodies/symptoms/
SAVED https://www.nhs.uk/conditions/dementia-with-lewy-bodies/treatment/
SAVED https://www.nhs.uk/conditions/dengue/
SAVED https://www.nhs.uk/conditions/developmental-coordination-disorder-dyspraxia/
SAVED https://www.nhs.uk/conditions/developmental-coordination-disorder-dyspraxia/symptoms/
SAVED https://www.nhs.uk/conditions/developmental-coordination-disorder-dyspraxia/diagnosis/
SAVED https://www.nhs.uk/conditions/developmental-coordination-disorder-dyspraxia/treatment/
SAVED https://www.nhs.uk/conditions/dexa-scan/
SAVED https://www.nhs.uk/conditions/dexa-scan/why-its-done/
SAVED https://www.nhs.uk/conditions/dexa-scan/what-happens/
SAVED https://www.nhs.uk/conditions/diabetes-insipidus/
SAVED https://www.nhs.uk/conditions/diabetes-insipidus/symptoms/
SAVED https://www.nhs.uk/conditions/diabetes-insipidus/causes/
SAVED https://www.nhs.uk/conditions/diabetes-insipidus/diagnosis/
SAVED https://www.nhs.uk/conditions/diabetes-insipidus/treatment/
SAVED https://www.nhs.uk/conditions/diabetes-insipidus/complications/
SAVED https://www.nhs.uk/conditions/diabetic-retinopathy/
SAVED https://www.nhs.uk/conditions/diabetic-retinopathy/stages/
SAVED https://www.nhs.uk/conditions/diabetic-retinopathy/treatment/
SAVED https://www.nhs.uk/conditions/diabetic-retinopathy/prevention/
SAVED https://www.nhs.uk/conditions/dialysis/
SAVED https://www.nhs.uk/conditions/dialysis/what-happens/
SAVED https://www.nhs.uk/conditions/dialysis/pros-cons/
SAVED https://www.nhs.uk/conditions/dialysis/side-effects/
SAVED https://www.nhs.uk/conditions/diarrhoea/
SAVED https://www.nhs.uk/conditions/diphtheria/
SAVED https://www.nhs.uk/conditions/discoid-eczema/
SAVED https://www.nhs.uk/conditions/discoid-eczema/treatment/
SAVED https://www.nhs.uk/conditions/double-vision/
SAVED https://www.nhs.uk/conditions/downs-syndrome/
SAVED https://www.nhs.uk/conditions/downs-syndrome/advice-for-new-parents/
SAVED https://www.nhs.uk/conditions/downs-syndrome/how-to-help-children-and-young-people/
SAVED https://www.nhs.uk/conditions/downs-syndrome/support-for-adults/
SAVED https://www.nhs.uk/conditions/downs-syndrome/support-for-families-and-carers/
SAVED https://www.nhs.uk/conditions/downs-syndrome/other-health-conditions/
SAVED https://www.nhs.uk/conditions/dry-eyes/
SAVED https://www.nhs.uk/conditions/dupuytrens-contracture/
SAVED https://www.nhs.uk/conditions/dyslexia/
SAVED https://www.nhs.uk/conditions/dyslexia/symptoms/
SAVED https://www.nhs.uk/conditions/dyslexia/diagnosis/
SAVED https://www.nhs.uk/conditions/dyslexia/living-with/
SAVED https://www.nhs.uk/conditions/dystonia/
SAVED https://www.nhs.uk/conditions/ectopic-pregnancy/
SAVED https://www.nhs.uk/conditions/ectopic-pregnancy/symptoms/
SAVED https://www.nhs.uk/conditions/ectopic-pregnancy/diagnosis/
SAVED https://www.nhs.uk/conditions/ectopic-pregnancy/treatment/
SAVED https://www.nhs.uk/conditions/encephalitis/
SAVED https://www.nhs.uk/conditions/encephalitis/symptoms/
SAVED https://www.nhs.uk/conditions/encephalitis/causes/
SAVED https://www.nhs.uk/conditions/encephalitis/diagnosis/
SAVED https://www.nhs.uk/conditions/encephalitis/treatment/
SAVED https://www.nhs.uk/conditions/encephalitis/complications/
SAVED https://www.nhs.uk/conditions/endocarditis/
SAVED https://www.nhs.uk/conditions/endocarditis/symptoms/
SAVED https://www.nhs.uk/conditions/endocarditis/causes/
SAVED https://www.nhs.uk/conditions/endocarditis/diagnosis/
SAVED https://www.nhs.uk/conditions/endocarditis/treatment/
SAVED https://www.nhs.uk/conditions/endocarditis/prevention/
SAVED https://www.nhs.uk/conditions/endometriosis/
SAVED https://www.nhs.uk/conditions/epidermolysis-bullosa/
SAVED https://www.nhs.uk/conditions/epidermolysis-bullosa/symptoms/
SAVED https://www.nhs.uk/conditions/epidermolysis-bullosa/treatment/
SAVED https://www.nhs.uk/conditions/epidural/
SAVED https://www.nhs.uk/conditions/epidural/side-effects/
SAVED https://www.nhs.uk/conditions/epilepsy/
SAVED https://www.nhs.uk/conditions/erection-problems-erectile-dysfunction/
SAVED https://www.nhs.uk/conditions/excessive-sweating-hyperhidrosis/
SAVED https://www.nhs.uk/conditions/fainting/
SAVED https://www.nhs.uk/conditions/falls/
SAVED https://www.nhs.uk/conditions/femoral-hernia-repair/
SAVED https://www.nhs.uk/conditions/femoral-hernia-repair/what-happens/
SAVED https://www.nhs.uk/conditions/femoral-hernia-repair/recovery/
SAVED https://www.nhs.uk/conditions/fibroids/
SAVED https://www.nhs.uk/conditions/fibroids/diagnosis/
SAVED https://www.nhs.uk/conditions/fibroids/treatment/
SAVED https://www.nhs.uk/conditions/fibroids/complications/
SAVED https://www.nhs.uk/conditions/fibromyalgia/
SAVED https://www.nhs.uk/conditions/fibromyalgia/symptoms/
SAVED https://www.nhs.uk/conditions/fibromyalgia/causes/
SAVED https://www.nhs.uk/conditions/fibromyalgia/diagnosis/
SAVED https://www.nhs.uk/conditions/fibromyalgia/treatment/
SAVED https://www.nhs.uk/conditions/fibromyalgia/self-help/
SAVED https://www.nhs.uk/conditions/first-aid/
SAVED https://www.nhs.uk/conditions/first-aid/after-an-accident/
SAVED https://www.nhs.uk/conditions/first-aid/cpr/
SAVED https://www.nhs.uk/conditions/first-aid/recovery-position/
SAVED https://www.nhs.uk/conditions/flatulence/
SAVED https://www.nhs.uk/conditions/flu/
SAVED https://www.nhs.uk/conditions/food-allergy/
SAVED https://www.nhs.uk/conditions/food-poisoning/
SAVED https://www.nhs.uk/conditions/frontotemporal-dementia/
SAVED https://www.nhs.uk/conditions/frontotemporal-dementia/symptoms/
SAVED https://www.nhs.uk/conditions/frontotemporal-dementia/treatment/
SAVED https://www.nhs.uk/conditions/frostbite/
SAVED https://www.nhs.uk/conditions/frostbite/symptoms/
SAVED https://www.nhs.uk/conditions/frostbite/treatment/
SAVED https://www.nhs.uk/conditions/frozen-shoulder/
SAVED https://www.nhs.uk/conditions/fungal-nail-infection/
SAVED https://www.nhs.uk/conditions/gallbladder-removal/
SAVED https://www.nhs.uk/conditions/gallbladder-removal/what-happens/
SAVED https://www.nhs.uk/conditions/gallbladder-removal/recovery/
SAVED https://www.nhs.uk/conditions/gallbladder-removal/risks/
SAVED https://www.nhs.uk/conditions/gallstones/
SAVED https://www.nhs.uk/conditions/gallstones/symptoms/
SAVED https://www.nhs.uk/conditions/gallstones/causes/
SAVED https://www.nhs.uk/conditions/gallstones/diagnosis/
SAVED https://www.nhs.uk/conditions/gallstones/treatment/
SAVED https://www.nhs.uk/conditions/gallstones/complications/
SAVED https://www.nhs.uk/conditions/gallstones/prevention/
SAVED https://www.nhs.uk/conditions/gangrene/
SAVED https://www.nhs.uk/conditions/gangrene/symptoms/
SAVED https://www.nhs.uk/conditions/gangrene/causes/
SAVED https://www.nhs.uk/conditions/gangrene/diagnosis/
SAVED https://www.nhs.uk/conditions/gangrene/treatment/
SAVED https://www.nhs.uk/conditions/gangrene/prevention/
SAVED https://www.nhs.uk/conditions/gastroscopy/
SAVED https://www.nhs.uk/conditions/gastroscopy/why-its-done/
SAVED https://www.nhs.uk/conditions/gastroscopy/getting-ready/
SAVED https://www.nhs.uk/conditions/gastroscopy/what-happens/
SAVED https://www.nhs.uk/conditions/gastroscopy/results/
SAVED https://www.nhs.uk/conditions/gender-dysphoria/
SAVED https://www.nhs.uk/conditions/gender-dysphoria/symptoms/
SAVED https://www.nhs.uk/conditions/gender-dysphoria/how-get-help-and-support/
SAVED https://www.nhs.uk/conditions/gender-dysphoria/treatment/
SAVED https://www.nhs.uk/conditions/genital-herpes/
SAVED https://www.nhs.uk/conditions/genital-warts/
SAVED https://www.nhs.uk/conditions/gestational-diabetes/
SAVED https://www.nhs.uk/conditions/gestational-diabetes/treatment/
SAVED https://www.nhs.uk/conditions/giardiasis/
SAVED https://www.nhs.uk/conditions/glandular-fever/
SAVED https://www.nhs.uk/conditions/glaucoma/
SAVED https://www.nhs.uk/conditions/glaucoma/diagnosis/
SAVED https://www.nhs.uk/conditions/glaucoma/treatments/
SAVED https://www.nhs.uk/conditions/glomerulonephritis/
SAVED https://www.nhs.uk/conditions/glomerulonephritis/treatment/
SAVED https://www.nhs.uk/conditions/glue-ear/
SAVED https://www.nhs.uk/conditions/goitre/
SAVED https://www.nhs.uk/conditions/gonorrhoea/
SAVED https://www.nhs.uk/conditions/gout/
SAVED https://www.nhs.uk/conditions/guillain-barre-syndrome/
SAVED https://www.nhs.uk/conditions/gum-disease/
SAVED https://www.nhs.uk/conditions/haemochromatosis/
SAVED https://www.nhs.uk/conditions/haemochromatosis/symptoms/
SAVED https://www.nhs.uk/conditions/haemochromatosis/causes/
SAVED https://www.nhs.uk/conditions/haemochromatosis/diagnosis/
SAVED https://www.nhs.uk/conditions/haemochromatosis/treatment/
SAVED https://www.nhs.uk/conditions/haemochromatosis/complications/
SAVED https://www.nhs.uk/conditions/haemophilia/
SAVED https://www.nhs.uk/conditions/hair-loss/
SAVED https://www.nhs.uk/conditions/hair-loss/coping-tips-for-women/
SAVED https://www.nhs.uk/conditions/hand-tendon-repair/
SAVED https://www.nhs.uk/conditions/hand-tendon-repair/what-happens/
SAVED https://www.nhs.uk/conditions/hand-tendon-repair/recovery/
SAVED https://www.nhs.uk/conditions/hand-tendon-repair/risks/
SAVED https://www.nhs.uk/conditions/having-surgery/
SAVED https://www.nhs.uk/conditions/having-surgery/specialist/
SAVED https://www.nhs.uk/conditions/having-surgery/preparation/
SAVED https://www.nhs.uk/conditions/having-surgery/what-happens/
SAVED https://www.nhs.uk/conditions/having-surgery/afterwards/
SAVED https://www.nhs.uk/conditions/having-surgery/recovery/
SAVED https://www.nhs.uk/conditions/hay-fever/
SAVED https://www.nhs.uk/conditions/head-lice-and-nits/
SAVED https://www.nhs.uk/conditions/hearing-loss/
SAVED https://www.nhs.uk/conditions/hearing-tests/
SAVED https://www.nhs.uk/conditions/heart-attack/
SAVED https://www.nhs.uk/conditions/heart-attack/symptoms/
SAVED https://www.nhs.uk/conditions/heart-attack/causes/
SAVED https://www.nhs.uk/conditions/heart-attack/diagnosis/
SAVED https://www.nhs.uk/conditions/heart-attack/treatment/
SAVED https://www.nhs.uk/conditions/heart-attack/recovery/
SAVED https://www.nhs.uk/conditions/heart-attack/complications/
SAVED https://www.nhs.uk/conditions/heart-attack/prevention/
SAVED https://www.nhs.uk/conditions/heart-block/
SAVED https://www.nhs.uk/conditions/heartburn-and-acid-reflux/
SAVED https://www.nhs.uk/conditions/heart-failure/
SAVED https://www.nhs.uk/conditions/heart-failure/symptoms/
SAVED https://www.nhs.uk/conditions/heart-failure/diagnosis/
SAVED https://www.nhs.uk/conditions/heart-failure/treatment/
SAVED https://www.nhs.uk/conditions/heart-failure/living-with/
SAVED https://www.nhs.uk/conditions/heavy-periods/
SAVED https://www.nhs.uk/conditions/hepatitis-a/
SAVED https://www.nhs.uk/conditions/hepatitis-b/
SAVED https://www.nhs.uk/conditions/hepatitis-c/
SAVED https://www.nhs.uk/conditions/hepatitis-c/symptoms/
SAVED https://www.nhs.uk/conditions/hepatitis-c/causes/
SAVED https://www.nhs.uk/conditions/hepatitis-c/diagnosis/
SAVED https://www.nhs.uk/conditions/hepatitis-c/treatment/
SAVED https://www.nhs.uk/conditions/hepatitis-c/living-with/
SAVED https://www.nhs.uk/conditions/hepatitis-c/complications/
SAVED https://www.nhs.uk/conditions/hiatus-hernia/
SAVED https://www.nhs.uk/conditions/hiccups/
SAVED https://www.nhs.uk/conditions/high-cholesterol/
SAVED https://www.nhs.uk/conditions/high-cholesterol/getting-tested/
SAVED https://www.nhs.uk/conditions/high-cholesterol/cholesterol-levels/
SAVED https://www.nhs.uk/conditions/high-cholesterol/how-to-lower-your-cholesterol/
SAVED https://www.nhs.uk/conditions/high-cholesterol/medicines-for-high-cholesterol/
SAVED https://www.nhs.uk/conditions/broken-hip/
SAVED https://www.nhs.uk/conditions/hirsutism/
SAVED https://www.nhs.uk/conditions/hiv-and-aids/
SAVED https://www.nhs.uk/conditions/hiv-and-aids/symptoms/
SAVED https://www.nhs.uk/conditions/hiv-and-aids/causes/
SAVED https://www.nhs.uk/conditions/hiv-and-aids/diagnosis/
SAVED https://www.nhs.uk/conditions/hiv-and-aids/treatment/
SAVED https://www.nhs.uk/conditions/hiv-and-aids/living-with/
SAVED https://www.nhs.uk/conditions/hiv-and-aids/prevention/
SAVED https://www.nhs.uk/conditions/hiv-and-aids/coping-with-a-positive-hiv-test/
SAVED https://www.nhs.uk/conditions/hives/
SAVED https://www.nhs.uk/conditions/hodgkin-lymphoma/
SAVED https://www.nhs.uk/conditions/hodgkin-lymphoma/symptoms/
SAVED https://www.nhs.uk/conditions/hodgkin-lymphoma/causes/
SAVED https://www.nhs.uk/conditions/hodgkin-lymphoma/diagnosis/
SAVED https://www.nhs.uk/conditions/hodgkin-lymphoma/treatment/
SAVED https://www.nhs.uk/conditions/hodgkin-lymphoma/complications/
SAVED https://www.nhs.uk/conditions/huntingtons-disease/
SAVED https://www.nhs.uk/conditions/hydrocephalus/
SAVED https://www.nhs.uk/conditions/hydrocephalus/symptoms/
SAVED https://www.nhs.uk/conditions/hydrocephalus/causes/
SAVED https://www.nhs.uk/conditions/hydrocephalus/diagnosis/
SAVED https://www.nhs.uk/conditions/hydrocephalus/treatment/
SAVED https://www.nhs.uk/conditions/hydrocephalus/complications/
SAVED https://www.nhs.uk/conditions/hydronephrosis/
SAVED https://www.nhs.uk/conditions/hydronephrosis/causes/
SAVED https://www.nhs.uk/conditions/hydronephrosis/diagnosis/
SAVED https://www.nhs.uk/conditions/hydronephrosis/treatment/
SAVED https://www.nhs.uk/conditions/hysterectomy/
SAVED https://www.nhs.uk/conditions/hysterectomy/why-its-done/
SAVED https://www.nhs.uk/conditions/hysterectomy/considerations/
SAVED https://www.nhs.uk/conditions/hysterectomy/what-happens/
SAVED https://www.nhs.uk/conditions/hysterectomy/recovery/
SAVED https://www.nhs.uk/conditions/hysterectomy/risks/
SAVED https://www.nhs.uk/conditions/hysteroscopy/
SAVED https://www.nhs.uk/conditions/idiopathic-pulmonary-fibrosis/
SAVED https://www.nhs.uk/conditions/idiopathic-pulmonary-fibrosis/diagnosis/
SAVED https://www.nhs.uk/conditions/idiopathic-pulmonary-fibrosis/treatment/
SAVED https://www.nhs.uk/conditions/impetigo/
SAVED https://www.nhs.uk/conditions/infertility/
SAVED https://www.nhs.uk/conditions/infertility/causes/
SAVED https://www.nhs.uk/conditions/infertility/diagnosis/
SAVED https://www.nhs.uk/conditions/infertility/treatment/
SAVED https://www.nhs.uk/conditions/inguinal-hernia-repair/
SAVED https://www.nhs.uk/conditions/insect-bites-and-stings/
SAVED https://www.nhs.uk/conditions/insomnia/
SAVED https://www.nhs.uk/conditions/iron-deficiency-anaemia/
SAVED https://www.nhs.uk/conditions/irregular-periods/
SAVED https://www.nhs.uk/conditions/itchy-anus/
SAVED https://www.nhs.uk/conditions/itchy-skin/
SAVED https://www.nhs.uk/conditions/ivf/
SAVED https://www.nhs.uk/conditions/japanese-encephalitis/
SAVED https://www.nhs.uk/conditions/jaundice/
SAVED https://www.nhs.uk/conditions/jaundice-newborn/
SAVED https://www.nhs.uk/conditions/jaundice-newborn/symptoms/
SAVED https://www.nhs.uk/conditions/jaundice-newborn/causes/
SAVED https://www.nhs.uk/conditions/jaundice-newborn/diagnosis/
SAVED https://www.nhs.uk/conditions/jaundice-newborn/treatment/
SAVED https://www.nhs.uk/conditions/jaundice-newborn/complications/
SAVED https://www.nhs.uk/conditions/jellyfish-and-other-sea-creature-stings/
SAVED https://www.nhs.uk/conditions/jet-lag/
SAVED https://www.nhs.uk/conditions/joint-hypermobility-syndrome/
SAVED https://www.nhs.uk/conditions/kawasaki-disease/
SAVED https://www.nhs.uk/conditions/kawasaki-disease/symptoms/
SAVED https://www.nhs.uk/conditions/kawasaki-disease/causes/
SAVED https://www.nhs.uk/conditions/kawasaki-disease/diagnosis/
SAVED https://www.nhs.uk/conditions/kawasaki-disease/treatment/
SAVED https://www.nhs.uk/conditions/kawasaki-disease/complications/
SAVED https://www.nhs.uk/conditions/kidney-disease/
SAVED https://www.nhs.uk/conditions/kidney-disease/symptoms/
SAVED https://www.nhs.uk/conditions/kidney-disease/diagnosis/
SAVED https://www.nhs.uk/conditions/kidney-disease/treatment/
SAVED https://www.nhs.uk/conditions/kidney-disease/living-with/
SAVED https://www.nhs.uk/conditions/kidney-disease/prevention/
SAVED https://www.nhs.uk/conditions/kidney-infection/
SAVED https://www.nhs.uk/conditions/kidney-stones/
SAVED https://www.nhs.uk/conditions/kidney-stones/symptoms/
SAVED https://www.nhs.uk/conditions/kidney-stones/causes/
SAVED https://www.nhs.uk/conditions/kidney-stones/diagnosis/
SAVED https://www.nhs.uk/conditions/kidney-stones/treatment/
SAVED https://www.nhs.uk/conditions/kidney-stones/prevention/
ERR https://www.nhs.uk/conditions/knee-ligament-surgery/ :: 404 Client Error: Not Found for url: https://www.nhs.uk/tests-and-treatments/what-is-acl-anterior-cruciate-ligament-surgery/
ERR https://www.nhs.uk/conditions/knee-ligament-surgery/decision/ :: 404 Client Error: Not Found for url: https://www.nhs.uk/tests-and-treatments/alternatives-to-acl-anterior-cruciate-ligament-surgery/
ERR https://www.nhs.uk/conditions/knee-ligament-surgery/preparation/ :: 404 Client Error: Not Found for url: https://www.nhs.uk/tests-and-treatments/preparing-for-acl-anterior-cruciate-ligament-surgery/%C2%A0%C2%A0
ERR https://www.nhs.uk/conditions/knee-ligament-surgery/what-happens/ :: 404 Client Error: Not Found for url: https://www.nhs.uk/tests-and-treatments/how-acl-anterior-cruciate-ligament-surgery-is-done/
ERR https://www.nhs.uk/conditions/knee-ligament-surgery/risks/ :: 404 Client Error: Not Found for url: https://www.nhs.uk/tests-and-treatments/complications-of-acl-anterior-cruciate-ligament-surgery/
ERR https://www.nhs.uk/conditions/knee-ligament-surgery/recovery/ :: 404 Client Error: Not Found for url: https://www.nhs.uk/tests-and-treatments/recovering-from-acl-anterior-cruciate-ligament-surgery/
SAVED https://www.nhs.uk/conditions/kyphosis/
SAVED https://www.nhs.uk/conditions/kyphosis/causes/
SAVED https://www.nhs.uk/conditions/kyphosis/diagnosis/
SAVED https://www.nhs.uk/conditions/kyphosis/treatment/
SAVED https://www.nhs.uk/conditions/labyrinthitis/
SAVED https://www.nhs.uk/conditions/lactose-intolerance/
SAVED https://www.nhs.uk/conditions/laparoscopy/
SAVED https://www.nhs.uk/conditions/laryngeal-cancer/
SAVED https://www.nhs.uk/conditions/laryngeal-cancer/causes/
SAVED https://www.nhs.uk/conditions/laryngeal-cancer/diagnosis/
SAVED https://www.nhs.uk/conditions/laryngeal-cancer/treatment/
SAVED https://www.nhs.uk/conditions/laryngeal-cancer/recovery/
SAVED https://www.nhs.uk/conditions/laryngeal-cancer/prevention/
