SAVED https://www.nytimes.com/2025/08/10/world/europe/ukraine-trump-putin-summit.html
SAVED https://www.nytimes.com/2025/08/09/world/europe/europe-ukraine-russia-us.html
SAVED https://www.nytimes.com/2025/08/09/world/americas/fentanyl-us-mexico-route-cartel-smuggling.html
SAVED https://www.nytimes.com/2025/08/09/world/americas/drug-cartels-us-terrorist-designation.html
SAVED https://www.nytimes.com/2025/08/10/world/europe/gaza-europe-peace-plan-trump-netanyahu.html
SAVED https://www.nytimes.com/2025/08/09/world/middleeast/israel-gaza-arab-forces-postwar.html
SAVED https://www.nytimes.com/2025/08/09/us/politics/fda-vaccine-chief-returns.html
SAVED https://www.nytimes.com/2025/08/09/us/politics/changpeng-zhao-pardon-trump.html
SAVED https://www.nytimes.com/2025/08/09/style/magic-castle-la-blood-drive.html
SAVED https://www.nytimes.com/2025/08/10/world/asia/china-military-corruption.html
SAVED https://www.nytimes.com/2025/08/09/us/gunman-cdc-shooting-vaccines.html
SAVED https://www.nytimes.com/2025/08/09/us/politics/cdc-shooting-staff.html
SAVED https://www.nytimes.com/2025/08/09/health/technology-cognition-older-people.html
SAVED https://www.nytimes.com/2025/08/09/business/alexa-artificial-intelligence-amazon.html
SAVED https://www.nytimes.com/2025/08/08/realestate/bears-romania.html
SAVED https://www.nytimes.com/2025/08/09/nyregion/cuomo-mamdani-apartment-rent-control.html
SAVED https://www.nytimes.com/2025/08/09/us/north-carolina-attorney-general-jeff-jackson.html
SAVED https://www.nytimes.com/2025/08/09/us/politics/democrats-labor-unions-nevada.html
SAVED https://www.nytimes.com/2025/08/10/opinion/stagflation-trump-economy.html
SAVED https://www.nytimes.com/2025/08/09/nyregion/ice-deportation-el-salvador-venezuela.html
SAVED https://www.nytimes.com/2025/08/09/sports/an-unusual-soccer-finale-in-italy-reveals-libyas-frailties.html
SAVED https://www.nytimes.com/2025/08/10/world/asia/book-ban-india-kashmir.html
SAVED https://www.nytimes.com/2025/08/09/us/screwworm-cattle-gene-editing.html
SAVED https://www.nytimes.com/
SAVED https://www.nytimes.com/international/
SAVED https://www.nytimes.com/ca/
SAVED https://www.nytimes.com/es/
SAVED https://www.nytimes.com/section/todayspaper
SAVED https://www.nytimes.com/article/israel-gaza-aid.html
SAVED https://www.nytimes.com/2025/08/08/world/middleeast/gaza-hunger-israel-aid.html
SAVED https://www.nytimes.com/2025/08/04/world/middleeast/hezbollah-weapons-lebanon.html
SAVED https://www.nytimes.com/2025/08/02/world/europe/new-hostage-videos-sow-fear-and-horror-in-israel.html
SAVED https://www.nytimes.com/2025/08/07/us/alligator-alcatraz-florida-construction.html
SAVED https://www.nytimes.com/2025/08/05/us/politics/trump-administration-family-separation.html
SAVED https://www.nytimes.com/2025/08/03/climate/trump-epa-endangerment-finding-climate-change.html
SAVED https://www.nytimes.com/interactive/polls/donald-trump-approval-rating-polls.html
SAVED https://www.nytimes.com/tips
SAVED https://www.nytimes.com/interactive/2025/08/08/briefing/news-quiz-trump-texas-bls-espn.html
SAVED https://www.nytimes.com/interactive/2025/08/08/upshot/flashback.html
SAVED https://www.nytimes.com/interactive/2025/nyregion/nyc-mayor-candidates-2025.html
SAVED https://www.nytimes.com/2025/07/15/nyregion/nyc-mayor-mamdani-questions.html
SAVED https://www.nytimes.com/interactive/2025/06/24/us/elections/results-new-york-primary.html
SAVED https://www.nytimes.com/interactive/2025/07/26/nyregion/nyc-mayor-ranked-choice-map.html
SAVED https://www.nytimes.com/section/opinion
SAVED https://www.nytimes.com/interactive/2025/08/08/opinion/paris-metro-beauty.html
SAVED https://www.nytimes.com/2025/08/10/opinion/electric-vehicles-china-clean-energy.html
SAVED https://www.nytimes.com/2025/08/09/opinion/nuclear-weapons-war-threat-generation.html
SAVED https://www.nytimes.com/athletic/
SAVED https://www.nytimes.com/athletic/connections-sports-edition
SAVED https://www.nytimes.com/wirecutter/
SAVED https://www.nytimes.com/games/wordle/index.html
SAVED https://www.nytimes.com/games/connections?GAMES_connectionsRollout_1130=1_ConnectionsV2
SAVED https://www.nytimes.com/games/strands
SAVED https://www.nytimes.com/puzzles/spelling-bee
SAVED https://www.nytimes.com/crosswords
SAVED http://www.nytimes.com/crosswords/game/mini
SAVED https://www.nytimes.com/section/us
SAVED https://www.nytimes.com/section/world
SAVED https://www.nytimes.com/section/politics
SAVED https://www.nytimes.com/section/nyregion
SAVED https://www.nytimes.com/section/education
SAVED https://www.nytimes.com/section/sports
SAVED https://www.nytimes.com/section/business
SAVED https://www.nytimes.com/section/technology
SAVED https://www.nytimes.com/section/science
SAVED https://www.nytimes.com/section/weather
SAVED https://www.nytimes.com/spotlight/the-great-read
SAVED https://www.nytimes.com/section/obituaries
SAVED https://www.nytimes.com/section/headway
SAVED https://www.nytimes.com/spotlight/visual-investigations
SAVED https://www.nytimes.com/section/magazine
SAVED https://www.nytimes.com/section/books/review
SAVED https://www.nytimes.com/books/best-sellers/
SAVED https://www.nytimes.com/section/arts/dance
SAVED https://www.nytimes.com/section/movies
SAVED https://www.nytimes.com/section/arts/music
SAVED https://www.nytimes.com/spotlight/pop-culture
SAVED https://www.nytimes.com/section/arts/television
SAVED https://www.nytimes.com/section/theater
SAVED https://www.nytimes.com/section/arts/design
SAVED https://www.nytimes.com/section/health
SAVED https://www.nytimes.com/section/well
SAVED https://www.nytimes.com/section/food
SAVED https://www.nytimes.com/reviews/dining
SAVED https://www.nytimes.com/section/fashion/weddings
SAVED https://www.nytimes.com/section/travel
SAVED https://www.nytimes.com/section/style
SAVED https://www.nytimes.com/section/fashion
SAVED https://www.nytimes.com/section/realestate
SAVED https://www.nytimes.com/section/t-magazine
SAVED https://www.nytimes.com/section/opinion/columnists
SAVED https://www.nytimes.com/section/opinion/editorials
SAVED https://www.nytimes.com/section/opinion/contributors
SAVED https://www.nytimes.com/column/op-docs
SAVED https://www.nytimes.com/section/opinion/letters
SAVED https://www.nytimes.com/section/opinion/sunday
SAVED https://www.nytimes.com/spotlight/opinion-video
SAVED https://www.nytimes.com/series/opinion-audio
SAVED https://www.nytimes.com/spotlight/podcasts
SAVED https://www.nytimes.com/section/jobs
SAVED https://www.nytimes.com/video
SAVED https://www.nytimes.com/spotlight/graphics
SAVED https://www.nytimes.com/trending/
SAVED https://www.nytimes.com/spotlight/nyt-events
SAVED https://www.nytimes.com/section/corrections
SAVED https://www.nytimes.com/section/reader-center
SAVED https://www.nytimes.com/section/learning
SAVED https://www.nytimes.com/spotlight/nytimesineducation
SAVED https://www.nytimes.com/subscription
SAVED https://www.nytimes.com/account
SAVED https://www.nytimes.com/subscription/home-delivery
SAVED https://www.nytimes.com/gift
SAVED https://www.nytimes.com/subscription/groups?Pardot_Campaign_Code_Form_Input=89FQX
SAVED https://www.nytimes.com/gift-articles
SAVED https://www.nytimes.com/newsletters
SAVED https://www.nytimes.com/sitemap/
SAVED https://www.nytimes.com/subscription?campaignId=37WXW
