SKIP robots https://www.sec.gov/
SKIP robots https://www.sec.gov/search-filings
SKIP robots https://www.sec.gov/edgar/search/
SKIP robots https://www.sec.gov/cgi-bin/browse-edgar?action=getcurrent
SKIP robots https://www.sec.gov/search-filings/mutual-funds-search
SKIP robots https://www.sec.gov/search-filings/variable-insurance-products-search
SKIP robots https://www.sec.gov/search-filings/standard-industrial-classification-sic-code-list
SKIP robots https://www.sec.gov/search-filings/cik-lookup
SKIP robots https://www.sec.gov/search-filings/public-dissemination-service-system-contact
SKIP robots https://www.sec.gov/submit-filings
SKIP robots https://www.sec.gov/submit-filings/improving-edgar/edgar-next-improving-filer-access-account-management
SKIP robots https://www.sec.gov/submit-filings/forms-index
SKIP robots https://www.sec.gov/submit-filings/filer-support-resources
SKIP robots https://www.sec.gov/data-research
SKIP robots https://www.sec.gov/data
SKIP robots https://www.sec.gov/data-research/taxonomies
SKIP robots https://www.sec.gov/data-research/data-visualizations
SKIP robots https://www.sec.gov/rules-regulations
SKIP robots https://www.sec.gov/rules-regulations/rulemaking-activity
SKIP robots https://www.sec.gov/rules-regulations/statutes-regulations
SKIP robots https://www.sec.gov/rules-regulations/staff-guidance
SKIP robots https://www.sec.gov/rules-regulations/no-action-interpretive-exemptive-letters
SKIP robots https://www.sec.gov/rules-regulations/self-regulatory-organization-rulemaking
SKIP robots https://www.sec.gov/rules-regulations/petitions-rulemaking-submitted-to-sec
SKIP robots https://www.sec.gov/enforcement-litigation
SKIP robots https://www.sec.gov/enforcement-litigation/litigation-releases
SKIP robots https://www.sec.gov/enforcement-litigation/administrative-proceedings
SKIP robots https://www.sec.gov/enforcement-litigation/administrative-law-judge-orders-initial-decisions
SKIP robots https://www.sec.gov/enforcement-litigation/trading-suspensions
SKIP robots https://www.sec.gov/enforcement-litigation/distributions-harmed-investors
SKIP robots https://www.sec.gov/enforcement-litigation/receiverships
SKIP robots https://www.sec.gov/compliance
SKIP robots https://www.sec.gov/compliance/examination-priorities
SKIP robots https://www.sec.gov/compliance/risk-alerts
SKIP robots https://www.sec.gov/compliance/compliance-outreach-program
SKIP robots https://www.sec.gov/rules-regulations/rulemaking-activity?search=&rulemaking_status=178631&division_office=All&year=All
SKIP robots https://www.sec.gov/newsroom/whats-new?type=news%2Csecarticle%2Clink&tag=36681%2C36691%2C36696%2C36686%2C36411%2C34141%2C35221%2C34916%2C36706%2C321801%2C334846%2C36146%2C335756
SKIP robots https://www.sec.gov/enforcement-litigation/whistleblower-program
SKIP robots https://www.sec.gov/securities-topics
SKIP robots https://www.sec.gov/securities-topics/cybersecurity
SKIP robots https://www.sec.gov/securities-topics/saving-investing-military-personnel
SKIP robots https://www.sec.gov/securities-topics/market-structure-analytics
SKIP robots https://www.sec.gov/securities-topics/saving-investing-teachers
SKIP robots https://www.sec.gov/reports
SKIP robots https://www.sec.gov/submit-tip-or-complaint
SKIP robots https://www.sec.gov/newsroom
SKIP robots https://www.sec.gov/resources-investors
SKIP robots https://www.sec.gov/resources-small-businesses
SKIP robots https://www.sec.gov/newsroom/whats-new?type=news%2Csecarticle%2Clink&tag=36696
SKIP robots https://www.sec.gov/submit-tip-or-complaint/tips-complaints-resources/enviar-un-dato-recursos-en-espanol-spanish
SKIP robots https://www.sec.gov/newsroom/press-releases/2025-105-staff-issues-faqs-help-broker-dealers-implement-financial-responsibility-requirements-related-us
SKIP robots https://www.sec.gov/newsroom/press-releases/2025-104-securities-exchange-commission-division-corporation-finance-issues-staff-statement-certain-liquid
SKIP robots https://www.sec.gov/newsroom/meetings-events
SKIP robots https://www.sec.gov/newsroom/meetings-events/closed-meeting-081425
SKIP robots https://www.sec.gov/newsroom/meetings-events/joint-compliance-outreach-program-municipal-advisors-dealers-other-market-professionals
SKIP robots https://www.sec.gov/rules-regulations/how-submit-comments
SKIP robots https://www.sec.gov/ai
SKIP robots https://www.sec.gov/foia-services
SKIP robots https://www.sec.gov/office-inspector-general
SKIP robots https://www.sec.gov/ombuds
SKIP robots https://www.sec.gov/sitemap
SKIP robots https://www.sec.gov/opa/socialmedia
SKIP robots https://www.sec.gov/newsroom/social-media
