== www.fool.com ==
INFO  RSS -> https://www.fool.com/feeds/index.aspx
SAVED https://www.fool.com/investing/2025/08/10/2-magnificent-stocks-to-buy-that-are-near-52-week/?source=iedfolrf0000001 -> eb4587d13a42_08_10_2_magnificent_stocks_to_buy_that_are_near_52_week_source_iedfolrf0000001.html
SAVED https://www.fool.com/investing/2025/08/10/saas-stock-agentic-ai-game-changer-amplitude/?source=iedfolrf0000001 -> 28f5828916ca_2025_08_10_saas_stock_agentic_ai_game_changer_amplitude_source_iedfolrf0000001.html
SAVED https://www.fool.com/investing/2025/08/10/the-markets-hidden-gem-discovering-the-etf-set-to/?source=iedfolrf0000001 -> cdd57ff5570e_08_10_the_markets_hidden_gem_discovering_the_etf_set_to_source_iedfolrf0000001.html
SAVED https://www.fool.com/investing/2025/08/10/is-apple-stock-a-buy-now/?source=iedfolrf0000001 -> ebda8bf35e98_w_fool_com_investing_2025_08_10_is_apple_stock_a_buy_now_source_iedfolrf0000001.html
SAVED https://www.fool.com/investing/2025/08/10/ai-stock-hit-52-week-low-opportunity-cflt/?source=iedfolrf0000001 -> f79eb0c87a3a_ing_2025_08_10_ai_stock_hit_52_week_low_opportunity_cflt_source_iedfolrf0000001.html
SAVED https://www.fool.com/investing/2025/08/10/3-brilliant-growth-stocks-to-buy-now-and-hold-for/?source=iedfolrf0000001 -> 5fd20f585b96_08_10_3_brilliant_growth_stocks_to_buy_now_and_hold_for_source_iedfolrf0000001.html
SAVED https://www.fool.com/retirement/2025/08/10/3-steps-to-take-to-collect-the-max-monthly-social/?source=iedfolrf0000001 -> fbedd6d64869_08_10_3_steps_to_take_to_collect_the_max_monthly_social_source_iedfolrf0000001.html
SAVED https://www.fool.com/investing/2025/08/10/where-will-nvidia-be-in-5-years/?source=iedfolrf0000001 -> b3a5a83406f5_com_investing_2025_08_10_where_will_nvidia_be_in_5_years_source_iedfolrf0000001.html
SAVED https://www.fool.com/investing/2025/08/10/should-you-sell-palantir-stock-after-its-post-earn/?source=iedfolrf0000001 -> 2c4e13c40ded_08_10_should_you_sell_palantir_stock_after_its_post_earn_source_iedfolrf0000001.html
SAVED https://www.fool.com/investing/2025/08/10/2-dividend-etfs-to-buy-with-500-and-hold-forever/?source=iedfolrf0000001 -> cd776933e58f_5_08_10_2_dividend_etfs_to_buy_with_500_and_hold_forever_source_iedfolrf0000001.html
SAVED https://www.fool.com/investing/2025/08/10/better-growth-stock-costco-vs-visa/?source=iedfolrf0000001 -> cf35b43a19a3_investing_2025_08_10_better_growth_stock_costco_vs_visa_source_iedfolrf0000001.html
SAVED https://www.fool.com/investing/2025/08/10/supermicro-shares-punge-outlook-red-flag-buy/?source=iedfolrf0000001 -> b1faa4b5f41f_2025_08_10_supermicro_shares_punge_outlook_red_flag_buy_source_iedfolrf0000001.html
SAVED https://www.fool.com/investing/2025/08/10/with-the-red-hot-ipo-market-raging-will-this-crypt/?source=iedfolrf0000001 -> 550dbc6bfb7c_08_10_with_the_red_hot_ipo_market_raging_will_this_crypt_source_iedfolrf0000001.html
SAVED https://www.fool.com/investing/2025/08/10/1-growth-stock-down-22-to-buy-right-now/?source=iedfolrf0000001 -> ba1b883a10b5_sting_2025_08_10_1_growth_stock_down_22_to_buy_right_now_source_iedfolrf0000001.html
SAVED https://www.fool.com/retirement/2025/08/10/social-security-recipients-mark-your-calendars-for/?source=iedfolrf0000001 -> 1bddd5388f90_08_10_social_security_recipients_mark_your_calendars_for_source_iedfolrf0000001.html
SAVED https://www.fool.com/investing/2025/08/10/2-tech-stocks-with-more-potential-than-any-cryptoc/?source=iedfolrf0000001 -> 459e1e09c04d_08_10_2_tech_stocks_with_more_potential_than_any_cryptoc_source_iedfolrf0000001.html
SAVED https://www.fool.com/investing/2025/08/10/which-is-the-better-choice-for-investing-10000-rig/?source=iedfolrf0000001 -> bc12c73a2ac4_08_10_which_is_the_better_choice_for_investing_10000_rig_source_iedfolrf0000001.html
SAVED https://www.fool.com/investing/2025/08/10/magnificent-seven-stock-best-ai-pick/?source=iedfolrf0000001 -> 572da0a562cc_nvesting_2025_08_10_magnificent_seven_stock_best_ai_pick_source_iedfolrf0000001.html
SAVED https://www.fool.com/investing/2025/08/10/3-high-yield-healthcare-stocks-to-buy-hand-over-fi/?source=iedfolrf0000001 -> a139ad5f3de5_08_10_3_high_yield_healthcare_stocks_to_buy_hand_over_fi_source_iedfolrf0000001.html
SAVED https://www.fool.com/investing/2025/08/10/hims-hers-shares-plunge-is-this-buying-opportunity/?source=iedfolrf0000001 -> b04c483ce81e_08_10_hims_hers_shares_plunge_is_this_buying_opportunity_source_iedfolrf0000001.html
SAVED https://www.fool.com/investing/2025/08/10/chris-larsen-co-founder-of-ripple-dumps-50-million/?source=iedfolrf0000001 -> 64b6be43e192_08_10_chris_larsen_co_founder_of_ripple_dumps_50_million_source_iedfolrf0000001.html
SAVED https://www.fool.com/investing/2025/08/10/thinking-of-buying-alibaba-stock-heres-one-green-f/?source=iedfolrf0000001 -> 1a45ea98e5ba_08_10_thinking_of_buying_alibaba_stock_heres_one_green_f_source_iedfolrf0000001.html
SAVED https://www.fool.com/investing/2025/08/10/is-reddit-stock-a-buy-after-its-most-profitable-qu/?source=iedfolrf0000001 -> c96ae7abddea_08_10_is_reddit_stock_a_buy_after_its_most_profitable_qu_source_iedfolrf0000001.html
SAVED https://www.fool.com/investing/2025/08/10/dirt-cheap-stocks-to-buy-with-3000-right-now/?source=iedfolrf0000001 -> d6d66981c7d8_2025_08_10_dirt_cheap_stocks_to_buy_with_3000_right_now_source_iedfolrf0000001.html
SAVED https://www.fool.com/investing/2025/08/10/if-invested-1000-in-palantir-stock-3-years-ago/?source=iedfolrf0000001 -> 3e32244fdc3e_025_08_10_if_invested_1000_in_palantir_stock_3_years_ago_source_iedfolrf0000001.html
SAVED https://www.fool.com/investing/2025/08/10/buy-the-trade-desk-stock-after-40-drop-wall-street/?source=iedfolrf0000001 -> 30c43134a5ad_08_10_buy_the_trade_desk_stock_after_40_drop_wall_street_source_iedfolrf0000001.html
SAVED https://www.fool.com/investing/2025/08/10/is-aeo-stock-buy-after-ad-campaign/?source=iedfolrf0000001 -> 43c8c2c5afaf_investing_2025_08_10_is_aeo_stock_buy_after_ad_campaign_source_iedfolrf0000001.html
SAVED https://www.fool.com/investing/2025/08/10/up-43-in-1-month-is-ethereum-a-screaming-buy-right/?source=iedfolrf0000001 -> 29db0ac53c3c_08_10_up_43_in_1_month_is_ethereum_a_screaming_buy_right_source_iedfolrf0000001.html
SAVED https://www.fool.com/investing/2025/08/10/this-top-warren-buffett-stock-continues-to-deliver/?source=iedfolrf0000001 -> e06cbdef6d61_08_10_this_top_warren_buffett_stock_continues_to_deliver_source_iedfolrf0000001.html
SAVED https://www.fool.com/investing/2025/08/10/apples-600-billion-us-investment-could-reshape-its/?source=iedfolrf0000001 -> 9f41df3cccd2_08_10_apples_600_billion_us_investment_could_reshape_its_source_iedfolrf0000001.html
SAVED https://www.fool.com/retirement/2025/08/10/trump-new-social-security-garnishment-benefit-cut/?source=iedfolrf0000001 -> 153ce39f29c0_08_10_trump_new_social_security_garnishment_benefit_cut_source_iedfolrf0000001.html
SAVED https://www.fool.com/investing/2025/08/10/one-of-the-best-cryptocurrencies-to-buy-with-1000/?source=iedfolrf0000001 -> 8331882ebb8c_08_10_one_of_the_best_cryptocurrencies_to_buy_with_1000_source_iedfolrf0000001.html
SAVED https://www.fool.com/investing/2025/08/10/2-high-yield-dividend-stocks-you-can-buy-with-100/?source=iedfolrf0000001 -> 215ebd3144a1_08_10_2_high_yield_dividend_stocks_you_can_buy_with_100_source_iedfolrf0000001.html
SAVED https://www.fool.com/investing/2025/08/10/sirius-xm-stock-looks-cheap-or-does-it/?source=iedfolrf0000001 -> d79f73571265_esting_2025_08_10_sirius_xm_stock_looks_cheap_or_does_it_source_iedfolrf0000001.html
SAVED https://www.fool.com/investing/2025/08/10/this-ai-stock-just-sank-10-but-could-be-worth-more/?source=iedfolrf0000001 -> 97dbfd253271_08_10_this_ai_stock_just_sank_10_but_could_be_worth_more_source_iedfolrf0000001.html
SAVED https://www.fool.com/investing/2025/08/10/history-unstoppable-etf-can-make-you-a-millionaire/?source=iedfolrf0000001 -> e931f8d0ba66_08_10_history_unstoppable_etf_can_make_you_a_millionaire_source_iedfolrf0000001.html
SAVED https://www.fool.com/retirement/2025/08/09/ready-to-enroll-in-medicare-heres-why-you-may-want/?source=iedfolrf0000001 -> 1d50e28c5374_08_09_ready_to_enroll_in_medicare_heres_why_you_may_want_source_iedfolrf0000001.html
SAVED https://www.fool.com/investing/2025/08/09/does-cathie-wood-know-something-that-wall-street-d/?source=iedfolrf0000001 -> 29d76088b2cc_08_09_does_cathie_wood_know_something_that_wall_street_d_source_iedfolrf0000001.html
SAVED https://www.fool.com/investing/2025/08/09/rivian-investors-face-a-real-setback/?source=iedfolrf0000001 -> a83301799449_nvesting_2025_08_09_rivian_investors_face_a_real_setback_source_iedfolrf0000001.html
SAVED https://www.fool.com/investing/2025/08/09/where-will-nvidia-stock-be-in-1-year/?source=iedfolrf0000001 -> d3f088ece5ac_nvesting_2025_08_09_where_will_nvidia_stock_be_in_1_year_source_iedfolrf0000001.html
SAVED https://www.fool.com/investing/2025/08/09/palantirs-ai-momentum-continues-can-it-keep-going/?source=iedfolrf0000001 -> c4f59adda6e9_08_09_palantirs_ai_momentum_continues_can_it_keep_going_source_iedfolrf0000001.html
SAVED https://www.fool.com/investing/2025/08/09/5-dividend-stocks-to-hold-for-the-next-5-years/?source=iedfolrf0000001 -> 057a0dd18c59_025_08_09_5_dividend_stocks_to_hold_for_the_next_5_years_source_iedfolrf0000001.html
SAVED https://www.fool.com/investing/2025/08/09/better-buy-rivian-vs-ford/?source=iedfolrf0000001 -> a82c93d6cf4d_fool_com_investing_2025_08_09_better_buy_rivian_vs_ford_source_iedfolrf0000001.html
SAVED https://www.fool.com/investing/2025/08/09/the-biggest-takeaways-from-axon-enterprises-august/?source=iedfolrf0000001 -> e7e062e38889_08_09_the_biggest_takeaways_from_axon_enterprises_august_source_iedfolrf0000001.html
SAVED https://www.fool.com/investing/2025/08/09/as-shopify-shares-soar-is-it-too-late-to-buy-the-s/?source=iedfolrf0000001 -> df1d8c987773_08_09_as_shopify_shares_soar_is_it_too_late_to_buy_the_s_source_iedfolrf0000001.html
SAVED https://www.fool.com/investing/2025/08/09/2-stocks-down-83-and-23-to-buy-right-now/?source=iedfolrf0000001 -> 34175a70c28a_ting_2025_08_09_2_stocks_down_83_and_23_to_buy_right_now_source_iedfolrf0000001.html
SAVED https://www.fool.com/investing/2025/08/09/tesla-stumbles-but-elon-musk-gets-massive-payday/?source=iedfolrf0000001 -> 00c6fa9be7e4_5_08_09_tesla_stumbles_but_elon_musk_gets_massive_payday_source_iedfolrf0000001.html
SAVED https://www.fool.com/investing/2025/08/09/flying-cars-arent-just-science-fiction-anymore-thi/?source=iedfolrf0000001 -> 40f1df588c47_08_09_flying_cars_arent_just_science_fiction_anymore_thi_source_iedfolrf0000001.html
SAVED https://www.fool.com/investing/2025/08/09/why-clean-energy-fuels-stock-raced-nearly-13-highe/?source=iedfolrf0000001 -> 629aa596323f_08_09_why_clean_energy_fuels_stock_raced_nearly_13_highe_source_iedfolrf0000001.html
SAVED https://www.fool.com/investing/2025/08/09/heres-why-joby-aviation-stock-flew-higher-in-july/?source=iedfolrf0000001 -> 4e13c3eb053c_08_09_heres_why_joby_aviation_stock_flew_higher_in_july_source_iedfolrf0000001.html
INFO  RSS saved: 50
